[01m[K/home/lbarnett/ros2_ws/src/rcraicer/rcraicer_gps/src/ubx_protocol.cpp:[m[K In member function ‘[01m[Kvoid UbxProtocol::serial_data_callback(uint8_t)[m[K’:
[01m[K/home/lbarnett/ros2_ws/src/rcraicer/rcraicer_gps/src/ubx_protocol.cpp:37:9:[m[K [01;35m[Kwarning: [m[Kunused variable ‘[01m[Kret[m[K’ [[01;35m[K-Wunused-variable[m[K]
   37 |     int [01;35m[Kret[m[K = parseChar(data);
      |         [01;35m[K^~~[m[K
[01m[K/home/lbarnett/ros2_ws/src/rcraicer/rcraicer_gps/src/ubx_protocol.cpp:[m[K In member function ‘[01m[Kint UbxProtocol::parseChar(uint8_t)[m[K’:
[01m[K/home/lbarnett/ros2_ws/src/rcraicer/rcraicer_gps/src/ubx_protocol.cpp:44:11:[m[K [01;35m[Kwarning: [m[Kenumeration value ‘[01m[KUBX_DECODE_RTCM3[m[K’ not handled in switch [[01;35m[K-Wswitch[m[K]
   44 |     switch[01;35m[K([m[Kdecode_state)
      |           [01;35m[K^[m[K
[01m[K/home/lbarnett/ros2_ws/src/rcraicer/rcraicer_gps/src/ubx_protocol.cpp:[m[K In member function ‘[01m[Kint UbxProtocol::payloadRxAddMonVer(uint8_t)[m[K’:
[01m[K/home/lbarnett/ros2_ws/src/rcraicer/rcraicer_gps/src/ubx_protocol.cpp:310:1:[m[K [01;35m[Kwarning: [m[Kno return statement in function returning non-void [[01;35m[K-Wreturn-type[m[K]
  310 | [01;35m[K}[m[K
      | [01;35m[K^[m[K
[01m[K/home/lbarnett/ros2_ws/src/rcraicer/rcraicer_gps/src/ubx_protocol.cpp:307:51:[m[K [01;35m[Kwarning: [m[Kunused parameter ‘[01m[Kb[m[K’ [[01;35m[K-Wunused-parameter[m[K]
  307 | int UbxProtocol::payloadRxAddMonVer([01;35m[Kconst uint8_t b[m[K)
      |                                     [01;35m[K~~~~~~~~~~~~~~^[m[K
[01m[K/home/lbarnett/ros2_ws/src/rcraicer/rcraicer_gps/src/ubx_protocol.cpp:[m[K In member function ‘[01m[Kint UbxProtocol::payloadRxAddNavSat(uint8_t)[m[K’:
[01m[K/home/lbarnett/ros2_ws/src/rcraicer/rcraicer_gps/src/ubx_protocol.cpp:336:14:[m[K [01;35m[Kwarning: [m[Kunused variable ‘[01m[Ksat_index[m[K’ [[01;35m[K-Wunused-variable[m[K]
  336 |     unsigned [01;35m[Ksat_index[m[K = (rx_payload_index - sizeof(ubx_payload_rx_nav_sat_part1_t)) /
      |              [01;35m[K^~~~~~~~~[m[K
[01m[K/home/lbarnett/ros2_ws/src/rcraicer/rcraicer_gps/src/ubx_protocol.cpp:[m[K In member function ‘[01m[Kvoid UbxProtocol::configure()[m[K’:
[01m[K/home/lbarnett/ros2_ws/src/rcraicer/rcraicer_gps/src/ubx_protocol.cpp:765:10:[m[K [01;35m[Kwarning: [m[Kunused variable ‘[01m[Kret[m[K’ [[01;35m[K-Wunused-variable[m[K]
  765 |     bool [01;35m[Kret[m[K = sendMessage(UBX_MSG_CFG_VALSET, (uint8_t*)&txbuf, cfg_valset_msg_size);
      |          [01;35m[K^~~[m[K
[01m[K/home/lbarnett/ros2_ws/src/rcraicer/rcraicer_gps/src/ubx_protocol.cpp:[m[K In member function ‘[01m[Kvoid UbxProtocol::configureSurveyIn(uint32_t, uint32_t)[m[K’:
[01m[K/home/lbarnett/ros2_ws/src/rcraicer/rcraicer_gps/src/ubx_protocol.cpp:780:10:[m[K [01;35m[Kwarning: [m[Kunused variable ‘[01m[Kret[m[K’ [[01;35m[K-Wunused-variable[m[K]
  780 |     bool [01;35m[Kret[m[K = sendMessage(UBX_MSG_CFG_VALSET, (uint8_t*)&txbuf, cfg_valset_msg_size);
      |          [01;35m[K^~~[m[K
[01m[K/home/lbarnett/ros2_ws/src/rcraicer/rcraicer_gps/src/ubx_protocol.cpp:[m[K In member function ‘[01m[Kint UbxProtocol::payloadRxDone()[m[K’:
[01m[K/home/lbarnett/ros2_ws/src/rcraicer/rcraicer_gps/src/ubx_protocol.cpp:662:1:[m[K [01;35m[Kwarning: [m[Kcontrol reaches end of non-void function [[01;35m[K-Wreturn-type[m[K]
  662 | [01;35m[K}[m[K
      | [01;35m[K^[m[K
In file included from [01m[K/home/lbarnett/ros2_ws/src/rcraicer/rcraicer_gps/src/serial_port.cpp:1[m[K:
[01m[K/home/lbarnett/ros2_ws/src/rcraicer/rcraicer_gps/src/../include/rcraicer_gps/serial_port.h:[m[K In constructor ‘[01m[KSerialPort::SerialPort(std::string, int)[m[K’:
[01m[K/home/lbarnett/ros2_ws/src/rcraicer/rcraicer_gps/src/../include/rcraicer_gps/serial_port.h:60:23:[m[K [01;35m[Kwarning: [m[K‘[01m[KSerialPort::alive[m[K’ will be initialized after [[01;35m[K-Wreorder[m[K]
   60 |         volatile bool [01;35m[Kalive[m[K;
      |                       [01;35m[K^~~~~[m[K
[01m[K/home/lbarnett/ros2_ws/src/rcraicer/rcraicer_gps/src/../include/rcraicer_gps/serial_port.h:59:22:[m[K [01;35m[Kwarning: [m[K  ‘[01m[KSerialPort::DataCallback SerialPort::dataCallback[m[K’ [[01;35m[K-Wreorder[m[K]
   59 |         DataCallback [01;35m[KdataCallback[m[K; ///< Callback triggered when new data arrives
      |                      [01;35m[K^~~~~~~~~~~~[m[K
[01m[K/home/lbarnett/ros2_ws/src/rcraicer/rcraicer_gps/src/serial_port.cpp:10:1:[m[K [01;35m[Kwarning: [m[K  when initialized here [[01;35m[K-Wreorder[m[K]
   10 | [01;35m[KSerialPort[m[K::SerialPort(std::string port, int baudRate): port_fd(-1), port_setting_error(""), connected(false), alive(false), dataCallback(NULL)
      | [01;35m[K^~~~~~~~~~[m[K
