[0.035s] Invoking command in '/home/lbarnett/ros2_ws/src/rcraicer/build/rcraicer_imu': CMAKE_PREFIX_PATH=${CMAKE_PREFIX_PATH}:/home/lbarnett/ros2_ws/install/rcraicer_utils:/home/lbarnett/ros2_ws/install/rcraicer_ui:/opt/ros/foxy /usr/bin/cmake --build /home/lbarnett/ros2_ws/src/rcraicer/build/rcraicer_imu -- -j8 -l8
[0.159s] [100%] Built target imu
[0.189s] Invoked command in '/home/lbarnett/ros2_ws/src/rcraicer/build/rcraicer_imu' returned '0': CMAKE_PREFIX_PATH=${CMAKE_PREFIX_PATH}:/home/lbarnett/ros2_ws/install/rcraicer_utils:/home/lbarnett/ros2_ws/install/rcraicer_ui:/opt/ros/foxy /usr/bin/cmake --build /home/lbarnett/ros2_ws/src/rcraicer/build/rcraicer_imu -- -j8 -l8
[0.235s] Invoking command in '/home/lbarnett/ros2_ws/src/rcraicer/build/rcraicer_imu': CMAKE_PREFIX_PATH=${CMAKE_PREFIX_PATH}:/home/lbarnett/ros2_ws/install/rcraicer_utils:/home/lbarnett/ros2_ws/install/rcraicer_ui:/opt/ros/foxy /usr/bin/cmake --install /home/lbarnett/ros2_ws/src/rcraicer/build/rcraicer_imu
[0.249s] -- Install configuration: "RelWithDebInfo"
[0.249s] -- Up-to-date: /home/lbarnett/ros2_ws/src/rcraicer/install/rcraicer_imu/share/ament_index/resource_index/package_run_dependencies/rcraicer_imu
[0.250s] -- Up-to-date: /home/lbarnett/ros2_ws/src/rcraicer/install/rcraicer_imu/share/ament_index/resource_index/parent_prefix_path/rcraicer_imu
[0.250s] -- Up-to-date: /home/lbarnett/ros2_ws/src/rcraicer/install/rcraicer_imu/share/rcraicer_imu/environment/ament_prefix_path.sh
[0.250s] -- Up-to-date: /home/lbarnett/ros2_ws/src/rcraicer/install/rcraicer_imu/share/rcraicer_imu/environment/ament_prefix_path.dsv
[0.250s] -- Up-to-date: /home/lbarnett/ros2_ws/src/rcraicer/install/rcraicer_imu/share/rcraicer_imu/environment/path.sh
[0.250s] -- Up-to-date: /home/lbarnett/ros2_ws/src/rcraicer/install/rcraicer_imu/share/rcraicer_imu/environment/path.dsv
[0.251s] -- Up-to-date: /home/lbarnett/ros2_ws/src/rcraicer/install/rcraicer_imu/share/rcraicer_imu/local_setup.bash
[0.251s] -- Up-to-date: /home/lbarnett/ros2_ws/src/rcraicer/install/rcraicer_imu/share/rcraicer_imu/local_setup.sh
[0.251s] -- Up-to-date: /home/lbarnett/ros2_ws/src/rcraicer/install/rcraicer_imu/share/rcraicer_imu/local_setup.zsh
[0.251s] -- Up-to-date: /home/lbarnett/ros2_ws/src/rcraicer/install/rcraicer_imu/share/rcraicer_imu/local_setup.dsv
[0.251s] -- Installing: /home/lbarnett/ros2_ws/src/rcraicer/install/rcraicer_imu/share/rcraicer_imu/package.dsv
[0.252s] -- Up-to-date: /home/lbarnett/ros2_ws/src/rcraicer/install/rcraicer_imu/share/ament_index/resource_index/packages/rcraicer_imu
[0.252s] -- Up-to-date: /home/lbarnett/ros2_ws/src/rcraicer/install/rcraicer_imu/share/rcraicer_imu/cmake/rcraicer_imuConfig.cmake
[0.252s] -- Up-to-date: /home/lbarnett/ros2_ws/src/rcraicer/install/rcraicer_imu/share/rcraicer_imu/cmake/rcraicer_imuConfig-version.cmake
[0.253s] -- Up-to-date: /home/lbarnett/ros2_ws/src/rcraicer/install/rcraicer_imu/share/rcraicer_imu/package.xml
[0.272s] Invoked command in '/home/lbarnett/ros2_ws/src/rcraicer/build/rcraicer_imu' returned '0': CMAKE_PREFIX_PATH=${CMAKE_PREFIX_PATH}:/home/lbarnett/ros2_ws/install/rcraicer_utils:/home/lbarnett/ros2_ws/install/rcraicer_ui:/opt/ros/foxy /usr/bin/cmake --install /home/lbarnett/ros2_ws/src/rcraicer/build/rcraicer_imu
