-- The C compiler identification is GNU 9.3.0
-- The CXX compiler identification is GNU 9.3.0
-- The CUDA compiler identification is NVIDIA 11.4.48
-- Check for working C compiler: /usr/bin/cc
-- Check for working C compiler: /usr/bin/cc -- works
-- Detecting C compiler ABI info
-- Detecting C compiler ABI info - done
-- Detecting C compile features
-- Detecting C compile features - done
-- Check for working CXX compiler: /usr/bin/c++
-- Check for working CXX compiler: /usr/bin/c++ -- works
-- Detecting CXX compiler ABI info
-- Detecting CXX compiler ABI info - done
-- Detecting CXX compile features
-- Detecting CXX compile features - done
-- Check for working CUDA compiler: /usr/local/cuda/bin/nvcc
-- Check for working CUDA compiler: /usr/local/cuda/bin/nvcc -- works
-- Detecting CUDA compiler ABI info
-- Detecting CUDA compiler ABI info - done
-- Found ament_cmake: 0.9.9 (/opt/ros/foxy/share/ament_cmake/cmake)
-- Found PythonInterp: /usr/bin/python3 (found suitable version "3.8.10", minimum required is "3") 
-- Using PYTHON_EXECUTABLE: /usr/bin/python3
-- Found rclcpp: 2.4.0 (/opt/ros/foxy/share/rclcpp/cmake)
-- Using all available rosidl_typesupport_c: rosidl_typesupport_fastrtps_c;rosidl_typesupport_introspection_c
-- Found rosidl_adapter: 1.2.1 (/opt/ros/foxy/share/rosidl_adapter/cmake)
-- Found OpenSSL: /usr/lib/x86_64-linux-gnu/libcrypto.so (found version "1.1.1f")  
-- Found FastRTPS: /opt/ros/foxy/include  
-- Using all available rosidl_typesupport_cpp: rosidl_typesupport_fastrtps_cpp;rosidl_typesupport_introspection_cpp
-- Found rmw_implementation_cmake: 1.0.3 (/opt/ros/foxy/share/rmw_implementation_cmake/cmake)
-- Using RMW implementation 'rmw_cyclonedds_cpp' as default
-- Looking for pthread.h
-- Looking for pthread.h - found
-- Performing Test CMAKE_HAVE_LIBC_PTHREAD
-- Performing Test CMAKE_HAVE_LIBC_PTHREAD - Failed
-- Looking for pthread_create in pthreads
-- Looking for pthread_create in pthreads - not found
-- Looking for pthread_create in pthread
-- Looking for pthread_create in pthread - found
-- Found Threads: TRUE  
-- Found sensor_msgs: 2.0.4 (/opt/ros/foxy/share/sensor_msgs/cmake)
-- Found rcraicer_msgs: 0.0.0 (/home/lbarnett/ros2_ws/install/rcraicer_msgs/share/rcraicer_msgs/cmake)
-- Found nav_msgs: 2.0.4 (/opt/ros/foxy/share/nav_msgs/cmake)
-- Found Boost: /usr/lib/x86_64-linux-gnu/cmake/Boost-1.71.0/BoostConfig.cmake (found version "1.71.0") found components: system thread chrono 
-- Found OpenCV: /usr (found version "4.2.0") 
-- Found eigen3_cmake_module: 0.1.1 (/opt/ros/foxy/share/eigen3_cmake_module/cmake)
-- Found Eigen3: TRUE (found version "3.3.90") 
-- Found CUDA: /usr/local/cuda (found version "11.4") 
-- Found ament_lint_auto: 0.9.6 (/opt/ros/foxy/share/ament_lint_auto/cmake)
-- Added test 'copyright' to check source files copyright and LICENSE
-- Added test 'cppcheck' to perform static code analysis on C / C++ code
-- Configured cppcheck include dirs: 
-- Configured cppcheck exclude dirs and/or files: 
-- Added test 'cpplint' to check C / C++ code against the Google style
-- Configured cpplint exclude dirs and/or files: 
-- Added test 'lint_cmake' to check CMake code style
-- Added test 'uncrustify' to check C / C++ code style
-- Configured uncrustify additional arguments: 
-- Added test 'xmllint' to check XML markup files
-- Configuring done
-- Generating done
-- Build files have been written to: /home/lbarnett/ros2_ws/src/rcraicer/build/rcraicer_mppi
[35m[1mScanning dependencies of target rcraicer_plant[0m
[35m[1mScanning dependencies of target param_getter[0m
[ 12%] [32mBuilding CXX object CMakeFiles/param_getter.dir/src/param_getter.cpp.o[0m
[ 25%] [32mBuilding CXX object CMakeFiles/rcraicer_plant.dir/src/rcraicer_plant.cpp.o[0m
[ 37%] [32m[1mLinking CXX static library libparam_getter.a[0m
[ 37%] Built target param_getter
[ 50%] [32m[1mLinking CXX static library librcraicer_plant.a[0m
[ 50%] Built target rcraicer_plant
[ 62%] [34m[1mBuilding NVCC (Device) object CMakeFiles/test_nn.dir/src/test_nn_generated_test.cu.o[0m
[35m[1mScanning dependencies of target test_nn[0m
[ 75%] [32m[1mLinking CXX executable test_nn[0m
[ 75%] Built target test_nn
[ 87%] [34m[1mBuilding NVCC (Device) object CMakeFiles/path_integral_nn.dir/src/path_integral_nn_generated_path_integral_node.cu.o[0m
[35m[1mScanning dependencies of target path_integral_nn[0m
[100%] [32m[1mLinking CXX executable path_integral_nn[0m
[100%] Built target path_integral_nn
-- Install configuration: "RelWithDebInfo"
-- Installing: /home/lbarnett/ros2_ws/src/rcraicer/install/rcraicer_mppi/lib/rcraicer_mppi/librcraicer_plant.a
-- Installing: /home/lbarnett/ros2_ws/src/rcraicer/install/rcraicer_mppi/lib/rcraicer_mppi/libparam_getter.a
-- Installing: /home/lbarnett/ros2_ws/src/rcraicer/install/rcraicer_mppi/lib/rcraicer_mppi/path_integral_nn
-- Set runtime path of "/home/lbarnett/ros2_ws/src/rcraicer/install/rcraicer_mppi/lib/rcraicer_mppi/path_integral_nn" to ""
-- Installing: /home/lbarnett/ros2_ws/src/rcraicer/install/rcraicer_mppi/lib/rcraicer_mppi/test_nn
-- Set runtime path of "/home/lbarnett/ros2_ws/src/rcraicer/install/rcraicer_mppi/lib/rcraicer_mppi/test_nn" to ""
-- Installing: /home/lbarnett/ros2_ws/src/rcraicer/install/rcraicer_mppi/share/ament_index/resource_index/package_run_dependencies/rcraicer_mppi
-- Installing: /home/lbarnett/ros2_ws/src/rcraicer/install/rcraicer_mppi/share/ament_index/resource_index/parent_prefix_path/rcraicer_mppi
-- Installing: /home/lbarnett/ros2_ws/src/rcraicer/install/rcraicer_mppi/share/rcraicer_mppi/environment/ament_prefix_path.sh
-- Installing: /home/lbarnett/ros2_ws/src/rcraicer/install/rcraicer_mppi/share/rcraicer_mppi/environment/ament_prefix_path.dsv
-- Installing: /home/lbarnett/ros2_ws/src/rcraicer/install/rcraicer_mppi/share/rcraicer_mppi/environment/path.sh
-- Installing: /home/lbarnett/ros2_ws/src/rcraicer/install/rcraicer_mppi/share/rcraicer_mppi/environment/path.dsv
-- Installing: /home/lbarnett/ros2_ws/src/rcraicer/install/rcraicer_mppi/share/rcraicer_mppi/local_setup.bash
-- Installing: /home/lbarnett/ros2_ws/src/rcraicer/install/rcraicer_mppi/share/rcraicer_mppi/local_setup.sh
-- Installing: /home/lbarnett/ros2_ws/src/rcraicer/install/rcraicer_mppi/share/rcraicer_mppi/local_setup.zsh
-- Installing: /home/lbarnett/ros2_ws/src/rcraicer/install/rcraicer_mppi/share/rcraicer_mppi/local_setup.dsv
-- Installing: /home/lbarnett/ros2_ws/src/rcraicer/install/rcraicer_mppi/share/rcraicer_mppi/package.dsv
-- Installing: /home/lbarnett/ros2_ws/src/rcraicer/install/rcraicer_mppi/share/ament_index/resource_index/packages/rcraicer_mppi
-- Installing: /home/lbarnett/ros2_ws/src/rcraicer/install/rcraicer_mppi/share/rcraicer_mppi/cmake/rcraicer_mppiConfig.cmake
-- Installing: /home/lbarnett/ros2_ws/src/rcraicer/install/rcraicer_mppi/share/rcraicer_mppi/cmake/rcraicer_mppiConfig-version.cmake
-- Installing: /home/lbarnett/ros2_ws/src/rcraicer/install/rcraicer_mppi/share/rcraicer_mppi/package.xml
