running egg_info
creating ../build/rcraicer_utils/rcraicer_utils.egg-info
writing ../build/rcraicer_utils/rcraicer_utils.egg-info/PKG-INFO
writing dependency_links to ../build/rcraicer_utils/rcraicer_utils.egg-info/dependency_links.txt
writing entry points to ../build/rcraicer_utils/rcraicer_utils.egg-info/entry_points.txt
writing requirements to ../build/rcraicer_utils/rcraicer_utils.egg-info/requires.txt
writing top-level names to ../build/rcraicer_utils/rcraicer_utils.egg-info/top_level.txt
writing manifest file '../build/rcraicer_utils/rcraicer_utils.egg-info/SOURCES.txt'
reading manifest file '../build/rcraicer_utils/rcraicer_utils.egg-info/SOURCES.txt'
writing manifest file '../build/rcraicer_utils/rcraicer_utils.egg-info/SOURCES.txt'
running build
running build_py
creating /home/lbarnett/ros2_ws/src/rcraicer/build/rcraicer_utils/build
creating /home/lbarnett/ros2_ws/src/rcraicer/build/rcraicer_utils/build/lib
creating /home/lbarnett/ros2_ws/src/rcraicer/build/rcraicer_utils/build/lib/rcraicer_utils
copying rcraicer_utils/compute_status.py -> /home/lbarnett/ros2_ws/src/rcraicer/build/rcraicer_utils/build/lib/rcraicer_utils
copying rcraicer_utils/__init__.py -> /home/lbarnett/ros2_ws/src/rcraicer/build/rcraicer_utils/build/lib/rcraicer_utils
running install
running install_lib
creating /home/lbarnett/ros2_ws/src/rcraicer/install/rcraicer_utils/lib/python3.8/site-packages/rcraicer_utils
copying /home/lbarnett/ros2_ws/src/rcraicer/build/rcraicer_utils/build/lib/rcraicer_utils/compute_status.py -> /home/lbarnett/ros2_ws/src/rcraicer/install/rcraicer_utils/lib/python3.8/site-packages/rcraicer_utils
copying /home/lbarnett/ros2_ws/src/rcraicer/build/rcraicer_utils/build/lib/rcraicer_utils/__init__.py -> /home/lbarnett/ros2_ws/src/rcraicer/install/rcraicer_utils/lib/python3.8/site-packages/rcraicer_utils
byte-compiling /home/lbarnett/ros2_ws/src/rcraicer/install/rcraicer_utils/lib/python3.8/site-packages/rcraicer_utils/compute_status.py to compute_status.cpython-38.pyc
byte-compiling /home/lbarnett/ros2_ws/src/rcraicer/install/rcraicer_utils/lib/python3.8/site-packages/rcraicer_utils/__init__.py to __init__.cpython-38.pyc
running install_data
creating /home/lbarnett/ros2_ws/src/rcraicer/install/rcraicer_utils/share/ament_index
creating /home/lbarnett/ros2_ws/src/rcraicer/install/rcraicer_utils/share/ament_index/resource_index
creating /home/lbarnett/ros2_ws/src/rcraicer/install/rcraicer_utils/share/ament_index/resource_index/packages
copying resource/rcraicer_utils -> /home/lbarnett/ros2_ws/src/rcraicer/install/rcraicer_utils/share/ament_index/resource_index/packages
copying package.xml -> /home/lbarnett/ros2_ws/src/rcraicer/install/rcraicer_utils/share/rcraicer_utils
running install_egg_info
Copying ../build/rcraicer_utils/rcraicer_utils.egg-info to /home/lbarnett/ros2_ws/src/rcraicer/install/rcraicer_utils/lib/python3.8/site-packages/rcraicer_utils-0.0.0-py3.8.egg-info
running install_scripts
Installing rcraicer_ui script to /home/lbarnett/ros2_ws/src/rcraicer/install/rcraicer_utils/lib/rcraicer_utils
writing list of installed files to '/home/lbarnett/ros2_ws/src/rcraicer/build/rcraicer_utils/install.log'
