[1.611s] Invoking command in '/home/lbarnett/ros2_ws/src/rcraicer/rcraicer_utils': AMENT_PREFIX_PATH=/home/lbarnett/ros2_ws/src/rcraicer/install/rcraicer_msgs:${AMENT_PREFIX_PATH} CMAKE_PREFIX_PATH=/home/lbarnett/ros2_ws/src/rcraicer/install/rcraicer_msgs:${CMAKE_PREFIX_PATH} LD_LIBRARY_PATH=/home/lbarnett/ros2_ws/src/rcraicer/install/rcraicer_msgs/lib:${LD_LIBRARY_PATH} PYTHONPATH=/home/lbarnett/ros2_ws/src/rcraicer/install/rcraicer_utils/lib/python3.8/site-packages:/home/lbarnett/ros2_ws/src/rcraicer/install/rcraicer_msgs/lib/python3.8/site-packages:${PYTHONPATH} /usr/bin/python3 setup.py egg_info --egg-base ../build/rcraicer_utils build --build-base /home/lbarnett/ros2_ws/src/rcraicer/build/rcraicer_utils/build install --prefix /home/lbarnett/ros2_ws/src/rcraicer/install/rcraicer_utils --record /home/lbarnett/ros2_ws/src/rcraicer/build/rcraicer_utils/install.log --single-version-externally-managed
[4.618s] running egg_info
[4.619s] creating ../build/rcraicer_utils/rcraicer_utils.egg-info
[4.619s] writing ../build/rcraicer_utils/rcraicer_utils.egg-info/PKG-INFO
[4.619s] writing dependency_links to ../build/rcraicer_utils/rcraicer_utils.egg-info/dependency_links.txt
[4.619s] writing entry points to ../build/rcraicer_utils/rcraicer_utils.egg-info/entry_points.txt
[4.619s] writing requirements to ../build/rcraicer_utils/rcraicer_utils.egg-info/requires.txt
[4.619s] writing top-level names to ../build/rcraicer_utils/rcraicer_utils.egg-info/top_level.txt
[4.619s] writing manifest file '../build/rcraicer_utils/rcraicer_utils.egg-info/SOURCES.txt'
[4.619s] reading manifest file '../build/rcraicer_utils/rcraicer_utils.egg-info/SOURCES.txt'
[4.620s] writing manifest file '../build/rcraicer_utils/rcraicer_utils.egg-info/SOURCES.txt'
[4.620s] running build
[4.620s] running build_py
[4.620s] creating /home/lbarnett/ros2_ws/src/rcraicer/build/rcraicer_utils/build
[4.620s] creating /home/lbarnett/ros2_ws/src/rcraicer/build/rcraicer_utils/build/lib
[4.620s] creating /home/lbarnett/ros2_ws/src/rcraicer/build/rcraicer_utils/build/lib/rcraicer_utils
[4.620s] copying rcraicer_utils/compute_status.py -> /home/lbarnett/ros2_ws/src/rcraicer/build/rcraicer_utils/build/lib/rcraicer_utils
[4.620s] copying rcraicer_utils/__init__.py -> /home/lbarnett/ros2_ws/src/rcraicer/build/rcraicer_utils/build/lib/rcraicer_utils
[4.621s] running install
[4.621s] running install_lib
[4.621s] creating /home/lbarnett/ros2_ws/src/rcraicer/install/rcraicer_utils/lib/python3.8/site-packages/rcraicer_utils
[4.621s] copying /home/lbarnett/ros2_ws/src/rcraicer/build/rcraicer_utils/build/lib/rcraicer_utils/compute_status.py -> /home/lbarnett/ros2_ws/src/rcraicer/install/rcraicer_utils/lib/python3.8/site-packages/rcraicer_utils
[4.621s] copying /home/lbarnett/ros2_ws/src/rcraicer/build/rcraicer_utils/build/lib/rcraicer_utils/__init__.py -> /home/lbarnett/ros2_ws/src/rcraicer/install/rcraicer_utils/lib/python3.8/site-packages/rcraicer_utils
[4.621s] byte-compiling /home/lbarnett/ros2_ws/src/rcraicer/install/rcraicer_utils/lib/python3.8/site-packages/rcraicer_utils/compute_status.py to compute_status.cpython-38.pyc
[4.621s] byte-compiling /home/lbarnett/ros2_ws/src/rcraicer/install/rcraicer_utils/lib/python3.8/site-packages/rcraicer_utils/__init__.py to __init__.cpython-38.pyc
[4.621s] running install_data
[4.622s] creating /home/lbarnett/ros2_ws/src/rcraicer/install/rcraicer_utils/share/ament_index
[4.622s] creating /home/lbarnett/ros2_ws/src/rcraicer/install/rcraicer_utils/share/ament_index/resource_index
[4.622s] creating /home/lbarnett/ros2_ws/src/rcraicer/install/rcraicer_utils/share/ament_index/resource_index/packages
[4.622s] copying resource/rcraicer_utils -> /home/lbarnett/ros2_ws/src/rcraicer/install/rcraicer_utils/share/ament_index/resource_index/packages
[4.622s] copying package.xml -> /home/lbarnett/ros2_ws/src/rcraicer/install/rcraicer_utils/share/rcraicer_utils
[4.622s] running install_egg_info
[4.622s] Copying ../build/rcraicer_utils/rcraicer_utils.egg-info to /home/lbarnett/ros2_ws/src/rcraicer/install/rcraicer_utils/lib/python3.8/site-packages/rcraicer_utils-0.0.0-py3.8.egg-info
[4.622s] running install_scripts
[4.622s] Installing rcraicer_ui script to /home/lbarnett/ros2_ws/src/rcraicer/install/rcraicer_utils/lib/rcraicer_utils
[4.623s] writing list of installed files to '/home/lbarnett/ros2_ws/src/rcraicer/build/rcraicer_utils/install.log'
[4.644s] Invoked command in '/home/lbarnett/ros2_ws/src/rcraicer/rcraicer_utils' returned '0': AMENT_PREFIX_PATH=/home/lbarnett/ros2_ws/src/rcraicer/install/rcraicer_msgs:${AMENT_PREFIX_PATH} CMAKE_PREFIX_PATH=/home/lbarnett/ros2_ws/src/rcraicer/install/rcraicer_msgs:${CMAKE_PREFIX_PATH} LD_LIBRARY_PATH=/home/lbarnett/ros2_ws/src/rcraicer/install/rcraicer_msgs/lib:${LD_LIBRARY_PATH} PYTHONPATH=/home/lbarnett/ros2_ws/src/rcraicer/install/rcraicer_utils/lib/python3.8/site-packages:/home/lbarnett/ros2_ws/src/rcraicer/install/rcraicer_msgs/lib/python3.8/site-packages:${PYTHONPATH} /usr/bin/python3 setup.py egg_info --egg-base ../build/rcraicer_utils build --build-base /home/lbarnett/ros2_ws/src/rcraicer/build/rcraicer_utils/build install --prefix /home/lbarnett/ros2_ws/src/rcraicer/install/rcraicer_utils --record /home/lbarnett/ros2_ws/src/rcraicer/build/rcraicer_utils/install.log --single-version-externally-managed
