[0.111s] Invoking command in '/home/lbarnett/ros2_ws/src/rcraicer/build/rcraicer_mppi': AMENT_PREFIX_PATH=/home/lbarnett/ros2_ws/src/rcraicer/install/rcraicer_msgs:${AMENT_PREFIX_PATH} CMAKE_PREFIX_PATH=/home/lbarnett/ros2_ws/src/rcraicer/install/rcraicer_msgs:/home/lbarnett/ros2_ws/install/rviz_satellite:/home/lbarnett/ros2_ws/install/robot_localization:/home/lbarnett/ros2_ws/install/rcraicer_sim:/home/lbarnett/ros2_ws/install/rcraicer_mapping:/home/lbarnett/ros2_ws/install/rcraicer_gps:/home/lbarnett/ros2_ws/install/rcraicer_description:/home/lbarnett/ros2_ws/install/rcraicer:/home/lbarnett/ros2_ws/install/rcraicer_msgs:/home/lbarnett/ros2_ws/install/rcraicer_mppi_test:/home/lbarnett/ros2_ws/install/rcraicer_mppi:/home/lbarnett/ros2_ws/install/rcraicer_imu:/home/lbarnett/ros2_ws/install/mavros:/home/lbarnett/ros2_ws/install/mavros_msgs:/home/lbarnett/ros2_ws/install/libmavconn:/home/lbarnett/ros2_ws/install/kalman_filter_localization:/home/lbarnett/ros2_ws/install/rcraicer_utils:/home/lbarnett/ros2_ws/install/rcraicer_ui:/opt/ros/foxy LD_LIBRARY_PATH=/home/lbarnett/ros2_ws/src/rcraicer/install/rcraicer_msgs/lib:${LD_LIBRARY_PATH} PYTHONPATH=/home/lbarnett/ros2_ws/src/rcraicer/install/rcraicer_msgs/lib/python3.8/site-packages:${PYTHONPATH} /usr/bin/cmake /home/lbarnett/ros2_ws/src/rcraicer/rcraicer_mppi -DCMAKE_BUILD_TYPE=RelWithDebInfo -DCMAKE_INSTALL_PREFIX=/home/lbarnett/ros2_ws/src/rcraicer/install/rcraicer_mppi
[0.352s] -- The C compiler identification is GNU 9.3.0
[0.446s] -- The CXX compiler identification is GNU 9.3.0
[2.339s] -- The CUDA compiler identification is NVIDIA 11.4.48
[2.349s] -- Check for working C compiler: /usr/bin/cc
[2.515s] -- Check for working C compiler: /usr/bin/cc -- works
[2.517s] -- Detecting C compiler ABI info
[2.629s] -- Detecting C compiler ABI info - done
[2.648s] -- Detecting C compile features
[2.648s] -- Detecting C compile features - done
[2.653s] -- Check for working CXX compiler: /usr/bin/c++
[2.820s] -- Check for working CXX compiler: /usr/bin/c++ -- works
[2.821s] -- Detecting CXX compiler ABI info
[3.097s] -- Detecting CXX compiler ABI info - done
[3.136s] -- Detecting CXX compile features
[3.137s] -- Detecting CXX compile features - done
[3.151s] -- Check for working CUDA compiler: /usr/local/cuda/bin/nvcc
[4.604s] -- Check for working CUDA compiler: /usr/local/cuda/bin/nvcc -- works
[4.606s] -- Detecting CUDA compiler ABI info
[6.547s] -- Detecting CUDA compiler ABI info - done
[6.681s] -- Found ament_cmake: 0.9.9 (/opt/ros/foxy/share/ament_cmake/cmake)
[6.862s] -- Found PythonInterp: /usr/bin/python3 (found suitable version "3.8.10", minimum required is "3") 
[6.863s] -- Using PYTHON_EXECUTABLE: /usr/bin/python3
[8.481s] -- Found rclcpp: 2.4.0 (/opt/ros/foxy/share/rclcpp/cmake)
[8.921s] -- Using all available rosidl_typesupport_c: rosidl_typesupport_fastrtps_c;rosidl_typesupport_introspection_c
[9.021s] -- Found rosidl_adapter: 1.2.1 (/opt/ros/foxy/share/rosidl_adapter/cmake)
[9.843s] -- Found OpenSSL: /usr/lib/x86_64-linux-gnu/libcrypto.so (found version "1.1.1f")  
[9.942s] -- Found FastRTPS: /opt/ros/foxy/include  
[10.212s] -- Using all available rosidl_typesupport_cpp: rosidl_typesupport_fastrtps_cpp;rosidl_typesupport_introspection_cpp
[10.322s] -- Found rmw_implementation_cmake: 1.0.3 (/opt/ros/foxy/share/rmw_implementation_cmake/cmake)
[10.328s] -- Using RMW implementation 'rmw_cyclonedds_cpp' as default
[10.329s] -- Looking for pthread.h
[10.939s] -- Looking for pthread.h - found
[10.939s] -- Performing Test CMAKE_HAVE_LIBC_PTHREAD
[11.576s] -- Performing Test CMAKE_HAVE_LIBC_PTHREAD - Failed
[11.577s] -- Looking for pthread_create in pthreads
[12.082s] -- Looking for pthread_create in pthreads - not found
[12.082s] -- Looking for pthread_create in pthread
[12.717s] -- Looking for pthread_create in pthread - found
[12.718s] -- Found Threads: TRUE  
[13.984s] -- Found sensor_msgs: 2.0.4 (/opt/ros/foxy/share/sensor_msgs/cmake)
[14.757s] -- Found rcraicer_msgs: 0.0.0 (/home/lbarnett/ros2_ws/src/rcraicer/install/rcraicer_msgs/share/rcraicer_msgs/cmake)
[15.072s] -- Found nav_msgs: 2.0.4 (/opt/ros/foxy/share/nav_msgs/cmake)
[15.709s] -- Found Boost: /usr/lib/x86_64-linux-gnu/cmake/Boost-1.71.0/BoostConfig.cmake (found version "1.71.0") found components: system thread chrono 
[15.799s] -- Found OpenCV: /usr (found version "4.2.0") 
[15.817s] -- Found eigen3_cmake_module: 0.1.1 (/opt/ros/foxy/share/eigen3_cmake_module/cmake)
[15.833s] -- Found Eigen3: TRUE (found version "3.3.90") 
[15.983s] -- Found CUDA: /usr/local/cuda (found version "11.4") 
[16.195s] -- Found ament_lint_auto: 0.9.6 (/opt/ros/foxy/share/ament_lint_auto/cmake)
[16.611s] -- Added test 'copyright' to check source files copyright and LICENSE
[16.621s] -- Added test 'cppcheck' to perform static code analysis on C / C++ code
[16.622s] -- Configured cppcheck include dirs: 
[16.623s] -- Configured cppcheck exclude dirs and/or files: 
[16.635s] -- Added test 'cpplint' to check C / C++ code against the Google style
[16.635s] -- Configured cpplint exclude dirs and/or files: 
[16.638s] -- Added test 'lint_cmake' to check CMake code style
[16.646s] -- Added test 'uncrustify' to check C / C++ code style
[16.646s] -- Configured uncrustify additional arguments: 
[16.649s] -- Added test 'xmllint' to check XML markup files
[16.664s] -- Configuring done
[16.900s] -- Generating done
[16.903s] -- Build files have been written to: /home/lbarnett/ros2_ws/src/rcraicer/build/rcraicer_mppi
[16.922s] Invoked command in '/home/lbarnett/ros2_ws/src/rcraicer/build/rcraicer_mppi' returned '0': AMENT_PREFIX_PATH=/home/lbarnett/ros2_ws/src/rcraicer/install/rcraicer_msgs:${AMENT_PREFIX_PATH} CMAKE_PREFIX_PATH=/home/lbarnett/ros2_ws/src/rcraicer/install/rcraicer_msgs:/home/lbarnett/ros2_ws/install/rviz_satellite:/home/lbarnett/ros2_ws/install/robot_localization:/home/lbarnett/ros2_ws/install/rcraicer_sim:/home/lbarnett/ros2_ws/install/rcraicer_mapping:/home/lbarnett/ros2_ws/install/rcraicer_gps:/home/lbarnett/ros2_ws/install/rcraicer_description:/home/lbarnett/ros2_ws/install/rcraicer:/home/lbarnett/ros2_ws/install/rcraicer_msgs:/home/lbarnett/ros2_ws/install/rcraicer_mppi_test:/home/lbarnett/ros2_ws/install/rcraicer_mppi:/home/lbarnett/ros2_ws/install/rcraicer_imu:/home/lbarnett/ros2_ws/install/mavros:/home/lbarnett/ros2_ws/install/mavros_msgs:/home/lbarnett/ros2_ws/install/libmavconn:/home/lbarnett/ros2_ws/install/kalman_filter_localization:/home/lbarnett/ros2_ws/install/rcraicer_utils:/home/lbarnett/ros2_ws/install/rcraicer_ui:/opt/ros/foxy LD_LIBRARY_PATH=/home/lbarnett/ros2_ws/src/rcraicer/install/rcraicer_msgs/lib:${LD_LIBRARY_PATH} PYTHONPATH=/home/lbarnett/ros2_ws/src/rcraicer/install/rcraicer_msgs/lib/python3.8/site-packages:${PYTHONPATH} /usr/bin/cmake /home/lbarnett/ros2_ws/src/rcraicer/rcraicer_mppi -DCMAKE_BUILD_TYPE=RelWithDebInfo -DCMAKE_INSTALL_PREFIX=/home/lbarnett/ros2_ws/src/rcraicer/install/rcraicer_mppi
[16.929s] Invoking command in '/home/lbarnett/ros2_ws/src/rcraicer/build/rcraicer_mppi': AMENT_PREFIX_PATH=/home/lbarnett/ros2_ws/src/rcraicer/install/rcraicer_msgs:${AMENT_PREFIX_PATH} CMAKE_PREFIX_PATH=/home/lbarnett/ros2_ws/src/rcraicer/install/rcraicer_msgs:/home/lbarnett/ros2_ws/install/rviz_satellite:/home/lbarnett/ros2_ws/install/robot_localization:/home/lbarnett/ros2_ws/install/rcraicer_sim:/home/lbarnett/ros2_ws/install/rcraicer_mapping:/home/lbarnett/ros2_ws/install/rcraicer_gps:/home/lbarnett/ros2_ws/install/rcraicer_description:/home/lbarnett/ros2_ws/install/rcraicer:/home/lbarnett/ros2_ws/install/rcraicer_msgs:/home/lbarnett/ros2_ws/install/rcraicer_mppi_test:/home/lbarnett/ros2_ws/install/rcraicer_mppi:/home/lbarnett/ros2_ws/install/rcraicer_imu:/home/lbarnett/ros2_ws/install/mavros:/home/lbarnett/ros2_ws/install/mavros_msgs:/home/lbarnett/ros2_ws/install/libmavconn:/home/lbarnett/ros2_ws/install/kalman_filter_localization:/home/lbarnett/ros2_ws/install/rcraicer_utils:/home/lbarnett/ros2_ws/install/rcraicer_ui:/opt/ros/foxy LD_LIBRARY_PATH=/home/lbarnett/ros2_ws/src/rcraicer/install/rcraicer_msgs/lib:${LD_LIBRARY_PATH} PYTHONPATH=/home/lbarnett/ros2_ws/src/rcraicer/install/rcraicer_msgs/lib/python3.8/site-packages:${PYTHONPATH} /usr/bin/cmake --build /home/lbarnett/ros2_ws/src/rcraicer/build/rcraicer_mppi -- -j8 -l8
[44.217s] [35m[1mScanning dependencies of target rcraicer_plant[0m
[44.218s] [ 12%] [32mBuilding CXX object CMakeFiles/rcraicer_plant.dir/src/rcraicer_plant.cpp.o[0m
[52.958s] [ 25%] [32m[1mLinking CXX static library librcraicer_plant.a[0m
[53.286s] [ 25%] Built target rcraicer_plant
[53.388s] [35m[1mScanning dependencies of target param_getter[0m
[53.598s] [ 37%] [32mBuilding CXX object CMakeFiles/param_getter.dir/src/param_getter.cpp.o[0m
[62.439s] [ 50%] [32m[1mLinking CXX static library libparam_getter.a[0m
[62.612s] [ 50%] Built target param_getter
[62.689s] [ 62%] [34m[1mBuilding NVCC (Device) object CMakeFiles/test_nn.dir/src/test_nn_generated_test.cu.o[0m
[80.198s] [35m[1mScanning dependencies of target test_nn[0m
[80.214s] [ 75%] [32m[1mLinking CXX executable test_nn[0m
[80.423s] [ 75%] Built target test_nn
[80.434s] [ 87%] [34m[1mBuilding NVCC (Device) object CMakeFiles/path_integral_nn.dir/src/path_integral_nn_generated_path_integral_node.cu.o[0m
[149.940s] [35m[1mScanning dependencies of target path_integral_nn[0m
[149.956s] [100%] [32m[1mLinking CXX executable path_integral_nn[0m
[150.619s] [100%] Built target path_integral_nn
[150.631s] Invoked command in '/home/lbarnett/ros2_ws/src/rcraicer/build/rcraicer_mppi' returned '0': AMENT_PREFIX_PATH=/home/lbarnett/ros2_ws/src/rcraicer/install/rcraicer_msgs:${AMENT_PREFIX_PATH} CMAKE_PREFIX_PATH=/home/lbarnett/ros2_ws/src/rcraicer/install/rcraicer_msgs:/home/lbarnett/ros2_ws/install/rviz_satellite:/home/lbarnett/ros2_ws/install/robot_localization:/home/lbarnett/ros2_ws/install/rcraicer_sim:/home/lbarnett/ros2_ws/install/rcraicer_mapping:/home/lbarnett/ros2_ws/install/rcraicer_gps:/home/lbarnett/ros2_ws/install/rcraicer_description:/home/lbarnett/ros2_ws/install/rcraicer:/home/lbarnett/ros2_ws/install/rcraicer_msgs:/home/lbarnett/ros2_ws/install/rcraicer_mppi_test:/home/lbarnett/ros2_ws/install/rcraicer_mppi:/home/lbarnett/ros2_ws/install/rcraicer_imu:/home/lbarnett/ros2_ws/install/mavros:/home/lbarnett/ros2_ws/install/mavros_msgs:/home/lbarnett/ros2_ws/install/libmavconn:/home/lbarnett/ros2_ws/install/kalman_filter_localization:/home/lbarnett/ros2_ws/install/rcraicer_utils:/home/lbarnett/ros2_ws/install/rcraicer_ui:/opt/ros/foxy LD_LIBRARY_PATH=/home/lbarnett/ros2_ws/src/rcraicer/install/rcraicer_msgs/lib:${LD_LIBRARY_PATH} PYTHONPATH=/home/lbarnett/ros2_ws/src/rcraicer/install/rcraicer_msgs/lib/python3.8/site-packages:${PYTHONPATH} /usr/bin/cmake --build /home/lbarnett/ros2_ws/src/rcraicer/build/rcraicer_mppi -- -j8 -l8
[150.667s] Invoking command in '/home/lbarnett/ros2_ws/src/rcraicer/build/rcraicer_mppi': AMENT_PREFIX_PATH=/home/lbarnett/ros2_ws/src/rcraicer/install/rcraicer_msgs:${AMENT_PREFIX_PATH} CMAKE_PREFIX_PATH=/home/lbarnett/ros2_ws/src/rcraicer/install/rcraicer_msgs:/home/lbarnett/ros2_ws/install/rviz_satellite:/home/lbarnett/ros2_ws/install/robot_localization:/home/lbarnett/ros2_ws/install/rcraicer_sim:/home/lbarnett/ros2_ws/install/rcraicer_mapping:/home/lbarnett/ros2_ws/install/rcraicer_gps:/home/lbarnett/ros2_ws/install/rcraicer_description:/home/lbarnett/ros2_ws/install/rcraicer:/home/lbarnett/ros2_ws/install/rcraicer_msgs:/home/lbarnett/ros2_ws/install/rcraicer_mppi_test:/home/lbarnett/ros2_ws/install/rcraicer_mppi:/home/lbarnett/ros2_ws/install/rcraicer_imu:/home/lbarnett/ros2_ws/install/mavros:/home/lbarnett/ros2_ws/install/mavros_msgs:/home/lbarnett/ros2_ws/install/libmavconn:/home/lbarnett/ros2_ws/install/kalman_filter_localization:/home/lbarnett/ros2_ws/install/rcraicer_utils:/home/lbarnett/ros2_ws/install/rcraicer_ui:/opt/ros/foxy LD_LIBRARY_PATH=/home/lbarnett/ros2_ws/src/rcraicer/install/rcraicer_msgs/lib:${LD_LIBRARY_PATH} PYTHONPATH=/home/lbarnett/ros2_ws/src/rcraicer/install/rcraicer_msgs/lib/python3.8/site-packages:${PYTHONPATH} /usr/bin/cmake --install /home/lbarnett/ros2_ws/src/rcraicer/build/rcraicer_mppi
[150.678s] -- Install configuration: "RelWithDebInfo"
[150.680s] -- Installing: /home/lbarnett/ros2_ws/src/rcraicer/install/rcraicer_mppi/lib/rcraicer_mppi/librcraicer_plant.a
[150.688s] -- Installing: /home/lbarnett/ros2_ws/src/rcraicer/install/rcraicer_mppi/lib/rcraicer_mppi/libparam_getter.a
[150.691s] -- Installing: /home/lbarnett/ros2_ws/src/rcraicer/install/rcraicer_mppi/lib/rcraicer_mppi/path_integral_nn
[150.700s] -- Set runtime path of "/home/lbarnett/ros2_ws/src/rcraicer/install/rcraicer_mppi/lib/rcraicer_mppi/path_integral_nn" to ""
[150.700s] -- Installing: /home/lbarnett/ros2_ws/src/rcraicer/install/rcraicer_mppi/lib/rcraicer_mppi/test_nn
[150.703s] -- Set runtime path of "/home/lbarnett/ros2_ws/src/rcraicer/install/rcraicer_mppi/lib/rcraicer_mppi/test_nn" to ""
[150.704s] -- Installing: /home/lbarnett/ros2_ws/src/rcraicer/install/rcraicer_mppi/share/ament_index/resource_index/package_run_dependencies/rcraicer_mppi
[150.705s] -- Installing: /home/lbarnett/ros2_ws/src/rcraicer/install/rcraicer_mppi/share/ament_index/resource_index/parent_prefix_path/rcraicer_mppi
[150.705s] -- Installing: /home/lbarnett/ros2_ws/src/rcraicer/install/rcraicer_mppi/share/rcraicer_mppi/environment/ament_prefix_path.sh
[150.705s] -- Installing: /home/lbarnett/ros2_ws/src/rcraicer/install/rcraicer_mppi/share/rcraicer_mppi/environment/ament_prefix_path.dsv
[150.705s] -- Installing: /home/lbarnett/ros2_ws/src/rcraicer/install/rcraicer_mppi/share/rcraicer_mppi/environment/path.sh
[150.706s] -- Installing: /home/lbarnett/ros2_ws/src/rcraicer/install/rcraicer_mppi/share/rcraicer_mppi/environment/path.dsv
[150.706s] -- Installing: /home/lbarnett/ros2_ws/src/rcraicer/install/rcraicer_mppi/share/rcraicer_mppi/local_setup.bash
[150.706s] -- Installing: /home/lbarnett/ros2_ws/src/rcraicer/install/rcraicer_mppi/share/rcraicer_mppi/local_setup.sh
[150.706s] -- Installing: /home/lbarnett/ros2_ws/src/rcraicer/install/rcraicer_mppi/share/rcraicer_mppi/local_setup.zsh
[150.706s] -- Installing: /home/lbarnett/ros2_ws/src/rcraicer/install/rcraicer_mppi/share/rcraicer_mppi/local_setup.dsv
[150.707s] -- Installing: /home/lbarnett/ros2_ws/src/rcraicer/install/rcraicer_mppi/share/rcraicer_mppi/package.dsv
[150.707s] -- Installing: /home/lbarnett/ros2_ws/src/rcraicer/install/rcraicer_mppi/share/ament_index/resource_index/packages/rcraicer_mppi
[150.708s] -- Installing: /home/lbarnett/ros2_ws/src/rcraicer/install/rcraicer_mppi/share/rcraicer_mppi/cmake/rcraicer_mppiConfig.cmake
[150.709s] -- Installing: /home/lbarnett/ros2_ws/src/rcraicer/install/rcraicer_mppi/share/rcraicer_mppi/cmake/rcraicer_mppiConfig-version.cmake
[150.709s] -- Installing: /home/lbarnett/ros2_ws/src/rcraicer/install/rcraicer_mppi/share/rcraicer_mppi/package.xml
[150.718s] Invoked command in '/home/lbarnett/ros2_ws/src/rcraicer/build/rcraicer_mppi' returned '0': AMENT_PREFIX_PATH=/home/lbarnett/ros2_ws/src/rcraicer/install/rcraicer_msgs:${AMENT_PREFIX_PATH} CMAKE_PREFIX_PATH=/home/lbarnett/ros2_ws/src/rcraicer/install/rcraicer_msgs:/home/lbarnett/ros2_ws/install/rviz_satellite:/home/lbarnett/ros2_ws/install/robot_localization:/home/lbarnett/ros2_ws/install/rcraicer_sim:/home/lbarnett/ros2_ws/install/rcraicer_mapping:/home/lbarnett/ros2_ws/install/rcraicer_gps:/home/lbarnett/ros2_ws/install/rcraicer_description:/home/lbarnett/ros2_ws/install/rcraicer:/home/lbarnett/ros2_ws/install/rcraicer_msgs:/home/lbarnett/ros2_ws/install/rcraicer_mppi_test:/home/lbarnett/ros2_ws/install/rcraicer_mppi:/home/lbarnett/ros2_ws/install/rcraicer_imu:/home/lbarnett/ros2_ws/install/mavros:/home/lbarnett/ros2_ws/install/mavros_msgs:/home/lbarnett/ros2_ws/install/libmavconn:/home/lbarnett/ros2_ws/install/kalman_filter_localization:/home/lbarnett/ros2_ws/install/rcraicer_utils:/home/lbarnett/ros2_ws/install/rcraicer_ui:/opt/ros/foxy LD_LIBRARY_PATH=/home/lbarnett/ros2_ws/src/rcraicer/install/rcraicer_msgs/lib:${LD_LIBRARY_PATH} PYTHONPATH=/home/lbarnett/ros2_ws/src/rcraicer/install/rcraicer_msgs/lib/python3.8/site-packages:${PYTHONPATH} /usr/bin/cmake --install /home/lbarnett/ros2_ws/src/rcraicer/build/rcraicer_mppi
