running egg_info
creating ../build/rcraicer_ui/rcraicer_ui.egg-info
writing ../build/rcraicer_ui/rcraicer_ui.egg-info/PKG-INFO
writing dependency_links to ../build/rcraicer_ui/rcraicer_ui.egg-info/dependency_links.txt
writing entry points to ../build/rcraicer_ui/rcraicer_ui.egg-info/entry_points.txt
writing requirements to ../build/rcraicer_ui/rcraicer_ui.egg-info/requires.txt
writing top-level names to ../build/rcraicer_ui/rcraicer_ui.egg-info/top_level.txt
writing manifest file '../build/rcraicer_ui/rcraicer_ui.egg-info/SOURCES.txt'
reading manifest file '../build/rcraicer_ui/rcraicer_ui.egg-info/SOURCES.txt'
writing manifest file '../build/rcraicer_ui/rcraicer_ui.egg-info/SOURCES.txt'
running build
running build_py
creating /home/lbarnett/ros2_ws/src/rcraicer/build/rcraicer_ui/build
creating /home/lbarnett/ros2_ws/src/rcraicer/build/rcraicer_ui/build/lib
creating /home/lbarnett/ros2_ws/src/rcraicer/build/rcraicer_ui/build/lib/rcraicer_ui
copying rcraicer_ui/rcraicer_ui.py -> /home/lbarnett/ros2_ws/src/rcraicer/build/rcraicer_ui/build/lib/rcraicer_ui
copying rcraicer_ui/gps.py -> /home/lbarnett/ros2_ws/src/rcraicer/build/rcraicer_ui/build/lib/rcraicer_ui
copying rcraicer_ui/__init__.py -> /home/lbarnett/ros2_ws/src/rcraicer/build/rcraicer_ui/build/lib/rcraicer_ui
running install
running install_lib
creating /home/lbarnett/ros2_ws/src/rcraicer/install/rcraicer_ui/lib/python3.8/site-packages/rcraicer_ui
copying /home/lbarnett/ros2_ws/src/rcraicer/build/rcraicer_ui/build/lib/rcraicer_ui/rcraicer_ui.py -> /home/lbarnett/ros2_ws/src/rcraicer/install/rcraicer_ui/lib/python3.8/site-packages/rcraicer_ui
copying /home/lbarnett/ros2_ws/src/rcraicer/build/rcraicer_ui/build/lib/rcraicer_ui/gps.py -> /home/lbarnett/ros2_ws/src/rcraicer/install/rcraicer_ui/lib/python3.8/site-packages/rcraicer_ui
copying /home/lbarnett/ros2_ws/src/rcraicer/build/rcraicer_ui/build/lib/rcraicer_ui/__init__.py -> /home/lbarnett/ros2_ws/src/rcraicer/install/rcraicer_ui/lib/python3.8/site-packages/rcraicer_ui
byte-compiling /home/lbarnett/ros2_ws/src/rcraicer/install/rcraicer_ui/lib/python3.8/site-packages/rcraicer_ui/rcraicer_ui.py to rcraicer_ui.cpython-38.pyc
byte-compiling /home/lbarnett/ros2_ws/src/rcraicer/install/rcraicer_ui/lib/python3.8/site-packages/rcraicer_ui/gps.py to gps.cpython-38.pyc
byte-compiling /home/lbarnett/ros2_ws/src/rcraicer/install/rcraicer_ui/lib/python3.8/site-packages/rcraicer_ui/__init__.py to __init__.cpython-38.pyc
running install_data
creating /home/lbarnett/ros2_ws/src/rcraicer/install/rcraicer_ui/share/ament_index
creating /home/lbarnett/ros2_ws/src/rcraicer/install/rcraicer_ui/share/ament_index/resource_index
creating /home/lbarnett/ros2_ws/src/rcraicer/install/rcraicer_ui/share/ament_index/resource_index/packages
copying resource/rcraicer_ui -> /home/lbarnett/ros2_ws/src/rcraicer/install/rcraicer_ui/share/ament_index/resource_index/packages
copying package.xml -> /home/lbarnett/ros2_ws/src/rcraicer/install/rcraicer_ui/share/rcraicer_ui
running install_egg_info
Copying ../build/rcraicer_ui/rcraicer_ui.egg-info to /home/lbarnett/ros2_ws/src/rcraicer/install/rcraicer_ui/lib/python3.8/site-packages/rcraicer_ui-0.0.0-py3.8.egg-info
running install_scripts
Installing rcraicer_ui script to /home/lbarnett/ros2_ws/src/rcraicer/install/rcraicer_ui/lib/rcraicer_ui
writing list of installed files to '/home/lbarnett/ros2_ws/src/rcraicer/build/rcraicer_ui/install.log'
