[1.582s] Invoking command in '/home/lbarnett/ros2_ws/src/rcraicer/rcraicer_ui': AMENT_PREFIX_PATH=/home/lbarnett/ros2_ws/src/rcraicer/install/rcraicer_msgs:${AMENT_PREFIX_PATH} CMAKE_PREFIX_PATH=/home/lbarnett/ros2_ws/src/rcraicer/install/rcraicer_msgs:${CMAKE_PREFIX_PATH} LD_LIBRARY_PATH=/home/lbarnett/ros2_ws/src/rcraicer/install/rcraicer_msgs/lib:${LD_LIBRARY_PATH} PYTHONPATH=/home/lbarnett/ros2_ws/src/rcraicer/install/rcraicer_ui/lib/python3.8/site-packages:/home/lbarnett/ros2_ws/src/rcraicer/install/rcraicer_msgs/lib/python3.8/site-packages:${PYTHONPATH} /usr/bin/python3 setup.py egg_info --egg-base ../build/rcraicer_ui build --build-base /home/lbarnett/ros2_ws/src/rcraicer/build/rcraicer_ui/build install --prefix /home/lbarnett/ros2_ws/src/rcraicer/install/rcraicer_ui --record /home/lbarnett/ros2_ws/src/rcraicer/build/rcraicer_ui/install.log --single-version-externally-managed
[4.622s] running egg_info
[4.622s] creating ../build/rcraicer_ui/rcraicer_ui.egg-info
[4.622s] writing ../build/rcraicer_ui/rcraicer_ui.egg-info/PKG-INFO
[4.622s] writing dependency_links to ../build/rcraicer_ui/rcraicer_ui.egg-info/dependency_links.txt
[4.622s] writing entry points to ../build/rcraicer_ui/rcraicer_ui.egg-info/entry_points.txt
[4.622s] writing requirements to ../build/rcraicer_ui/rcraicer_ui.egg-info/requires.txt
[4.622s] writing top-level names to ../build/rcraicer_ui/rcraicer_ui.egg-info/top_level.txt
[4.622s] writing manifest file '../build/rcraicer_ui/rcraicer_ui.egg-info/SOURCES.txt'
[4.623s] reading manifest file '../build/rcraicer_ui/rcraicer_ui.egg-info/SOURCES.txt'
[4.623s] writing manifest file '../build/rcraicer_ui/rcraicer_ui.egg-info/SOURCES.txt'
[4.623s] running build
[4.623s] running build_py
[4.623s] creating /home/lbarnett/ros2_ws/src/rcraicer/build/rcraicer_ui/build
[4.623s] creating /home/lbarnett/ros2_ws/src/rcraicer/build/rcraicer_ui/build/lib
[4.623s] creating /home/lbarnett/ros2_ws/src/rcraicer/build/rcraicer_ui/build/lib/rcraicer_ui
[4.623s] copying rcraicer_ui/rcraicer_ui.py -> /home/lbarnett/ros2_ws/src/rcraicer/build/rcraicer_ui/build/lib/rcraicer_ui
[4.623s] copying rcraicer_ui/gps.py -> /home/lbarnett/ros2_ws/src/rcraicer/build/rcraicer_ui/build/lib/rcraicer_ui
[4.624s] copying rcraicer_ui/__init__.py -> /home/lbarnett/ros2_ws/src/rcraicer/build/rcraicer_ui/build/lib/rcraicer_ui
[4.624s] running install
[4.624s] running install_lib
[4.624s] creating /home/lbarnett/ros2_ws/src/rcraicer/install/rcraicer_ui/lib/python3.8/site-packages/rcraicer_ui
[4.624s] copying /home/lbarnett/ros2_ws/src/rcraicer/build/rcraicer_ui/build/lib/rcraicer_ui/rcraicer_ui.py -> /home/lbarnett/ros2_ws/src/rcraicer/install/rcraicer_ui/lib/python3.8/site-packages/rcraicer_ui
[4.624s] copying /home/lbarnett/ros2_ws/src/rcraicer/build/rcraicer_ui/build/lib/rcraicer_ui/gps.py -> /home/lbarnett/ros2_ws/src/rcraicer/install/rcraicer_ui/lib/python3.8/site-packages/rcraicer_ui
[4.624s] copying /home/lbarnett/ros2_ws/src/rcraicer/build/rcraicer_ui/build/lib/rcraicer_ui/__init__.py -> /home/lbarnett/ros2_ws/src/rcraicer/install/rcraicer_ui/lib/python3.8/site-packages/rcraicer_ui
[4.624s] byte-compiling /home/lbarnett/ros2_ws/src/rcraicer/install/rcraicer_ui/lib/python3.8/site-packages/rcraicer_ui/rcraicer_ui.py to rcraicer_ui.cpython-38.pyc
[4.625s] byte-compiling /home/lbarnett/ros2_ws/src/rcraicer/install/rcraicer_ui/lib/python3.8/site-packages/rcraicer_ui/gps.py to gps.cpython-38.pyc
[4.625s] byte-compiling /home/lbarnett/ros2_ws/src/rcraicer/install/rcraicer_ui/lib/python3.8/site-packages/rcraicer_ui/__init__.py to __init__.cpython-38.pyc
[4.625s] running install_data
[4.625s] creating /home/lbarnett/ros2_ws/src/rcraicer/install/rcraicer_ui/share/ament_index
[4.625s] creating /home/lbarnett/ros2_ws/src/rcraicer/install/rcraicer_ui/share/ament_index/resource_index
[4.625s] creating /home/lbarnett/ros2_ws/src/rcraicer/install/rcraicer_ui/share/ament_index/resource_index/packages
[4.625s] copying resource/rcraicer_ui -> /home/lbarnett/ros2_ws/src/rcraicer/install/rcraicer_ui/share/ament_index/resource_index/packages
[4.625s] copying package.xml -> /home/lbarnett/ros2_ws/src/rcraicer/install/rcraicer_ui/share/rcraicer_ui
[4.626s] running install_egg_info
[4.626s] Copying ../build/rcraicer_ui/rcraicer_ui.egg-info to /home/lbarnett/ros2_ws/src/rcraicer/install/rcraicer_ui/lib/python3.8/site-packages/rcraicer_ui-0.0.0-py3.8.egg-info
[4.626s] running install_scripts
[4.626s] Installing rcraicer_ui script to /home/lbarnett/ros2_ws/src/rcraicer/install/rcraicer_ui/lib/rcraicer_ui
[4.626s] writing list of installed files to '/home/lbarnett/ros2_ws/src/rcraicer/build/rcraicer_ui/install.log'
[4.653s] Invoked command in '/home/lbarnett/ros2_ws/src/rcraicer/rcraicer_ui' returned '0': AMENT_PREFIX_PATH=/home/lbarnett/ros2_ws/src/rcraicer/install/rcraicer_msgs:${AMENT_PREFIX_PATH} CMAKE_PREFIX_PATH=/home/lbarnett/ros2_ws/src/rcraicer/install/rcraicer_msgs:${CMAKE_PREFIX_PATH} LD_LIBRARY_PATH=/home/lbarnett/ros2_ws/src/rcraicer/install/rcraicer_msgs/lib:${LD_LIBRARY_PATH} PYTHONPATH=/home/lbarnett/ros2_ws/src/rcraicer/install/rcraicer_ui/lib/python3.8/site-packages:/home/lbarnett/ros2_ws/src/rcraicer/install/rcraicer_msgs/lib/python3.8/site-packages:${PYTHONPATH} /usr/bin/python3 setup.py egg_info --egg-base ../build/rcraicer_ui build --build-base /home/lbarnett/ros2_ws/src/rcraicer/build/rcraicer_ui/build install --prefix /home/lbarnett/ros2_ws/src/rcraicer/install/rcraicer_ui --record /home/lbarnett/ros2_ws/src/rcraicer/build/rcraicer_ui/install.log --single-version-externally-managed
