-- The C compiler identification is GNU 9.3.0
-- The CXX compiler identification is GNU 9.3.0
-- Check for working C compiler: /usr/bin/cc
-- Check for working C compiler: /usr/bin/cc -- works
-- Detecting C compiler ABI info
-- Detecting C compiler ABI info - done
-- Detecting C compile features
-- Detecting C compile features - done
-- Check for working CXX compiler: /usr/bin/c++
-- Check for working CXX compiler: /usr/bin/c++ -- works
-- Detecting CXX compiler ABI info
-- Detecting CXX compiler ABI info - done
-- Detecting CXX compile features
-- Detecting CXX compile features - done
-- Found ament_cmake: 0.9.9 (/opt/ros/foxy/share/ament_cmake/cmake)
-- Found PythonInterp: /usr/bin/python3 (found suitable version "3.8.10", minimum required is "3") 
-- Using PYTHON_EXECUTABLE: /usr/bin/python3
-- Found rclcpp: 2.4.0 (/opt/ros/foxy/share/rclcpp/cmake)
-- Using all available rosidl_typesupport_c: rosidl_typesupport_fastrtps_c;rosidl_typesupport_introspection_c
-- Found rosidl_adapter: 1.2.1 (/opt/ros/foxy/share/rosidl_adapter/cmake)
-- Found OpenSSL: /usr/lib/x86_64-linux-gnu/libcrypto.so (found version "1.1.1f")  
-- Found FastRTPS: /opt/ros/foxy/include  
-- Using all available rosidl_typesupport_cpp: rosidl_typesupport_fastrtps_cpp;rosidl_typesupport_introspection_cpp
-- Found rmw_implementation_cmake: 1.0.3 (/opt/ros/foxy/share/rmw_implementation_cmake/cmake)
-- Using RMW implementation 'rmw_cyclonedds_cpp' as default
-- Looking for pthread.h
-- Looking for pthread.h - found
-- Performing Test CMAKE_HAVE_LIBC_PTHREAD
-- Performing Test CMAKE_HAVE_LIBC_PTHREAD - Failed
-- Looking for pthread_create in pthreads
-- Looking for pthread_create in pthreads - not found
-- Looking for pthread_create in pthread
-- Looking for pthread_create in pthread - found
-- Found Threads: TRUE  
-- Found sensor_msgs: 2.0.4 (/opt/ros/foxy/share/sensor_msgs/cmake)
-- Found tf2: 0.13.12 (/opt/ros/foxy/share/tf2/cmake)
-- Found tf2_eigen: 0.13.12 (/opt/ros/foxy/share/tf2_eigen/cmake)
-- Found nav_msgs: 2.0.4 (/opt/ros/foxy/share/nav_msgs/cmake)
-- Found visualization_msgs: 2.0.4 (/opt/ros/foxy/share/visualization_msgs/cmake)
-- Found rcraicer_msgs: 0.0.0 (/home/lbarnett/ros2_ws/src/rcraicer/install/rcraicer_msgs/share/rcraicer_msgs/cmake)
-- Found Eigen3: TRUE (found version "3.3.90") 
-- Reading /usr/local/lib/cmake/GeographicLib/geographiclib-config.cmake
-- GeographicLib configuration, version 1.49
--   ${GeographicLib_LIBRARIES} set to shared library
-- Found Boost: /usr/lib/x86_64-linux-gnu/cmake/Boost-1.71.0/BoostConfig.cmake (found suitable version "1.71.0", minimum required is "1.43") found components: serialization system filesystem thread program_options date_time timer chrono regex 
-- GTSAM include directory:  /usr/local/lib/cmake/GTSAM/../../../include
-- Found ament_lint_auto: 0.9.6 (/opt/ros/foxy/share/ament_lint_auto/cmake)
-- Added test 'copyright' to check source files copyright and LICENSE
-- Added test 'cppcheck' to perform static code analysis on C / C++ code
-- Configured cppcheck include dirs: 
-- Configured cppcheck exclude dirs and/or files: 
-- Added test 'cpplint' to check C / C++ code against the Google style
-- Configured cpplint exclude dirs and/or files: 
-- Added test 'flake8' to check Python code syntax and style conventions
-- Added test 'lint_cmake' to check CMake code style
-- Added test 'pep257' to check Python code against some of the style conventions in PEP 257
-- Added test 'uncrustify' to check C / C++ code style
-- Configured uncrustify additional arguments: 
-- Added test 'xmllint' to check XML markup files
-- Configuring done
-- Generating done
-- Build files have been written to: /home/lbarnett/ros2_ws/src/rcraicer/build/rcraicer
[35m[1mScanning dependencies of target wheel_odometry[0m
[35m[1mScanning dependencies of target state_estimator[0m
[35m[1mScanning dependencies of target arduino_controller[0m
[35m[1mScanning dependencies of target imu_mavlink[0m
[ 10%] [32mBuilding CXX object CMakeFiles/wheel_odometry.dir/src/wheel_odometry.cpp.o[0m
[ 20%] [32mBuilding CXX object CMakeFiles/arduino_controller.dir/src/arduino_controller.cpp.o[0m
[ 30%] [32mBuilding CXX object CMakeFiles/state_estimator.dir/src/state_estimator.cpp.o[0m
[ 40%] [32mBuilding CXX object CMakeFiles/arduino_controller.dir/src/serial_port.cpp.o[0m
[ 50%] [32mBuilding CXX object CMakeFiles/imu_mavlink.dir/src/imu_mavlink.cpp.o[0m
[ 60%] [32mBuilding CXX object CMakeFiles/imu_mavlink.dir/src/mavlink_serial_port.cpp.o[0m
[ 70%] [32m[1mLinking CXX executable imu_mavlink[0m
[ 70%] Built target imu_mavlink
[ 80%] [32m[1mLinking CXX executable wheel_odometry[0m
[ 80%] Built target wheel_odometry
[ 90%] [32m[1mLinking CXX executable arduino_controller[0m
[ 90%] Built target arduino_controller
[100%] [32m[1mLinking CXX executable state_estimator[0m
[100%] Built target state_estimator
-- Install configuration: "RelWithDebInfo"
-- Installing: /home/lbarnett/ros2_ws/src/rcraicer/install/rcraicer/lib/rcraicer/imu_mavlink
-- Set runtime path of "/home/lbarnett/ros2_ws/src/rcraicer/install/rcraicer/lib/rcraicer/imu_mavlink" to ""
-- Installing: /home/lbarnett/ros2_ws/src/rcraicer/install/rcraicer/lib/rcraicer/arduino_controller
-- Set runtime path of "/home/lbarnett/ros2_ws/src/rcraicer/install/rcraicer/lib/rcraicer/arduino_controller" to ""
-- Installing: /home/lbarnett/ros2_ws/src/rcraicer/install/rcraicer/lib/rcraicer/wheel_odometry
-- Set runtime path of "/home/lbarnett/ros2_ws/src/rcraicer/install/rcraicer/lib/rcraicer/wheel_odometry" to ""
-- Installing: /home/lbarnett/ros2_ws/src/rcraicer/install/rcraicer/lib/rcraicer/state_estimator
-- Set runtime path of "/home/lbarnett/ros2_ws/src/rcraicer/install/rcraicer/lib/rcraicer/state_estimator" to ""
-- Installing: /home/lbarnett/ros2_ws/src/rcraicer/install/rcraicer/share/rcraicer//launch
-- Installing: /home/lbarnett/ros2_ws/src/rcraicer/install/rcraicer/share/rcraicer//launch/odom.txt
-- Installing: /home/lbarnett/ros2_ws/src/rcraicer/install/rcraicer/share/rcraicer//launch/gps_launch.py
-- Installing: /home/lbarnett/ros2_ws/src/rcraicer/install/rcraicer/share/rcraicer//launch/odom_launch.py
-- Installing: /home/lbarnett/ros2_ws/src/rcraicer/install/rcraicer/share/rcraicer//launch/odom2.txt
-- Installing: /home/lbarnett/ros2_ws/src/rcraicer/install/rcraicer/share/rcraicer//launch/onboard_launch.py
-- Installing: /home/lbarnett/ros2_ws/src/rcraicer/install/rcraicer/share/rcraicer//launch/test_launch copy 2.py
-- Installing: /home/lbarnett/ros2_ws/src/rcraicer/install/rcraicer/share/rcraicer//launch/sim_launch.py
-- Installing: /home/lbarnett/ros2_ws/src/rcraicer/install/rcraicer/share/rcraicer//launch/__pycache__
-- Installing: /home/lbarnett/ros2_ws/src/rcraicer/install/rcraicer/share/rcraicer//launch/__pycache__/offboard_launch.cpython-38.pyc
-- Installing: /home/lbarnett/ros2_ws/src/rcraicer/install/rcraicer/share/rcraicer//launch/__pycache__/test_launch.cpython-38.pyc
-- Installing: /home/lbarnett/ros2_ws/src/rcraicer/install/rcraicer/share/rcraicer//launch/__pycache__/sim_launch_basic.cpython-38.pyc
-- Installing: /home/lbarnett/ros2_ws/src/rcraicer/install/rcraicer/share/rcraicer//launch/tf_launch.py
-- Installing: /home/lbarnett/ros2_ws/src/rcraicer/install/rcraicer/share/rcraicer//launch/mapviz_launch.py
-- Installing: /home/lbarnett/ros2_ws/src/rcraicer/install/rcraicer/share/rcraicer//launch/offboard_launch.py
-- Installing: /home/lbarnett/ros2_ws/src/rcraicer/install/rcraicer/share/rcraicer//launch/sim_launch_basic.py
-- Installing: /home/lbarnett/ros2_ws/src/rcraicer/install/rcraicer/share/rcraicer//launch/odom.ods
-- Installing: /home/lbarnett/ros2_ws/src/rcraicer/install/rcraicer/share/ament_index/resource_index/package_run_dependencies/rcraicer
-- Installing: /home/lbarnett/ros2_ws/src/rcraicer/install/rcraicer/share/ament_index/resource_index/parent_prefix_path/rcraicer
-- Installing: /home/lbarnett/ros2_ws/src/rcraicer/install/rcraicer/share/rcraicer/environment/ament_prefix_path.sh
-- Installing: /home/lbarnett/ros2_ws/src/rcraicer/install/rcraicer/share/rcraicer/environment/ament_prefix_path.dsv
-- Installing: /home/lbarnett/ros2_ws/src/rcraicer/install/rcraicer/share/rcraicer/environment/path.sh
-- Installing: /home/lbarnett/ros2_ws/src/rcraicer/install/rcraicer/share/rcraicer/environment/path.dsv
-- Installing: /home/lbarnett/ros2_ws/src/rcraicer/install/rcraicer/share/rcraicer/local_setup.bash
-- Installing: /home/lbarnett/ros2_ws/src/rcraicer/install/rcraicer/share/rcraicer/local_setup.sh
-- Installing: /home/lbarnett/ros2_ws/src/rcraicer/install/rcraicer/share/rcraicer/local_setup.zsh
-- Installing: /home/lbarnett/ros2_ws/src/rcraicer/install/rcraicer/share/rcraicer/local_setup.dsv
-- Installing: /home/lbarnett/ros2_ws/src/rcraicer/install/rcraicer/share/rcraicer/package.dsv
-- Installing: /home/lbarnett/ros2_ws/src/rcraicer/install/rcraicer/share/ament_index/resource_index/packages/rcraicer
-- Installing: /home/lbarnett/ros2_ws/src/rcraicer/install/rcraicer/share/rcraicer/cmake/rcraicerConfig.cmake
-- Installing: /home/lbarnett/ros2_ws/src/rcraicer/install/rcraicer/share/rcraicer/cmake/rcraicerConfig-version.cmake
-- Installing: /home/lbarnett/ros2_ws/src/rcraicer/install/rcraicer/share/rcraicer/package.xml
