[0.109s] Invoking command in '/home/lbarnett/ros2_ws/src/rcraicer/build/rcraicer': AMENT_PREFIX_PATH=/home/lbarnett/ros2_ws/src/rcraicer/install/rcraicer_msgs:${AMENT_PREFIX_PATH} CMAKE_PREFIX_PATH=/home/lbarnett/ros2_ws/src/rcraicer/install/rcraicer_msgs:/home/lbarnett/ros2_ws/install/rviz_satellite:/home/lbarnett/ros2_ws/install/robot_localization:/home/lbarnett/ros2_ws/install/rcraicer_sim:/home/lbarnett/ros2_ws/install/rcraicer_mapping:/home/lbarnett/ros2_ws/install/rcraicer_gps:/home/lbarnett/ros2_ws/install/rcraicer_description:/home/lbarnett/ros2_ws/install/rcraicer:/home/lbarnett/ros2_ws/install/rcraicer_msgs:/home/lbarnett/ros2_ws/install/rcraicer_mppi_test:/home/lbarnett/ros2_ws/install/rcraicer_mppi:/home/lbarnett/ros2_ws/install/rcraicer_imu:/home/lbarnett/ros2_ws/install/mavros:/home/lbarnett/ros2_ws/install/mavros_msgs:/home/lbarnett/ros2_ws/install/libmavconn:/home/lbarnett/ros2_ws/install/kalman_filter_localization:/home/lbarnett/ros2_ws/install/rcraicer_utils:/home/lbarnett/ros2_ws/install/rcraicer_ui:/opt/ros/foxy LD_LIBRARY_PATH=/home/lbarnett/ros2_ws/src/rcraicer/install/rcraicer_msgs/lib:${LD_LIBRARY_PATH} PYTHONPATH=/home/lbarnett/ros2_ws/src/rcraicer/install/rcraicer_msgs/lib/python3.8/site-packages:${PYTHONPATH} /usr/bin/cmake /home/lbarnett/ros2_ws/src/rcraicer/rcraicer -DCMAKE_BUILD_TYPE=RelWithDebInfo -DCMAKE_INSTALL_PREFIX=/home/lbarnett/ros2_ws/src/rcraicer/install/rcraicer
[0.250s] -- The C compiler identification is GNU 9.3.0
[0.423s] -- The CXX compiler identification is GNU 9.3.0
[0.432s] -- Check for working C compiler: /usr/bin/cc
[0.573s] -- Check for working C compiler: /usr/bin/cc -- works
[0.575s] -- Detecting C compiler ABI info
[0.716s] -- Detecting C compiler ABI info - done
[0.740s] -- Detecting C compile features
[0.740s] -- Detecting C compile features - done
[0.744s] -- Check for working CXX compiler: /usr/bin/c++
[0.891s] -- Check for working CXX compiler: /usr/bin/c++ -- works
[0.893s] -- Detecting CXX compiler ABI info
[1.090s] -- Detecting CXX compiler ABI info - done
[1.111s] -- Detecting CXX compile features
[1.112s] -- Detecting CXX compile features - done
[1.118s] -- Found ament_cmake: 0.9.9 (/opt/ros/foxy/share/ament_cmake/cmake)
[1.189s] -- Found PythonInterp: /usr/bin/python3 (found suitable version "3.8.10", minimum required is "3") 
[1.189s] -- Using PYTHON_EXECUTABLE: /usr/bin/python3
[1.639s] -- Found rclcpp: 2.4.0 (/opt/ros/foxy/share/rclcpp/cmake)
[1.729s] -- Using all available rosidl_typesupport_c: rosidl_typesupport_fastrtps_c;rosidl_typesupport_introspection_c
[1.746s] -- Found rosidl_adapter: 1.2.1 (/opt/ros/foxy/share/rosidl_adapter/cmake)
[1.955s] -- Found OpenSSL: /usr/lib/x86_64-linux-gnu/libcrypto.so (found version "1.1.1f")  
[2.013s] -- Found FastRTPS: /opt/ros/foxy/include  
[2.173s] -- Using all available rosidl_typesupport_cpp: rosidl_typesupport_fastrtps_cpp;rosidl_typesupport_introspection_cpp
[2.313s] -- Found rmw_implementation_cmake: 1.0.3 (/opt/ros/foxy/share/rmw_implementation_cmake/cmake)
[2.317s] -- Using RMW implementation 'rmw_cyclonedds_cpp' as default
[2.318s] -- Looking for pthread.h
[2.457s] -- Looking for pthread.h - found
[2.457s] -- Performing Test CMAKE_HAVE_LIBC_PTHREAD
[2.605s] -- Performing Test CMAKE_HAVE_LIBC_PTHREAD - Failed
[2.605s] -- Looking for pthread_create in pthreads
[2.716s] -- Looking for pthread_create in pthreads - not found
[2.716s] -- Looking for pthread_create in pthread
[2.835s] -- Looking for pthread_create in pthread - found
[2.836s] -- Found Threads: TRUE  
[3.249s] -- Found sensor_msgs: 2.0.4 (/opt/ros/foxy/share/sensor_msgs/cmake)
[3.635s] -- Found tf2: 0.13.12 (/opt/ros/foxy/share/tf2/cmake)
[3.656s] -- Found tf2_eigen: 0.13.12 (/opt/ros/foxy/share/tf2_eigen/cmake)
[4.555s] -- Found nav_msgs: 2.0.4 (/opt/ros/foxy/share/nav_msgs/cmake)
[4.741s] -- Found visualization_msgs: 2.0.4 (/opt/ros/foxy/share/visualization_msgs/cmake)
[4.935s] -- Found rcraicer_msgs: 0.0.0 (/home/lbarnett/ros2_ws/src/rcraicer/install/rcraicer_msgs/share/rcraicer_msgs/cmake)
[5.090s] -- Found Eigen3: TRUE (found version "3.3.90") 
[5.120s] -- Reading /usr/local/lib/cmake/GeographicLib/geographiclib-config.cmake
[5.120s] -- GeographicLib configuration, version 1.49
[5.132s] --   ${GeographicLib_LIBRARIES} set to shared library
[5.371s] -- Found Boost: /usr/lib/x86_64-linux-gnu/cmake/Boost-1.71.0/BoostConfig.cmake (found suitable version "1.71.0", minimum required is "1.43") found components: serialization system filesystem thread program_options date_time timer chrono regex 
[5.382s] -- GTSAM include directory:  /usr/local/lib/cmake/GTSAM/../../../include
[5.464s] -- Found ament_lint_auto: 0.9.6 (/opt/ros/foxy/share/ament_lint_auto/cmake)
[5.744s] -- Added test 'copyright' to check source files copyright and LICENSE
[5.790s] -- Added test 'cppcheck' to perform static code analysis on C / C++ code
[5.793s] -- Configured cppcheck include dirs: 
[5.793s] -- Configured cppcheck exclude dirs and/or files: 
[5.875s] -- Added test 'cpplint' to check C / C++ code against the Google style
[5.875s] -- Configured cpplint exclude dirs and/or files: 
[5.888s] -- Added test 'flake8' to check Python code syntax and style conventions
[5.903s] -- Added test 'lint_cmake' to check CMake code style
[5.942s] -- Added test 'pep257' to check Python code against some of the style conventions in PEP 257
[5.999s] -- Added test 'uncrustify' to check C / C++ code style
[5.999s] -- Configured uncrustify additional arguments: 
[6.026s] -- Added test 'xmllint' to check XML markup files
[6.040s] -- Configuring done
[6.235s] -- Generating done
[6.238s] -- Build files have been written to: /home/lbarnett/ros2_ws/src/rcraicer/build/rcraicer
[6.267s] Invoked command in '/home/lbarnett/ros2_ws/src/rcraicer/build/rcraicer' returned '0': AMENT_PREFIX_PATH=/home/lbarnett/ros2_ws/src/rcraicer/install/rcraicer_msgs:${AMENT_PREFIX_PATH} CMAKE_PREFIX_PATH=/home/lbarnett/ros2_ws/src/rcraicer/install/rcraicer_msgs:/home/lbarnett/ros2_ws/install/rviz_satellite:/home/lbarnett/ros2_ws/install/robot_localization:/home/lbarnett/ros2_ws/install/rcraicer_sim:/home/lbarnett/ros2_ws/install/rcraicer_mapping:/home/lbarnett/ros2_ws/install/rcraicer_gps:/home/lbarnett/ros2_ws/install/rcraicer_description:/home/lbarnett/ros2_ws/install/rcraicer:/home/lbarnett/ros2_ws/install/rcraicer_msgs:/home/lbarnett/ros2_ws/install/rcraicer_mppi_test:/home/lbarnett/ros2_ws/install/rcraicer_mppi:/home/lbarnett/ros2_ws/install/rcraicer_imu:/home/lbarnett/ros2_ws/install/mavros:/home/lbarnett/ros2_ws/install/mavros_msgs:/home/lbarnett/ros2_ws/install/libmavconn:/home/lbarnett/ros2_ws/install/kalman_filter_localization:/home/lbarnett/ros2_ws/install/rcraicer_utils:/home/lbarnett/ros2_ws/install/rcraicer_ui:/opt/ros/foxy LD_LIBRARY_PATH=/home/lbarnett/ros2_ws/src/rcraicer/install/rcraicer_msgs/lib:${LD_LIBRARY_PATH} PYTHONPATH=/home/lbarnett/ros2_ws/src/rcraicer/install/rcraicer_msgs/lib/python3.8/site-packages:${PYTHONPATH} /usr/bin/cmake /home/lbarnett/ros2_ws/src/rcraicer/rcraicer -DCMAKE_BUILD_TYPE=RelWithDebInfo -DCMAKE_INSTALL_PREFIX=/home/lbarnett/ros2_ws/src/rcraicer/install/rcraicer
[6.268s] Invoking command in '/home/lbarnett/ros2_ws/src/rcraicer/build/rcraicer': AMENT_PREFIX_PATH=/home/lbarnett/ros2_ws/src/rcraicer/install/rcraicer_msgs:${AMENT_PREFIX_PATH} CMAKE_PREFIX_PATH=/home/lbarnett/ros2_ws/src/rcraicer/install/rcraicer_msgs:/home/lbarnett/ros2_ws/install/rviz_satellite:/home/lbarnett/ros2_ws/install/robot_localization:/home/lbarnett/ros2_ws/install/rcraicer_sim:/home/lbarnett/ros2_ws/install/rcraicer_mapping:/home/lbarnett/ros2_ws/install/rcraicer_gps:/home/lbarnett/ros2_ws/install/rcraicer_description:/home/lbarnett/ros2_ws/install/rcraicer:/home/lbarnett/ros2_ws/install/rcraicer_msgs:/home/lbarnett/ros2_ws/install/rcraicer_mppi_test:/home/lbarnett/ros2_ws/install/rcraicer_mppi:/home/lbarnett/ros2_ws/install/rcraicer_imu:/home/lbarnett/ros2_ws/install/mavros:/home/lbarnett/ros2_ws/install/mavros_msgs:/home/lbarnett/ros2_ws/install/libmavconn:/home/lbarnett/ros2_ws/install/kalman_filter_localization:/home/lbarnett/ros2_ws/install/rcraicer_utils:/home/lbarnett/ros2_ws/install/rcraicer_ui:/opt/ros/foxy LD_LIBRARY_PATH=/home/lbarnett/ros2_ws/src/rcraicer/install/rcraicer_msgs/lib:${LD_LIBRARY_PATH} PYTHONPATH=/home/lbarnett/ros2_ws/src/rcraicer/install/rcraicer_msgs/lib/python3.8/site-packages:${PYTHONPATH} /usr/bin/cmake --build /home/lbarnett/ros2_ws/src/rcraicer/build/rcraicer -- -j8 -l8
[16.963s] [35m[1mScanning dependencies of target wheel_odometry[0m
[16.963s] [35m[1mScanning dependencies of target state_estimator[0m
[16.963s] [35m[1mScanning dependencies of target arduino_controller[0m
[16.963s] [35m[1mScanning dependencies of target imu_mavlink[0m
[16.963s] [ 10%] [32mBuilding CXX object CMakeFiles/wheel_odometry.dir/src/wheel_odometry.cpp.o[0m
[16.963s] [ 20%] [32mBuilding CXX object CMakeFiles/arduino_controller.dir/src/arduino_controller.cpp.o[0m
[16.963s] [ 30%] [32mBuilding CXX object CMakeFiles/state_estimator.dir/src/state_estimator.cpp.o[0m
[16.963s] [ 40%] [32mBuilding CXX object CMakeFiles/arduino_controller.dir/src/serial_port.cpp.o[0m
[16.964s] [ 50%] [32mBuilding CXX object CMakeFiles/imu_mavlink.dir/src/imu_mavlink.cpp.o[0m
[16.964s] [ 60%] [32mBuilding CXX object CMakeFiles/imu_mavlink.dir/src/mavlink_serial_port.cpp.o[0m
[16.969s] In file included from [01m[K/home/lbarnett/ros2_ws/src/rcraicer/rcraicer/src/../include/rcraicer/../mavlink/common/common.h:2311[m[K,
[16.969s]                  from [01m[K/home/lbarnett/ros2_ws/src/rcraicer/rcraicer/src/../include/rcraicer/../mavlink/common/mavlink.h:32[m[K,
[16.970s]                  from [01m[K/home/lbarnett/ros2_ws/src/rcraicer/rcraicer/src/../include/rcraicer/mavlink_serial_port.h:9[m[K,
[16.970s]                  from [01m[K/home/lbarnett/ros2_ws/src/rcraicer/rcraicer/src/mavlink_serial_port.cpp:1[m[K:
[16.970s] [01m[K/home/lbarnett/ros2_ws/src/rcraicer/rcraicer/src/../include/rcraicer/../mavlink/common/./mavlink_msg_distance_sensor.h:[m[K In function ‘[01m[Kuint16_t mavlink_msg_distance_sensor_encode(uint8_t, uint8_t, mavlink_message_t*, const mavlink_distance_sensor_t*)[m[K’:
[16.970s] [01m[K/home/lbarnett/ros2_ws/src/rcraicer/rcraicer/src/../include/rcraicer/../mavlink/common/./mavlink_msg_distance_sensor.h:200:387:[m[K [01;35m[Kwarning: [m[Ktaking address of packed member of ‘[01m[K__mavlink_distance_sensor_t[m[K’ may result in an unaligned pointer value [[01;35m[K-Waddress-of-packed-member[m[K]
[16.970s]   200 |     return mavlink_msg_distance_sensor_pack(system_id, component_id, msg, distance_sensor->time_boot_ms, distance_sensor->min_distance, distance_sensor->max_distance, distance_sensor->current_distance, distance_sensor->type, distance_sensor->id, distance_sensor->orientation, distance_sensor->covariance, distance_sensor->horizontal_fov, distance_sensor->vertical_fov, [01;35m[Kdistance_sensor->quaternion[m[K, distance_sensor->signal_quality);
[16.970s]       |                                                                                                                                                                                                                                                                                                                                                                                  [01;35m[K~~~~~~~~~~~~~~~~~^~~~~~~~~~[m[K
[16.970s] [01m[K/home/lbarnett/ros2_ws/src/rcraicer/rcraicer/src/../include/rcraicer/../mavlink/common/./mavlink_msg_distance_sensor.h:[m[K In function ‘[01m[Kuint16_t mavlink_msg_distance_sensor_encode_chan(uint8_t, uint8_t, uint8_t, mavlink_message_t*, const mavlink_distance_sensor_t*)[m[K’:
[16.970s] [01m[K/home/lbarnett/ros2_ws/src/rcraicer/rcraicer/src/../include/rcraicer/../mavlink/common/./mavlink_msg_distance_sensor.h:214:398:[m[K [01;35m[Kwarning: [m[Ktaking address of packed member of ‘[01m[K__mavlink_distance_sensor_t[m[K’ may result in an unaligned pointer value [[01;35m[K-Waddress-of-packed-member[m[K]
[16.970s]   214 |     return mavlink_msg_distance_sensor_pack_chan(system_id, component_id, chan, msg, distance_sensor->time_boot_ms, distance_sensor->min_distance, distance_sensor->max_distance, distance_sensor->current_distance, distance_sensor->type, distance_sensor->id, distance_sensor->orientation, distance_sensor->covariance, distance_sensor->horizontal_fov, distance_sensor->vertical_fov, [01;35m[Kdistance_sensor->quaternion[m[K, distance_sensor->signal_quality);
[16.971s]       |                                                                                                                                                                                                                                                                                                                                                                                             [01;35m[K~~~~~~~~~~~~~~~~~^~~~~~~~~~[m[K
[16.971s] In file included from [01m[K/home/lbarnett/ros2_ws/src/rcraicer/rcraicer/src/../include/rcraicer/../mavlink/common/common.h:2325[m[K,
[16.971s]                  from [01m[K/home/lbarnett/ros2_ws/src/rcraicer/rcraicer/src/../include/rcraicer/../mavlink/common/mavlink.h:32[m[K,
[16.971s]                  from [01m[K/home/lbarnett/ros2_ws/src/rcraicer/rcraicer/src/../include/rcraicer/mavlink_serial_port.h:9[m[K,
[16.971s]                  from [01m[K/home/lbarnett/ros2_ws/src/rcraicer/rcraicer/src/mavlink_serial_port.cpp:1[m[K:
[16.972s] [01m[K/home/lbarnett/ros2_ws/src/rcraicer/rcraicer/src/../include/rcraicer/../mavlink/common/./mavlink_msg_battery_status.h:[m[K In function ‘[01m[Kuint16_t mavlink_msg_battery_status_encode(uint8_t, uint8_t, mavlink_message_t*, const mavlink_battery_status_t*)[m[K’:
[16.973s] [01m[K/home/lbarnett/ros2_ws/src/rcraicer/rcraicer/src/../include/rcraicer/../mavlink/common/./mavlink_msg_battery_status.h:219:195:[m[K [01;35m[Kwarning: [m[Ktaking address of packed member of ‘[01m[K__mavlink_battery_status_t[m[K’ may result in an unaligned pointer value [[01;35m[K-Waddress-of-packed-member[m[K]
[16.973s]   219 |     return mavlink_msg_battery_status_pack(system_id, component_id, msg, battery_status->id, battery_status->battery_function, battery_status->type, battery_status->temperature, [01;35m[Kbattery_status->voltages[m[K, battery_status->current_battery, battery_status->current_consumed, battery_status->energy_consumed, battery_status->battery_remaining, battery_status->time_remaining, battery_status->charge_state, battery_status->voltages_ext, battery_status->mode, battery_status->fault_bitmask);
[16.973s]       |                                                                                                                                                                                   [01;35m[K~~~~~~~~~~~~~~~~^~~~~~~~[m[K
[16.973s] [01m[K/home/lbarnett/ros2_ws/src/rcraicer/rcraicer/src/../include/rcraicer/../mavlink/common/./mavlink_msg_battery_status.h:219:418:[m[K [01;35m[Kwarning: [m[Ktaking address of packed member of ‘[01m[K__mavlink_battery_status_t[m[K’ may result in an unaligned pointer value [[01;35m[K-Waddress-of-packed-member[m[K]
[16.973s]   219 |     return mavlink_msg_battery_status_pack(system_id, component_id, msg, battery_status->id, battery_status->battery_function, battery_status->type, battery_status->temperature, battery_status->voltages, battery_status->current_battery, battery_status->current_consumed, battery_status->energy_consumed, battery_status->battery_remaining, battery_status->time_remaining, battery_status->charge_state, [01;35m[Kbattery_status->voltages_ext[m[K, battery_status->mode, battery_status->fault_bitmask);
[16.973s]       |                                                                                                                                                                                                                                                                                                                                                                                                                  [01;35m[K~~~~~~~~~~~~~~~~^~~~~~~~~~~~[m[K
[16.973s] [01m[K/home/lbarnett/ros2_ws/src/rcraicer/rcraicer/src/../include/rcraicer/../mavlink/common/./mavlink_msg_battery_status.h:[m[K In function ‘[01m[Kuint16_t mavlink_msg_battery_status_encode_chan(uint8_t, uint8_t, uint8_t, mavlink_message_t*, const mavlink_battery_status_t*)[m[K’:
[16.973s] [01m[K/home/lbarnett/ros2_ws/src/rcraicer/rcraicer/src/../include/rcraicer/../mavlink/common/./mavlink_msg_battery_status.h:233:206:[m[K [01;35m[Kwarning: [m[Ktaking address of packed member of ‘[01m[K__mavlink_battery_status_t[m[K’ may result in an unaligned pointer value [[01;35m[K-Waddress-of-packed-member[m[K]
[16.973s]   233 |     return mavlink_msg_battery_status_pack_chan(system_id, component_id, chan, msg, battery_status->id, battery_status->battery_function, battery_status->type, battery_status->temperature, [01;35m[Kbattery_status->voltages[m[K, battery_status->current_battery, battery_status->current_consumed, battery_status->energy_consumed, battery_status->battery_remaining, battery_status->time_remaining, battery_status->charge_state, battery_status->voltages_ext, battery_status->mode, battery_status->fault_bitmask);
[16.974s]       |                                                                                                                                                                                              [01;35m[K~~~~~~~~~~~~~~~~^~~~~~~~[m[K
[16.974s] [01m[K/home/lbarnett/ros2_ws/src/rcraicer/rcraicer/src/../include/rcraicer/../mavlink/common/./mavlink_msg_battery_status.h:233:429:[m[K [01;35m[Kwarning: [m[Ktaking address of packed member of ‘[01m[K__mavlink_battery_status_t[m[K’ may result in an unaligned pointer value [[01;35m[K-Waddress-of-packed-member[m[K]
[16.974s]   233 |     return mavlink_msg_battery_status_pack_chan(system_id, component_id, chan, msg, battery_status->id, battery_status->battery_function, battery_status->type, battery_status->temperature, battery_status->voltages, battery_status->current_battery, battery_status->current_consumed, battery_status->energy_consumed, battery_status->battery_remaining, battery_status->time_remaining, battery_status->charge_state, [01;35m[Kbattery_status->voltages_ext[m[K, battery_status->mode, battery_status->fault_bitmask);
[16.974s]       |                                                                                                                                                                                                                                                                                                                                                                                                                             [01;35m[K~~~~~~~~~~~~~~~~^~~~~~~~~~~~[m[K
[16.974s] In file included from [01m[K/home/lbarnett/ros2_ws/src/rcraicer/rcraicer/src/../include/rcraicer/../mavlink/common/common.h:2327[m[K,
[16.974s]                  from [01m[K/home/lbarnett/ros2_ws/src/rcraicer/rcraicer/src/../include/rcraicer/../mavlink/common/mavlink.h:32[m[K,
[16.974s]                  from [01m[K/home/lbarnett/ros2_ws/src/rcraicer/rcraicer/src/../include/rcraicer/mavlink_serial_port.h:9[m[K,
[16.974s]                  from [01m[K/home/lbarnett/ros2_ws/src/rcraicer/rcraicer/src/mavlink_serial_port.cpp:1[m[K:
[16.975s] [01m[K/home/lbarnett/ros2_ws/src/rcraicer/rcraicer/src/../include/rcraicer/../mavlink/common/./mavlink_msg_landing_target.h:[m[K In function ‘[01m[Kuint16_t mavlink_msg_landing_target_encode(uint8_t, uint8_t, mavlink_message_t*, const mavlink_landing_target_t*)[m[K’:
[16.975s] [01m[K/home/lbarnett/ros2_ws/src/rcraicer/rcraicer/src/../include/rcraicer/../mavlink/common/./mavlink_msg_landing_target.h:218:349:[m[K [01;35m[Kwarning: [m[Ktaking address of packed member of ‘[01m[K__mavlink_landing_target_t[m[K’ may result in an unaligned pointer value [[01;35m[K-Waddress-of-packed-member[m[K]
[16.975s]   218 |     return mavlink_msg_landing_target_pack(system_id, component_id, msg, landing_target->time_usec, landing_target->target_num, landing_target->frame, landing_target->angle_x, landing_target->angle_y, landing_target->distance, landing_target->size_x, landing_target->size_y, landing_target->x, landing_target->y, landing_target->z, [01;35m[Klanding_target->q[m[K, landing_target->type, landing_target->position_valid);
[16.975s]       |                                                                                                                                                                                                                                                                                                                                             [01;35m[K~~~~~~~~~~~~~~~~^[m[K
[16.975s] [01m[K/home/lbarnett/ros2_ws/src/rcraicer/rcraicer/src/../include/rcraicer/../mavlink/common/./mavlink_msg_landing_target.h:[m[K In function ‘[01m[Kuint16_t mavlink_msg_landing_target_encode_chan(uint8_t, uint8_t, uint8_t, mavlink_message_t*, const mavlink_landing_target_t*)[m[K’:
[16.975s] [01m[K/home/lbarnett/ros2_ws/src/rcraicer/rcraicer/src/../include/rcraicer/../mavlink/common/./mavlink_msg_landing_target.h:232:360:[m[K [01;35m[Kwarning: [m[Ktaking address of packed member of ‘[01m[K__mavlink_landing_target_t[m[K’ may result in an unaligned pointer value [[01;35m[K-Waddress-of-packed-member[m[K]
[16.975s]   232 |     return mavlink_msg_landing_target_pack_chan(system_id, component_id, chan, msg, landing_target->time_usec, landing_target->target_num, landing_target->frame, landing_target->angle_x, landing_target->angle_y, landing_target->distance, landing_target->size_x, landing_target->size_y, landing_target->x, landing_target->y, landing_target->z, [01;35m[Klanding_target->q[m[K, landing_target->type, landing_target->position_valid);
[16.975s]       |                                                                                                                                                                                                                                                                                                                                                        [01;35m[K~~~~~~~~~~~~~~~~^[m[K
[16.975s] In file included from [01m[K/home/lbarnett/ros2_ws/src/rcraicer/rcraicer/src/../include/rcraicer/../mavlink/common/common.h:2338[m[K,
[16.976s]                  from [01m[K/home/lbarnett/ros2_ws/src/rcraicer/rcraicer/src/../include/rcraicer/../mavlink/common/mavlink.h:32[m[K,
[16.976s]                  from [01m[K/home/lbarnett/ros2_ws/src/rcraicer/rcraicer/src/../include/rcraicer/mavlink_serial_port.h:9[m[K,
[16.976s]                  from [01m[K/home/lbarnett/ros2_ws/src/rcraicer/rcraicer/src/mavlink_serial_port.cpp:1[m[K:
[16.976s] [01m[K/home/lbarnett/ros2_ws/src/rcraicer/rcraicer/src/../include/rcraicer/../mavlink/common/./mavlink_msg_home_position.h:[m[K In function ‘[01m[Kuint16_t mavlink_msg_home_position_encode(uint8_t, uint8_t, mavlink_message_t*, const mavlink_home_position_t*)[m[K’:
[16.976s] [01m[K/home/lbarnett/ros2_ws/src/rcraicer/rcraicer/src/../include/rcraicer/../mavlink/common/./mavlink_msg_home_position.h:191:218:[m[K [01;35m[Kwarning: [m[Ktaking address of packed member of ‘[01m[K__mavlink_home_position_t[m[K’ may result in an unaligned pointer value [[01;35m[K-Waddress-of-packed-member[m[K]
[16.976s]   191 |     return mavlink_msg_home_position_pack(system_id, component_id, msg, home_position->latitude, home_position->longitude, home_position->altitude, home_position->x, home_position->y, home_position->z, [01;35m[Khome_position->q[m[K, home_position->approach_x, home_position->approach_y, home_position->approach_z, home_position->time_usec);
[16.976s]       |                                                                                                                                                                                                           [01;35m[K~~~~~~~~~~~~~~~^[m[K
[16.976s] [01m[K/home/lbarnett/ros2_ws/src/rcraicer/rcraicer/src/../include/rcraicer/../mavlink/common/./mavlink_msg_home_position.h:[m[K In function ‘[01m[Kuint16_t mavlink_msg_home_position_encode_chan(uint8_t, uint8_t, uint8_t, mavlink_message_t*, const mavlink_home_position_t*)[m[K’:
[16.977s] [01m[K/home/lbarnett/ros2_ws/src/rcraicer/rcraicer/src/../include/rcraicer/../mavlink/common/./mavlink_msg_home_position.h:205:229:[m[K [01;35m[Kwarning: [m[Ktaking address of packed member of ‘[01m[K__mavlink_home_position_t[m[K’ may result in an unaligned pointer value [[01;35m[K-Waddress-of-packed-member[m[K]
[16.977s]   205 |     return mavlink_msg_home_position_pack_chan(system_id, component_id, chan, msg, home_position->latitude, home_position->longitude, home_position->altitude, home_position->x, home_position->y, home_position->z, [01;35m[Khome_position->q[m[K, home_position->approach_x, home_position->approach_y, home_position->approach_z, home_position->time_usec);
[16.977s]       |                                                                                                                                                                                                                      [01;35m[K~~~~~~~~~~~~~~~^[m[K
[16.977s] In file included from [01m[K/home/lbarnett/ros2_ws/src/rcraicer/rcraicer/src/../include/rcraicer/../mavlink/common/common.h:2339[m[K,
[16.977s]                  from [01m[K/home/lbarnett/ros2_ws/src/rcraicer/rcraicer/src/../include/rcraicer/../mavlink/common/mavlink.h:32[m[K,
[16.977s]                  from [01m[K/home/lbarnett/ros2_ws/src/rcraicer/rcraicer/src/../include/rcraicer/mavlink_serial_port.h:9[m[K,
[16.977s]                  from [01m[K/home/lbarnett/ros2_ws/src/rcraicer/rcraicer/src/mavlink_serial_port.cpp:1[m[K:
[16.977s] [01m[K/home/lbarnett/ros2_ws/src/rcraicer/rcraicer/src/../include/rcraicer/../mavlink/common/./mavlink_msg_set_home_position.h:[m[K In function ‘[01m[Kuint16_t mavlink_msg_set_home_position_encode(uint8_t, uint8_t, mavlink_message_t*, const mavlink_set_home_position_t*)[m[K’:
[16.978s] [01m[K/home/lbarnett/ros2_ws/src/rcraicer/rcraicer/src/../include/rcraicer/../mavlink/common/./mavlink_msg_set_home_position.h:200:284:[m[K [01;35m[Kwarning: [m[Ktaking address of packed member of ‘[01m[K__mavlink_set_home_position_t[m[K’ may result in an unaligned pointer value [[01;35m[K-Waddress-of-packed-member[m[K]
[16.978s]   200 |     return mavlink_msg_set_home_position_pack(system_id, component_id, msg, set_home_position->target_system, set_home_position->latitude, set_home_position->longitude, set_home_position->altitude, set_home_position->x, set_home_position->y, set_home_position->z, [01;35m[Kset_home_position->q[m[K, set_home_position->approach_x, set_home_position->approach_y, set_home_position->approach_z, set_home_position->time_usec);
[16.978s]       |                                                                                                                                                                                                                                                                         [01;35m[K~~~~~~~~~~~~~~~~~~~^[m[K
[16.978s] [01m[K/home/lbarnett/ros2_ws/src/rcraicer/rcraicer/src/../include/rcraicer/../mavlink/common/./mavlink_msg_set_home_position.h:[m[K In function ‘[01m[Kuint16_t mavlink_msg_set_home_position_encode_chan(uint8_t, uint8_t, uint8_t, mavlink_message_t*, const mavlink_set_home_position_t*)[m[K’:
[16.978s] [01m[K/home/lbarnett/ros2_ws/src/rcraicer/rcraicer/src/../include/rcraicer/../mavlink/common/./mavlink_msg_set_home_position.h:214:295:[m[K [01;35m[Kwarning: [m[Ktaking address of packed member of ‘[01m[K__mavlink_set_home_position_t[m[K’ may result in an unaligned pointer value [[01;35m[K-Waddress-of-packed-member[m[K]
[16.978s]   214 |     return mavlink_msg_set_home_position_pack_chan(system_id, component_id, chan, msg, set_home_position->target_system, set_home_position->latitude, set_home_position->longitude, set_home_position->altitude, set_home_position->x, set_home_position->y, set_home_position->z, [01;35m[Kset_home_position->q[m[K, set_home_position->approach_x, set_home_position->approach_y, set_home_position->approach_z, set_home_position->time_usec);
[16.978s]       |                                                                                                                                                                                                                                                                                    [01;35m[K~~~~~~~~~~~~~~~~~~~^[m[K
[17.352s] In file included from [01m[K/home/lbarnett/ros2_ws/src/rcraicer/rcraicer/src/../include/rcraicer/../mavlink/common/common.h:2389[m[K,
[17.352s]                  from [01m[K/home/lbarnett/ros2_ws/src/rcraicer/rcraicer/src/../include/rcraicer/../mavlink/common/mavlink.h:32[m[K,
[17.352s]                  from [01m[K/home/lbarnett/ros2_ws/src/rcraicer/rcraicer/src/../include/rcraicer/mavlink_serial_port.h:9[m[K,
[17.352s]                  from [01m[K/home/lbarnett/ros2_ws/src/rcraicer/rcraicer/src/mavlink_serial_port.cpp:1[m[K:
[17.353s] [01m[K/home/lbarnett/ros2_ws/src/rcraicer/rcraicer/src/../include/rcraicer/../mavlink/common/./mavlink_msg_obstacle_distance.h:[m[K In function ‘[01m[Kuint16_t mavlink_msg_obstacle_distance_encode(uint8_t, uint8_t, mavlink_message_t*, const mavlink_obstacle_distance_t*)[m[K’:
[17.353s] [01m[K/home/lbarnett/ros2_ws/src/rcraicer/rcraicer/src/../include/rcraicer/../mavlink/common/./mavlink_msg_obstacle_distance.h:173:158:[m[K [01;35m[Kwarning: [m[Ktaking address of packed member of ‘[01m[K__mavlink_obstacle_distance_t[m[K’ may result in an unaligned pointer value [[01;35m[K-Waddress-of-packed-member[m[K]
[17.353s]   173 |     return mavlink_msg_obstacle_distance_pack(system_id, component_id, msg, obstacle_distance->time_usec, obstacle_distance->sensor_type, [01;35m[Kobstacle_distance->distances[m[K, obstacle_distance->increment, obstacle_distance->min_distance, obstacle_distance->max_distance, obstacle_distance->increment_f, obstacle_distance->angle_offset, obstacle_distance->frame);
[17.353s]       |                                                                                                                                           [01;35m[K~~~~~~~~~~~~~~~~~~~^~~~~~~~~[m[K
[17.353s] [01m[K/home/lbarnett/ros2_ws/src/rcraicer/rcraicer/src/../include/rcraicer/../mavlink/common/./mavlink_msg_obstacle_distance.h:[m[K In function ‘[01m[Kuint16_t mavlink_msg_obstacle_distance_encode_chan(uint8_t, uint8_t, uint8_t, mavlink_message_t*, const mavlink_obstacle_distance_t*)[m[K’:
[17.353s] [01m[K/home/lbarnett/ros2_ws/src/rcraicer/rcraicer/src/../include/rcraicer/../mavlink/common/./mavlink_msg_obstacle_distance.h:187:169:[m[K [01;35m[Kwarning: [m[Ktaking address of packed member of ‘[01m[K__mavlink_obstacle_distance_t[m[K’ may result in an unaligned pointer value [[01;35m[K-Waddress-of-packed-member[m[K]
[17.353s]   187 |     return mavlink_msg_obstacle_distance_pack_chan(system_id, component_id, chan, msg, obstacle_distance->time_usec, obstacle_distance->sensor_type, [01;35m[Kobstacle_distance->distances[m[K, obstacle_distance->increment, obstacle_distance->min_distance, obstacle_distance->max_distance, obstacle_distance->increment_f, obstacle_distance->angle_offset, obstacle_distance->frame);
[17.354s]       |                                                                                                                                                      [01;35m[K~~~~~~~~~~~~~~~~~~~^~~~~~~~~[m[K
[18.700s] In file included from [01m[K/home/lbarnett/ros2_ws/src/rcraicer/rcraicer/src/../include/rcraicer/../mavlink/common/common.h:2311[m[K,
[18.701s]                  from [01m[K/home/lbarnett/ros2_ws/src/rcraicer/rcraicer/src/../include/rcraicer/../mavlink/common/mavlink.h:32[m[K,
[18.702s]                  from [01m[K/home/lbarnett/ros2_ws/src/rcraicer/rcraicer/src/../include/rcraicer/mavlink_serial_port.h:9[m[K,
[18.703s]                  from [01m[K/home/lbarnett/ros2_ws/src/rcraicer/rcraicer/src/../include/rcraicer/imu_mavlink.h:14[m[K,
[18.704s]                  from [01m[K/home/lbarnett/ros2_ws/src/rcraicer/rcraicer/src/imu_mavlink.cpp:1[m[K:
[18.705s] [01m[K/home/lbarnett/ros2_ws/src/rcraicer/rcraicer/src/../include/rcraicer/../mavlink/common/./mavlink_msg_distance_sensor.h:[m[K In function ‘[01m[Kuint16_t mavlink_msg_distance_sensor_encode(uint8_t, uint8_t, mavlink_message_t*, const mavlink_distance_sensor_t*)[m[K’:
[18.705s] [01m[K/home/lbarnett/ros2_ws/src/rcraicer/rcraicer/src/../include/rcraicer/../mavlink/common/./mavlink_msg_distance_sensor.h:200:387:[m[K [01;35m[Kwarning: [m[Ktaking address of packed member of ‘[01m[K__mavlink_distance_sensor_t[m[K’ may result in an unaligned pointer value [[01;35m[K-Waddress-of-packed-member[m[K]
[18.705s]   200 |     return mavlink_msg_distance_sensor_pack(system_id, component_id, msg, distance_sensor->time_boot_ms, distance_sensor->min_distance, distance_sensor->max_distance, distance_sensor->current_distance, distance_sensor->type, distance_sensor->id, distance_sensor->orientation, distance_sensor->covariance, distance_sensor->horizontal_fov, distance_sensor->vertical_fov, [01;35m[Kdistance_sensor->quaternion[m[K, distance_sensor->signal_quality);
[18.706s]       |                                                                                                                                                                                                                                                                                                                                                                                  [01;35m[K~~~~~~~~~~~~~~~~~^~~~~~~~~~[m[K
[18.709s] [01m[K/home/lbarnett/ros2_ws/src/rcraicer/rcraicer/src/../include/rcraicer/../mavlink/common/./mavlink_msg_distance_sensor.h:[m[K In function ‘[01m[Kuint16_t mavlink_msg_distance_sensor_encode_chan(uint8_t, uint8_t, uint8_t, mavlink_message_t*, const mavlink_distance_sensor_t*)[m[K’:
[18.710s] [01m[K/home/lbarnett/ros2_ws/src/rcraicer/rcraicer/src/../include/rcraicer/../mavlink/common/./mavlink_msg_distance_sensor.h:214:398:[m[K [01;35m[Kwarning: [m[Ktaking address of packed member of ‘[01m[K__mavlink_distance_sensor_t[m[K’ may result in an unaligned pointer value [[01;35m[K-Waddress-of-packed-member[m[K]
[18.711s]   214 |     return mavlink_msg_distance_sensor_pack_chan(system_id, component_id, chan, msg, distance_sensor->time_boot_ms, distance_sensor->min_distance, distance_sensor->max_distance, distance_sensor->current_distance, distance_sensor->type, distance_sensor->id, distance_sensor->orientation, distance_sensor->covariance, distance_sensor->horizontal_fov, distance_sensor->vertical_fov, [01;35m[Kdistance_sensor->quaternion[m[K, distance_sensor->signal_quality);
[18.713s]       |                                                                                                                                                                                                                                                                                                                                                                                             [01;35m[K~~~~~~~~~~~~~~~~~^~~~~~~~~~[m[K
[18.791s] In file included from [01m[K/home/lbarnett/ros2_ws/src/rcraicer/rcraicer/src/../include/rcraicer/../mavlink/common/common.h:2325[m[K,
[18.793s]                  from [01m[K/home/lbarnett/ros2_ws/src/rcraicer/rcraicer/src/../include/rcraicer/../mavlink/common/mavlink.h:32[m[K,
[18.794s]                  from [01m[K/home/lbarnett/ros2_ws/src/rcraicer/rcraicer/src/../include/rcraicer/mavlink_serial_port.h:9[m[K,
[18.795s]                  from [01m[K/home/lbarnett/ros2_ws/src/rcraicer/rcraicer/src/../include/rcraicer/imu_mavlink.h:14[m[K,
[18.796s]                  from [01m[K/home/lbarnett/ros2_ws/src/rcraicer/rcraicer/src/imu_mavlink.cpp:1[m[K:
[18.796s] [01m[K/home/lbarnett/ros2_ws/src/rcraicer/rcraicer/src/../include/rcraicer/../mavlink/common/./mavlink_msg_battery_status.h:[m[K In function ‘[01m[Kuint16_t mavlink_msg_battery_status_encode(uint8_t, uint8_t, mavlink_message_t*, const mavlink_battery_status_t*)[m[K’:
[18.797s] [01m[K/home/lbarnett/ros2_ws/src/rcraicer/rcraicer/src/../include/rcraicer/../mavlink/common/./mavlink_msg_battery_status.h:219:195:[m[K [01;35m[Kwarning: [m[Ktaking address of packed member of ‘[01m[K__mavlink_battery_status_t[m[K’ may result in an unaligned pointer value [[01;35m[K-Waddress-of-packed-member[m[K]
[18.797s]   219 |     return mavlink_msg_battery_status_pack(system_id, component_id, msg, battery_status->id, battery_status->battery_function, battery_status->type, battery_status->temperature, [01;35m[Kbattery_status->voltages[m[K, battery_status->current_battery, battery_status->current_consumed, battery_status->energy_consumed, battery_status->battery_remaining, battery_status->time_remaining, battery_status->charge_state, battery_status->voltages_ext, battery_status->mode, battery_status->fault_bitmask);
[18.798s]       |                                                                                                                                                                                   [01;35m[K~~~~~~~~~~~~~~~~^~~~~~~~[m[K
[18.799s] [01m[K/home/lbarnett/ros2_ws/src/rcraicer/rcraicer/src/../include/rcraicer/../mavlink/common/./mavlink_msg_battery_status.h:219:418:[m[K [01;35m[Kwarning: [m[Ktaking address of packed member of ‘[01m[K__mavlink_battery_status_t[m[K’ may result in an unaligned pointer value [[01;35m[K-Waddress-of-packed-member[m[K]
[18.800s]   219 |     return mavlink_msg_battery_status_pack(system_id, component_id, msg, battery_status->id, battery_status->battery_function, battery_status->type, battery_status->temperature, battery_status->voltages, battery_status->current_battery, battery_status->current_consumed, battery_status->energy_consumed, battery_status->battery_remaining, battery_status->time_remaining, battery_status->charge_state, [01;35m[Kbattery_status->voltages_ext[m[K, battery_status->mode, battery_status->fault_bitmask);
[18.801s]       |                                                                                                                                                                                                                                                                                                                                                                                                                  [01;35m[K~~~~~~~~~~~~~~~~^~~~~~~~~~~~[m[K
[18.803s] [01m[K/home/lbarnett/ros2_ws/src/rcraicer/rcraicer/src/../include/rcraicer/../mavlink/common/./mavlink_msg_battery_status.h:[m[K In function ‘[01m[Kuint16_t mavlink_msg_battery_status_encode_chan(uint8_t, uint8_t, uint8_t, mavlink_message_t*, const mavlink_battery_status_t*)[m[K’:
[18.804s] [01m[K/home/lbarnett/ros2_ws/src/rcraicer/rcraicer/src/../include/rcraicer/../mavlink/common/./mavlink_msg_battery_status.h:233:206:[m[K [01;35m[Kwarning: [m[Ktaking address of packed member of ‘[01m[K__mavlink_battery_status_t[m[K’ may result in an unaligned pointer value [[01;35m[K-Waddress-of-packed-member[m[K]
[18.805s]   233 |     return mavlink_msg_battery_status_pack_chan(system_id, component_id, chan, msg, battery_status->id, battery_status->battery_function, battery_status->type, battery_status->temperature, [01;35m[Kbattery_status->voltages[m[K, battery_status->current_battery, battery_status->current_consumed, battery_status->energy_consumed, battery_status->battery_remaining, battery_status->time_remaining, battery_status->charge_state, battery_status->voltages_ext, battery_status->mode, battery_status->fault_bitmask);
[18.805s]       |                                                                                                                                                                                              [01;35m[K~~~~~~~~~~~~~~~~^~~~~~~~[m[K
[18.806s] [01m[K/home/lbarnett/ros2_ws/src/rcraicer/rcraicer/src/../include/rcraicer/../mavlink/common/./mavlink_msg_battery_status.h:233:429:[m[K [01;35m[Kwarning: [m[Ktaking address of packed member of ‘[01m[K__mavlink_battery_status_t[m[K’ may result in an unaligned pointer value [[01;35m[K-Waddress-of-packed-member[m[K]
[18.806s]   233 |     return mavlink_msg_battery_status_pack_chan(system_id, component_id, chan, msg, battery_status->id, battery_status->battery_function, battery_status->type, battery_status->temperature, battery_status->voltages, battery_status->current_battery, battery_status->current_consumed, battery_status->energy_consumed, battery_status->battery_remaining, battery_status->time_remaining, battery_status->charge_state, [01;35m[Kbattery_status->voltages_ext[m[K, battery_status->mode, battery_status->fault_bitmask);
[18.807s]       |                                                                                                                                                                                                                                                                                                                                                                                                                             [01;35m[K~~~~~~~~~~~~~~~~^~~~~~~~~~~~[m[K
[18.819s] In file included from [01m[K/home/lbarnett/ros2_ws/src/rcraicer/rcraicer/src/../include/rcraicer/../mavlink/common/common.h:2327[m[K,
[18.819s]                  from [01m[K/home/lbarnett/ros2_ws/src/rcraicer/rcraicer/src/../include/rcraicer/../mavlink/common/mavlink.h:32[m[K,
[18.819s]                  from [01m[K/home/lbarnett/ros2_ws/src/rcraicer/rcraicer/src/../include/rcraicer/mavlink_serial_port.h:9[m[K,
[18.820s]                  from [01m[K/home/lbarnett/ros2_ws/src/rcraicer/rcraicer/src/../include/rcraicer/imu_mavlink.h:14[m[K,
[18.820s]                  from [01m[K/home/lbarnett/ros2_ws/src/rcraicer/rcraicer/src/imu_mavlink.cpp:1[m[K:
[18.820s] [01m[K/home/lbarnett/ros2_ws/src/rcraicer/rcraicer/src/../include/rcraicer/../mavlink/common/./mavlink_msg_landing_target.h:[m[K In function ‘[01m[Kuint16_t mavlink_msg_landing_target_encode(uint8_t, uint8_t, mavlink_message_t*, const mavlink_landing_target_t*)[m[K’:
[18.820s] [01m[K/home/lbarnett/ros2_ws/src/rcraicer/rcraicer/src/../include/rcraicer/../mavlink/common/./mavlink_msg_landing_target.h:218:349:[m[K [01;35m[Kwarning: [m[Ktaking address of packed member of ‘[01m[K__mavlink_landing_target_t[m[K’ may result in an unaligned pointer value [[01;35m[K-Waddress-of-packed-member[m[K]
[18.823s]   218 |     return mavlink_msg_landing_target_pack(system_id, component_id, msg, landing_target->time_usec, landing_target->target_num, landing_target->frame, landing_target->angle_x, landing_target->angle_y, landing_target->distance, landing_target->size_x, landing_target->size_y, landing_target->x, landing_target->y, landing_target->z, [01;35m[Klanding_target->q[m[K, landing_target->type, landing_target->position_valid);
[18.823s]       |                                                                                                                                                                                                                                                                                                                                             [01;35m[K~~~~~~~~~~~~~~~~^[m[K
[18.823s] [01m[K/home/lbarnett/ros2_ws/src/rcraicer/rcraicer/src/../include/rcraicer/../mavlink/common/./mavlink_msg_landing_target.h:[m[K In function ‘[01m[Kuint16_t mavlink_msg_landing_target_encode_chan(uint8_t, uint8_t, uint8_t, mavlink_message_t*, const mavlink_landing_target_t*)[m[K’:
[18.824s] [01m[K/home/lbarnett/ros2_ws/src/rcraicer/rcraicer/src/../include/rcraicer/../mavlink/common/./mavlink_msg_landing_target.h:232:360:[m[K [01;35m[Kwarning: [m[Ktaking address of packed member of ‘[01m[K__mavlink_landing_target_t[m[K’ may result in an unaligned pointer value [[01;35m[K-Waddress-of-packed-member[m[K]
[18.824s]   232 |     return mavlink_msg_landing_target_pack_chan(system_id, component_id, chan, msg, landing_target->time_usec, landing_target->target_num, landing_target->frame, landing_target->angle_x, landing_target->angle_y, landing_target->distance, landing_target->size_x, landing_target->size_y, landing_target->x, landing_target->y, landing_target->z, [01;35m[Klanding_target->q[m[K, landing_target->type, landing_target->position_valid);
[18.824s]       |                                                                                                                                                                                                                                                                                                                                                        [01;35m[K~~~~~~~~~~~~~~~~^[m[K
[18.918s] In file included from [01m[K/home/lbarnett/ros2_ws/src/rcraicer/rcraicer/src/../include/rcraicer/../mavlink/common/common.h:2338[m[K,
[18.919s]                  from [01m[K/home/lbarnett/ros2_ws/src/rcraicer/rcraicer/src/../include/rcraicer/../mavlink/common/mavlink.h:32[m[K,
[18.919s]                  from [01m[K/home/lbarnett/ros2_ws/src/rcraicer/rcraicer/src/../include/rcraicer/mavlink_serial_port.h:9[m[K,
[18.920s]                  from [01m[K/home/lbarnett/ros2_ws/src/rcraicer/rcraicer/src/../include/rcraicer/imu_mavlink.h:14[m[K,
[18.920s]                  from [01m[K/home/lbarnett/ros2_ws/src/rcraicer/rcraicer/src/imu_mavlink.cpp:1[m[K:
[18.920s] [01m[K/home/lbarnett/ros2_ws/src/rcraicer/rcraicer/src/../include/rcraicer/../mavlink/common/./mavlink_msg_home_position.h:[m[K In function ‘[01m[Kuint16_t mavlink_msg_home_position_encode(uint8_t, uint8_t, mavlink_message_t*, const mavlink_home_position_t*)[m[K’:
[18.928s] [01m[K/home/lbarnett/ros2_ws/src/rcraicer/rcraicer/src/../include/rcraicer/../mavlink/common/./mavlink_msg_home_position.h:191:218:[m[K [01;35m[Kwarning: [m[Ktaking address of packed member of ‘[01m[K__mavlink_home_position_t[m[K’ may result in an unaligned pointer value [[01;35m[K-Waddress-of-packed-member[m[K]
[18.928s]   191 |     return mavlink_msg_home_position_pack(system_id, component_id, msg, home_position->latitude, home_position->longitude, home_position->altitude, home_position->x, home_position->y, home_position->z, [01;35m[Khome_position->q[m[K, home_position->approach_x, home_position->approach_y, home_position->approach_z, home_position->time_usec);
[18.928s]       |                                                                                                                                                                                                           [01;35m[K~~~~~~~~~~~~~~~^[m[K
[18.931s] [01m[K/home/lbarnett/ros2_ws/src/rcraicer/rcraicer/src/../include/rcraicer/../mavlink/common/./mavlink_msg_home_position.h:[m[K In function ‘[01m[Kuint16_t mavlink_msg_home_position_encode_chan(uint8_t, uint8_t, uint8_t, mavlink_message_t*, const mavlink_home_position_t*)[m[K’:
[18.931s] [01m[K/home/lbarnett/ros2_ws/src/rcraicer/rcraicer/src/../include/rcraicer/../mavlink/common/./mavlink_msg_home_position.h:205:229:[m[K [01;35m[Kwarning: [m[Ktaking address of packed member of ‘[01m[K__mavlink_home_position_t[m[K’ may result in an unaligned pointer value [[01;35m[K-Waddress-of-packed-member[m[K]
[18.931s]   205 |     return mavlink_msg_home_position_pack_chan(system_id, component_id, chan, msg, home_position->latitude, home_position->longitude, home_position->altitude, home_position->x, home_position->y, home_position->z, [01;35m[Khome_position->q[m[K, home_position->approach_x, home_position->approach_y, home_position->approach_z, home_position->time_usec);
[18.932s]       |                                                                                                                                                                                                                      [01;35m[K~~~~~~~~~~~~~~~^[m[K
[18.939s] In file included from [01m[K/home/lbarnett/ros2_ws/src/rcraicer/rcraicer/src/../include/rcraicer/../mavlink/common/common.h:2339[m[K,
[18.939s]                  from [01m[K/home/lbarnett/ros2_ws/src/rcraicer/rcraicer/src/../include/rcraicer/../mavlink/common/mavlink.h:32[m[K,
[18.939s]                  from [01m[K/home/lbarnett/ros2_ws/src/rcraicer/rcraicer/src/../include/rcraicer/mavlink_serial_port.h:9[m[K,
[18.940s]                  from [01m[K/home/lbarnett/ros2_ws/src/rcraicer/rcraicer/src/../include/rcraicer/imu_mavlink.h:14[m[K,
[18.940s]                  from [01m[K/home/lbarnett/ros2_ws/src/rcraicer/rcraicer/src/imu_mavlink.cpp:1[m[K:
[18.940s] [01m[K/home/lbarnett/ros2_ws/src/rcraicer/rcraicer/src/../include/rcraicer/../mavlink/common/./mavlink_msg_set_home_position.h:[m[K In function ‘[01m[Kuint16_t mavlink_msg_set_home_position_encode(uint8_t, uint8_t, mavlink_message_t*, const mavlink_set_home_position_t*)[m[K’:
[18.940s] [01m[K/home/lbarnett/ros2_ws/src/rcraicer/rcraicer/src/../include/rcraicer/../mavlink/common/./mavlink_msg_set_home_position.h:200:284:[m[K [01;35m[Kwarning: [m[Ktaking address of packed member of ‘[01m[K__mavlink_set_home_position_t[m[K’ may result in an unaligned pointer value [[01;35m[K-Waddress-of-packed-member[m[K]
[18.940s]   200 |     return mavlink_msg_set_home_position_pack(system_id, component_id, msg, set_home_position->target_system, set_home_position->latitude, set_home_position->longitude, set_home_position->altitude, set_home_position->x, set_home_position->y, set_home_position->z, [01;35m[Kset_home_position->q[m[K, set_home_position->approach_x, set_home_position->approach_y, set_home_position->approach_z, set_home_position->time_usec);
[18.941s]       |                                                                                                                                                                                                                                                                         [01;35m[K~~~~~~~~~~~~~~~~~~~^[m[K
[18.943s] [01m[K/home/lbarnett/ros2_ws/src/rcraicer/rcraicer/src/../include/rcraicer/../mavlink/common/./mavlink_msg_set_home_position.h:[m[K In function ‘[01m[Kuint16_t mavlink_msg_set_home_position_encode_chan(uint8_t, uint8_t, uint8_t, mavlink_message_t*, const mavlink_set_home_position_t*)[m[K’:
[18.945s] [01m[K/home/lbarnett/ros2_ws/src/rcraicer/rcraicer/src/../include/rcraicer/../mavlink/common/./mavlink_msg_set_home_position.h:214:295:[m[K [01;35m[Kwarning: [m[Ktaking address of packed member of ‘[01m[K__mavlink_set_home_position_t[m[K’ may result in an unaligned pointer value [[01;35m[K-Waddress-of-packed-member[m[K]
[18.946s]   214 |     return mavlink_msg_set_home_position_pack_chan(system_id, component_id, chan, msg, set_home_position->target_system, set_home_position->latitude, set_home_position->longitude, set_home_position->altitude, set_home_position->x, set_home_position->y, set_home_position->z, [01;35m[Kset_home_position->q[m[K, set_home_position->approach_x, set_home_position->approach_y, set_home_position->approach_z, set_home_position->time_usec);
[18.947s]       |                                                                                                                                                                                                                                                                                    [01;35m[K~~~~~~~~~~~~~~~~~~~^[m[K
[19.335s] In file included from [01m[K/home/lbarnett/ros2_ws/src/rcraicer/rcraicer/src/../include/rcraicer/../mavlink/common/common.h:2389[m[K,
[19.335s]                  from [01m[K/home/lbarnett/ros2_ws/src/rcraicer/rcraicer/src/../include/rcraicer/../mavlink/common/mavlink.h:32[m[K,
[19.336s]                  from [01m[K/home/lbarnett/ros2_ws/src/rcraicer/rcraicer/src/../include/rcraicer/mavlink_serial_port.h:9[m[K,
[19.336s]                  from [01m[K/home/lbarnett/ros2_ws/src/rcraicer/rcraicer/src/../include/rcraicer/imu_mavlink.h:14[m[K,
[19.336s]                  from [01m[K/home/lbarnett/ros2_ws/src/rcraicer/rcraicer/src/imu_mavlink.cpp:1[m[K:
[19.336s] [01m[K/home/lbarnett/ros2_ws/src/rcraicer/rcraicer/src/../include/rcraicer/../mavlink/common/./mavlink_msg_obstacle_distance.h:[m[K In function ‘[01m[Kuint16_t mavlink_msg_obstacle_distance_encode(uint8_t, uint8_t, mavlink_message_t*, const mavlink_obstacle_distance_t*)[m[K’:
[19.336s] [01m[K/home/lbarnett/ros2_ws/src/rcraicer/rcraicer/src/../include/rcraicer/../mavlink/common/./mavlink_msg_obstacle_distance.h:173:158:[m[K [01;35m[Kwarning: [m[Ktaking address of packed member of ‘[01m[K__mavlink_obstacle_distance_t[m[K’ may result in an unaligned pointer value [[01;35m[K-Waddress-of-packed-member[m[K]
[19.336s]   173 |     return mavlink_msg_obstacle_distance_pack(system_id, component_id, msg, obstacle_distance->time_usec, obstacle_distance->sensor_type, [01;35m[Kobstacle_distance->distances[m[K, obstacle_distance->increment, obstacle_distance->min_distance, obstacle_distance->max_distance, obstacle_distance->increment_f, obstacle_distance->angle_offset, obstacle_distance->frame);
[19.337s]       |                                                                                                                                           [01;35m[K~~~~~~~~~~~~~~~~~~~^~~~~~~~~[m[K
[19.337s] [01m[K/home/lbarnett/ros2_ws/src/rcraicer/rcraicer/src/../include/rcraicer/../mavlink/common/./mavlink_msg_obstacle_distance.h:[m[K In function ‘[01m[Kuint16_t mavlink_msg_obstacle_distance_encode_chan(uint8_t, uint8_t, uint8_t, mavlink_message_t*, const mavlink_obstacle_distance_t*)[m[K’:
[19.337s] [01m[K/home/lbarnett/ros2_ws/src/rcraicer/rcraicer/src/../include/rcraicer/../mavlink/common/./mavlink_msg_obstacle_distance.h:187:169:[m[K [01;35m[Kwarning: [m[Ktaking address of packed member of ‘[01m[K__mavlink_obstacle_distance_t[m[K’ may result in an unaligned pointer value [[01;35m[K-Waddress-of-packed-member[m[K]
[19.337s]   187 |     return mavlink_msg_obstacle_distance_pack_chan(system_id, component_id, chan, msg, obstacle_distance->time_usec, obstacle_distance->sensor_type, [01;35m[Kobstacle_distance->distances[m[K, obstacle_distance->increment, obstacle_distance->min_distance, obstacle_distance->max_distance, obstacle_distance->increment_f, obstacle_distance->angle_offset, obstacle_distance->frame);
[19.338s]       |                                                                                                                                                      [01;35m[K~~~~~~~~~~~~~~~~~~~^~~~~~~~~[m[K
[20.185s] [01m[K/home/lbarnett/ros2_ws/src/rcraicer/rcraicer/src/imu_mavlink.cpp:[m[K In member function ‘[01m[Kvoid IMUMavlink::publishImuData(uint32_t, Eigen::Quaterniond&, Eigen::Vector3d&)[m[K’:
[20.185s] [01m[K/home/lbarnett/ros2_ws/src/rcraicer/rcraicer/src/imu_mavlink.cpp:118:42:[m[K [01;35m[Kwarning: [m[Kunused parameter ‘[01m[Ktime_boot_ms[m[K’ [[01;35m[K-Wunused-parameter[m[K]
[20.185s]   118 | void IMUMavlink::publishImuData([01;35m[Kuint32_t time_boot_ms[m[K, Eigen::Quaterniond &orientation_enu, Eigen::Vector3d &gyro_flu)
[20.185s]       |                                 [01;35m[K~~~~~~~~~^~~~~~~~~~~~[m[K
[20.221s] [01m[K/home/lbarnett/ros2_ws/src/rcraicer/rcraicer/src/imu_mavlink.cpp:[m[K In member function ‘[01m[Kvoid IMUMavlink::publishMagData(uint32_t, Eigen::Vector3d&)[m[K’:
[20.221s] [01m[K/home/lbarnett/ros2_ws/src/rcraicer/rcraicer/src/imu_mavlink.cpp:153:42:[m[K [01;35m[Kwarning: [m[Kunused parameter ‘[01m[Ktime_boot_ms[m[K’ [[01;35m[K-Wunused-parameter[m[K]
[20.221s]   153 | void IMUMavlink::publishMagData([01;35m[Kuint32_t time_boot_ms[m[K, Eigen::Vector3d &mag_field)
[20.221s]       |                                 [01;35m[K~~~~~~~~~^~~~~~~~~~~~[m[K
[20.223s] [01m[K/home/lbarnett/ros2_ws/src/rcraicer/rcraicer/src/imu_mavlink.cpp:[m[K In member function ‘[01m[Kvoid IMUMavlink::publishImuDataRaw(uint32_t, Eigen::Vector3d&, Eigen::Vector3d&, Eigen::Vector3d&)[m[K’:
[20.223s] [01m[K/home/lbarnett/ros2_ws/src/rcraicer/rcraicer/src/imu_mavlink.cpp:171:45:[m[K [01;35m[Kwarning: [m[Kunused parameter ‘[01m[Ktime_usec[m[K’ [[01;35m[K-Wunused-parameter[m[K]
[20.223s]   171 | void IMUMavlink::publishImuDataRaw([01;35m[Kuint32_t time_usec[m[K, Eigen::Vector3d &gyro_flu,
[20.223s]       |                                    [01;35m[K~~~~~~~~~^~~~~~~~~[m[K
[46.474s] In file included from [01m[K/home/lbarnett/ros2_ws/src/rcraicer/rcraicer/src/state_estimator.cpp:1[m[K:
[46.474s] [01m[K/home/lbarnett/ros2_ws/src/rcraicer/rcraicer/src/../include/rcraicer/state_estimator.h:[m[K In constructor ‘[01m[KStateEstimator::StateEstimator()[m[K’:
[46.475s] [01m[K/home/lbarnett/ros2_ws/src/rcraicer/rcraicer/src/../include/rcraicer/state_estimator.h:110:14:[m[K [01;35m[Kwarning: [m[K‘[01m[KStateEstimator::gotInitialPose_[m[K’ will be initialized after [[01;35m[K-Wreorder[m[K]
[46.475s]   110 |         bool [01;35m[KgotInitialPose_[m[K;
[46.475s]       |              [01;35m[K^~~~~~~~~~~~~~~[m[K
[46.475s] [01m[K/home/lbarnett/ros2_ws/src/rcraicer/rcraicer/src/../include/rcraicer/state_estimator.h:81:14:[m[K [01;35m[Kwarning: [m[K  ‘[01m[Kbool StateEstimator::debug_[m[K’ [[01;35m[K-Wreorder[m[K]
[46.475s]    81 |         bool [01;35m[Kdebug_[m[K;
[46.477s]       |              [01;35m[K^~~~~~[m[K
[46.477s] [01m[K/home/lbarnett/ros2_ws/src/rcraicer/rcraicer/src/state_estimator.cpp:22:1:[m[K [01;35m[Kwarning: [m[K  when initialized here [[01;35m[K-Wreorder[m[K]
[46.477s]    22 | [01;35m[KStateEstimator[m[K::StateEstimator() : Node("state_estimator"),
[46.477s]       | [01;35m[K^~~~~~~~~~~~~~[m[K
[47.022s] [01m[K/home/lbarnett/ros2_ws/src/rcraicer/rcraicer/src/state_estimator.cpp:[m[K In member function ‘[01m[Kvoid StateEstimator::GpsHelper()[m[K’:
[47.023s] [01m[K/home/lbarnett/ros2_ws/src/rcraicer/rcraicer/src/state_estimator.cpp:780:59:[m[K [01;35m[Kwarning: [m[Kcatching polymorphic type ‘[01m[Kclass gtsam::IndeterminantLinearSystemException[m[K’ by value [[01;35m[K-Wcatch-value=[m[K]
[47.023s]   780 |           catch(gtsam::IndeterminantLinearSystemException [01;35m[Kex[m[K)
[47.023s]       |                                                           [01;35m[K^~[m[K
[61.628s] [ 70%] [32m[1mLinking CXX executable imu_mavlink[0m
[62.466s] [ 70%] Built target imu_mavlink
[66.467s] [ 80%] [32m[1mLinking CXX executable wheel_odometry[0m
[66.966s] [ 80%] Built target wheel_odometry
[71.839s] [ 90%] [32m[1mLinking CXX executable arduino_controller[0m
[72.296s] [ 90%] Built target arduino_controller
[97.290s] [01m[K/home/lbarnett/ros2_ws/src/rcraicer/rcraicer/src/state_estimator.cpp:754:20:[m[K [01;35m[Kwarning: [m[K‘[01m[KstartTime[m[K’ may be used uninitialized in this function [[01;35m[K-Wmaybe-uninitialized[m[K]
[97.290s]   754 |             double [01;35m[KcurTime[m[K = startTime + (imuKey-1) * 0.1;
[97.290s]       |                    [01;35m[K^~~~~~~[m[K
[110.476s] [100%] [32m[1mLinking CXX executable state_estimator[0m
[111.736s] [100%] Built target state_estimator
[111.752s] Invoked command in '/home/lbarnett/ros2_ws/src/rcraicer/build/rcraicer' returned '0': AMENT_PREFIX_PATH=/home/lbarnett/ros2_ws/src/rcraicer/install/rcraicer_msgs:${AMENT_PREFIX_PATH} CMAKE_PREFIX_PATH=/home/lbarnett/ros2_ws/src/rcraicer/install/rcraicer_msgs:/home/lbarnett/ros2_ws/install/rviz_satellite:/home/lbarnett/ros2_ws/install/robot_localization:/home/lbarnett/ros2_ws/install/rcraicer_sim:/home/lbarnett/ros2_ws/install/rcraicer_mapping:/home/lbarnett/ros2_ws/install/rcraicer_gps:/home/lbarnett/ros2_ws/install/rcraicer_description:/home/lbarnett/ros2_ws/install/rcraicer:/home/lbarnett/ros2_ws/install/rcraicer_msgs:/home/lbarnett/ros2_ws/install/rcraicer_mppi_test:/home/lbarnett/ros2_ws/install/rcraicer_mppi:/home/lbarnett/ros2_ws/install/rcraicer_imu:/home/lbarnett/ros2_ws/install/mavros:/home/lbarnett/ros2_ws/install/mavros_msgs:/home/lbarnett/ros2_ws/install/libmavconn:/home/lbarnett/ros2_ws/install/kalman_filter_localization:/home/lbarnett/ros2_ws/install/rcraicer_utils:/home/lbarnett/ros2_ws/install/rcraicer_ui:/opt/ros/foxy LD_LIBRARY_PATH=/home/lbarnett/ros2_ws/src/rcraicer/install/rcraicer_msgs/lib:${LD_LIBRARY_PATH} PYTHONPATH=/home/lbarnett/ros2_ws/src/rcraicer/install/rcraicer_msgs/lib/python3.8/site-packages:${PYTHONPATH} /usr/bin/cmake --build /home/lbarnett/ros2_ws/src/rcraicer/build/rcraicer -- -j8 -l8
[111.809s] Invoking command in '/home/lbarnett/ros2_ws/src/rcraicer/build/rcraicer': AMENT_PREFIX_PATH=/home/lbarnett/ros2_ws/src/rcraicer/install/rcraicer_msgs:${AMENT_PREFIX_PATH} CMAKE_PREFIX_PATH=/home/lbarnett/ros2_ws/src/rcraicer/install/rcraicer_msgs:/home/lbarnett/ros2_ws/install/rviz_satellite:/home/lbarnett/ros2_ws/install/robot_localization:/home/lbarnett/ros2_ws/install/rcraicer_sim:/home/lbarnett/ros2_ws/install/rcraicer_mapping:/home/lbarnett/ros2_ws/install/rcraicer_gps:/home/lbarnett/ros2_ws/install/rcraicer_description:/home/lbarnett/ros2_ws/install/rcraicer:/home/lbarnett/ros2_ws/install/rcraicer_msgs:/home/lbarnett/ros2_ws/install/rcraicer_mppi_test:/home/lbarnett/ros2_ws/install/rcraicer_mppi:/home/lbarnett/ros2_ws/install/rcraicer_imu:/home/lbarnett/ros2_ws/install/mavros:/home/lbarnett/ros2_ws/install/mavros_msgs:/home/lbarnett/ros2_ws/install/libmavconn:/home/lbarnett/ros2_ws/install/kalman_filter_localization:/home/lbarnett/ros2_ws/install/rcraicer_utils:/home/lbarnett/ros2_ws/install/rcraicer_ui:/opt/ros/foxy LD_LIBRARY_PATH=/home/lbarnett/ros2_ws/src/rcraicer/install/rcraicer_msgs/lib:${LD_LIBRARY_PATH} PYTHONPATH=/home/lbarnett/ros2_ws/src/rcraicer/install/rcraicer_msgs/lib/python3.8/site-packages:${PYTHONPATH} /usr/bin/cmake --install /home/lbarnett/ros2_ws/src/rcraicer/build/rcraicer
[111.819s] -- Install configuration: "RelWithDebInfo"
[111.819s] -- Installing: /home/lbarnett/ros2_ws/src/rcraicer/install/rcraicer/lib/rcraicer/imu_mavlink
[111.834s] -- Set runtime path of "/home/lbarnett/ros2_ws/src/rcraicer/install/rcraicer/lib/rcraicer/imu_mavlink" to ""
[111.834s] -- Installing: /home/lbarnett/ros2_ws/src/rcraicer/install/rcraicer/lib/rcraicer/arduino_controller
[111.852s] -- Set runtime path of "/home/lbarnett/ros2_ws/src/rcraicer/install/rcraicer/lib/rcraicer/arduino_controller" to ""
[111.852s] -- Installing: /home/lbarnett/ros2_ws/src/rcraicer/install/rcraicer/lib/rcraicer/wheel_odometry
[111.866s] -- Set runtime path of "/home/lbarnett/ros2_ws/src/rcraicer/install/rcraicer/lib/rcraicer/wheel_odometry" to ""
[111.866s] -- Installing: /home/lbarnett/ros2_ws/src/rcraicer/install/rcraicer/lib/rcraicer/state_estimator
[111.913s] -- Set runtime path of "/home/lbarnett/ros2_ws/src/rcraicer/install/rcraicer/lib/rcraicer/state_estimator" to ""
[111.914s] -- Installing: /home/lbarnett/ros2_ws/src/rcraicer/install/rcraicer/share/rcraicer//launch
[111.914s] -- Installing: /home/lbarnett/ros2_ws/src/rcraicer/install/rcraicer/share/rcraicer//launch/odom.txt
[111.923s] -- Installing: /home/lbarnett/ros2_ws/src/rcraicer/install/rcraicer/share/rcraicer//launch/gps_launch.py
[111.923s] -- Installing: /home/lbarnett/ros2_ws/src/rcraicer/install/rcraicer/share/rcraicer//launch/odom_launch.py
[111.923s] -- Installing: /home/lbarnett/ros2_ws/src/rcraicer/install/rcraicer/share/rcraicer//launch/odom2.txt
[111.932s] -- Installing: /home/lbarnett/ros2_ws/src/rcraicer/install/rcraicer/share/rcraicer//launch/onboard_launch.py
[111.932s] -- Installing: /home/lbarnett/ros2_ws/src/rcraicer/install/rcraicer/share/rcraicer//launch/test_launch copy 2.py
[111.932s] -- Installing: /home/lbarnett/ros2_ws/src/rcraicer/install/rcraicer/share/rcraicer//launch/sim_launch.py
[111.933s] -- Installing: /home/lbarnett/ros2_ws/src/rcraicer/install/rcraicer/share/rcraicer//launch/__pycache__
[111.933s] -- Installing: /home/lbarnett/ros2_ws/src/rcraicer/install/rcraicer/share/rcraicer//launch/__pycache__/offboard_launch.cpython-38.pyc
[111.933s] -- Installing: /home/lbarnett/ros2_ws/src/rcraicer/install/rcraicer/share/rcraicer//launch/__pycache__/test_launch.cpython-38.pyc
[111.934s] -- Installing: /home/lbarnett/ros2_ws/src/rcraicer/install/rcraicer/share/rcraicer//launch/__pycache__/sim_launch_basic.cpython-38.pyc
[111.934s] -- Installing: /home/lbarnett/ros2_ws/src/rcraicer/install/rcraicer/share/rcraicer//launch/tf_launch.py
[111.935s] -- Installing: /home/lbarnett/ros2_ws/src/rcraicer/install/rcraicer/share/rcraicer//launch/mapviz_launch.py
[111.935s] -- Installing: /home/lbarnett/ros2_ws/src/rcraicer/install/rcraicer/share/rcraicer//launch/offboard_launch.py
[111.935s] -- Installing: /home/lbarnett/ros2_ws/src/rcraicer/install/rcraicer/share/rcraicer//launch/sim_launch_basic.py
[111.935s] -- Installing: /home/lbarnett/ros2_ws/src/rcraicer/install/rcraicer/share/rcraicer//launch/odom.ods
[111.938s] -- Installing: /home/lbarnett/ros2_ws/src/rcraicer/install/rcraicer/share/ament_index/resource_index/package_run_dependencies/rcraicer
[111.938s] -- Installing: /home/lbarnett/ros2_ws/src/rcraicer/install/rcraicer/share/ament_index/resource_index/parent_prefix_path/rcraicer
[111.938s] -- Installing: /home/lbarnett/ros2_ws/src/rcraicer/install/rcraicer/share/rcraicer/environment/ament_prefix_path.sh
[111.938s] -- Installing: /home/lbarnett/ros2_ws/src/rcraicer/install/rcraicer/share/rcraicer/environment/ament_prefix_path.dsv
[111.938s] -- Installing: /home/lbarnett/ros2_ws/src/rcraicer/install/rcraicer/share/rcraicer/environment/path.sh
[111.939s] -- Installing: /home/lbarnett/ros2_ws/src/rcraicer/install/rcraicer/share/rcraicer/environment/path.dsv
[111.939s] -- Installing: /home/lbarnett/ros2_ws/src/rcraicer/install/rcraicer/share/rcraicer/local_setup.bash
[111.939s] -- Installing: /home/lbarnett/ros2_ws/src/rcraicer/install/rcraicer/share/rcraicer/local_setup.sh
[111.939s] -- Installing: /home/lbarnett/ros2_ws/src/rcraicer/install/rcraicer/share/rcraicer/local_setup.zsh
[111.939s] -- Installing: /home/lbarnett/ros2_ws/src/rcraicer/install/rcraicer/share/rcraicer/local_setup.dsv
[111.939s] -- Installing: /home/lbarnett/ros2_ws/src/rcraicer/install/rcraicer/share/rcraicer/package.dsv
[111.939s] -- Installing: /home/lbarnett/ros2_ws/src/rcraicer/install/rcraicer/share/ament_index/resource_index/packages/rcraicer
[111.940s] -- Installing: /home/lbarnett/ros2_ws/src/rcraicer/install/rcraicer/share/rcraicer/cmake/rcraicerConfig.cmake
[111.940s] -- Installing: /home/lbarnett/ros2_ws/src/rcraicer/install/rcraicer/share/rcraicer/cmake/rcraicerConfig-version.cmake
[111.940s] -- Installing: /home/lbarnett/ros2_ws/src/rcraicer/install/rcraicer/share/rcraicer/package.xml
[111.943s] Invoked command in '/home/lbarnett/ros2_ws/src/rcraicer/build/rcraicer' returned '0': AMENT_PREFIX_PATH=/home/lbarnett/ros2_ws/src/rcraicer/install/rcraicer_msgs:${AMENT_PREFIX_PATH} CMAKE_PREFIX_PATH=/home/lbarnett/ros2_ws/src/rcraicer/install/rcraicer_msgs:/home/lbarnett/ros2_ws/install/rviz_satellite:/home/lbarnett/ros2_ws/install/robot_localization:/home/lbarnett/ros2_ws/install/rcraicer_sim:/home/lbarnett/ros2_ws/install/rcraicer_mapping:/home/lbarnett/ros2_ws/install/rcraicer_gps:/home/lbarnett/ros2_ws/install/rcraicer_description:/home/lbarnett/ros2_ws/install/rcraicer:/home/lbarnett/ros2_ws/install/rcraicer_msgs:/home/lbarnett/ros2_ws/install/rcraicer_mppi_test:/home/lbarnett/ros2_ws/install/rcraicer_mppi:/home/lbarnett/ros2_ws/install/rcraicer_imu:/home/lbarnett/ros2_ws/install/mavros:/home/lbarnett/ros2_ws/install/mavros_msgs:/home/lbarnett/ros2_ws/install/libmavconn:/home/lbarnett/ros2_ws/install/kalman_filter_localization:/home/lbarnett/ros2_ws/install/rcraicer_utils:/home/lbarnett/ros2_ws/install/rcraicer_ui:/opt/ros/foxy LD_LIBRARY_PATH=/home/lbarnett/ros2_ws/src/rcraicer/install/rcraicer_msgs/lib:${LD_LIBRARY_PATH} PYTHONPATH=/home/lbarnett/ros2_ws/src/rcraicer/install/rcraicer_msgs/lib/python3.8/site-packages:${PYTHONPATH} /usr/bin/cmake --install /home/lbarnett/ros2_ws/src/rcraicer/build/rcraicer
