[  0%] Built target rcraicer_msgs__cpp
[ 12%] Built target rcraicer_msgs__rosidl_generator_c
[ 24%] Built target rcraicer_msgs__rosidl_typesupport_cpp
[ 37%] Built target rcraicer_msgs__rosidl_typesupport_introspection_cpp
[ 49%] Built target rcraicer_msgs__rosidl_typesupport_fastrtps_cpp
[ 61%] Built target rcraicer_msgs__rosidl_typesupport_introspection_c
[ 73%] Built target rcraicer_msgs__rosidl_typesupport_c
[ 85%] Built target rcraicer_msgs__rosidl_typesupport_fastrtps_c
[ 85%] Built target rcraicer_msgs
[ 86%] Built target rcraicer_msgs__py
[ 97%] Built target rcraicer_msgs__python
[ 98%] Built target rcraicer_msgs__rosidl_typesupport_c__pyext
[ 99%] Built target rcraicer_msgs__rosidl_typesupport_introspection_c__pyext
[100%] Built target rcraicer_msgs__rosidl_typesupport_fastrtps_c__pyext
-- Install configuration: "RelWithDebInfo"
-- Up-to-date: /home/lbarnett/ros2_ws/src/rcraicer/install/rcraicer_msgs/share/ament_index/resource_index/rosidl_interfaces/rcraicer_msgs
-- Up-to-date: /home/lbarnett/ros2_ws/src/rcraicer/install/rcraicer_msgs/include/rcraicer_msgs
-- Up-to-date: /home/lbarnett/ros2_ws/src/rcraicer/install/rcraicer_msgs/include/rcraicer_msgs/msg
-- Up-to-date: /home/lbarnett/ros2_ws/src/rcraicer/install/rcraicer_msgs/include/rcraicer_msgs/msg/state_estimator_status.h
-- Up-to-date: /home/lbarnett/ros2_ws/src/rcraicer/install/rcraicer_msgs/include/rcraicer_msgs/msg/neural_net_layer.h
-- Up-to-date: /home/lbarnett/ros2_ws/src/rcraicer/install/rcraicer_msgs/include/rcraicer_msgs/msg/imu_filter_output.h
-- Up-to-date: /home/lbarnett/ros2_ws/src/rcraicer/install/rcraicer_msgs/include/rcraicer_msgs/msg/path_integral_params.h
-- Up-to-date: /home/lbarnett/ros2_ws/src/rcraicer/install/rcraicer_msgs/include/rcraicer_msgs/msg/gpsrf_status.h
-- Up-to-date: /home/lbarnett/ros2_ws/src/rcraicer/install/rcraicer_msgs/include/rcraicer_msgs/msg/lap_stats.h
-- Up-to-date: /home/lbarnett/ros2_ws/src/rcraicer/install/rcraicer_msgs/include/rcraicer_msgs/msg/chassis_state.h
-- Up-to-date: /home/lbarnett/ros2_ws/src/rcraicer/install/rcraicer_msgs/include/rcraicer_msgs/msg/path_integral_stats.h
-- Up-to-date: /home/lbarnett/ros2_ws/src/rcraicer/install/rcraicer_msgs/include/rcraicer_msgs/msg/chassis_command.h
-- Up-to-date: /home/lbarnett/ros2_ws/src/rcraicer/install/rcraicer_msgs/include/rcraicer_msgs/msg/rosidl_generator_c__visibility_control.h
-- Up-to-date: /home/lbarnett/ros2_ws/src/rcraicer/install/rcraicer_msgs/include/rcraicer_msgs/msg/compute_status.h
-- Up-to-date: /home/lbarnett/ros2_ws/src/rcraicer/install/rcraicer_msgs/include/rcraicer_msgs/msg/path_integral_timing.h
-- Up-to-date: /home/lbarnett/ros2_ws/src/rcraicer/install/rcraicer_msgs/include/rcraicer_msgs/msg/detail
-- Up-to-date: /home/lbarnett/ros2_ws/src/rcraicer/install/rcraicer_msgs/include/rcraicer_msgs/msg/detail/path_integral_timing__type_support.h
-- Up-to-date: /home/lbarnett/ros2_ws/src/rcraicer/install/rcraicer_msgs/include/rcraicer_msgs/msg/detail/gps_status__struct.h
-- Up-to-date: /home/lbarnett/ros2_ws/src/rcraicer/install/rcraicer_msgs/include/rcraicer_msgs/msg/detail/state_estimator_status__functions.c
-- Up-to-date: /home/lbarnett/ros2_ws/src/rcraicer/install/rcraicer_msgs/include/rcraicer_msgs/msg/detail/chassis_state__functions.h
-- Up-to-date: /home/lbarnett/ros2_ws/src/rcraicer/install/rcraicer_msgs/include/rcraicer_msgs/msg/detail/path_integral_stats__type_support.h
-- Up-to-date: /home/lbarnett/ros2_ws/src/rcraicer/install/rcraicer_msgs/include/rcraicer_msgs/msg/detail/path_integral_params__functions.c
-- Up-to-date: /home/lbarnett/ros2_ws/src/rcraicer/install/rcraicer_msgs/include/rcraicer_msgs/msg/detail/gpsrf_status__functions.c
-- Up-to-date: /home/lbarnett/ros2_ws/src/rcraicer/install/rcraicer_msgs/include/rcraicer_msgs/msg/detail/neural_net_layer__type_support.h
-- Up-to-date: /home/lbarnett/ros2_ws/src/rcraicer/install/rcraicer_msgs/include/rcraicer_msgs/msg/detail/gps_survey__struct.h
-- Up-to-date: /home/lbarnett/ros2_ws/src/rcraicer/install/rcraicer_msgs/include/rcraicer_msgs/msg/detail/chassis_command__functions.c
-- Up-to-date: /home/lbarnett/ros2_ws/src/rcraicer/install/rcraicer_msgs/include/rcraicer_msgs/msg/detail/path_integral_params__struct.h
-- Up-to-date: /home/lbarnett/ros2_ws/src/rcraicer/install/rcraicer_msgs/include/rcraicer_msgs/msg/detail/path_integral_status__functions.h
-- Up-to-date: /home/lbarnett/ros2_ws/src/rcraicer/install/rcraicer_msgs/include/rcraicer_msgs/msg/detail/path_integral_timing__struct.h
-- Up-to-date: /home/lbarnett/ros2_ws/src/rcraicer/install/rcraicer_msgs/include/rcraicer_msgs/msg/detail/encoder__struct.h
-- Up-to-date: /home/lbarnett/ros2_ws/src/rcraicer/install/rcraicer_msgs/include/rcraicer_msgs/msg/detail/sim_state__functions.c
-- Up-to-date: /home/lbarnett/ros2_ws/src/rcraicer/install/rcraicer_msgs/include/rcraicer_msgs/msg/detail/arduino_status__functions.c
-- Up-to-date: /home/lbarnett/ros2_ws/src/rcraicer/install/rcraicer_msgs/include/rcraicer_msgs/msg/detail/run_stop__type_support.h
-- Up-to-date: /home/lbarnett/ros2_ws/src/rcraicer/install/rcraicer_msgs/include/rcraicer_msgs/msg/detail/arduino_status__functions.h
-- Up-to-date: /home/lbarnett/ros2_ws/src/rcraicer/install/rcraicer_msgs/include/rcraicer_msgs/msg/detail/gpsrf_status__type_support.h
-- Up-to-date: /home/lbarnett/ros2_ws/src/rcraicer/install/rcraicer_msgs/include/rcraicer_msgs/msg/detail/run_stop__functions.h
-- Up-to-date: /home/lbarnett/ros2_ws/src/rcraicer/install/rcraicer_msgs/include/rcraicer_msgs/msg/detail/imu_filter_output__struct.h
-- Up-to-date: /home/lbarnett/ros2_ws/src/rcraicer/install/rcraicer_msgs/include/rcraicer_msgs/msg/detail/lap_stats__functions.c
-- Up-to-date: /home/lbarnett/ros2_ws/src/rcraicer/install/rcraicer_msgs/include/rcraicer_msgs/msg/detail/chassis_command__type_support.h
-- Up-to-date: /home/lbarnett/ros2_ws/src/rcraicer/install/rcraicer_msgs/include/rcraicer_msgs/msg/detail/neural_net_model__type_support.h
-- Up-to-date: /home/lbarnett/ros2_ws/src/rcraicer/install/rcraicer_msgs/include/rcraicer_msgs/msg/detail/chassis_state__type_support.h
-- Up-to-date: /home/lbarnett/ros2_ws/src/rcraicer/install/rcraicer_msgs/include/rcraicer_msgs/msg/detail/path_integral_timing__functions.h
-- Up-to-date: /home/lbarnett/ros2_ws/src/rcraicer/install/rcraicer_msgs/include/rcraicer_msgs/msg/detail/lap_stats__struct.h
-- Up-to-date: /home/lbarnett/ros2_ws/src/rcraicer/install/rcraicer_msgs/include/rcraicer_msgs/msg/detail/wheel_speed__type_support.h
-- Up-to-date: /home/lbarnett/ros2_ws/src/rcraicer/install/rcraicer_msgs/include/rcraicer_msgs/msg/detail/neural_net_model__functions.c
-- Up-to-date: /home/lbarnett/ros2_ws/src/rcraicer/install/rcraicer_msgs/include/rcraicer_msgs/msg/detail/path_integral_status__struct.h
-- Up-to-date: /home/lbarnett/ros2_ws/src/rcraicer/install/rcraicer_msgs/include/rcraicer_msgs/msg/detail/compute_status__type_support.h
-- Up-to-date: /home/lbarnett/ros2_ws/src/rcraicer/install/rcraicer_msgs/include/rcraicer_msgs/msg/detail/imu_filter_output__functions.c
-- Up-to-date: /home/lbarnett/ros2_ws/src/rcraicer/install/rcraicer_msgs/include/rcraicer_msgs/msg/detail/encoder__type_support.h
-- Up-to-date: /home/lbarnett/ros2_ws/src/rcraicer/install/rcraicer_msgs/include/rcraicer_msgs/msg/detail/gps_survey__functions.h
-- Up-to-date: /home/lbarnett/ros2_ws/src/rcraicer/install/rcraicer_msgs/include/rcraicer_msgs/msg/detail/neural_net_model__struct.h
-- Up-to-date: /home/lbarnett/ros2_ws/src/rcraicer/install/rcraicer_msgs/include/rcraicer_msgs/msg/detail/lap_stats__type_support.h
-- Up-to-date: /home/lbarnett/ros2_ws/src/rcraicer/install/rcraicer_msgs/include/rcraicer_msgs/msg/detail/gps_status__type_support.h
-- Up-to-date: /home/lbarnett/ros2_ws/src/rcraicer/install/rcraicer_msgs/include/rcraicer_msgs/msg/detail/neural_net_layer__functions.h
-- Up-to-date: /home/lbarnett/ros2_ws/src/rcraicer/install/rcraicer_msgs/include/rcraicer_msgs/msg/detail/gps_status__functions.c
-- Up-to-date: /home/lbarnett/ros2_ws/src/rcraicer/install/rcraicer_msgs/include/rcraicer_msgs/msg/detail/gps_survey__type_support.h
-- Up-to-date: /home/lbarnett/ros2_ws/src/rcraicer/install/rcraicer_msgs/include/rcraicer_msgs/msg/detail/path_integral_timing__functions.c
-- Up-to-date: /home/lbarnett/ros2_ws/src/rcraicer/install/rcraicer_msgs/include/rcraicer_msgs/msg/detail/lap_stats__functions.h
-- Up-to-date: /home/lbarnett/ros2_ws/src/rcraicer/install/rcraicer_msgs/include/rcraicer_msgs/msg/detail/compute_status__struct.h
-- Up-to-date: /home/lbarnett/ros2_ws/src/rcraicer/install/rcraicer_msgs/include/rcraicer_msgs/msg/detail/chassis_state__struct.h
-- Up-to-date: /home/lbarnett/ros2_ws/src/rcraicer/install/rcraicer_msgs/include/rcraicer_msgs/msg/detail/path_integral_status__type_support.h
-- Up-to-date: /home/lbarnett/ros2_ws/src/rcraicer/install/rcraicer_msgs/include/rcraicer_msgs/msg/detail/arduino_status__type_support.h
-- Up-to-date: /home/lbarnett/ros2_ws/src/rcraicer/install/rcraicer_msgs/include/rcraicer_msgs/msg/detail/neural_net_model__functions.h
-- Up-to-date: /home/lbarnett/ros2_ws/src/rcraicer/install/rcraicer_msgs/include/rcraicer_msgs/msg/detail/chassis_state__functions.c
-- Up-to-date: /home/lbarnett/ros2_ws/src/rcraicer/install/rcraicer_msgs/include/rcraicer_msgs/msg/detail/sim_state__struct.h
-- Up-to-date: /home/lbarnett/ros2_ws/src/rcraicer/install/rcraicer_msgs/include/rcraicer_msgs/msg/detail/neural_net_layer__struct.h
-- Up-to-date: /home/lbarnett/ros2_ws/src/rcraicer/install/rcraicer_msgs/include/rcraicer_msgs/msg/detail/wheel_speed__functions.h
-- Up-to-date: /home/lbarnett/ros2_ws/src/rcraicer/install/rcraicer_msgs/include/rcraicer_msgs/msg/detail/compute_status__functions.c
-- Up-to-date: /home/lbarnett/ros2_ws/src/rcraicer/install/rcraicer_msgs/include/rcraicer_msgs/msg/detail/imu_filter_output__functions.h
-- Up-to-date: /home/lbarnett/ros2_ws/src/rcraicer/install/rcraicer_msgs/include/rcraicer_msgs/msg/detail/arduino_status__struct.h
-- Up-to-date: /home/lbarnett/ros2_ws/src/rcraicer/install/rcraicer_msgs/include/rcraicer_msgs/msg/detail/path_integral_params__functions.h
-- Up-to-date: /home/lbarnett/ros2_ws/src/rcraicer/install/rcraicer_msgs/include/rcraicer_msgs/msg/detail/chassis_command__functions.h
-- Up-to-date: /home/lbarnett/ros2_ws/src/rcraicer/install/rcraicer_msgs/include/rcraicer_msgs/msg/detail/gpsrf_status__functions.h
-- Up-to-date: /home/lbarnett/ros2_ws/src/rcraicer/install/rcraicer_msgs/include/rcraicer_msgs/msg/detail/wheel_speed__functions.c
-- Up-to-date: /home/lbarnett/ros2_ws/src/rcraicer/install/rcraicer_msgs/include/rcraicer_msgs/msg/detail/sim_state__type_support.h
-- Up-to-date: /home/lbarnett/ros2_ws/src/rcraicer/install/rcraicer_msgs/include/rcraicer_msgs/msg/detail/gps_status__functions.h
-- Up-to-date: /home/lbarnett/ros2_ws/src/rcraicer/install/rcraicer_msgs/include/rcraicer_msgs/msg/detail/neural_net_layer__functions.c
-- Up-to-date: /home/lbarnett/ros2_ws/src/rcraicer/install/rcraicer_msgs/include/rcraicer_msgs/msg/detail/gpsrf_status__struct.h
-- Up-to-date: /home/lbarnett/ros2_ws/src/rcraicer/install/rcraicer_msgs/include/rcraicer_msgs/msg/detail/path_integral_params__type_support.h
-- Up-to-date: /home/lbarnett/ros2_ws/src/rcraicer/install/rcraicer_msgs/include/rcraicer_msgs/msg/detail/run_stop__functions.c
-- Up-to-date: /home/lbarnett/ros2_ws/src/rcraicer/install/rcraicer_msgs/include/rcraicer_msgs/msg/detail/path_integral_status__functions.c
-- Up-to-date: /home/lbarnett/ros2_ws/src/rcraicer/install/rcraicer_msgs/include/rcraicer_msgs/msg/detail/path_integral_stats__struct.h
-- Up-to-date: /home/lbarnett/ros2_ws/src/rcraicer/install/rcraicer_msgs/include/rcraicer_msgs/msg/detail/imu_filter_output__type_support.h
-- Up-to-date: /home/lbarnett/ros2_ws/src/rcraicer/install/rcraicer_msgs/include/rcraicer_msgs/msg/detail/wheel_speed__struct.h
-- Up-to-date: /home/lbarnett/ros2_ws/src/rcraicer/install/rcraicer_msgs/include/rcraicer_msgs/msg/detail/state_estimator_status__functions.h
-- Up-to-date: /home/lbarnett/ros2_ws/src/rcraicer/install/rcraicer_msgs/include/rcraicer_msgs/msg/detail/compute_status__functions.h
-- Up-to-date: /home/lbarnett/ros2_ws/src/rcraicer/install/rcraicer_msgs/include/rcraicer_msgs/msg/detail/path_integral_stats__functions.h
-- Up-to-date: /home/lbarnett/ros2_ws/src/rcraicer/install/rcraicer_msgs/include/rcraicer_msgs/msg/detail/path_integral_stats__functions.c
-- Up-to-date: /home/lbarnett/ros2_ws/src/rcraicer/install/rcraicer_msgs/include/rcraicer_msgs/msg/detail/run_stop__struct.h
-- Up-to-date: /home/lbarnett/ros2_ws/src/rcraicer/install/rcraicer_msgs/include/rcraicer_msgs/msg/detail/encoder__functions.c
-- Up-to-date: /home/lbarnett/ros2_ws/src/rcraicer/install/rcraicer_msgs/include/rcraicer_msgs/msg/detail/gps_survey__functions.c
-- Up-to-date: /home/lbarnett/ros2_ws/src/rcraicer/install/rcraicer_msgs/include/rcraicer_msgs/msg/detail/encoder__functions.h
-- Up-to-date: /home/lbarnett/ros2_ws/src/rcraicer/install/rcraicer_msgs/include/rcraicer_msgs/msg/detail/sim_state__functions.h
-- Up-to-date: /home/lbarnett/ros2_ws/src/rcraicer/install/rcraicer_msgs/include/rcraicer_msgs/msg/detail/state_estimator_status__type_support.h
-- Up-to-date: /home/lbarnett/ros2_ws/src/rcraicer/install/rcraicer_msgs/include/rcraicer_msgs/msg/detail/chassis_command__struct.h
-- Up-to-date: /home/lbarnett/ros2_ws/src/rcraicer/install/rcraicer_msgs/include/rcraicer_msgs/msg/detail/state_estimator_status__struct.h
-- Up-to-date: /home/lbarnett/ros2_ws/src/rcraicer/install/rcraicer_msgs/include/rcraicer_msgs/msg/arduino_status.h
-- Up-to-date: /home/lbarnett/ros2_ws/src/rcraicer/install/rcraicer_msgs/include/rcraicer_msgs/msg/encoder.h
-- Up-to-date: /home/lbarnett/ros2_ws/src/rcraicer/install/rcraicer_msgs/include/rcraicer_msgs/msg/sim_state.h
-- Up-to-date: /home/lbarnett/ros2_ws/src/rcraicer/install/rcraicer_msgs/include/rcraicer_msgs/msg/neural_net_model.h
-- Up-to-date: /home/lbarnett/ros2_ws/src/rcraicer/install/rcraicer_msgs/include/rcraicer_msgs/msg/gps_survey.h
-- Up-to-date: /home/lbarnett/ros2_ws/src/rcraicer/install/rcraicer_msgs/include/rcraicer_msgs/msg/path_integral_status.h
-- Up-to-date: /home/lbarnett/ros2_ws/src/rcraicer/install/rcraicer_msgs/include/rcraicer_msgs/msg/run_stop.h
-- Up-to-date: /home/lbarnett/ros2_ws/src/rcraicer/install/rcraicer_msgs/include/rcraicer_msgs/msg/gps_status.h
-- Up-to-date: /home/lbarnett/ros2_ws/src/rcraicer/install/rcraicer_msgs/include/rcraicer_msgs/msg/wheel_speed.h
-- Up-to-date: /home/lbarnett/ros2_ws/src/rcraicer/install/rcraicer_msgs/share/rcraicer_msgs/environment/library_path.sh
-- Up-to-date: /home/lbarnett/ros2_ws/src/rcraicer/install/rcraicer_msgs/share/rcraicer_msgs/environment/library_path.dsv
-- Up-to-date: /home/lbarnett/ros2_ws/src/rcraicer/install/rcraicer_msgs/lib/librcraicer_msgs__rosidl_generator_c.so
-- Up-to-date: /home/lbarnett/ros2_ws/src/rcraicer/install/rcraicer_msgs/include/rcraicer_msgs
-- Up-to-date: /home/lbarnett/ros2_ws/src/rcraicer/install/rcraicer_msgs/include/rcraicer_msgs/msg
-- Up-to-date: /home/lbarnett/ros2_ws/src/rcraicer/install/rcraicer_msgs/include/rcraicer_msgs/msg/rosidl_typesupport_fastrtps_c__visibility_control.h
-- Up-to-date: /home/lbarnett/ros2_ws/src/rcraicer/install/rcraicer_msgs/include/rcraicer_msgs/msg/detail
-- Up-to-date: /home/lbarnett/ros2_ws/src/rcraicer/install/rcraicer_msgs/include/rcraicer_msgs/msg/detail/gps_survey__rosidl_typesupport_fastrtps_c.h
-- Up-to-date: /home/lbarnett/ros2_ws/src/rcraicer/install/rcraicer_msgs/include/rcraicer_msgs/msg/detail/path_integral_timing__rosidl_typesupport_fastrtps_c.h
-- Up-to-date: /home/lbarnett/ros2_ws/src/rcraicer/install/rcraicer_msgs/include/rcraicer_msgs/msg/detail/path_integral_status__rosidl_typesupport_fastrtps_c.h
-- Up-to-date: /home/lbarnett/ros2_ws/src/rcraicer/install/rcraicer_msgs/include/rcraicer_msgs/msg/detail/encoder__rosidl_typesupport_fastrtps_c.h
-- Up-to-date: /home/lbarnett/ros2_ws/src/rcraicer/install/rcraicer_msgs/include/rcraicer_msgs/msg/detail/gps_status__rosidl_typesupport_fastrtps_c.h
-- Up-to-date: /home/lbarnett/ros2_ws/src/rcraicer/install/rcraicer_msgs/include/rcraicer_msgs/msg/detail/state_estimator_status__rosidl_typesupport_fastrtps_c.h
-- Up-to-date: /home/lbarnett/ros2_ws/src/rcraicer/install/rcraicer_msgs/include/rcraicer_msgs/msg/detail/chassis_command__rosidl_typesupport_fastrtps_c.h
-- Up-to-date: /home/lbarnett/ros2_ws/src/rcraicer/install/rcraicer_msgs/include/rcraicer_msgs/msg/detail/chassis_state__rosidl_typesupport_fastrtps_c.h
-- Up-to-date: /home/lbarnett/ros2_ws/src/rcraicer/install/rcraicer_msgs/include/rcraicer_msgs/msg/detail/run_stop__rosidl_typesupport_fastrtps_c.h
-- Up-to-date: /home/lbarnett/ros2_ws/src/rcraicer/install/rcraicer_msgs/include/rcraicer_msgs/msg/detail/sim_state__rosidl_typesupport_fastrtps_c.h
-- Up-to-date: /home/lbarnett/ros2_ws/src/rcraicer/install/rcraicer_msgs/include/rcraicer_msgs/msg/detail/gpsrf_status__rosidl_typesupport_fastrtps_c.h
-- Up-to-date: /home/lbarnett/ros2_ws/src/rcraicer/install/rcraicer_msgs/include/rcraicer_msgs/msg/detail/arduino_status__rosidl_typesupport_fastrtps_c.h
-- Up-to-date: /home/lbarnett/ros2_ws/src/rcraicer/install/rcraicer_msgs/include/rcraicer_msgs/msg/detail/compute_status__rosidl_typesupport_fastrtps_c.h
-- Up-to-date: /home/lbarnett/ros2_ws/src/rcraicer/install/rcraicer_msgs/include/rcraicer_msgs/msg/detail/path_integral_params__rosidl_typesupport_fastrtps_c.h
-- Up-to-date: /home/lbarnett/ros2_ws/src/rcraicer/install/rcraicer_msgs/include/rcraicer_msgs/msg/detail/imu_filter_output__rosidl_typesupport_fastrtps_c.h
-- Up-to-date: /home/lbarnett/ros2_ws/src/rcraicer/install/rcraicer_msgs/include/rcraicer_msgs/msg/detail/lap_stats__rosidl_typesupport_fastrtps_c.h
-- Up-to-date: /home/lbarnett/ros2_ws/src/rcraicer/install/rcraicer_msgs/include/rcraicer_msgs/msg/detail/wheel_speed__rosidl_typesupport_fastrtps_c.h
-- Up-to-date: /home/lbarnett/ros2_ws/src/rcraicer/install/rcraicer_msgs/include/rcraicer_msgs/msg/detail/neural_net_layer__rosidl_typesupport_fastrtps_c.h
-- Up-to-date: /home/lbarnett/ros2_ws/src/rcraicer/install/rcraicer_msgs/include/rcraicer_msgs/msg/detail/path_integral_stats__rosidl_typesupport_fastrtps_c.h
-- Up-to-date: /home/lbarnett/ros2_ws/src/rcraicer/install/rcraicer_msgs/include/rcraicer_msgs/msg/detail/neural_net_model__rosidl_typesupport_fastrtps_c.h
-- Up-to-date: /home/lbarnett/ros2_ws/src/rcraicer/install/rcraicer_msgs/lib/librcraicer_msgs__rosidl_typesupport_fastrtps_c.so
-- Up-to-date: /home/lbarnett/ros2_ws/src/rcraicer/install/rcraicer_msgs/include/rcraicer_msgs
-- Up-to-date: /home/lbarnett/ros2_ws/src/rcraicer/install/rcraicer_msgs/include/rcraicer_msgs/msg
-- Up-to-date: /home/lbarnett/ros2_ws/src/rcraicer/install/rcraicer_msgs/include/rcraicer_msgs/msg/detail
-- Up-to-date: /home/lbarnett/ros2_ws/src/rcraicer/install/rcraicer_msgs/include/rcraicer_msgs/msg/detail/arduino_status__rosidl_typesupport_fastrtps_cpp.hpp
-- Up-to-date: /home/lbarnett/ros2_ws/src/rcraicer/install/rcraicer_msgs/include/rcraicer_msgs/msg/detail/state_estimator_status__rosidl_typesupport_fastrtps_cpp.hpp
-- Up-to-date: /home/lbarnett/ros2_ws/src/rcraicer/install/rcraicer_msgs/include/rcraicer_msgs/msg/detail/sim_state__rosidl_typesupport_fastrtps_cpp.hpp
-- Up-to-date: /home/lbarnett/ros2_ws/src/rcraicer/install/rcraicer_msgs/include/rcraicer_msgs/msg/detail/chassis_command__rosidl_typesupport_fastrtps_cpp.hpp
-- Up-to-date: /home/lbarnett/ros2_ws/src/rcraicer/install/rcraicer_msgs/include/rcraicer_msgs/msg/detail/lap_stats__rosidl_typesupport_fastrtps_cpp.hpp
-- Up-to-date: /home/lbarnett/ros2_ws/src/rcraicer/install/rcraicer_msgs/include/rcraicer_msgs/msg/detail/gpsrf_status__rosidl_typesupport_fastrtps_cpp.hpp
-- Up-to-date: /home/lbarnett/ros2_ws/src/rcraicer/install/rcraicer_msgs/include/rcraicer_msgs/msg/detail/gps_status__rosidl_typesupport_fastrtps_cpp.hpp
-- Up-to-date: /home/lbarnett/ros2_ws/src/rcraicer/install/rcraicer_msgs/include/rcraicer_msgs/msg/detail/encoder__rosidl_typesupport_fastrtps_cpp.hpp
-- Up-to-date: /home/lbarnett/ros2_ws/src/rcraicer/install/rcraicer_msgs/include/rcraicer_msgs/msg/detail/run_stop__rosidl_typesupport_fastrtps_cpp.hpp
-- Up-to-date: /home/lbarnett/ros2_ws/src/rcraicer/install/rcraicer_msgs/include/rcraicer_msgs/msg/detail/path_integral_params__rosidl_typesupport_fastrtps_cpp.hpp
-- Up-to-date: /home/lbarnett/ros2_ws/src/rcraicer/install/rcraicer_msgs/include/rcraicer_msgs/msg/detail/imu_filter_output__rosidl_typesupport_fastrtps_cpp.hpp
-- Up-to-date: /home/lbarnett/ros2_ws/src/rcraicer/install/rcraicer_msgs/include/rcraicer_msgs/msg/detail/path_integral_timing__rosidl_typesupport_fastrtps_cpp.hpp
-- Up-to-date: /home/lbarnett/ros2_ws/src/rcraicer/install/rcraicer_msgs/include/rcraicer_msgs/msg/detail/path_integral_status__rosidl_typesupport_fastrtps_cpp.hpp
-- Up-to-date: /home/lbarnett/ros2_ws/src/rcraicer/install/rcraicer_msgs/include/rcraicer_msgs/msg/detail/chassis_state__rosidl_typesupport_fastrtps_cpp.hpp
-- Up-to-date: /home/lbarnett/ros2_ws/src/rcraicer/install/rcraicer_msgs/include/rcraicer_msgs/msg/detail/neural_net_model__rosidl_typesupport_fastrtps_cpp.hpp
-- Up-to-date: /home/lbarnett/ros2_ws/src/rcraicer/install/rcraicer_msgs/include/rcraicer_msgs/msg/detail/path_integral_stats__rosidl_typesupport_fastrtps_cpp.hpp
-- Up-to-date: /home/lbarnett/ros2_ws/src/rcraicer/install/rcraicer_msgs/include/rcraicer_msgs/msg/detail/dds_fastrtps
-- Up-to-date: /home/lbarnett/ros2_ws/src/rcraicer/install/rcraicer_msgs/include/rcraicer_msgs/msg/detail/gps_survey__rosidl_typesupport_fastrtps_cpp.hpp
-- Up-to-date: /home/lbarnett/ros2_ws/src/rcraicer/install/rcraicer_msgs/include/rcraicer_msgs/msg/detail/wheel_speed__rosidl_typesupport_fastrtps_cpp.hpp
-- Up-to-date: /home/lbarnett/ros2_ws/src/rcraicer/install/rcraicer_msgs/include/rcraicer_msgs/msg/detail/neural_net_layer__rosidl_typesupport_fastrtps_cpp.hpp
-- Up-to-date: /home/lbarnett/ros2_ws/src/rcraicer/install/rcraicer_msgs/include/rcraicer_msgs/msg/detail/compute_status__rosidl_typesupport_fastrtps_cpp.hpp
-- Up-to-date: /home/lbarnett/ros2_ws/src/rcraicer/install/rcraicer_msgs/include/rcraicer_msgs/msg/rosidl_typesupport_fastrtps_cpp__visibility_control.h
-- Up-to-date: /home/lbarnett/ros2_ws/src/rcraicer/install/rcraicer_msgs/lib/librcraicer_msgs__rosidl_typesupport_fastrtps_cpp.so
-- Up-to-date: /home/lbarnett/ros2_ws/src/rcraicer/install/rcraicer_msgs/include/rcraicer_msgs
-- Up-to-date: /home/lbarnett/ros2_ws/src/rcraicer/install/rcraicer_msgs/include/rcraicer_msgs/msg
-- Up-to-date: /home/lbarnett/ros2_ws/src/rcraicer/install/rcraicer_msgs/include/rcraicer_msgs/msg/rosidl_typesupport_introspection_c__visibility_control.h
-- Up-to-date: /home/lbarnett/ros2_ws/src/rcraicer/install/rcraicer_msgs/include/rcraicer_msgs/msg/detail
-- Up-to-date: /home/lbarnett/ros2_ws/src/rcraicer/install/rcraicer_msgs/include/rcraicer_msgs/msg/detail/path_integral_timing__type_support.c
-- Up-to-date: /home/lbarnett/ros2_ws/src/rcraicer/install/rcraicer_msgs/include/rcraicer_msgs/msg/detail/run_stop__rosidl_typesupport_introspection_c.h
-- Up-to-date: /home/lbarnett/ros2_ws/src/rcraicer/install/rcraicer_msgs/include/rcraicer_msgs/msg/detail/arduino_status__rosidl_typesupport_introspection_c.h
-- Up-to-date: /home/lbarnett/ros2_ws/src/rcraicer/install/rcraicer_msgs/include/rcraicer_msgs/msg/detail/lap_stats__rosidl_typesupport_introspection_c.h
-- Up-to-date: /home/lbarnett/ros2_ws/src/rcraicer/install/rcraicer_msgs/include/rcraicer_msgs/msg/detail/gps_survey__type_support.c
-- Up-to-date: /home/lbarnett/ros2_ws/src/rcraicer/install/rcraicer_msgs/include/rcraicer_msgs/msg/detail/imu_filter_output__type_support.c
-- Up-to-date: /home/lbarnett/ros2_ws/src/rcraicer/install/rcraicer_msgs/include/rcraicer_msgs/msg/detail/compute_status__type_support.c
-- Up-to-date: /home/lbarnett/ros2_ws/src/rcraicer/install/rcraicer_msgs/include/rcraicer_msgs/msg/detail/gps_survey__rosidl_typesupport_introspection_c.h
-- Up-to-date: /home/lbarnett/ros2_ws/src/rcraicer/install/rcraicer_msgs/include/rcraicer_msgs/msg/detail/neural_net_layer__rosidl_typesupport_introspection_c.h
-- Up-to-date: /home/lbarnett/ros2_ws/src/rcraicer/install/rcraicer_msgs/include/rcraicer_msgs/msg/detail/chassis_state__type_support.c
-- Up-to-date: /home/lbarnett/ros2_ws/src/rcraicer/install/rcraicer_msgs/include/rcraicer_msgs/msg/detail/gpsrf_status__rosidl_typesupport_introspection_c.h
-- Up-to-date: /home/lbarnett/ros2_ws/src/rcraicer/install/rcraicer_msgs/include/rcraicer_msgs/msg/detail/path_integral_status__type_support.c
-- Up-to-date: /home/lbarnett/ros2_ws/src/rcraicer/install/rcraicer_msgs/include/rcraicer_msgs/msg/detail/path_integral_stats__rosidl_typesupport_introspection_c.h
-- Up-to-date: /home/lbarnett/ros2_ws/src/rcraicer/install/rcraicer_msgs/include/rcraicer_msgs/msg/detail/chassis_command__type_support.c
-- Up-to-date: /home/lbarnett/ros2_ws/src/rcraicer/install/rcraicer_msgs/include/rcraicer_msgs/msg/detail/neural_net_model__rosidl_typesupport_introspection_c.h
-- Up-to-date: /home/lbarnett/ros2_ws/src/rcraicer/install/rcraicer_msgs/include/rcraicer_msgs/msg/detail/encoder__rosidl_typesupport_introspection_c.h
-- Up-to-date: /home/lbarnett/ros2_ws/src/rcraicer/install/rcraicer_msgs/include/rcraicer_msgs/msg/detail/path_integral_timing__rosidl_typesupport_introspection_c.h
-- Up-to-date: /home/lbarnett/ros2_ws/src/rcraicer/install/rcraicer_msgs/include/rcraicer_msgs/msg/detail/path_integral_params__type_support.c
-- Up-to-date: /home/lbarnett/ros2_ws/src/rcraicer/install/rcraicer_msgs/include/rcraicer_msgs/msg/detail/sim_state__type_support.c
-- Up-to-date: /home/lbarnett/ros2_ws/src/rcraicer/install/rcraicer_msgs/include/rcraicer_msgs/msg/detail/state_estimator_status__type_support.c
-- Up-to-date: /home/lbarnett/ros2_ws/src/rcraicer/install/rcraicer_msgs/include/rcraicer_msgs/msg/detail/gps_status__type_support.c
-- Up-to-date: /home/lbarnett/ros2_ws/src/rcraicer/install/rcraicer_msgs/include/rcraicer_msgs/msg/detail/run_stop__type_support.c
-- Up-to-date: /home/lbarnett/ros2_ws/src/rcraicer/install/rcraicer_msgs/include/rcraicer_msgs/msg/detail/path_integral_status__rosidl_typesupport_introspection_c.h
-- Up-to-date: /home/lbarnett/ros2_ws/src/rcraicer/install/rcraicer_msgs/include/rcraicer_msgs/msg/detail/path_integral_stats__type_support.c
-- Up-to-date: /home/lbarnett/ros2_ws/src/rcraicer/install/rcraicer_msgs/include/rcraicer_msgs/msg/detail/arduino_status__type_support.c
-- Up-to-date: /home/lbarnett/ros2_ws/src/rcraicer/install/rcraicer_msgs/include/rcraicer_msgs/msg/detail/lap_stats__type_support.c
-- Up-to-date: /home/lbarnett/ros2_ws/src/rcraicer/install/rcraicer_msgs/include/rcraicer_msgs/msg/detail/neural_net_model__type_support.c
-- Up-to-date: /home/lbarnett/ros2_ws/src/rcraicer/install/rcraicer_msgs/include/rcraicer_msgs/msg/detail/encoder__type_support.c
-- Up-to-date: /home/lbarnett/ros2_ws/src/rcraicer/install/rcraicer_msgs/include/rcraicer_msgs/msg/detail/wheel_speed__type_support.c
-- Up-to-date: /home/lbarnett/ros2_ws/src/rcraicer/install/rcraicer_msgs/include/rcraicer_msgs/msg/detail/sim_state__rosidl_typesupport_introspection_c.h
-- Up-to-date: /home/lbarnett/ros2_ws/src/rcraicer/install/rcraicer_msgs/include/rcraicer_msgs/msg/detail/gpsrf_status__type_support.c
-- Up-to-date: /home/lbarnett/ros2_ws/src/rcraicer/install/rcraicer_msgs/include/rcraicer_msgs/msg/detail/imu_filter_output__rosidl_typesupport_introspection_c.h
-- Up-to-date: /home/lbarnett/ros2_ws/src/rcraicer/install/rcraicer_msgs/include/rcraicer_msgs/msg/detail/neural_net_layer__type_support.c
-- Up-to-date: /home/lbarnett/ros2_ws/src/rcraicer/install/rcraicer_msgs/include/rcraicer_msgs/msg/detail/path_integral_params__rosidl_typesupport_introspection_c.h
-- Up-to-date: /home/lbarnett/ros2_ws/src/rcraicer/install/rcraicer_msgs/include/rcraicer_msgs/msg/detail/chassis_command__rosidl_typesupport_introspection_c.h
-- Up-to-date: /home/lbarnett/ros2_ws/src/rcraicer/install/rcraicer_msgs/include/rcraicer_msgs/msg/detail/state_estimator_status__rosidl_typesupport_introspection_c.h
-- Up-to-date: /home/lbarnett/ros2_ws/src/rcraicer/install/rcraicer_msgs/include/rcraicer_msgs/msg/detail/chassis_state__rosidl_typesupport_introspection_c.h
-- Up-to-date: /home/lbarnett/ros2_ws/src/rcraicer/install/rcraicer_msgs/include/rcraicer_msgs/msg/detail/wheel_speed__rosidl_typesupport_introspection_c.h
-- Up-to-date: /home/lbarnett/ros2_ws/src/rcraicer/install/rcraicer_msgs/include/rcraicer_msgs/msg/detail/gps_status__rosidl_typesupport_introspection_c.h
-- Up-to-date: /home/lbarnett/ros2_ws/src/rcraicer/install/rcraicer_msgs/include/rcraicer_msgs/msg/detail/compute_status__rosidl_typesupport_introspection_c.h
-- Up-to-date: /home/lbarnett/ros2_ws/src/rcraicer/install/rcraicer_msgs/lib/librcraicer_msgs__rosidl_typesupport_introspection_c.so
-- Up-to-date: /home/lbarnett/ros2_ws/src/rcraicer/install/rcraicer_msgs/lib/librcraicer_msgs__rosidl_typesupport_c.so
-- Up-to-date: /home/lbarnett/ros2_ws/src/rcraicer/install/rcraicer_msgs/include/rcraicer_msgs
-- Up-to-date: /home/lbarnett/ros2_ws/src/rcraicer/install/rcraicer_msgs/include/rcraicer_msgs/msg
-- Up-to-date: /home/lbarnett/ros2_ws/src/rcraicer/install/rcraicer_msgs/include/rcraicer_msgs/msg/encoder.hpp
-- Up-to-date: /home/lbarnett/ros2_ws/src/rcraicer/install/rcraicer_msgs/include/rcraicer_msgs/msg/path_integral_stats.hpp
-- Up-to-date: /home/lbarnett/ros2_ws/src/rcraicer/install/rcraicer_msgs/include/rcraicer_msgs/msg/chassis_command.hpp
-- Up-to-date: /home/lbarnett/ros2_ws/src/rcraicer/install/rcraicer_msgs/include/rcraicer_msgs/msg/run_stop.hpp
-- Up-to-date: /home/lbarnett/ros2_ws/src/rcraicer/install/rcraicer_msgs/include/rcraicer_msgs/msg/sim_state.hpp
-- Up-to-date: /home/lbarnett/ros2_ws/src/rcraicer/install/rcraicer_msgs/include/rcraicer_msgs/msg/imu_filter_output.hpp
-- Up-to-date: /home/lbarnett/ros2_ws/src/rcraicer/install/rcraicer_msgs/include/rcraicer_msgs/msg/chassis_state.hpp
-- Up-to-date: /home/lbarnett/ros2_ws/src/rcraicer/install/rcraicer_msgs/include/rcraicer_msgs/msg/gps_survey.hpp
-- Up-to-date: /home/lbarnett/ros2_ws/src/rcraicer/install/rcraicer_msgs/include/rcraicer_msgs/msg/gpsrf_status.hpp
-- Up-to-date: /home/lbarnett/ros2_ws/src/rcraicer/install/rcraicer_msgs/include/rcraicer_msgs/msg/arduino_status.hpp
-- Up-to-date: /home/lbarnett/ros2_ws/src/rcraicer/install/rcraicer_msgs/include/rcraicer_msgs/msg/lap_stats.hpp
-- Up-to-date: /home/lbarnett/ros2_ws/src/rcraicer/install/rcraicer_msgs/include/rcraicer_msgs/msg/detail
-- Up-to-date: /home/lbarnett/ros2_ws/src/rcraicer/install/rcraicer_msgs/include/rcraicer_msgs/msg/detail/path_integral_status__struct.hpp
-- Up-to-date: /home/lbarnett/ros2_ws/src/rcraicer/install/rcraicer_msgs/include/rcraicer_msgs/msg/detail/chassis_command__struct.hpp
-- Up-to-date: /home/lbarnett/ros2_ws/src/rcraicer/install/rcraicer_msgs/include/rcraicer_msgs/msg/detail/sim_state__builder.hpp
-- Up-to-date: /home/lbarnett/ros2_ws/src/rcraicer/install/rcraicer_msgs/include/rcraicer_msgs/msg/detail/wheel_speed__traits.hpp
-- Up-to-date: /home/lbarnett/ros2_ws/src/rcraicer/install/rcraicer_msgs/include/rcraicer_msgs/msg/detail/gps_status__traits.hpp
-- Up-to-date: /home/lbarnett/ros2_ws/src/rcraicer/install/rcraicer_msgs/include/rcraicer_msgs/msg/detail/neural_net_layer__traits.hpp
-- Up-to-date: /home/lbarnett/ros2_ws/src/rcraicer/install/rcraicer_msgs/include/rcraicer_msgs/msg/detail/path_integral_params__traits.hpp
-- Up-to-date: /home/lbarnett/ros2_ws/src/rcraicer/install/rcraicer_msgs/include/rcraicer_msgs/msg/detail/neural_net_model__builder.hpp
-- Up-to-date: /home/lbarnett/ros2_ws/src/rcraicer/install/rcraicer_msgs/include/rcraicer_msgs/msg/detail/gps_survey__traits.hpp
-- Up-to-date: /home/lbarnett/ros2_ws/src/rcraicer/install/rcraicer_msgs/include/rcraicer_msgs/msg/detail/chassis_state__traits.hpp
-- Up-to-date: /home/lbarnett/ros2_ws/src/rcraicer/install/rcraicer_msgs/include/rcraicer_msgs/msg/detail/run_stop__builder.hpp
-- Up-to-date: /home/lbarnett/ros2_ws/src/rcraicer/install/rcraicer_msgs/include/rcraicer_msgs/msg/detail/compute_status__traits.hpp
-- Up-to-date: /home/lbarnett/ros2_ws/src/rcraicer/install/rcraicer_msgs/include/rcraicer_msgs/msg/detail/gpsrf_status__struct.hpp
-- Up-to-date: /home/lbarnett/ros2_ws/src/rcraicer/install/rcraicer_msgs/include/rcraicer_msgs/msg/detail/lap_stats__struct.hpp
-- Up-to-date: /home/lbarnett/ros2_ws/src/rcraicer/install/rcraicer_msgs/include/rcraicer_msgs/msg/detail/imu_filter_output__traits.hpp
-- Up-to-date: /home/lbarnett/ros2_ws/src/rcraicer/install/rcraicer_msgs/include/rcraicer_msgs/msg/detail/path_integral_timing__struct.hpp
-- Up-to-date: /home/lbarnett/ros2_ws/src/rcraicer/install/rcraicer_msgs/include/rcraicer_msgs/msg/detail/state_estimator_status__builder.hpp
-- Up-to-date: /home/lbarnett/ros2_ws/src/rcraicer/install/rcraicer_msgs/include/rcraicer_msgs/msg/detail/wheel_speed__builder.hpp
-- Up-to-date: /home/lbarnett/ros2_ws/src/rcraicer/install/rcraicer_msgs/include/rcraicer_msgs/msg/detail/neural_net_model__struct.hpp
-- Up-to-date: /home/lbarnett/ros2_ws/src/rcraicer/install/rcraicer_msgs/include/rcraicer_msgs/msg/detail/gps_survey__builder.hpp
-- Up-to-date: /home/lbarnett/ros2_ws/src/rcraicer/install/rcraicer_msgs/include/rcraicer_msgs/msg/detail/sim_state__traits.hpp
-- Up-to-date: /home/lbarnett/ros2_ws/src/rcraicer/install/rcraicer_msgs/include/rcraicer_msgs/msg/detail/run_stop__traits.hpp
-- Up-to-date: /home/lbarnett/ros2_ws/src/rcraicer/install/rcraicer_msgs/include/rcraicer_msgs/msg/detail/imu_filter_output__struct.hpp
-- Up-to-date: /home/lbarnett/ros2_ws/src/rcraicer/install/rcraicer_msgs/include/rcraicer_msgs/msg/detail/gps_status__struct.hpp
-- Up-to-date: /home/lbarnett/ros2_ws/src/rcraicer/install/rcraicer_msgs/include/rcraicer_msgs/msg/detail/neural_net_model__traits.hpp
-- Up-to-date: /home/lbarnett/ros2_ws/src/rcraicer/install/rcraicer_msgs/include/rcraicer_msgs/msg/detail/run_stop__struct.hpp
-- Up-to-date: /home/lbarnett/ros2_ws/src/rcraicer/install/rcraicer_msgs/include/rcraicer_msgs/msg/detail/encoder__builder.hpp
-- Up-to-date: /home/lbarnett/ros2_ws/src/rcraicer/install/rcraicer_msgs/include/rcraicer_msgs/msg/detail/state_estimator_status__traits.hpp
-- Up-to-date: /home/lbarnett/ros2_ws/src/rcraicer/install/rcraicer_msgs/include/rcraicer_msgs/msg/detail/compute_status__builder.hpp
-- Up-to-date: /home/lbarnett/ros2_ws/src/rcraicer/install/rcraicer_msgs/include/rcraicer_msgs/msg/detail/encoder__struct.hpp
-- Up-to-date: /home/lbarnett/ros2_ws/src/rcraicer/install/rcraicer_msgs/include/rcraicer_msgs/msg/detail/chassis_command__traits.hpp
-- Up-to-date: /home/lbarnett/ros2_ws/src/rcraicer/install/rcraicer_msgs/include/rcraicer_msgs/msg/detail/compute_status__struct.hpp
-- Up-to-date: /home/lbarnett/ros2_ws/src/rcraicer/install/rcraicer_msgs/include/rcraicer_msgs/msg/detail/gps_survey__struct.hpp
-- Up-to-date: /home/lbarnett/ros2_ws/src/rcraicer/install/rcraicer_msgs/include/rcraicer_msgs/msg/detail/path_integral_stats__struct.hpp
-- Up-to-date: /home/lbarnett/ros2_ws/src/rcraicer/install/rcraicer_msgs/include/rcraicer_msgs/msg/detail/neural_net_layer__builder.hpp
-- Up-to-date: /home/lbarnett/ros2_ws/src/rcraicer/install/rcraicer_msgs/include/rcraicer_msgs/msg/detail/path_integral_params__struct.hpp
-- Up-to-date: /home/lbarnett/ros2_ws/src/rcraicer/install/rcraicer_msgs/include/rcraicer_msgs/msg/detail/neural_net_layer__struct.hpp
-- Up-to-date: /home/lbarnett/ros2_ws/src/rcraicer/install/rcraicer_msgs/include/rcraicer_msgs/msg/detail/path_integral_params__builder.hpp
-- Up-to-date: /home/lbarnett/ros2_ws/src/rcraicer/install/rcraicer_msgs/include/rcraicer_msgs/msg/detail/arduino_status__traits.hpp
-- Up-to-date: /home/lbarnett/ros2_ws/src/rcraicer/install/rcraicer_msgs/include/rcraicer_msgs/msg/detail/path_integral_timing__builder.hpp
-- Up-to-date: /home/lbarnett/ros2_ws/src/rcraicer/install/rcraicer_msgs/include/rcraicer_msgs/msg/detail/encoder__traits.hpp
-- Up-to-date: /home/lbarnett/ros2_ws/src/rcraicer/install/rcraicer_msgs/include/rcraicer_msgs/msg/detail/chassis_state__builder.hpp
-- Up-to-date: /home/lbarnett/ros2_ws/src/rcraicer/install/rcraicer_msgs/include/rcraicer_msgs/msg/detail/path_integral_status__traits.hpp
-- Up-to-date: /home/lbarnett/ros2_ws/src/rcraicer/install/rcraicer_msgs/include/rcraicer_msgs/msg/detail/gps_status__builder.hpp
-- Up-to-date: /home/lbarnett/ros2_ws/src/rcraicer/install/rcraicer_msgs/include/rcraicer_msgs/msg/detail/path_integral_stats__builder.hpp
-- Up-to-date: /home/lbarnett/ros2_ws/src/rcraicer/install/rcraicer_msgs/include/rcraicer_msgs/msg/detail/arduino_status__builder.hpp
-- Up-to-date: /home/lbarnett/ros2_ws/src/rcraicer/install/rcraicer_msgs/include/rcraicer_msgs/msg/detail/lap_stats__traits.hpp
-- Up-to-date: /home/lbarnett/ros2_ws/src/rcraicer/install/rcraicer_msgs/include/rcraicer_msgs/msg/detail/path_integral_status__builder.hpp
-- Up-to-date: /home/lbarnett/ros2_ws/src/rcraicer/install/rcraicer_msgs/include/rcraicer_msgs/msg/detail/chassis_command__builder.hpp
-- Up-to-date: /home/lbarnett/ros2_ws/src/rcraicer/install/rcraicer_msgs/include/rcraicer_msgs/msg/detail/arduino_status__struct.hpp
-- Up-to-date: /home/lbarnett/ros2_ws/src/rcraicer/install/rcraicer_msgs/include/rcraicer_msgs/msg/detail/gpsrf_status__traits.hpp
-- Up-to-date: /home/lbarnett/ros2_ws/src/rcraicer/install/rcraicer_msgs/include/rcraicer_msgs/msg/detail/lap_stats__builder.hpp
-- Up-to-date: /home/lbarnett/ros2_ws/src/rcraicer/install/rcraicer_msgs/include/rcraicer_msgs/msg/detail/imu_filter_output__builder.hpp
-- Up-to-date: /home/lbarnett/ros2_ws/src/rcraicer/install/rcraicer_msgs/include/rcraicer_msgs/msg/detail/chassis_state__struct.hpp
-- Up-to-date: /home/lbarnett/ros2_ws/src/rcraicer/install/rcraicer_msgs/include/rcraicer_msgs/msg/detail/sim_state__struct.hpp
-- Up-to-date: /home/lbarnett/ros2_ws/src/rcraicer/install/rcraicer_msgs/include/rcraicer_msgs/msg/detail/path_integral_timing__traits.hpp
-- Up-to-date: /home/lbarnett/ros2_ws/src/rcraicer/install/rcraicer_msgs/include/rcraicer_msgs/msg/detail/gpsrf_status__builder.hpp
-- Up-to-date: /home/lbarnett/ros2_ws/src/rcraicer/install/rcraicer_msgs/include/rcraicer_msgs/msg/detail/state_estimator_status__struct.hpp
-- Up-to-date: /home/lbarnett/ros2_ws/src/rcraicer/install/rcraicer_msgs/include/rcraicer_msgs/msg/detail/path_integral_stats__traits.hpp
-- Up-to-date: /home/lbarnett/ros2_ws/src/rcraicer/install/rcraicer_msgs/include/rcraicer_msgs/msg/detail/wheel_speed__struct.hpp
-- Up-to-date: /home/lbarnett/ros2_ws/src/rcraicer/install/rcraicer_msgs/include/rcraicer_msgs/msg/neural_net_layer.hpp
-- Up-to-date: /home/lbarnett/ros2_ws/src/rcraicer/install/rcraicer_msgs/include/rcraicer_msgs/msg/path_integral_status.hpp
-- Up-to-date: /home/lbarnett/ros2_ws/src/rcraicer/install/rcraicer_msgs/include/rcraicer_msgs/msg/path_integral_timing.hpp
-- Up-to-date: /home/lbarnett/ros2_ws/src/rcraicer/install/rcraicer_msgs/include/rcraicer_msgs/msg/wheel_speed.hpp
-- Up-to-date: /home/lbarnett/ros2_ws/src/rcraicer/install/rcraicer_msgs/include/rcraicer_msgs/msg/gps_status.hpp
-- Up-to-date: /home/lbarnett/ros2_ws/src/rcraicer/install/rcraicer_msgs/include/rcraicer_msgs/msg/path_integral_params.hpp
-- Up-to-date: /home/lbarnett/ros2_ws/src/rcraicer/install/rcraicer_msgs/include/rcraicer_msgs/msg/compute_status.hpp
-- Up-to-date: /home/lbarnett/ros2_ws/src/rcraicer/install/rcraicer_msgs/include/rcraicer_msgs/msg/neural_net_model.hpp
-- Up-to-date: /home/lbarnett/ros2_ws/src/rcraicer/install/rcraicer_msgs/include/rcraicer_msgs/msg/state_estimator_status.hpp
-- Up-to-date: /home/lbarnett/ros2_ws/src/rcraicer/install/rcraicer_msgs/include/rcraicer_msgs
-- Up-to-date: /home/lbarnett/ros2_ws/src/rcraicer/install/rcraicer_msgs/include/rcraicer_msgs/msg
-- Up-to-date: /home/lbarnett/ros2_ws/src/rcraicer/install/rcraicer_msgs/include/rcraicer_msgs/msg/detail
-- Up-to-date: /home/lbarnett/ros2_ws/src/rcraicer/install/rcraicer_msgs/include/rcraicer_msgs/msg/detail/path_integral_timing__rosidl_typesupport_introspection_cpp.hpp
-- Up-to-date: /home/lbarnett/ros2_ws/src/rcraicer/install/rcraicer_msgs/include/rcraicer_msgs/msg/detail/path_integral_stats__type_support.cpp
-- Up-to-date: /home/lbarnett/ros2_ws/src/rcraicer/install/rcraicer_msgs/include/rcraicer_msgs/msg/detail/run_stop__rosidl_typesupport_introspection_cpp.hpp
-- Up-to-date: /home/lbarnett/ros2_ws/src/rcraicer/install/rcraicer_msgs/include/rcraicer_msgs/msg/detail/wheel_speed__type_support.cpp
-- Up-to-date: /home/lbarnett/ros2_ws/src/rcraicer/install/rcraicer_msgs/include/rcraicer_msgs/msg/detail/sim_state__type_support.cpp
-- Up-to-date: /home/lbarnett/ros2_ws/src/rcraicer/install/rcraicer_msgs/include/rcraicer_msgs/msg/detail/gps_status__type_support.cpp
-- Up-to-date: /home/lbarnett/ros2_ws/src/rcraicer/install/rcraicer_msgs/include/rcraicer_msgs/msg/detail/gpsrf_status__type_support.cpp
-- Up-to-date: /home/lbarnett/ros2_ws/src/rcraicer/install/rcraicer_msgs/include/rcraicer_msgs/msg/detail/sim_state__rosidl_typesupport_introspection_cpp.hpp
-- Up-to-date: /home/lbarnett/ros2_ws/src/rcraicer/install/rcraicer_msgs/include/rcraicer_msgs/msg/detail/path_integral_timing__type_support.cpp
-- Up-to-date: /home/lbarnett/ros2_ws/src/rcraicer/install/rcraicer_msgs/include/rcraicer_msgs/msg/detail/lap_stats__rosidl_typesupport_introspection_cpp.hpp
-- Up-to-date: /home/lbarnett/ros2_ws/src/rcraicer/install/rcraicer_msgs/include/rcraicer_msgs/msg/detail/chassis_state__type_support.cpp
-- Up-to-date: /home/lbarnett/ros2_ws/src/rcraicer/install/rcraicer_msgs/include/rcraicer_msgs/msg/detail/path_integral_params__rosidl_typesupport_introspection_cpp.hpp
-- Up-to-date: /home/lbarnett/ros2_ws/src/rcraicer/install/rcraicer_msgs/include/rcraicer_msgs/msg/detail/compute_status__type_support.cpp
-- Up-to-date: /home/lbarnett/ros2_ws/src/rcraicer/install/rcraicer_msgs/include/rcraicer_msgs/msg/detail/neural_net_layer__rosidl_typesupport_introspection_cpp.hpp
-- Up-to-date: /home/lbarnett/ros2_ws/src/rcraicer/install/rcraicer_msgs/include/rcraicer_msgs/msg/detail/state_estimator_status__type_support.cpp
-- Up-to-date: /home/lbarnett/ros2_ws/src/rcraicer/install/rcraicer_msgs/include/rcraicer_msgs/msg/detail/gps_survey__rosidl_typesupport_introspection_cpp.hpp
-- Up-to-date: /home/lbarnett/ros2_ws/src/rcraicer/install/rcraicer_msgs/include/rcraicer_msgs/msg/detail/arduino_status__type_support.cpp
-- Up-to-date: /home/lbarnett/ros2_ws/src/rcraicer/install/rcraicer_msgs/include/rcraicer_msgs/msg/detail/chassis_state__rosidl_typesupport_introspection_cpp.hpp
-- Up-to-date: /home/lbarnett/ros2_ws/src/rcraicer/install/rcraicer_msgs/include/rcraicer_msgs/msg/detail/imu_filter_output__rosidl_typesupport_introspection_cpp.hpp
-- Up-to-date: /home/lbarnett/ros2_ws/src/rcraicer/install/rcraicer_msgs/include/rcraicer_msgs/msg/detail/state_estimator_status__rosidl_typesupport_introspection_cpp.hpp
-- Up-to-date: /home/lbarnett/ros2_ws/src/rcraicer/install/rcraicer_msgs/include/rcraicer_msgs/msg/detail/neural_net_model__rosidl_typesupport_introspection_cpp.hpp
-- Up-to-date: /home/lbarnett/ros2_ws/src/rcraicer/install/rcraicer_msgs/include/rcraicer_msgs/msg/detail/run_stop__type_support.cpp
-- Up-to-date: /home/lbarnett/ros2_ws/src/rcraicer/install/rcraicer_msgs/include/rcraicer_msgs/msg/detail/lap_stats__type_support.cpp
-- Up-to-date: /home/lbarnett/ros2_ws/src/rcraicer/install/rcraicer_msgs/include/rcraicer_msgs/msg/detail/arduino_status__rosidl_typesupport_introspection_cpp.hpp
-- Up-to-date: /home/lbarnett/ros2_ws/src/rcraicer/install/rcraicer_msgs/include/rcraicer_msgs/msg/detail/gps_survey__type_support.cpp
-- Up-to-date: /home/lbarnett/ros2_ws/src/rcraicer/install/rcraicer_msgs/include/rcraicer_msgs/msg/detail/imu_filter_output__type_support.cpp
-- Up-to-date: /home/lbarnett/ros2_ws/src/rcraicer/install/rcraicer_msgs/include/rcraicer_msgs/msg/detail/path_integral_stats__rosidl_typesupport_introspection_cpp.hpp
-- Up-to-date: /home/lbarnett/ros2_ws/src/rcraicer/install/rcraicer_msgs/include/rcraicer_msgs/msg/detail/neural_net_layer__type_support.cpp
-- Up-to-date: /home/lbarnett/ros2_ws/src/rcraicer/install/rcraicer_msgs/include/rcraicer_msgs/msg/detail/chassis_command__rosidl_typesupport_introspection_cpp.hpp
-- Up-to-date: /home/lbarnett/ros2_ws/src/rcraicer/install/rcraicer_msgs/include/rcraicer_msgs/msg/detail/gpsrf_status__rosidl_typesupport_introspection_cpp.hpp
-- Up-to-date: /home/lbarnett/ros2_ws/src/rcraicer/install/rcraicer_msgs/include/rcraicer_msgs/msg/detail/gps_status__rosidl_typesupport_introspection_cpp.hpp
-- Up-to-date: /home/lbarnett/ros2_ws/src/rcraicer/install/rcraicer_msgs/include/rcraicer_msgs/msg/detail/encoder__rosidl_typesupport_introspection_cpp.hpp
-- Up-to-date: /home/lbarnett/ros2_ws/src/rcraicer/install/rcraicer_msgs/include/rcraicer_msgs/msg/detail/path_integral_status__type_support.cpp
-- Up-to-date: /home/lbarnett/ros2_ws/src/rcraicer/install/rcraicer_msgs/include/rcraicer_msgs/msg/detail/neural_net_model__type_support.cpp
-- Up-to-date: /home/lbarnett/ros2_ws/src/rcraicer/install/rcraicer_msgs/include/rcraicer_msgs/msg/detail/path_integral_status__rosidl_typesupport_introspection_cpp.hpp
-- Up-to-date: /home/lbarnett/ros2_ws/src/rcraicer/install/rcraicer_msgs/include/rcraicer_msgs/msg/detail/encoder__type_support.cpp
-- Up-to-date: /home/lbarnett/ros2_ws/src/rcraicer/install/rcraicer_msgs/include/rcraicer_msgs/msg/detail/chassis_command__type_support.cpp
-- Up-to-date: /home/lbarnett/ros2_ws/src/rcraicer/install/rcraicer_msgs/include/rcraicer_msgs/msg/detail/compute_status__rosidl_typesupport_introspection_cpp.hpp
-- Up-to-date: /home/lbarnett/ros2_ws/src/rcraicer/install/rcraicer_msgs/include/rcraicer_msgs/msg/detail/wheel_speed__rosidl_typesupport_introspection_cpp.hpp
-- Up-to-date: /home/lbarnett/ros2_ws/src/rcraicer/install/rcraicer_msgs/include/rcraicer_msgs/msg/detail/path_integral_params__type_support.cpp
-- Up-to-date: /home/lbarnett/ros2_ws/src/rcraicer/install/rcraicer_msgs/lib/librcraicer_msgs__rosidl_typesupport_introspection_cpp.so
-- Up-to-date: /home/lbarnett/ros2_ws/src/rcraicer/install/rcraicer_msgs/lib/librcraicer_msgs__rosidl_typesupport_cpp.so
-- Up-to-date: /home/lbarnett/ros2_ws/src/rcraicer/install/rcraicer_msgs/share/rcraicer_msgs/environment/pythonpath.sh
-- Up-to-date: /home/lbarnett/ros2_ws/src/rcraicer/install/rcraicer_msgs/share/rcraicer_msgs/environment/pythonpath.dsv
-- Up-to-date: /home/lbarnett/ros2_ws/src/rcraicer/install/rcraicer_msgs/lib/python3.8/site-packages/rcraicer_msgs/__init__.py
-- Up-to-date: /home/lbarnett/ros2_ws/src/rcraicer/install/rcraicer_msgs/lib/python3.8/site-packages/rcraicer_msgs/msg
-- Up-to-date: /home/lbarnett/ros2_ws/src/rcraicer/install/rcraicer_msgs/lib/python3.8/site-packages/rcraicer_msgs/msg/_path_integral_timing.py
-- Up-to-date: /home/lbarnett/ros2_ws/src/rcraicer/install/rcraicer_msgs/lib/python3.8/site-packages/rcraicer_msgs/msg/_chassis_command_s.c
-- Up-to-date: /home/lbarnett/ros2_ws/src/rcraicer/install/rcraicer_msgs/lib/python3.8/site-packages/rcraicer_msgs/msg/_gpsrf_status.py
-- Up-to-date: /home/lbarnett/ros2_ws/src/rcraicer/install/rcraicer_msgs/lib/python3.8/site-packages/rcraicer_msgs/msg/_chassis_state_s.c
-- Up-to-date: /home/lbarnett/ros2_ws/src/rcraicer/install/rcraicer_msgs/lib/python3.8/site-packages/rcraicer_msgs/msg/_path_integral_stats_s.c
-- Up-to-date: /home/lbarnett/ros2_ws/src/rcraicer/install/rcraicer_msgs/lib/python3.8/site-packages/rcraicer_msgs/msg/_sim_state.py
-- Up-to-date: /home/lbarnett/ros2_ws/src/rcraicer/install/rcraicer_msgs/lib/python3.8/site-packages/rcraicer_msgs/msg/_lap_stats.py
-- Up-to-date: /home/lbarnett/ros2_ws/src/rcraicer/install/rcraicer_msgs/lib/python3.8/site-packages/rcraicer_msgs/msg/_compute_status_s.c
-- Up-to-date: /home/lbarnett/ros2_ws/src/rcraicer/install/rcraicer_msgs/lib/python3.8/site-packages/rcraicer_msgs/msg/_state_estimator_status.py
-- Up-to-date: /home/lbarnett/ros2_ws/src/rcraicer/install/rcraicer_msgs/lib/python3.8/site-packages/rcraicer_msgs/msg/_compute_status.py
-- Up-to-date: /home/lbarnett/ros2_ws/src/rcraicer/install/rcraicer_msgs/lib/python3.8/site-packages/rcraicer_msgs/msg/_sim_state_s.c
-- Up-to-date: /home/lbarnett/ros2_ws/src/rcraicer/install/rcraicer_msgs/lib/python3.8/site-packages/rcraicer_msgs/msg/_neural_net_layer.py
-- Up-to-date: /home/lbarnett/ros2_ws/src/rcraicer/install/rcraicer_msgs/lib/python3.8/site-packages/rcraicer_msgs/msg/_gps_survey.py
-- Up-to-date: /home/lbarnett/ros2_ws/src/rcraicer/install/rcraicer_msgs/lib/python3.8/site-packages/rcraicer_msgs/msg/_wheel_speed_s.c
-- Up-to-date: /home/lbarnett/ros2_ws/src/rcraicer/install/rcraicer_msgs/lib/python3.8/site-packages/rcraicer_msgs/msg/_chassis_state.py
-- Up-to-date: /home/lbarnett/ros2_ws/src/rcraicer/install/rcraicer_msgs/lib/python3.8/site-packages/rcraicer_msgs/msg/_lap_stats_s.c
-- Up-to-date: /home/lbarnett/ros2_ws/src/rcraicer/install/rcraicer_msgs/lib/python3.8/site-packages/rcraicer_msgs/msg/_chassis_command.py
-- Up-to-date: /home/lbarnett/ros2_ws/src/rcraicer/install/rcraicer_msgs/lib/python3.8/site-packages/rcraicer_msgs/msg/_imu_filter_output_s.c
-- Up-to-date: /home/lbarnett/ros2_ws/src/rcraicer/install/rcraicer_msgs/lib/python3.8/site-packages/rcraicer_msgs/msg/_run_stop_s.c
-- Up-to-date: /home/lbarnett/ros2_ws/src/rcraicer/install/rcraicer_msgs/lib/python3.8/site-packages/rcraicer_msgs/msg/_path_integral_params_s.c
-- Up-to-date: /home/lbarnett/ros2_ws/src/rcraicer/install/rcraicer_msgs/lib/python3.8/site-packages/rcraicer_msgs/msg/_wheel_speed.py
-- Up-to-date: /home/lbarnett/ros2_ws/src/rcraicer/install/rcraicer_msgs/lib/python3.8/site-packages/rcraicer_msgs/msg/_encoder.py
-- Up-to-date: /home/lbarnett/ros2_ws/src/rcraicer/install/rcraicer_msgs/lib/python3.8/site-packages/rcraicer_msgs/msg/_encoder_s.c
-- Up-to-date: /home/lbarnett/ros2_ws/src/rcraicer/install/rcraicer_msgs/lib/python3.8/site-packages/rcraicer_msgs/msg/_arduino_status.py
-- Up-to-date: /home/lbarnett/ros2_ws/src/rcraicer/install/rcraicer_msgs/lib/python3.8/site-packages/rcraicer_msgs/msg/_gps_status.py
-- Up-to-date: /home/lbarnett/ros2_ws/src/rcraicer/install/rcraicer_msgs/lib/python3.8/site-packages/rcraicer_msgs/msg/_path_integral_status_s.c
-- Up-to-date: /home/lbarnett/ros2_ws/src/rcraicer/install/rcraicer_msgs/lib/python3.8/site-packages/rcraicer_msgs/msg/_path_integral_params.py
-- Up-to-date: /home/lbarnett/ros2_ws/src/rcraicer/install/rcraicer_msgs/lib/python3.8/site-packages/rcraicer_msgs/msg/_gps_survey_s.c
-- Up-to-date: /home/lbarnett/ros2_ws/src/rcraicer/install/rcraicer_msgs/lib/python3.8/site-packages/rcraicer_msgs/msg/_state_estimator_status_s.c
-- Up-to-date: /home/lbarnett/ros2_ws/src/rcraicer/install/rcraicer_msgs/lib/python3.8/site-packages/rcraicer_msgs/msg/_gpsrf_status_s.c
-- Up-to-date: /home/lbarnett/ros2_ws/src/rcraicer/install/rcraicer_msgs/lib/python3.8/site-packages/rcraicer_msgs/msg/_path_integral_stats.py
-- Up-to-date: /home/lbarnett/ros2_ws/src/rcraicer/install/rcraicer_msgs/lib/python3.8/site-packages/rcraicer_msgs/msg/_gps_status_s.c
-- Up-to-date: /home/lbarnett/ros2_ws/src/rcraicer/install/rcraicer_msgs/lib/python3.8/site-packages/rcraicer_msgs/msg/_neural_net_model.py
-- Up-to-date: /home/lbarnett/ros2_ws/src/rcraicer/install/rcraicer_msgs/lib/python3.8/site-packages/rcraicer_msgs/msg/_path_integral_timing_s.c
-- Up-to-date: /home/lbarnett/ros2_ws/src/rcraicer/install/rcraicer_msgs/lib/python3.8/site-packages/rcraicer_msgs/msg/_path_integral_status.py
-- Up-to-date: /home/lbarnett/ros2_ws/src/rcraicer/install/rcraicer_msgs/lib/python3.8/site-packages/rcraicer_msgs/msg/_neural_net_model_s.c
-- Up-to-date: /home/lbarnett/ros2_ws/src/rcraicer/install/rcraicer_msgs/lib/python3.8/site-packages/rcraicer_msgs/msg/_neural_net_layer_s.c
-- Up-to-date: /home/lbarnett/ros2_ws/src/rcraicer/install/rcraicer_msgs/lib/python3.8/site-packages/rcraicer_msgs/msg/_imu_filter_output.py
-- Up-to-date: /home/lbarnett/ros2_ws/src/rcraicer/install/rcraicer_msgs/lib/python3.8/site-packages/rcraicer_msgs/msg/_arduino_status_s.c
-- Up-to-date: /home/lbarnett/ros2_ws/src/rcraicer/install/rcraicer_msgs/lib/python3.8/site-packages/rcraicer_msgs/msg/__init__.py
-- Up-to-date: /home/lbarnett/ros2_ws/src/rcraicer/install/rcraicer_msgs/lib/python3.8/site-packages/rcraicer_msgs/msg/_run_stop.py
-- Up-to-date: /home/lbarnett/ros2_ws/src/rcraicer/install/rcraicer_msgs/lib/python3.8/site-packages/rcraicer_msgs/rcraicer_msgs_s__rosidl_typesupport_fastrtps_c.cpython-38-x86_64-linux-gnu.so
-- Up-to-date: /home/lbarnett/ros2_ws/src/rcraicer/install/rcraicer_msgs/lib/python3.8/site-packages/rcraicer_msgs/rcraicer_msgs_s__rosidl_typesupport_introspection_c.cpython-38-x86_64-linux-gnu.so
-- Up-to-date: /home/lbarnett/ros2_ws/src/rcraicer/install/rcraicer_msgs/lib/python3.8/site-packages/rcraicer_msgs/rcraicer_msgs_s__rosidl_typesupport_c.cpython-38-x86_64-linux-gnu.so
-- Up-to-date: /home/lbarnett/ros2_ws/src/rcraicer/install/rcraicer_msgs/lib/librcraicer_msgs__python.so
-- Up-to-date: /home/lbarnett/ros2_ws/src/rcraicer/install/rcraicer_msgs/share/rcraicer_msgs/msg/Encoder.idl
-- Up-to-date: /home/lbarnett/ros2_ws/src/rcraicer/install/rcraicer_msgs/share/rcraicer_msgs/msg/ArduinoStatus.idl
-- Up-to-date: /home/lbarnett/ros2_ws/src/rcraicer/install/rcraicer_msgs/share/rcraicer_msgs/msg/ChassisState.idl
-- Up-to-date: /home/lbarnett/ros2_ws/src/rcraicer/install/rcraicer_msgs/share/rcraicer_msgs/msg/ChassisCommand.idl
-- Up-to-date: /home/lbarnett/ros2_ws/src/rcraicer/install/rcraicer_msgs/share/rcraicer_msgs/msg/GPSStatus.idl
-- Up-to-date: /home/lbarnett/ros2_ws/src/rcraicer/install/rcraicer_msgs/share/rcraicer_msgs/msg/GPSSurvey.idl
-- Up-to-date: /home/lbarnett/ros2_ws/src/rcraicer/install/rcraicer_msgs/share/rcraicer_msgs/msg/GPSRFStatus.idl
-- Up-to-date: /home/lbarnett/ros2_ws/src/rcraicer/install/rcraicer_msgs/share/rcraicer_msgs/msg/WheelSpeed.idl
-- Up-to-date: /home/lbarnett/ros2_ws/src/rcraicer/install/rcraicer_msgs/share/rcraicer_msgs/msg/StateEstimatorStatus.idl
-- Up-to-date: /home/lbarnett/ros2_ws/src/rcraicer/install/rcraicer_msgs/share/rcraicer_msgs/msg/ImuFilterOutput.idl
-- Up-to-date: /home/lbarnett/ros2_ws/src/rcraicer/install/rcraicer_msgs/share/rcraicer_msgs/msg/ComputeStatus.idl
-- Up-to-date: /home/lbarnett/ros2_ws/src/rcraicer/install/rcraicer_msgs/share/rcraicer_msgs/msg/SimState.idl
-- Up-to-date: /home/lbarnett/ros2_ws/src/rcraicer/install/rcraicer_msgs/share/rcraicer_msgs/msg/NeuralNetLayer.idl
-- Up-to-date: /home/lbarnett/ros2_ws/src/rcraicer/install/rcraicer_msgs/share/rcraicer_msgs/msg/NeuralNetModel.idl
-- Up-to-date: /home/lbarnett/ros2_ws/src/rcraicer/install/rcraicer_msgs/share/rcraicer_msgs/msg/PathIntegralParams.idl
-- Up-to-date: /home/lbarnett/ros2_ws/src/rcraicer/install/rcraicer_msgs/share/rcraicer_msgs/msg/PathIntegralStats.idl
-- Up-to-date: /home/lbarnett/ros2_ws/src/rcraicer/install/rcraicer_msgs/share/rcraicer_msgs/msg/PathIntegralStatus.idl
-- Up-to-date: /home/lbarnett/ros2_ws/src/rcraicer/install/rcraicer_msgs/share/rcraicer_msgs/msg/PathIntegralTiming.idl
-- Up-to-date: /home/lbarnett/ros2_ws/src/rcraicer/install/rcraicer_msgs/share/rcraicer_msgs/msg/LapStats.idl
-- Up-to-date: /home/lbarnett/ros2_ws/src/rcraicer/install/rcraicer_msgs/share/rcraicer_msgs/msg/RunStop.idl
-- Up-to-date: /home/lbarnett/ros2_ws/src/rcraicer/install/rcraicer_msgs/share/rcraicer_msgs/msg/Encoder.msg
-- Up-to-date: /home/lbarnett/ros2_ws/src/rcraicer/install/rcraicer_msgs/share/rcraicer_msgs/msg/ArduinoStatus.msg
-- Up-to-date: /home/lbarnett/ros2_ws/src/rcraicer/install/rcraicer_msgs/share/rcraicer_msgs/msg/ChassisState.msg
-- Up-to-date: /home/lbarnett/ros2_ws/src/rcraicer/install/rcraicer_msgs/share/rcraicer_msgs/msg/ChassisCommand.msg
-- Up-to-date: /home/lbarnett/ros2_ws/src/rcraicer/install/rcraicer_msgs/share/rcraicer_msgs/msg/GPSStatus.msg
-- Up-to-date: /home/lbarnett/ros2_ws/src/rcraicer/install/rcraicer_msgs/share/rcraicer_msgs/msg/GPSSurvey.msg
-- Up-to-date: /home/lbarnett/ros2_ws/src/rcraicer/install/rcraicer_msgs/share/rcraicer_msgs/msg/GPSRFStatus.msg
-- Up-to-date: /home/lbarnett/ros2_ws/src/rcraicer/install/rcraicer_msgs/share/rcraicer_msgs/msg/WheelSpeed.msg
-- Up-to-date: /home/lbarnett/ros2_ws/src/rcraicer/install/rcraicer_msgs/share/rcraicer_msgs/msg/StateEstimatorStatus.msg
-- Up-to-date: /home/lbarnett/ros2_ws/src/rcraicer/install/rcraicer_msgs/share/rcraicer_msgs/msg/ImuFilterOutput.msg
-- Up-to-date: /home/lbarnett/ros2_ws/src/rcraicer/install/rcraicer_msgs/share/rcraicer_msgs/msg/ComputeStatus.msg
-- Up-to-date: /home/lbarnett/ros2_ws/src/rcraicer/install/rcraicer_msgs/share/rcraicer_msgs/msg/SimState.msg
-- Up-to-date: /home/lbarnett/ros2_ws/src/rcraicer/install/rcraicer_msgs/share/rcraicer_msgs/msg/NeuralNetLayer.msg
-- Up-to-date: /home/lbarnett/ros2_ws/src/rcraicer/install/rcraicer_msgs/share/rcraicer_msgs/msg/NeuralNetModel.msg
-- Up-to-date: /home/lbarnett/ros2_ws/src/rcraicer/install/rcraicer_msgs/share/rcraicer_msgs/msg/PathIntegralParams.msg
-- Up-to-date: /home/lbarnett/ros2_ws/src/rcraicer/install/rcraicer_msgs/share/rcraicer_msgs/msg/PathIntegralStats.msg
-- Up-to-date: /home/lbarnett/ros2_ws/src/rcraicer/install/rcraicer_msgs/share/rcraicer_msgs/msg/PathIntegralStatus.msg
-- Up-to-date: /home/lbarnett/ros2_ws/src/rcraicer/install/rcraicer_msgs/share/rcraicer_msgs/msg/PathIntegralTiming.msg
-- Up-to-date: /home/lbarnett/ros2_ws/src/rcraicer/install/rcraicer_msgs/share/rcraicer_msgs/msg/LapStats.msg
-- Up-to-date: /home/lbarnett/ros2_ws/src/rcraicer/install/rcraicer_msgs/share/rcraicer_msgs/msg/RunStop.msg
-- Up-to-date: /home/lbarnett/ros2_ws/src/rcraicer/install/rcraicer_msgs/share/ament_index/resource_index/package_run_dependencies/rcraicer_msgs
-- Up-to-date: /home/lbarnett/ros2_ws/src/rcraicer/install/rcraicer_msgs/share/ament_index/resource_index/parent_prefix_path/rcraicer_msgs
-- Up-to-date: /home/lbarnett/ros2_ws/src/rcraicer/install/rcraicer_msgs/share/rcraicer_msgs/environment/ament_prefix_path.sh
-- Up-to-date: /home/lbarnett/ros2_ws/src/rcraicer/install/rcraicer_msgs/share/rcraicer_msgs/environment/ament_prefix_path.dsv
-- Up-to-date: /home/lbarnett/ros2_ws/src/rcraicer/install/rcraicer_msgs/share/rcraicer_msgs/environment/path.sh
-- Up-to-date: /home/lbarnett/ros2_ws/src/rcraicer/install/rcraicer_msgs/share/rcraicer_msgs/environment/path.dsv
-- Up-to-date: /home/lbarnett/ros2_ws/src/rcraicer/install/rcraicer_msgs/share/rcraicer_msgs/local_setup.bash
-- Up-to-date: /home/lbarnett/ros2_ws/src/rcraicer/install/rcraicer_msgs/share/rcraicer_msgs/local_setup.sh
-- Up-to-date: /home/lbarnett/ros2_ws/src/rcraicer/install/rcraicer_msgs/share/rcraicer_msgs/local_setup.zsh
-- Up-to-date: /home/lbarnett/ros2_ws/src/rcraicer/install/rcraicer_msgs/share/rcraicer_msgs/local_setup.dsv
-- Installing: /home/lbarnett/ros2_ws/src/rcraicer/install/rcraicer_msgs/share/rcraicer_msgs/package.dsv
-- Up-to-date: /home/lbarnett/ros2_ws/src/rcraicer/install/rcraicer_msgs/share/ament_index/resource_index/packages/rcraicer_msgs
-- Up-to-date: /home/lbarnett/ros2_ws/src/rcraicer/install/rcraicer_msgs/share/rcraicer_msgs/cmake/rcraicer_msgs__rosidl_generator_cExport.cmake
-- Up-to-date: /home/lbarnett/ros2_ws/src/rcraicer/install/rcraicer_msgs/share/rcraicer_msgs/cmake/rcraicer_msgs__rosidl_generator_cExport-relwithdebinfo.cmake
-- Up-to-date: /home/lbarnett/ros2_ws/src/rcraicer/install/rcraicer_msgs/share/rcraicer_msgs/cmake/rcraicer_msgs__rosidl_typesupport_introspection_cExport.cmake
-- Up-to-date: /home/lbarnett/ros2_ws/src/rcraicer/install/rcraicer_msgs/share/rcraicer_msgs/cmake/rcraicer_msgs__rosidl_typesupport_introspection_cExport-relwithdebinfo.cmake
-- Up-to-date: /home/lbarnett/ros2_ws/src/rcraicer/install/rcraicer_msgs/share/rcraicer_msgs/cmake/rcraicer_msgs__rosidl_typesupport_cExport.cmake
-- Up-to-date: /home/lbarnett/ros2_ws/src/rcraicer/install/rcraicer_msgs/share/rcraicer_msgs/cmake/rcraicer_msgs__rosidl_typesupport_cExport-relwithdebinfo.cmake
-- Up-to-date: /home/lbarnett/ros2_ws/src/rcraicer/install/rcraicer_msgs/share/rcraicer_msgs/cmake/rcraicer_msgs__rosidl_generator_cppExport.cmake
-- Up-to-date: /home/lbarnett/ros2_ws/src/rcraicer/install/rcraicer_msgs/share/rcraicer_msgs/cmake/rcraicer_msgs__rosidl_typesupport_introspection_cppExport.cmake
-- Up-to-date: /home/lbarnett/ros2_ws/src/rcraicer/install/rcraicer_msgs/share/rcraicer_msgs/cmake/rcraicer_msgs__rosidl_typesupport_introspection_cppExport-relwithdebinfo.cmake
-- Up-to-date: /home/lbarnett/ros2_ws/src/rcraicer/install/rcraicer_msgs/share/rcraicer_msgs/cmake/rcraicer_msgs__rosidl_typesupport_cppExport.cmake
-- Up-to-date: /home/lbarnett/ros2_ws/src/rcraicer/install/rcraicer_msgs/share/rcraicer_msgs/cmake/rcraicer_msgs__rosidl_typesupport_cppExport-relwithdebinfo.cmake
-- Up-to-date: /home/lbarnett/ros2_ws/src/rcraicer/install/rcraicer_msgs/share/rcraicer_msgs/cmake/rosidl_cmake-extras.cmake
-- Up-to-date: /home/lbarnett/ros2_ws/src/rcraicer/install/rcraicer_msgs/share/rcraicer_msgs/cmake/ament_cmake_export_dependencies-extras.cmake
-- Up-to-date: /home/lbarnett/ros2_ws/src/rcraicer/install/rcraicer_msgs/share/rcraicer_msgs/cmake/ament_cmake_export_libraries-extras.cmake
-- Up-to-date: /home/lbarnett/ros2_ws/src/rcraicer/install/rcraicer_msgs/share/rcraicer_msgs/cmake/ament_cmake_export_targets-extras.cmake
-- Up-to-date: /home/lbarnett/ros2_ws/src/rcraicer/install/rcraicer_msgs/share/rcraicer_msgs/cmake/ament_cmake_export_include_directories-extras.cmake
-- Up-to-date: /home/lbarnett/ros2_ws/src/rcraicer/install/rcraicer_msgs/share/rcraicer_msgs/cmake/rosidl_cmake_export_typesupport_libraries-extras.cmake
-- Up-to-date: /home/lbarnett/ros2_ws/src/rcraicer/install/rcraicer_msgs/share/rcraicer_msgs/cmake/rosidl_cmake_export_typesupport_targets-extras.cmake
-- Up-to-date: /home/lbarnett/ros2_ws/src/rcraicer/install/rcraicer_msgs/share/rcraicer_msgs/cmake/rcraicer_msgsConfig.cmake
-- Up-to-date: /home/lbarnett/ros2_ws/src/rcraicer/install/rcraicer_msgs/share/rcraicer_msgs/cmake/rcraicer_msgsConfig-version.cmake
-- Up-to-date: /home/lbarnett/ros2_ws/src/rcraicer/install/rcraicer_msgs/share/rcraicer_msgs/package.xml
