[0.040s] Invoking command in '/home/lbarnett/ros2_ws/src/rcraicer/build/rcraicer_msgs': CMAKE_PREFIX_PATH=${CMAKE_PREFIX_PATH}:/home/lbarnett/ros2_ws/install/rcraicer_utils:/home/lbarnett/ros2_ws/install/rcraicer_ui:/opt/ros/foxy /usr/bin/cmake --build /home/lbarnett/ros2_ws/src/rcraicer/build/rcraicer_msgs -- -j8 -l8
[0.119s] [  0%] Built target rcraicer_msgs__cpp
[0.136s] [ 12%] Built target rcraicer_msgs__rosidl_generator_c
[0.176s] [ 24%] Built target rcraicer_msgs__rosidl_typesupport_cpp
[0.189s] [ 37%] Built target rcraicer_msgs__rosidl_typesupport_introspection_cpp
[0.191s] [ 49%] Built target rcraicer_msgs__rosidl_typesupport_fastrtps_cpp
[0.196s] [ 61%] Built target rcraicer_msgs__rosidl_typesupport_introspection_c
[0.196s] [ 73%] Built target rcraicer_msgs__rosidl_typesupport_c
[0.247s] [ 85%] Built target rcraicer_msgs__rosidl_typesupport_fastrtps_c
[0.284s] [ 85%] Built target rcraicer_msgs
[0.322s] [ 86%] Built target rcraicer_msgs__py
[0.376s] [ 97%] Built target rcraicer_msgs__python
[0.411s] [ 98%] Built target rcraicer_msgs__rosidl_typesupport_c__pyext
[0.417s] [ 99%] Built target rcraicer_msgs__rosidl_typesupport_introspection_c__pyext
[0.421s] [100%] Built target rcraicer_msgs__rosidl_typesupport_fastrtps_c__pyext
[0.435s] Invoked command in '/home/lbarnett/ros2_ws/src/rcraicer/build/rcraicer_msgs' returned '0': CMAKE_PREFIX_PATH=${CMAKE_PREFIX_PATH}:/home/lbarnett/ros2_ws/install/rcraicer_utils:/home/lbarnett/ros2_ws/install/rcraicer_ui:/opt/ros/foxy /usr/bin/cmake --build /home/lbarnett/ros2_ws/src/rcraicer/build/rcraicer_msgs -- -j8 -l8
[0.794s] Invoking command in '/home/lbarnett/ros2_ws/src/rcraicer/build/rcraicer_msgs': CMAKE_PREFIX_PATH=${CMAKE_PREFIX_PATH}:/home/lbarnett/ros2_ws/install/rcraicer_utils:/home/lbarnett/ros2_ws/install/rcraicer_ui:/opt/ros/foxy /usr/bin/cmake --install /home/lbarnett/ros2_ws/src/rcraicer/build/rcraicer_msgs
[0.804s] -- Install configuration: "RelWithDebInfo"
[0.804s] -- Up-to-date: /home/lbarnett/ros2_ws/src/rcraicer/install/rcraicer_msgs/share/ament_index/resource_index/rosidl_interfaces/rcraicer_msgs
[0.804s] -- Up-to-date: /home/lbarnett/ros2_ws/src/rcraicer/install/rcraicer_msgs/include/rcraicer_msgs
[0.804s] -- Up-to-date: /home/lbarnett/ros2_ws/src/rcraicer/install/rcraicer_msgs/include/rcraicer_msgs/msg
[0.805s] -- Up-to-date: /home/lbarnett/ros2_ws/src/rcraicer/install/rcraicer_msgs/include/rcraicer_msgs/msg/state_estimator_status.h
[0.805s] -- Up-to-date: /home/lbarnett/ros2_ws/src/rcraicer/install/rcraicer_msgs/include/rcraicer_msgs/msg/neural_net_layer.h
[0.805s] -- Up-to-date: /home/lbarnett/ros2_ws/src/rcraicer/install/rcraicer_msgs/include/rcraicer_msgs/msg/imu_filter_output.h
[0.805s] -- Up-to-date: /home/lbarnett/ros2_ws/src/rcraicer/install/rcraicer_msgs/include/rcraicer_msgs/msg/path_integral_params.h
[0.805s] -- Up-to-date: /home/lbarnett/ros2_ws/src/rcraicer/install/rcraicer_msgs/include/rcraicer_msgs/msg/gpsrf_status.h
[0.805s] -- Up-to-date: /home/lbarnett/ros2_ws/src/rcraicer/install/rcraicer_msgs/include/rcraicer_msgs/msg/lap_stats.h
[0.806s] -- Up-to-date: /home/lbarnett/ros2_ws/src/rcraicer/install/rcraicer_msgs/include/rcraicer_msgs/msg/chassis_state.h
[0.806s] -- Up-to-date: /home/lbarnett/ros2_ws/src/rcraicer/install/rcraicer_msgs/include/rcraicer_msgs/msg/path_integral_stats.h
[0.806s] -- Up-to-date: /home/lbarnett/ros2_ws/src/rcraicer/install/rcraicer_msgs/include/rcraicer_msgs/msg/chassis_command.h
[0.806s] -- Up-to-date: /home/lbarnett/ros2_ws/src/rcraicer/install/rcraicer_msgs/include/rcraicer_msgs/msg/rosidl_generator_c__visibility_control.h
[0.806s] -- Up-to-date: /home/lbarnett/ros2_ws/src/rcraicer/install/rcraicer_msgs/include/rcraicer_msgs/msg/compute_status.h
[0.806s] -- Up-to-date: /home/lbarnett/ros2_ws/src/rcraicer/install/rcraicer_msgs/include/rcraicer_msgs/msg/path_integral_timing.h
[0.806s] -- Up-to-date: /home/lbarnett/ros2_ws/src/rcraicer/install/rcraicer_msgs/include/rcraicer_msgs/msg/detail
[0.807s] -- Up-to-date: /home/lbarnett/ros2_ws/src/rcraicer/install/rcraicer_msgs/include/rcraicer_msgs/msg/detail/path_integral_timing__type_support.h
[0.807s] -- Up-to-date: /home/lbarnett/ros2_ws/src/rcraicer/install/rcraicer_msgs/include/rcraicer_msgs/msg/detail/gps_status__struct.h
[0.807s] -- Up-to-date: /home/lbarnett/ros2_ws/src/rcraicer/install/rcraicer_msgs/include/rcraicer_msgs/msg/detail/state_estimator_status__functions.c
[0.807s] -- Up-to-date: /home/lbarnett/ros2_ws/src/rcraicer/install/rcraicer_msgs/include/rcraicer_msgs/msg/detail/chassis_state__functions.h
[0.807s] -- Up-to-date: /home/lbarnett/ros2_ws/src/rcraicer/install/rcraicer_msgs/include/rcraicer_msgs/msg/detail/path_integral_stats__type_support.h
[0.807s] -- Up-to-date: /home/lbarnett/ros2_ws/src/rcraicer/install/rcraicer_msgs/include/rcraicer_msgs/msg/detail/path_integral_params__functions.c
[0.807s] -- Up-to-date: /home/lbarnett/ros2_ws/src/rcraicer/install/rcraicer_msgs/include/rcraicer_msgs/msg/detail/gpsrf_status__functions.c
[0.807s] -- Up-to-date: /home/lbarnett/ros2_ws/src/rcraicer/install/rcraicer_msgs/include/rcraicer_msgs/msg/detail/neural_net_layer__type_support.h
[0.807s] -- Up-to-date: /home/lbarnett/ros2_ws/src/rcraicer/install/rcraicer_msgs/include/rcraicer_msgs/msg/detail/gps_survey__struct.h
[0.807s] -- Up-to-date: /home/lbarnett/ros2_ws/src/rcraicer/install/rcraicer_msgs/include/rcraicer_msgs/msg/detail/chassis_command__functions.c
[0.807s] -- Up-to-date: /home/lbarnett/ros2_ws/src/rcraicer/install/rcraicer_msgs/include/rcraicer_msgs/msg/detail/path_integral_params__struct.h
[0.808s] -- Up-to-date: /home/lbarnett/ros2_ws/src/rcraicer/install/rcraicer_msgs/include/rcraicer_msgs/msg/detail/path_integral_status__functions.h
[0.808s] -- Up-to-date: /home/lbarnett/ros2_ws/src/rcraicer/install/rcraicer_msgs/include/rcraicer_msgs/msg/detail/path_integral_timing__struct.h
[0.808s] -- Up-to-date: /home/lbarnett/ros2_ws/src/rcraicer/install/rcraicer_msgs/include/rcraicer_msgs/msg/detail/encoder__struct.h
[0.808s] -- Up-to-date: /home/lbarnett/ros2_ws/src/rcraicer/install/rcraicer_msgs/include/rcraicer_msgs/msg/detail/sim_state__functions.c
[0.808s] -- Up-to-date: /home/lbarnett/ros2_ws/src/rcraicer/install/rcraicer_msgs/include/rcraicer_msgs/msg/detail/arduino_status__functions.c
[0.808s] -- Up-to-date: /home/lbarnett/ros2_ws/src/rcraicer/install/rcraicer_msgs/include/rcraicer_msgs/msg/detail/run_stop__type_support.h
[0.808s] -- Up-to-date: /home/lbarnett/ros2_ws/src/rcraicer/install/rcraicer_msgs/include/rcraicer_msgs/msg/detail/arduino_status__functions.h
[0.808s] -- Up-to-date: /home/lbarnett/ros2_ws/src/rcraicer/install/rcraicer_msgs/include/rcraicer_msgs/msg/detail/gpsrf_status__type_support.h
[0.808s] -- Up-to-date: /home/lbarnett/ros2_ws/src/rcraicer/install/rcraicer_msgs/include/rcraicer_msgs/msg/detail/run_stop__functions.h
[0.809s] -- Up-to-date: /home/lbarnett/ros2_ws/src/rcraicer/install/rcraicer_msgs/include/rcraicer_msgs/msg/detail/imu_filter_output__struct.h
[0.809s] -- Up-to-date: /home/lbarnett/ros2_ws/src/rcraicer/install/rcraicer_msgs/include/rcraicer_msgs/msg/detail/lap_stats__functions.c
[0.809s] -- Up-to-date: /home/lbarnett/ros2_ws/src/rcraicer/install/rcraicer_msgs/include/rcraicer_msgs/msg/detail/chassis_command__type_support.h
[0.809s] -- Up-to-date: /home/lbarnett/ros2_ws/src/rcraicer/install/rcraicer_msgs/include/rcraicer_msgs/msg/detail/neural_net_model__type_support.h
[0.809s] -- Up-to-date: /home/lbarnett/ros2_ws/src/rcraicer/install/rcraicer_msgs/include/rcraicer_msgs/msg/detail/chassis_state__type_support.h
[0.809s] -- Up-to-date: /home/lbarnett/ros2_ws/src/rcraicer/install/rcraicer_msgs/include/rcraicer_msgs/msg/detail/path_integral_timing__functions.h
[0.809s] -- Up-to-date: /home/lbarnett/ros2_ws/src/rcraicer/install/rcraicer_msgs/include/rcraicer_msgs/msg/detail/lap_stats__struct.h
[0.809s] -- Up-to-date: /home/lbarnett/ros2_ws/src/rcraicer/install/rcraicer_msgs/include/rcraicer_msgs/msg/detail/wheel_speed__type_support.h
[0.809s] -- Up-to-date: /home/lbarnett/ros2_ws/src/rcraicer/install/rcraicer_msgs/include/rcraicer_msgs/msg/detail/neural_net_model__functions.c
[0.809s] -- Up-to-date: /home/lbarnett/ros2_ws/src/rcraicer/install/rcraicer_msgs/include/rcraicer_msgs/msg/detail/path_integral_status__struct.h
[0.810s] -- Up-to-date: /home/lbarnett/ros2_ws/src/rcraicer/install/rcraicer_msgs/include/rcraicer_msgs/msg/detail/compute_status__type_support.h
[0.810s] -- Up-to-date: /home/lbarnett/ros2_ws/src/rcraicer/install/rcraicer_msgs/include/rcraicer_msgs/msg/detail/imu_filter_output__functions.c
[0.810s] -- Up-to-date: /home/lbarnett/ros2_ws/src/rcraicer/install/rcraicer_msgs/include/rcraicer_msgs/msg/detail/encoder__type_support.h
[0.810s] -- Up-to-date: /home/lbarnett/ros2_ws/src/rcraicer/install/rcraicer_msgs/include/rcraicer_msgs/msg/detail/gps_survey__functions.h
[0.810s] -- Up-to-date: /home/lbarnett/ros2_ws/src/rcraicer/install/rcraicer_msgs/include/rcraicer_msgs/msg/detail/neural_net_model__struct.h
[0.810s] -- Up-to-date: /home/lbarnett/ros2_ws/src/rcraicer/install/rcraicer_msgs/include/rcraicer_msgs/msg/detail/lap_stats__type_support.h
[0.810s] -- Up-to-date: /home/lbarnett/ros2_ws/src/rcraicer/install/rcraicer_msgs/include/rcraicer_msgs/msg/detail/gps_status__type_support.h
[0.811s] -- Up-to-date: /home/lbarnett/ros2_ws/src/rcraicer/install/rcraicer_msgs/include/rcraicer_msgs/msg/detail/neural_net_layer__functions.h
[0.811s] -- Up-to-date: /home/lbarnett/ros2_ws/src/rcraicer/install/rcraicer_msgs/include/rcraicer_msgs/msg/detail/gps_status__functions.c
[0.811s] -- Up-to-date: /home/lbarnett/ros2_ws/src/rcraicer/install/rcraicer_msgs/include/rcraicer_msgs/msg/detail/gps_survey__type_support.h
[0.811s] -- Up-to-date: /home/lbarnett/ros2_ws/src/rcraicer/install/rcraicer_msgs/include/rcraicer_msgs/msg/detail/path_integral_timing__functions.c
[0.811s] -- Up-to-date: /home/lbarnett/ros2_ws/src/rcraicer/install/rcraicer_msgs/include/rcraicer_msgs/msg/detail/lap_stats__functions.h
[0.811s] -- Up-to-date: /home/lbarnett/ros2_ws/src/rcraicer/install/rcraicer_msgs/include/rcraicer_msgs/msg/detail/compute_status__struct.h
[0.811s] -- Up-to-date: /home/lbarnett/ros2_ws/src/rcraicer/install/rcraicer_msgs/include/rcraicer_msgs/msg/detail/chassis_state__struct.h
[0.811s] -- Up-to-date: /home/lbarnett/ros2_ws/src/rcraicer/install/rcraicer_msgs/include/rcraicer_msgs/msg/detail/path_integral_status__type_support.h
[0.811s] -- Up-to-date: /home/lbarnett/ros2_ws/src/rcraicer/install/rcraicer_msgs/include/rcraicer_msgs/msg/detail/arduino_status__type_support.h
[0.811s] -- Up-to-date: /home/lbarnett/ros2_ws/src/rcraicer/install/rcraicer_msgs/include/rcraicer_msgs/msg/detail/neural_net_model__functions.h
[0.811s] -- Up-to-date: /home/lbarnett/ros2_ws/src/rcraicer/install/rcraicer_msgs/include/rcraicer_msgs/msg/detail/chassis_state__functions.c
[0.812s] -- Up-to-date: /home/lbarnett/ros2_ws/src/rcraicer/install/rcraicer_msgs/include/rcraicer_msgs/msg/detail/sim_state__struct.h
[0.812s] -- Up-to-date: /home/lbarnett/ros2_ws/src/rcraicer/install/rcraicer_msgs/include/rcraicer_msgs/msg/detail/neural_net_layer__struct.h
[0.812s] -- Up-to-date: /home/lbarnett/ros2_ws/src/rcraicer/install/rcraicer_msgs/include/rcraicer_msgs/msg/detail/wheel_speed__functions.h
[0.812s] -- Up-to-date: /home/lbarnett/ros2_ws/src/rcraicer/install/rcraicer_msgs/include/rcraicer_msgs/msg/detail/compute_status__functions.c
[0.812s] -- Up-to-date: /home/lbarnett/ros2_ws/src/rcraicer/install/rcraicer_msgs/include/rcraicer_msgs/msg/detail/imu_filter_output__functions.h
[0.812s] -- Up-to-date: /home/lbarnett/ros2_ws/src/rcraicer/install/rcraicer_msgs/include/rcraicer_msgs/msg/detail/arduino_status__struct.h
[0.813s] -- Up-to-date: /home/lbarnett/ros2_ws/src/rcraicer/install/rcraicer_msgs/include/rcraicer_msgs/msg/detail/path_integral_params__functions.h
[0.813s] -- Up-to-date: /home/lbarnett/ros2_ws/src/rcraicer/install/rcraicer_msgs/include/rcraicer_msgs/msg/detail/chassis_command__functions.h
[0.813s] -- Up-to-date: /home/lbarnett/ros2_ws/src/rcraicer/install/rcraicer_msgs/include/rcraicer_msgs/msg/detail/gpsrf_status__functions.h
[0.813s] -- Up-to-date: /home/lbarnett/ros2_ws/src/rcraicer/install/rcraicer_msgs/include/rcraicer_msgs/msg/detail/wheel_speed__functions.c
[0.813s] -- Up-to-date: /home/lbarnett/ros2_ws/src/rcraicer/install/rcraicer_msgs/include/rcraicer_msgs/msg/detail/sim_state__type_support.h
[0.814s] -- Up-to-date: /home/lbarnett/ros2_ws/src/rcraicer/install/rcraicer_msgs/include/rcraicer_msgs/msg/detail/gps_status__functions.h
[0.814s] -- Up-to-date: /home/lbarnett/ros2_ws/src/rcraicer/install/rcraicer_msgs/include/rcraicer_msgs/msg/detail/neural_net_layer__functions.c
[0.814s] -- Up-to-date: /home/lbarnett/ros2_ws/src/rcraicer/install/rcraicer_msgs/include/rcraicer_msgs/msg/detail/gpsrf_status__struct.h
[0.814s] -- Up-to-date: /home/lbarnett/ros2_ws/src/rcraicer/install/rcraicer_msgs/include/rcraicer_msgs/msg/detail/path_integral_params__type_support.h
[0.814s] -- Up-to-date: /home/lbarnett/ros2_ws/src/rcraicer/install/rcraicer_msgs/include/rcraicer_msgs/msg/detail/run_stop__functions.c
[0.814s] -- Up-to-date: /home/lbarnett/ros2_ws/src/rcraicer/install/rcraicer_msgs/include/rcraicer_msgs/msg/detail/path_integral_status__functions.c
[0.814s] -- Up-to-date: /home/lbarnett/ros2_ws/src/rcraicer/install/rcraicer_msgs/include/rcraicer_msgs/msg/detail/path_integral_stats__struct.h
[0.815s] -- Up-to-date: /home/lbarnett/ros2_ws/src/rcraicer/install/rcraicer_msgs/include/rcraicer_msgs/msg/detail/imu_filter_output__type_support.h
[0.815s] -- Up-to-date: /home/lbarnett/ros2_ws/src/rcraicer/install/rcraicer_msgs/include/rcraicer_msgs/msg/detail/wheel_speed__struct.h
[0.815s] -- Up-to-date: /home/lbarnett/ros2_ws/src/rcraicer/install/rcraicer_msgs/include/rcraicer_msgs/msg/detail/state_estimator_status__functions.h
[0.815s] -- Up-to-date: /home/lbarnett/ros2_ws/src/rcraicer/install/rcraicer_msgs/include/rcraicer_msgs/msg/detail/compute_status__functions.h
[0.815s] -- Up-to-date: /home/lbarnett/ros2_ws/src/rcraicer/install/rcraicer_msgs/include/rcraicer_msgs/msg/detail/path_integral_stats__functions.h
[0.815s] -- Up-to-date: /home/lbarnett/ros2_ws/src/rcraicer/install/rcraicer_msgs/include/rcraicer_msgs/msg/detail/path_integral_stats__functions.c
[0.815s] -- Up-to-date: /home/lbarnett/ros2_ws/src/rcraicer/install/rcraicer_msgs/include/rcraicer_msgs/msg/detail/run_stop__struct.h
[0.816s] -- Up-to-date: /home/lbarnett/ros2_ws/src/rcraicer/install/rcraicer_msgs/include/rcraicer_msgs/msg/detail/encoder__functions.c
[0.816s] -- Up-to-date: /home/lbarnett/ros2_ws/src/rcraicer/install/rcraicer_msgs/include/rcraicer_msgs/msg/detail/gps_survey__functions.c
[0.816s] -- Up-to-date: /home/lbarnett/ros2_ws/src/rcraicer/install/rcraicer_msgs/include/rcraicer_msgs/msg/detail/encoder__functions.h
[0.816s] -- Up-to-date: /home/lbarnett/ros2_ws/src/rcraicer/install/rcraicer_msgs/include/rcraicer_msgs/msg/detail/sim_state__functions.h
[0.816s] -- Up-to-date: /home/lbarnett/ros2_ws/src/rcraicer/install/rcraicer_msgs/include/rcraicer_msgs/msg/detail/state_estimator_status__type_support.h
[0.817s] -- Up-to-date: /home/lbarnett/ros2_ws/src/rcraicer/install/rcraicer_msgs/include/rcraicer_msgs/msg/detail/chassis_command__struct.h
[0.817s] -- Up-to-date: /home/lbarnett/ros2_ws/src/rcraicer/install/rcraicer_msgs/include/rcraicer_msgs/msg/detail/state_estimator_status__struct.h
[0.817s] -- Up-to-date: /home/lbarnett/ros2_ws/src/rcraicer/install/rcraicer_msgs/include/rcraicer_msgs/msg/arduino_status.h
[0.817s] -- Up-to-date: /home/lbarnett/ros2_ws/src/rcraicer/install/rcraicer_msgs/include/rcraicer_msgs/msg/encoder.h
[0.817s] -- Up-to-date: /home/lbarnett/ros2_ws/src/rcraicer/install/rcraicer_msgs/include/rcraicer_msgs/msg/sim_state.h
[0.818s] -- Up-to-date: /home/lbarnett/ros2_ws/src/rcraicer/install/rcraicer_msgs/include/rcraicer_msgs/msg/neural_net_model.h
[0.818s] -- Up-to-date: /home/lbarnett/ros2_ws/src/rcraicer/install/rcraicer_msgs/include/rcraicer_msgs/msg/gps_survey.h
[0.818s] -- Up-to-date: /home/lbarnett/ros2_ws/src/rcraicer/install/rcraicer_msgs/include/rcraicer_msgs/msg/path_integral_status.h
[0.818s] -- Up-to-date: /home/lbarnett/ros2_ws/src/rcraicer/install/rcraicer_msgs/include/rcraicer_msgs/msg/run_stop.h
[0.819s] -- Up-to-date: /home/lbarnett/ros2_ws/src/rcraicer/install/rcraicer_msgs/include/rcraicer_msgs/msg/gps_status.h
[0.819s] -- Up-to-date: /home/lbarnett/ros2_ws/src/rcraicer/install/rcraicer_msgs/include/rcraicer_msgs/msg/wheel_speed.h
[0.819s] -- Up-to-date: /home/lbarnett/ros2_ws/src/rcraicer/install/rcraicer_msgs/share/rcraicer_msgs/environment/library_path.sh
[0.819s] -- Up-to-date: /home/lbarnett/ros2_ws/src/rcraicer/install/rcraicer_msgs/share/rcraicer_msgs/environment/library_path.dsv
[0.819s] -- Up-to-date: /home/lbarnett/ros2_ws/src/rcraicer/install/rcraicer_msgs/lib/librcraicer_msgs__rosidl_generator_c.so
[0.820s] -- Up-to-date: /home/lbarnett/ros2_ws/src/rcraicer/install/rcraicer_msgs/include/rcraicer_msgs
[0.820s] -- Up-to-date: /home/lbarnett/ros2_ws/src/rcraicer/install/rcraicer_msgs/include/rcraicer_msgs/msg
[0.820s] -- Up-to-date: /home/lbarnett/ros2_ws/src/rcraicer/install/rcraicer_msgs/include/rcraicer_msgs/msg/rosidl_typesupport_fastrtps_c__visibility_control.h
[0.820s] -- Up-to-date: /home/lbarnett/ros2_ws/src/rcraicer/install/rcraicer_msgs/include/rcraicer_msgs/msg/detail
[0.820s] -- Up-to-date: /home/lbarnett/ros2_ws/src/rcraicer/install/rcraicer_msgs/include/rcraicer_msgs/msg/detail/gps_survey__rosidl_typesupport_fastrtps_c.h
[0.820s] -- Up-to-date: /home/lbarnett/ros2_ws/src/rcraicer/install/rcraicer_msgs/include/rcraicer_msgs/msg/detail/path_integral_timing__rosidl_typesupport_fastrtps_c.h
[0.821s] -- Up-to-date: /home/lbarnett/ros2_ws/src/rcraicer/install/rcraicer_msgs/include/rcraicer_msgs/msg/detail/path_integral_status__rosidl_typesupport_fastrtps_c.h
[0.821s] -- Up-to-date: /home/lbarnett/ros2_ws/src/rcraicer/install/rcraicer_msgs/include/rcraicer_msgs/msg/detail/encoder__rosidl_typesupport_fastrtps_c.h
[0.821s] -- Up-to-date: /home/lbarnett/ros2_ws/src/rcraicer/install/rcraicer_msgs/include/rcraicer_msgs/msg/detail/gps_status__rosidl_typesupport_fastrtps_c.h
[0.821s] -- Up-to-date: /home/lbarnett/ros2_ws/src/rcraicer/install/rcraicer_msgs/include/rcraicer_msgs/msg/detail/state_estimator_status__rosidl_typesupport_fastrtps_c.h
[0.821s] -- Up-to-date: /home/lbarnett/ros2_ws/src/rcraicer/install/rcraicer_msgs/include/rcraicer_msgs/msg/detail/chassis_command__rosidl_typesupport_fastrtps_c.h
[0.821s] -- Up-to-date: /home/lbarnett/ros2_ws/src/rcraicer/install/rcraicer_msgs/include/rcraicer_msgs/msg/detail/chassis_state__rosidl_typesupport_fastrtps_c.h
[0.821s] -- Up-to-date: /home/lbarnett/ros2_ws/src/rcraicer/install/rcraicer_msgs/include/rcraicer_msgs/msg/detail/run_stop__rosidl_typesupport_fastrtps_c.h
[0.822s] -- Up-to-date: /home/lbarnett/ros2_ws/src/rcraicer/install/rcraicer_msgs/include/rcraicer_msgs/msg/detail/sim_state__rosidl_typesupport_fastrtps_c.h
[0.822s] -- Up-to-date: /home/lbarnett/ros2_ws/src/rcraicer/install/rcraicer_msgs/include/rcraicer_msgs/msg/detail/gpsrf_status__rosidl_typesupport_fastrtps_c.h
[0.822s] -- Up-to-date: /home/lbarnett/ros2_ws/src/rcraicer/install/rcraicer_msgs/include/rcraicer_msgs/msg/detail/arduino_status__rosidl_typesupport_fastrtps_c.h
[0.822s] -- Up-to-date: /home/lbarnett/ros2_ws/src/rcraicer/install/rcraicer_msgs/include/rcraicer_msgs/msg/detail/compute_status__rosidl_typesupport_fastrtps_c.h
[0.822s] -- Up-to-date: /home/lbarnett/ros2_ws/src/rcraicer/install/rcraicer_msgs/include/rcraicer_msgs/msg/detail/path_integral_params__rosidl_typesupport_fastrtps_c.h
[0.822s] -- Up-to-date: /home/lbarnett/ros2_ws/src/rcraicer/install/rcraicer_msgs/include/rcraicer_msgs/msg/detail/imu_filter_output__rosidl_typesupport_fastrtps_c.h
[0.822s] -- Up-to-date: /home/lbarnett/ros2_ws/src/rcraicer/install/rcraicer_msgs/include/rcraicer_msgs/msg/detail/lap_stats__rosidl_typesupport_fastrtps_c.h
[0.823s] -- Up-to-date: /home/lbarnett/ros2_ws/src/rcraicer/install/rcraicer_msgs/include/rcraicer_msgs/msg/detail/wheel_speed__rosidl_typesupport_fastrtps_c.h
[0.823s] -- Up-to-date: /home/lbarnett/ros2_ws/src/rcraicer/install/rcraicer_msgs/include/rcraicer_msgs/msg/detail/neural_net_layer__rosidl_typesupport_fastrtps_c.h
[0.823s] -- Up-to-date: /home/lbarnett/ros2_ws/src/rcraicer/install/rcraicer_msgs/include/rcraicer_msgs/msg/detail/path_integral_stats__rosidl_typesupport_fastrtps_c.h
[0.823s] -- Up-to-date: /home/lbarnett/ros2_ws/src/rcraicer/install/rcraicer_msgs/include/rcraicer_msgs/msg/detail/neural_net_model__rosidl_typesupport_fastrtps_c.h
[0.823s] -- Up-to-date: /home/lbarnett/ros2_ws/src/rcraicer/install/rcraicer_msgs/lib/librcraicer_msgs__rosidl_typesupport_fastrtps_c.so
[0.823s] -- Up-to-date: /home/lbarnett/ros2_ws/src/rcraicer/install/rcraicer_msgs/include/rcraicer_msgs
[0.823s] -- Up-to-date: /home/lbarnett/ros2_ws/src/rcraicer/install/rcraicer_msgs/include/rcraicer_msgs/msg
[0.823s] -- Up-to-date: /home/lbarnett/ros2_ws/src/rcraicer/install/rcraicer_msgs/include/rcraicer_msgs/msg/detail
[0.824s] -- Up-to-date: /home/lbarnett/ros2_ws/src/rcraicer/install/rcraicer_msgs/include/rcraicer_msgs/msg/detail/arduino_status__rosidl_typesupport_fastrtps_cpp.hpp
[0.824s] -- Up-to-date: /home/lbarnett/ros2_ws/src/rcraicer/install/rcraicer_msgs/include/rcraicer_msgs/msg/detail/state_estimator_status__rosidl_typesupport_fastrtps_cpp.hpp
[0.824s] -- Up-to-date: /home/lbarnett/ros2_ws/src/rcraicer/install/rcraicer_msgs/include/rcraicer_msgs/msg/detail/sim_state__rosidl_typesupport_fastrtps_cpp.hpp
[0.824s] -- Up-to-date: /home/lbarnett/ros2_ws/src/rcraicer/install/rcraicer_msgs/include/rcraicer_msgs/msg/detail/chassis_command__rosidl_typesupport_fastrtps_cpp.hpp
[0.824s] -- Up-to-date: /home/lbarnett/ros2_ws/src/rcraicer/install/rcraicer_msgs/include/rcraicer_msgs/msg/detail/lap_stats__rosidl_typesupport_fastrtps_cpp.hpp
[0.824s] -- Up-to-date: /home/lbarnett/ros2_ws/src/rcraicer/install/rcraicer_msgs/include/rcraicer_msgs/msg/detail/gpsrf_status__rosidl_typesupport_fastrtps_cpp.hpp
[0.824s] -- Up-to-date: /home/lbarnett/ros2_ws/src/rcraicer/install/rcraicer_msgs/include/rcraicer_msgs/msg/detail/gps_status__rosidl_typesupport_fastrtps_cpp.hpp
[0.824s] -- Up-to-date: /home/lbarnett/ros2_ws/src/rcraicer/install/rcraicer_msgs/include/rcraicer_msgs/msg/detail/encoder__rosidl_typesupport_fastrtps_cpp.hpp
[0.824s] -- Up-to-date: /home/lbarnett/ros2_ws/src/rcraicer/install/rcraicer_msgs/include/rcraicer_msgs/msg/detail/run_stop__rosidl_typesupport_fastrtps_cpp.hpp
[0.825s] -- Up-to-date: /home/lbarnett/ros2_ws/src/rcraicer/install/rcraicer_msgs/include/rcraicer_msgs/msg/detail/path_integral_params__rosidl_typesupport_fastrtps_cpp.hpp
[0.825s] -- Up-to-date: /home/lbarnett/ros2_ws/src/rcraicer/install/rcraicer_msgs/include/rcraicer_msgs/msg/detail/imu_filter_output__rosidl_typesupport_fastrtps_cpp.hpp
[0.825s] -- Up-to-date: /home/lbarnett/ros2_ws/src/rcraicer/install/rcraicer_msgs/include/rcraicer_msgs/msg/detail/path_integral_timing__rosidl_typesupport_fastrtps_cpp.hpp
[0.825s] -- Up-to-date: /home/lbarnett/ros2_ws/src/rcraicer/install/rcraicer_msgs/include/rcraicer_msgs/msg/detail/path_integral_status__rosidl_typesupport_fastrtps_cpp.hpp
[0.825s] -- Up-to-date: /home/lbarnett/ros2_ws/src/rcraicer/install/rcraicer_msgs/include/rcraicer_msgs/msg/detail/chassis_state__rosidl_typesupport_fastrtps_cpp.hpp
[0.825s] -- Up-to-date: /home/lbarnett/ros2_ws/src/rcraicer/install/rcraicer_msgs/include/rcraicer_msgs/msg/detail/neural_net_model__rosidl_typesupport_fastrtps_cpp.hpp
[0.825s] -- Up-to-date: /home/lbarnett/ros2_ws/src/rcraicer/install/rcraicer_msgs/include/rcraicer_msgs/msg/detail/path_integral_stats__rosidl_typesupport_fastrtps_cpp.hpp
[0.825s] -- Up-to-date: /home/lbarnett/ros2_ws/src/rcraicer/install/rcraicer_msgs/include/rcraicer_msgs/msg/detail/dds_fastrtps
[0.826s] -- Up-to-date: /home/lbarnett/ros2_ws/src/rcraicer/install/rcraicer_msgs/include/rcraicer_msgs/msg/detail/gps_survey__rosidl_typesupport_fastrtps_cpp.hpp
[0.826s] -- Up-to-date: /home/lbarnett/ros2_ws/src/rcraicer/install/rcraicer_msgs/include/rcraicer_msgs/msg/detail/wheel_speed__rosidl_typesupport_fastrtps_cpp.hpp
[0.826s] -- Up-to-date: /home/lbarnett/ros2_ws/src/rcraicer/install/rcraicer_msgs/include/rcraicer_msgs/msg/detail/neural_net_layer__rosidl_typesupport_fastrtps_cpp.hpp
[0.826s] -- Up-to-date: /home/lbarnett/ros2_ws/src/rcraicer/install/rcraicer_msgs/include/rcraicer_msgs/msg/detail/compute_status__rosidl_typesupport_fastrtps_cpp.hpp
[0.826s] -- Up-to-date: /home/lbarnett/ros2_ws/src/rcraicer/install/rcraicer_msgs/include/rcraicer_msgs/msg/rosidl_typesupport_fastrtps_cpp__visibility_control.h
[0.826s] -- Up-to-date: /home/lbarnett/ros2_ws/src/rcraicer/install/rcraicer_msgs/lib/librcraicer_msgs__rosidl_typesupport_fastrtps_cpp.so
[0.826s] -- Up-to-date: /home/lbarnett/ros2_ws/src/rcraicer/install/rcraicer_msgs/include/rcraicer_msgs
[0.826s] -- Up-to-date: /home/lbarnett/ros2_ws/src/rcraicer/install/rcraicer_msgs/include/rcraicer_msgs/msg
[0.826s] -- Up-to-date: /home/lbarnett/ros2_ws/src/rcraicer/install/rcraicer_msgs/include/rcraicer_msgs/msg/rosidl_typesupport_introspection_c__visibility_control.h
[0.826s] -- Up-to-date: /home/lbarnett/ros2_ws/src/rcraicer/install/rcraicer_msgs/include/rcraicer_msgs/msg/detail
[0.827s] -- Up-to-date: /home/lbarnett/ros2_ws/src/rcraicer/install/rcraicer_msgs/include/rcraicer_msgs/msg/detail/path_integral_timing__type_support.c
[0.827s] -- Up-to-date: /home/lbarnett/ros2_ws/src/rcraicer/install/rcraicer_msgs/include/rcraicer_msgs/msg/detail/run_stop__rosidl_typesupport_introspection_c.h
[0.827s] -- Up-to-date: /home/lbarnett/ros2_ws/src/rcraicer/install/rcraicer_msgs/include/rcraicer_msgs/msg/detail/arduino_status__rosidl_typesupport_introspection_c.h
[0.827s] -- Up-to-date: /home/lbarnett/ros2_ws/src/rcraicer/install/rcraicer_msgs/include/rcraicer_msgs/msg/detail/lap_stats__rosidl_typesupport_introspection_c.h
[0.827s] -- Up-to-date: /home/lbarnett/ros2_ws/src/rcraicer/install/rcraicer_msgs/include/rcraicer_msgs/msg/detail/gps_survey__type_support.c
[0.827s] -- Up-to-date: /home/lbarnett/ros2_ws/src/rcraicer/install/rcraicer_msgs/include/rcraicer_msgs/msg/detail/imu_filter_output__type_support.c
[0.827s] -- Up-to-date: /home/lbarnett/ros2_ws/src/rcraicer/install/rcraicer_msgs/include/rcraicer_msgs/msg/detail/compute_status__type_support.c
[0.827s] -- Up-to-date: /home/lbarnett/ros2_ws/src/rcraicer/install/rcraicer_msgs/include/rcraicer_msgs/msg/detail/gps_survey__rosidl_typesupport_introspection_c.h
[0.828s] -- Up-to-date: /home/lbarnett/ros2_ws/src/rcraicer/install/rcraicer_msgs/include/rcraicer_msgs/msg/detail/neural_net_layer__rosidl_typesupport_introspection_c.h
[0.828s] -- Up-to-date: /home/lbarnett/ros2_ws/src/rcraicer/install/rcraicer_msgs/include/rcraicer_msgs/msg/detail/chassis_state__type_support.c
[0.828s] -- Up-to-date: /home/lbarnett/ros2_ws/src/rcraicer/install/rcraicer_msgs/include/rcraicer_msgs/msg/detail/gpsrf_status__rosidl_typesupport_introspection_c.h
[0.828s] -- Up-to-date: /home/lbarnett/ros2_ws/src/rcraicer/install/rcraicer_msgs/include/rcraicer_msgs/msg/detail/path_integral_status__type_support.c
[0.828s] -- Up-to-date: /home/lbarnett/ros2_ws/src/rcraicer/install/rcraicer_msgs/include/rcraicer_msgs/msg/detail/path_integral_stats__rosidl_typesupport_introspection_c.h
[0.828s] -- Up-to-date: /home/lbarnett/ros2_ws/src/rcraicer/install/rcraicer_msgs/include/rcraicer_msgs/msg/detail/chassis_command__type_support.c
[0.828s] -- Up-to-date: /home/lbarnett/ros2_ws/src/rcraicer/install/rcraicer_msgs/include/rcraicer_msgs/msg/detail/neural_net_model__rosidl_typesupport_introspection_c.h
[0.828s] -- Up-to-date: /home/lbarnett/ros2_ws/src/rcraicer/install/rcraicer_msgs/include/rcraicer_msgs/msg/detail/encoder__rosidl_typesupport_introspection_c.h
[0.829s] -- Up-to-date: /home/lbarnett/ros2_ws/src/rcraicer/install/rcraicer_msgs/include/rcraicer_msgs/msg/detail/path_integral_timing__rosidl_typesupport_introspection_c.h
[0.829s] -- Up-to-date: /home/lbarnett/ros2_ws/src/rcraicer/install/rcraicer_msgs/include/rcraicer_msgs/msg/detail/path_integral_params__type_support.c
[0.829s] -- Up-to-date: /home/lbarnett/ros2_ws/src/rcraicer/install/rcraicer_msgs/include/rcraicer_msgs/msg/detail/sim_state__type_support.c
[0.829s] -- Up-to-date: /home/lbarnett/ros2_ws/src/rcraicer/install/rcraicer_msgs/include/rcraicer_msgs/msg/detail/state_estimator_status__type_support.c
[0.829s] -- Up-to-date: /home/lbarnett/ros2_ws/src/rcraicer/install/rcraicer_msgs/include/rcraicer_msgs/msg/detail/gps_status__type_support.c
[0.829s] -- Up-to-date: /home/lbarnett/ros2_ws/src/rcraicer/install/rcraicer_msgs/include/rcraicer_msgs/msg/detail/run_stop__type_support.c
[0.829s] -- Up-to-date: /home/lbarnett/ros2_ws/src/rcraicer/install/rcraicer_msgs/include/rcraicer_msgs/msg/detail/path_integral_status__rosidl_typesupport_introspection_c.h
[0.829s] -- Up-to-date: /home/lbarnett/ros2_ws/src/rcraicer/install/rcraicer_msgs/include/rcraicer_msgs/msg/detail/path_integral_stats__type_support.c
[0.829s] -- Up-to-date: /home/lbarnett/ros2_ws/src/rcraicer/install/rcraicer_msgs/include/rcraicer_msgs/msg/detail/arduino_status__type_support.c
[0.830s] -- Up-to-date: /home/lbarnett/ros2_ws/src/rcraicer/install/rcraicer_msgs/include/rcraicer_msgs/msg/detail/lap_stats__type_support.c
[0.830s] -- Up-to-date: /home/lbarnett/ros2_ws/src/rcraicer/install/rcraicer_msgs/include/rcraicer_msgs/msg/detail/neural_net_model__type_support.c
[0.830s] -- Up-to-date: /home/lbarnett/ros2_ws/src/rcraicer/install/rcraicer_msgs/include/rcraicer_msgs/msg/detail/encoder__type_support.c
[0.830s] -- Up-to-date: /home/lbarnett/ros2_ws/src/rcraicer/install/rcraicer_msgs/include/rcraicer_msgs/msg/detail/wheel_speed__type_support.c
[0.830s] -- Up-to-date: /home/lbarnett/ros2_ws/src/rcraicer/install/rcraicer_msgs/include/rcraicer_msgs/msg/detail/sim_state__rosidl_typesupport_introspection_c.h
[0.830s] -- Up-to-date: /home/lbarnett/ros2_ws/src/rcraicer/install/rcraicer_msgs/include/rcraicer_msgs/msg/detail/gpsrf_status__type_support.c
[0.830s] -- Up-to-date: /home/lbarnett/ros2_ws/src/rcraicer/install/rcraicer_msgs/include/rcraicer_msgs/msg/detail/imu_filter_output__rosidl_typesupport_introspection_c.h
[0.831s] -- Up-to-date: /home/lbarnett/ros2_ws/src/rcraicer/install/rcraicer_msgs/include/rcraicer_msgs/msg/detail/neural_net_layer__type_support.c
[0.831s] -- Up-to-date: /home/lbarnett/ros2_ws/src/rcraicer/install/rcraicer_msgs/include/rcraicer_msgs/msg/detail/path_integral_params__rosidl_typesupport_introspection_c.h
[0.831s] -- Up-to-date: /home/lbarnett/ros2_ws/src/rcraicer/install/rcraicer_msgs/include/rcraicer_msgs/msg/detail/chassis_command__rosidl_typesupport_introspection_c.h
[0.831s] -- Up-to-date: /home/lbarnett/ros2_ws/src/rcraicer/install/rcraicer_msgs/include/rcraicer_msgs/msg/detail/state_estimator_status__rosidl_typesupport_introspection_c.h
[0.831s] -- Up-to-date: /home/lbarnett/ros2_ws/src/rcraicer/install/rcraicer_msgs/include/rcraicer_msgs/msg/detail/chassis_state__rosidl_typesupport_introspection_c.h
[0.831s] -- Up-to-date: /home/lbarnett/ros2_ws/src/rcraicer/install/rcraicer_msgs/include/rcraicer_msgs/msg/detail/wheel_speed__rosidl_typesupport_introspection_c.h
[0.831s] -- Up-to-date: /home/lbarnett/ros2_ws/src/rcraicer/install/rcraicer_msgs/include/rcraicer_msgs/msg/detail/gps_status__rosidl_typesupport_introspection_c.h
[0.831s] -- Up-to-date: /home/lbarnett/ros2_ws/src/rcraicer/install/rcraicer_msgs/include/rcraicer_msgs/msg/detail/compute_status__rosidl_typesupport_introspection_c.h
[0.831s] -- Up-to-date: /home/lbarnett/ros2_ws/src/rcraicer/install/rcraicer_msgs/lib/librcraicer_msgs__rosidl_typesupport_introspection_c.so
[0.831s] -- Up-to-date: /home/lbarnett/ros2_ws/src/rcraicer/install/rcraicer_msgs/lib/librcraicer_msgs__rosidl_typesupport_c.so
[0.832s] -- Up-to-date: /home/lbarnett/ros2_ws/src/rcraicer/install/rcraicer_msgs/include/rcraicer_msgs
[0.832s] -- Up-to-date: /home/lbarnett/ros2_ws/src/rcraicer/install/rcraicer_msgs/include/rcraicer_msgs/msg
[0.832s] -- Up-to-date: /home/lbarnett/ros2_ws/src/rcraicer/install/rcraicer_msgs/include/rcraicer_msgs/msg/encoder.hpp
[0.832s] -- Up-to-date: /home/lbarnett/ros2_ws/src/rcraicer/install/rcraicer_msgs/include/rcraicer_msgs/msg/path_integral_stats.hpp
[0.832s] -- Up-to-date: /home/lbarnett/ros2_ws/src/rcraicer/install/rcraicer_msgs/include/rcraicer_msgs/msg/chassis_command.hpp
[0.832s] -- Up-to-date: /home/lbarnett/ros2_ws/src/rcraicer/install/rcraicer_msgs/include/rcraicer_msgs/msg/run_stop.hpp
[0.832s] -- Up-to-date: /home/lbarnett/ros2_ws/src/rcraicer/install/rcraicer_msgs/include/rcraicer_msgs/msg/sim_state.hpp
[0.832s] -- Up-to-date: /home/lbarnett/ros2_ws/src/rcraicer/install/rcraicer_msgs/include/rcraicer_msgs/msg/imu_filter_output.hpp
[0.832s] -- Up-to-date: /home/lbarnett/ros2_ws/src/rcraicer/install/rcraicer_msgs/include/rcraicer_msgs/msg/chassis_state.hpp
[0.832s] -- Up-to-date: /home/lbarnett/ros2_ws/src/rcraicer/install/rcraicer_msgs/include/rcraicer_msgs/msg/gps_survey.hpp
[0.832s] -- Up-to-date: /home/lbarnett/ros2_ws/src/rcraicer/install/rcraicer_msgs/include/rcraicer_msgs/msg/gpsrf_status.hpp
[0.832s] -- Up-to-date: /home/lbarnett/ros2_ws/src/rcraicer/install/rcraicer_msgs/include/rcraicer_msgs/msg/arduino_status.hpp
[0.833s] -- Up-to-date: /home/lbarnett/ros2_ws/src/rcraicer/install/rcraicer_msgs/include/rcraicer_msgs/msg/lap_stats.hpp
[0.833s] -- Up-to-date: /home/lbarnett/ros2_ws/src/rcraicer/install/rcraicer_msgs/include/rcraicer_msgs/msg/detail
[0.833s] -- Up-to-date: /home/lbarnett/ros2_ws/src/rcraicer/install/rcraicer_msgs/include/rcraicer_msgs/msg/detail/path_integral_status__struct.hpp
[0.833s] -- Up-to-date: /home/lbarnett/ros2_ws/src/rcraicer/install/rcraicer_msgs/include/rcraicer_msgs/msg/detail/chassis_command__struct.hpp
[0.833s] -- Up-to-date: /home/lbarnett/ros2_ws/src/rcraicer/install/rcraicer_msgs/include/rcraicer_msgs/msg/detail/sim_state__builder.hpp
[0.833s] -- Up-to-date: /home/lbarnett/ros2_ws/src/rcraicer/install/rcraicer_msgs/include/rcraicer_msgs/msg/detail/wheel_speed__traits.hpp
[0.833s] -- Up-to-date: /home/lbarnett/ros2_ws/src/rcraicer/install/rcraicer_msgs/include/rcraicer_msgs/msg/detail/gps_status__traits.hpp
[0.833s] -- Up-to-date: /home/lbarnett/ros2_ws/src/rcraicer/install/rcraicer_msgs/include/rcraicer_msgs/msg/detail/neural_net_layer__traits.hpp
[0.833s] -- Up-to-date: /home/lbarnett/ros2_ws/src/rcraicer/install/rcraicer_msgs/include/rcraicer_msgs/msg/detail/path_integral_params__traits.hpp
[0.833s] -- Up-to-date: /home/lbarnett/ros2_ws/src/rcraicer/install/rcraicer_msgs/include/rcraicer_msgs/msg/detail/neural_net_model__builder.hpp
[0.833s] -- Up-to-date: /home/lbarnett/ros2_ws/src/rcraicer/install/rcraicer_msgs/include/rcraicer_msgs/msg/detail/gps_survey__traits.hpp
[0.833s] -- Up-to-date: /home/lbarnett/ros2_ws/src/rcraicer/install/rcraicer_msgs/include/rcraicer_msgs/msg/detail/chassis_state__traits.hpp
[0.834s] -- Up-to-date: /home/lbarnett/ros2_ws/src/rcraicer/install/rcraicer_msgs/include/rcraicer_msgs/msg/detail/run_stop__builder.hpp
[0.834s] -- Up-to-date: /home/lbarnett/ros2_ws/src/rcraicer/install/rcraicer_msgs/include/rcraicer_msgs/msg/detail/compute_status__traits.hpp
[0.834s] -- Up-to-date: /home/lbarnett/ros2_ws/src/rcraicer/install/rcraicer_msgs/include/rcraicer_msgs/msg/detail/gpsrf_status__struct.hpp
[0.834s] -- Up-to-date: /home/lbarnett/ros2_ws/src/rcraicer/install/rcraicer_msgs/include/rcraicer_msgs/msg/detail/lap_stats__struct.hpp
[0.834s] -- Up-to-date: /home/lbarnett/ros2_ws/src/rcraicer/install/rcraicer_msgs/include/rcraicer_msgs/msg/detail/imu_filter_output__traits.hpp
[0.834s] -- Up-to-date: /home/lbarnett/ros2_ws/src/rcraicer/install/rcraicer_msgs/include/rcraicer_msgs/msg/detail/path_integral_timing__struct.hpp
[0.834s] -- Up-to-date: /home/lbarnett/ros2_ws/src/rcraicer/install/rcraicer_msgs/include/rcraicer_msgs/msg/detail/state_estimator_status__builder.hpp
[0.834s] -- Up-to-date: /home/lbarnett/ros2_ws/src/rcraicer/install/rcraicer_msgs/include/rcraicer_msgs/msg/detail/wheel_speed__builder.hpp
[0.834s] -- Up-to-date: /home/lbarnett/ros2_ws/src/rcraicer/install/rcraicer_msgs/include/rcraicer_msgs/msg/detail/neural_net_model__struct.hpp
[0.834s] -- Up-to-date: /home/lbarnett/ros2_ws/src/rcraicer/install/rcraicer_msgs/include/rcraicer_msgs/msg/detail/gps_survey__builder.hpp
[0.834s] -- Up-to-date: /home/lbarnett/ros2_ws/src/rcraicer/install/rcraicer_msgs/include/rcraicer_msgs/msg/detail/sim_state__traits.hpp
[0.834s] -- Up-to-date: /home/lbarnett/ros2_ws/src/rcraicer/install/rcraicer_msgs/include/rcraicer_msgs/msg/detail/run_stop__traits.hpp
[0.835s] -- Up-to-date: /home/lbarnett/ros2_ws/src/rcraicer/install/rcraicer_msgs/include/rcraicer_msgs/msg/detail/imu_filter_output__struct.hpp
[0.835s] -- Up-to-date: /home/lbarnett/ros2_ws/src/rcraicer/install/rcraicer_msgs/include/rcraicer_msgs/msg/detail/gps_status__struct.hpp
[0.835s] -- Up-to-date: /home/lbarnett/ros2_ws/src/rcraicer/install/rcraicer_msgs/include/rcraicer_msgs/msg/detail/neural_net_model__traits.hpp
[0.835s] -- Up-to-date: /home/lbarnett/ros2_ws/src/rcraicer/install/rcraicer_msgs/include/rcraicer_msgs/msg/detail/run_stop__struct.hpp
[0.835s] -- Up-to-date: /home/lbarnett/ros2_ws/src/rcraicer/install/rcraicer_msgs/include/rcraicer_msgs/msg/detail/encoder__builder.hpp
[0.835s] -- Up-to-date: /home/lbarnett/ros2_ws/src/rcraicer/install/rcraicer_msgs/include/rcraicer_msgs/msg/detail/state_estimator_status__traits.hpp
[0.835s] -- Up-to-date: /home/lbarnett/ros2_ws/src/rcraicer/install/rcraicer_msgs/include/rcraicer_msgs/msg/detail/compute_status__builder.hpp
[0.835s] -- Up-to-date: /home/lbarnett/ros2_ws/src/rcraicer/install/rcraicer_msgs/include/rcraicer_msgs/msg/detail/encoder__struct.hpp
[0.835s] -- Up-to-date: /home/lbarnett/ros2_ws/src/rcraicer/install/rcraicer_msgs/include/rcraicer_msgs/msg/detail/chassis_command__traits.hpp
[0.835s] -- Up-to-date: /home/lbarnett/ros2_ws/src/rcraicer/install/rcraicer_msgs/include/rcraicer_msgs/msg/detail/compute_status__struct.hpp
[0.835s] -- Up-to-date: /home/lbarnett/ros2_ws/src/rcraicer/install/rcraicer_msgs/include/rcraicer_msgs/msg/detail/gps_survey__struct.hpp
[0.835s] -- Up-to-date: /home/lbarnett/ros2_ws/src/rcraicer/install/rcraicer_msgs/include/rcraicer_msgs/msg/detail/path_integral_stats__struct.hpp
[0.836s] -- Up-to-date: /home/lbarnett/ros2_ws/src/rcraicer/install/rcraicer_msgs/include/rcraicer_msgs/msg/detail/neural_net_layer__builder.hpp
[0.836s] -- Up-to-date: /home/lbarnett/ros2_ws/src/rcraicer/install/rcraicer_msgs/include/rcraicer_msgs/msg/detail/path_integral_params__struct.hpp
[0.836s] -- Up-to-date: /home/lbarnett/ros2_ws/src/rcraicer/install/rcraicer_msgs/include/rcraicer_msgs/msg/detail/neural_net_layer__struct.hpp
[0.836s] -- Up-to-date: /home/lbarnett/ros2_ws/src/rcraicer/install/rcraicer_msgs/include/rcraicer_msgs/msg/detail/path_integral_params__builder.hpp
[0.836s] -- Up-to-date: /home/lbarnett/ros2_ws/src/rcraicer/install/rcraicer_msgs/include/rcraicer_msgs/msg/detail/arduino_status__traits.hpp
[0.836s] -- Up-to-date: /home/lbarnett/ros2_ws/src/rcraicer/install/rcraicer_msgs/include/rcraicer_msgs/msg/detail/path_integral_timing__builder.hpp
[0.836s] -- Up-to-date: /home/lbarnett/ros2_ws/src/rcraicer/install/rcraicer_msgs/include/rcraicer_msgs/msg/detail/encoder__traits.hpp
[0.836s] -- Up-to-date: /home/lbarnett/ros2_ws/src/rcraicer/install/rcraicer_msgs/include/rcraicer_msgs/msg/detail/chassis_state__builder.hpp
[0.836s] -- Up-to-date: /home/lbarnett/ros2_ws/src/rcraicer/install/rcraicer_msgs/include/rcraicer_msgs/msg/detail/path_integral_status__traits.hpp
[0.836s] -- Up-to-date: /home/lbarnett/ros2_ws/src/rcraicer/install/rcraicer_msgs/include/rcraicer_msgs/msg/detail/gps_status__builder.hpp
[0.836s] -- Up-to-date: /home/lbarnett/ros2_ws/src/rcraicer/install/rcraicer_msgs/include/rcraicer_msgs/msg/detail/path_integral_stats__builder.hpp
[0.836s] -- Up-to-date: /home/lbarnett/ros2_ws/src/rcraicer/install/rcraicer_msgs/include/rcraicer_msgs/msg/detail/arduino_status__builder.hpp
[0.837s] -- Up-to-date: /home/lbarnett/ros2_ws/src/rcraicer/install/rcraicer_msgs/include/rcraicer_msgs/msg/detail/lap_stats__traits.hpp
[0.837s] -- Up-to-date: /home/lbarnett/ros2_ws/src/rcraicer/install/rcraicer_msgs/include/rcraicer_msgs/msg/detail/path_integral_status__builder.hpp
[0.837s] -- Up-to-date: /home/lbarnett/ros2_ws/src/rcraicer/install/rcraicer_msgs/include/rcraicer_msgs/msg/detail/chassis_command__builder.hpp
[0.837s] -- Up-to-date: /home/lbarnett/ros2_ws/src/rcraicer/install/rcraicer_msgs/include/rcraicer_msgs/msg/detail/arduino_status__struct.hpp
[0.837s] -- Up-to-date: /home/lbarnett/ros2_ws/src/rcraicer/install/rcraicer_msgs/include/rcraicer_msgs/msg/detail/gpsrf_status__traits.hpp
[0.837s] -- Up-to-date: /home/lbarnett/ros2_ws/src/rcraicer/install/rcraicer_msgs/include/rcraicer_msgs/msg/detail/lap_stats__builder.hpp
[0.837s] -- Up-to-date: /home/lbarnett/ros2_ws/src/rcraicer/install/rcraicer_msgs/include/rcraicer_msgs/msg/detail/imu_filter_output__builder.hpp
[0.837s] -- Up-to-date: /home/lbarnett/ros2_ws/src/rcraicer/install/rcraicer_msgs/include/rcraicer_msgs/msg/detail/chassis_state__struct.hpp
[0.837s] -- Up-to-date: /home/lbarnett/ros2_ws/src/rcraicer/install/rcraicer_msgs/include/rcraicer_msgs/msg/detail/sim_state__struct.hpp
[0.837s] -- Up-to-date: /home/lbarnett/ros2_ws/src/rcraicer/install/rcraicer_msgs/include/rcraicer_msgs/msg/detail/path_integral_timing__traits.hpp
[0.837s] -- Up-to-date: /home/lbarnett/ros2_ws/src/rcraicer/install/rcraicer_msgs/include/rcraicer_msgs/msg/detail/gpsrf_status__builder.hpp
[0.837s] -- Up-to-date: /home/lbarnett/ros2_ws/src/rcraicer/install/rcraicer_msgs/include/rcraicer_msgs/msg/detail/state_estimator_status__struct.hpp
[0.838s] -- Up-to-date: /home/lbarnett/ros2_ws/src/rcraicer/install/rcraicer_msgs/include/rcraicer_msgs/msg/detail/path_integral_stats__traits.hpp
[0.838s] -- Up-to-date: /home/lbarnett/ros2_ws/src/rcraicer/install/rcraicer_msgs/include/rcraicer_msgs/msg/detail/wheel_speed__struct.hpp
[0.838s] -- Up-to-date: /home/lbarnett/ros2_ws/src/rcraicer/install/rcraicer_msgs/include/rcraicer_msgs/msg/neural_net_layer.hpp
[0.838s] -- Up-to-date: /home/lbarnett/ros2_ws/src/rcraicer/install/rcraicer_msgs/include/rcraicer_msgs/msg/path_integral_status.hpp
[0.838s] -- Up-to-date: /home/lbarnett/ros2_ws/src/rcraicer/install/rcraicer_msgs/include/rcraicer_msgs/msg/path_integral_timing.hpp
[0.838s] -- Up-to-date: /home/lbarnett/ros2_ws/src/rcraicer/install/rcraicer_msgs/include/rcraicer_msgs/msg/wheel_speed.hpp
[0.838s] -- Up-to-date: /home/lbarnett/ros2_ws/src/rcraicer/install/rcraicer_msgs/include/rcraicer_msgs/msg/gps_status.hpp
[0.838s] -- Up-to-date: /home/lbarnett/ros2_ws/src/rcraicer/install/rcraicer_msgs/include/rcraicer_msgs/msg/path_integral_params.hpp
[0.838s] -- Up-to-date: /home/lbarnett/ros2_ws/src/rcraicer/install/rcraicer_msgs/include/rcraicer_msgs/msg/compute_status.hpp
[0.838s] -- Up-to-date: /home/lbarnett/ros2_ws/src/rcraicer/install/rcraicer_msgs/include/rcraicer_msgs/msg/neural_net_model.hpp
[0.838s] -- Up-to-date: /home/lbarnett/ros2_ws/src/rcraicer/install/rcraicer_msgs/include/rcraicer_msgs/msg/state_estimator_status.hpp
[0.838s] -- Up-to-date: /home/lbarnett/ros2_ws/src/rcraicer/install/rcraicer_msgs/include/rcraicer_msgs
[0.839s] -- Up-to-date: /home/lbarnett/ros2_ws/src/rcraicer/install/rcraicer_msgs/include/rcraicer_msgs/msg
[0.839s] -- Up-to-date: /home/lbarnett/ros2_ws/src/rcraicer/install/rcraicer_msgs/include/rcraicer_msgs/msg/detail
[0.839s] -- Up-to-date: /home/lbarnett/ros2_ws/src/rcraicer/install/rcraicer_msgs/include/rcraicer_msgs/msg/detail/path_integral_timing__rosidl_typesupport_introspection_cpp.hpp
[0.839s] -- Up-to-date: /home/lbarnett/ros2_ws/src/rcraicer/install/rcraicer_msgs/include/rcraicer_msgs/msg/detail/path_integral_stats__type_support.cpp
[0.839s] -- Up-to-date: /home/lbarnett/ros2_ws/src/rcraicer/install/rcraicer_msgs/include/rcraicer_msgs/msg/detail/run_stop__rosidl_typesupport_introspection_cpp.hpp
[0.839s] -- Up-to-date: /home/lbarnett/ros2_ws/src/rcraicer/install/rcraicer_msgs/include/rcraicer_msgs/msg/detail/wheel_speed__type_support.cpp
[0.839s] -- Up-to-date: /home/lbarnett/ros2_ws/src/rcraicer/install/rcraicer_msgs/include/rcraicer_msgs/msg/detail/sim_state__type_support.cpp
[0.839s] -- Up-to-date: /home/lbarnett/ros2_ws/src/rcraicer/install/rcraicer_msgs/include/rcraicer_msgs/msg/detail/gps_status__type_support.cpp
[0.839s] -- Up-to-date: /home/lbarnett/ros2_ws/src/rcraicer/install/rcraicer_msgs/include/rcraicer_msgs/msg/detail/gpsrf_status__type_support.cpp
[0.839s] -- Up-to-date: /home/lbarnett/ros2_ws/src/rcraicer/install/rcraicer_msgs/include/rcraicer_msgs/msg/detail/sim_state__rosidl_typesupport_introspection_cpp.hpp
[0.839s] -- Up-to-date: /home/lbarnett/ros2_ws/src/rcraicer/install/rcraicer_msgs/include/rcraicer_msgs/msg/detail/path_integral_timing__type_support.cpp
[0.840s] -- Up-to-date: /home/lbarnett/ros2_ws/src/rcraicer/install/rcraicer_msgs/include/rcraicer_msgs/msg/detail/lap_stats__rosidl_typesupport_introspection_cpp.hpp
[0.840s] -- Up-to-date: /home/lbarnett/ros2_ws/src/rcraicer/install/rcraicer_msgs/include/rcraicer_msgs/msg/detail/chassis_state__type_support.cpp
[0.840s] -- Up-to-date: /home/lbarnett/ros2_ws/src/rcraicer/install/rcraicer_msgs/include/rcraicer_msgs/msg/detail/path_integral_params__rosidl_typesupport_introspection_cpp.hpp
[0.840s] -- Up-to-date: /home/lbarnett/ros2_ws/src/rcraicer/install/rcraicer_msgs/include/rcraicer_msgs/msg/detail/compute_status__type_support.cpp
[0.840s] -- Up-to-date: /home/lbarnett/ros2_ws/src/rcraicer/install/rcraicer_msgs/include/rcraicer_msgs/msg/detail/neural_net_layer__rosidl_typesupport_introspection_cpp.hpp
[0.840s] -- Up-to-date: /home/lbarnett/ros2_ws/src/rcraicer/install/rcraicer_msgs/include/rcraicer_msgs/msg/detail/state_estimator_status__type_support.cpp
[0.840s] -- Up-to-date: /home/lbarnett/ros2_ws/src/rcraicer/install/rcraicer_msgs/include/rcraicer_msgs/msg/detail/gps_survey__rosidl_typesupport_introspection_cpp.hpp
[0.840s] -- Up-to-date: /home/lbarnett/ros2_ws/src/rcraicer/install/rcraicer_msgs/include/rcraicer_msgs/msg/detail/arduino_status__type_support.cpp
[0.840s] -- Up-to-date: /home/lbarnett/ros2_ws/src/rcraicer/install/rcraicer_msgs/include/rcraicer_msgs/msg/detail/chassis_state__rosidl_typesupport_introspection_cpp.hpp
[0.840s] -- Up-to-date: /home/lbarnett/ros2_ws/src/rcraicer/install/rcraicer_msgs/include/rcraicer_msgs/msg/detail/imu_filter_output__rosidl_typesupport_introspection_cpp.hpp
[0.841s] -- Up-to-date: /home/lbarnett/ros2_ws/src/rcraicer/install/rcraicer_msgs/include/rcraicer_msgs/msg/detail/state_estimator_status__rosidl_typesupport_introspection_cpp.hpp
[0.841s] -- Up-to-date: /home/lbarnett/ros2_ws/src/rcraicer/install/rcraicer_msgs/include/rcraicer_msgs/msg/detail/neural_net_model__rosidl_typesupport_introspection_cpp.hpp
[0.841s] -- Up-to-date: /home/lbarnett/ros2_ws/src/rcraicer/install/rcraicer_msgs/include/rcraicer_msgs/msg/detail/run_stop__type_support.cpp
[0.841s] -- Up-to-date: /home/lbarnett/ros2_ws/src/rcraicer/install/rcraicer_msgs/include/rcraicer_msgs/msg/detail/lap_stats__type_support.cpp
[0.841s] -- Up-to-date: /home/lbarnett/ros2_ws/src/rcraicer/install/rcraicer_msgs/include/rcraicer_msgs/msg/detail/arduino_status__rosidl_typesupport_introspection_cpp.hpp
[0.841s] -- Up-to-date: /home/lbarnett/ros2_ws/src/rcraicer/install/rcraicer_msgs/include/rcraicer_msgs/msg/detail/gps_survey__type_support.cpp
[0.841s] -- Up-to-date: /home/lbarnett/ros2_ws/src/rcraicer/install/rcraicer_msgs/include/rcraicer_msgs/msg/detail/imu_filter_output__type_support.cpp
[0.841s] -- Up-to-date: /home/lbarnett/ros2_ws/src/rcraicer/install/rcraicer_msgs/include/rcraicer_msgs/msg/detail/path_integral_stats__rosidl_typesupport_introspection_cpp.hpp
[0.841s] -- Up-to-date: /home/lbarnett/ros2_ws/src/rcraicer/install/rcraicer_msgs/include/rcraicer_msgs/msg/detail/neural_net_layer__type_support.cpp
[0.841s] -- Up-to-date: /home/lbarnett/ros2_ws/src/rcraicer/install/rcraicer_msgs/include/rcraicer_msgs/msg/detail/chassis_command__rosidl_typesupport_introspection_cpp.hpp
[0.841s] -- Up-to-date: /home/lbarnett/ros2_ws/src/rcraicer/install/rcraicer_msgs/include/rcraicer_msgs/msg/detail/gpsrf_status__rosidl_typesupport_introspection_cpp.hpp
[0.842s] -- Up-to-date: /home/lbarnett/ros2_ws/src/rcraicer/install/rcraicer_msgs/include/rcraicer_msgs/msg/detail/gps_status__rosidl_typesupport_introspection_cpp.hpp
[0.842s] -- Up-to-date: /home/lbarnett/ros2_ws/src/rcraicer/install/rcraicer_msgs/include/rcraicer_msgs/msg/detail/encoder__rosidl_typesupport_introspection_cpp.hpp
[0.842s] -- Up-to-date: /home/lbarnett/ros2_ws/src/rcraicer/install/rcraicer_msgs/include/rcraicer_msgs/msg/detail/path_integral_status__type_support.cpp
[0.842s] -- Up-to-date: /home/lbarnett/ros2_ws/src/rcraicer/install/rcraicer_msgs/include/rcraicer_msgs/msg/detail/neural_net_model__type_support.cpp
[0.842s] -- Up-to-date: /home/lbarnett/ros2_ws/src/rcraicer/install/rcraicer_msgs/include/rcraicer_msgs/msg/detail/path_integral_status__rosidl_typesupport_introspection_cpp.hpp
[0.842s] -- Up-to-date: /home/lbarnett/ros2_ws/src/rcraicer/install/rcraicer_msgs/include/rcraicer_msgs/msg/detail/encoder__type_support.cpp
[0.842s] -- Up-to-date: /home/lbarnett/ros2_ws/src/rcraicer/install/rcraicer_msgs/include/rcraicer_msgs/msg/detail/chassis_command__type_support.cpp
[0.842s] -- Up-to-date: /home/lbarnett/ros2_ws/src/rcraicer/install/rcraicer_msgs/include/rcraicer_msgs/msg/detail/compute_status__rosidl_typesupport_introspection_cpp.hpp
[0.842s] -- Up-to-date: /home/lbarnett/ros2_ws/src/rcraicer/install/rcraicer_msgs/include/rcraicer_msgs/msg/detail/wheel_speed__rosidl_typesupport_introspection_cpp.hpp
[0.842s] -- Up-to-date: /home/lbarnett/ros2_ws/src/rcraicer/install/rcraicer_msgs/include/rcraicer_msgs/msg/detail/path_integral_params__type_support.cpp
[0.842s] -- Up-to-date: /home/lbarnett/ros2_ws/src/rcraicer/install/rcraicer_msgs/lib/librcraicer_msgs__rosidl_typesupport_introspection_cpp.so
[0.843s] -- Up-to-date: /home/lbarnett/ros2_ws/src/rcraicer/install/rcraicer_msgs/lib/librcraicer_msgs__rosidl_typesupport_cpp.so
[0.843s] -- Up-to-date: /home/lbarnett/ros2_ws/src/rcraicer/install/rcraicer_msgs/share/rcraicer_msgs/environment/pythonpath.sh
[0.843s] -- Up-to-date: /home/lbarnett/ros2_ws/src/rcraicer/install/rcraicer_msgs/share/rcraicer_msgs/environment/pythonpath.dsv
[0.843s] -- Up-to-date: /home/lbarnett/ros2_ws/src/rcraicer/install/rcraicer_msgs/lib/python3.8/site-packages/rcraicer_msgs/__init__.py
[0.862s] -- Up-to-date: /home/lbarnett/ros2_ws/src/rcraicer/install/rcraicer_msgs/lib/python3.8/site-packages/rcraicer_msgs/msg
[0.862s] -- Up-to-date: /home/lbarnett/ros2_ws/src/rcraicer/install/rcraicer_msgs/lib/python3.8/site-packages/rcraicer_msgs/msg/_path_integral_timing.py
[0.863s] -- Up-to-date: /home/lbarnett/ros2_ws/src/rcraicer/install/rcraicer_msgs/lib/python3.8/site-packages/rcraicer_msgs/msg/_chassis_command_s.c
[0.863s] -- Up-to-date: /home/lbarnett/ros2_ws/src/rcraicer/install/rcraicer_msgs/lib/python3.8/site-packages/rcraicer_msgs/msg/_gpsrf_status.py
[0.863s] -- Up-to-date: /home/lbarnett/ros2_ws/src/rcraicer/install/rcraicer_msgs/lib/python3.8/site-packages/rcraicer_msgs/msg/_chassis_state_s.c
[0.863s] -- Up-to-date: /home/lbarnett/ros2_ws/src/rcraicer/install/rcraicer_msgs/lib/python3.8/site-packages/rcraicer_msgs/msg/_path_integral_stats_s.c
[0.863s] -- Up-to-date: /home/lbarnett/ros2_ws/src/rcraicer/install/rcraicer_msgs/lib/python3.8/site-packages/rcraicer_msgs/msg/_sim_state.py
[0.864s] -- Up-to-date: /home/lbarnett/ros2_ws/src/rcraicer/install/rcraicer_msgs/lib/python3.8/site-packages/rcraicer_msgs/msg/_lap_stats.py
[0.864s] -- Up-to-date: /home/lbarnett/ros2_ws/src/rcraicer/install/rcraicer_msgs/lib/python3.8/site-packages/rcraicer_msgs/msg/_compute_status_s.c
[0.864s] -- Up-to-date: /home/lbarnett/ros2_ws/src/rcraicer/install/rcraicer_msgs/lib/python3.8/site-packages/rcraicer_msgs/msg/_state_estimator_status.py
[0.864s] -- Up-to-date: /home/lbarnett/ros2_ws/src/rcraicer/install/rcraicer_msgs/lib/python3.8/site-packages/rcraicer_msgs/msg/_compute_status.py
[0.864s] -- Up-to-date: /home/lbarnett/ros2_ws/src/rcraicer/install/rcraicer_msgs/lib/python3.8/site-packages/rcraicer_msgs/msg/_sim_state_s.c
[0.864s] -- Up-to-date: /home/lbarnett/ros2_ws/src/rcraicer/install/rcraicer_msgs/lib/python3.8/site-packages/rcraicer_msgs/msg/_neural_net_layer.py
[0.864s] -- Up-to-date: /home/lbarnett/ros2_ws/src/rcraicer/install/rcraicer_msgs/lib/python3.8/site-packages/rcraicer_msgs/msg/_gps_survey.py
[0.864s] -- Up-to-date: /home/lbarnett/ros2_ws/src/rcraicer/install/rcraicer_msgs/lib/python3.8/site-packages/rcraicer_msgs/msg/_wheel_speed_s.c
[0.864s] -- Up-to-date: /home/lbarnett/ros2_ws/src/rcraicer/install/rcraicer_msgs/lib/python3.8/site-packages/rcraicer_msgs/msg/_chassis_state.py
[0.864s] -- Up-to-date: /home/lbarnett/ros2_ws/src/rcraicer/install/rcraicer_msgs/lib/python3.8/site-packages/rcraicer_msgs/msg/_lap_stats_s.c
[0.864s] -- Up-to-date: /home/lbarnett/ros2_ws/src/rcraicer/install/rcraicer_msgs/lib/python3.8/site-packages/rcraicer_msgs/msg/_chassis_command.py
[0.864s] -- Up-to-date: /home/lbarnett/ros2_ws/src/rcraicer/install/rcraicer_msgs/lib/python3.8/site-packages/rcraicer_msgs/msg/_imu_filter_output_s.c
[0.864s] -- Up-to-date: /home/lbarnett/ros2_ws/src/rcraicer/install/rcraicer_msgs/lib/python3.8/site-packages/rcraicer_msgs/msg/_run_stop_s.c
[0.865s] -- Up-to-date: /home/lbarnett/ros2_ws/src/rcraicer/install/rcraicer_msgs/lib/python3.8/site-packages/rcraicer_msgs/msg/_path_integral_params_s.c
[0.865s] -- Up-to-date: /home/lbarnett/ros2_ws/src/rcraicer/install/rcraicer_msgs/lib/python3.8/site-packages/rcraicer_msgs/msg/_wheel_speed.py
[0.865s] -- Up-to-date: /home/lbarnett/ros2_ws/src/rcraicer/install/rcraicer_msgs/lib/python3.8/site-packages/rcraicer_msgs/msg/_encoder.py
[0.865s] -- Up-to-date: /home/lbarnett/ros2_ws/src/rcraicer/install/rcraicer_msgs/lib/python3.8/site-packages/rcraicer_msgs/msg/_encoder_s.c
[0.865s] -- Up-to-date: /home/lbarnett/ros2_ws/src/rcraicer/install/rcraicer_msgs/lib/python3.8/site-packages/rcraicer_msgs/msg/_arduino_status.py
[0.865s] -- Up-to-date: /home/lbarnett/ros2_ws/src/rcraicer/install/rcraicer_msgs/lib/python3.8/site-packages/rcraicer_msgs/msg/_gps_status.py
[0.865s] -- Up-to-date: /home/lbarnett/ros2_ws/src/rcraicer/install/rcraicer_msgs/lib/python3.8/site-packages/rcraicer_msgs/msg/_path_integral_status_s.c
[0.865s] -- Up-to-date: /home/lbarnett/ros2_ws/src/rcraicer/install/rcraicer_msgs/lib/python3.8/site-packages/rcraicer_msgs/msg/_path_integral_params.py
[0.865s] -- Up-to-date: /home/lbarnett/ros2_ws/src/rcraicer/install/rcraicer_msgs/lib/python3.8/site-packages/rcraicer_msgs/msg/_gps_survey_s.c
[0.865s] -- Up-to-date: /home/lbarnett/ros2_ws/src/rcraicer/install/rcraicer_msgs/lib/python3.8/site-packages/rcraicer_msgs/msg/_state_estimator_status_s.c
[0.865s] -- Up-to-date: /home/lbarnett/ros2_ws/src/rcraicer/install/rcraicer_msgs/lib/python3.8/site-packages/rcraicer_msgs/msg/_gpsrf_status_s.c
[0.865s] -- Up-to-date: /home/lbarnett/ros2_ws/src/rcraicer/install/rcraicer_msgs/lib/python3.8/site-packages/rcraicer_msgs/msg/_path_integral_stats.py
[0.865s] -- Up-to-date: /home/lbarnett/ros2_ws/src/rcraicer/install/rcraicer_msgs/lib/python3.8/site-packages/rcraicer_msgs/msg/_gps_status_s.c
[0.865s] -- Up-to-date: /home/lbarnett/ros2_ws/src/rcraicer/install/rcraicer_msgs/lib/python3.8/site-packages/rcraicer_msgs/msg/_neural_net_model.py
[0.866s] -- Up-to-date: /home/lbarnett/ros2_ws/src/rcraicer/install/rcraicer_msgs/lib/python3.8/site-packages/rcraicer_msgs/msg/_path_integral_timing_s.c
[0.866s] -- Up-to-date: /home/lbarnett/ros2_ws/src/rcraicer/install/rcraicer_msgs/lib/python3.8/site-packages/rcraicer_msgs/msg/_path_integral_status.py
[0.866s] -- Up-to-date: /home/lbarnett/ros2_ws/src/rcraicer/install/rcraicer_msgs/lib/python3.8/site-packages/rcraicer_msgs/msg/_neural_net_model_s.c
[0.866s] -- Up-to-date: /home/lbarnett/ros2_ws/src/rcraicer/install/rcraicer_msgs/lib/python3.8/site-packages/rcraicer_msgs/msg/_neural_net_layer_s.c
[0.866s] -- Up-to-date: /home/lbarnett/ros2_ws/src/rcraicer/install/rcraicer_msgs/lib/python3.8/site-packages/rcraicer_msgs/msg/_imu_filter_output.py
[0.866s] -- Up-to-date: /home/lbarnett/ros2_ws/src/rcraicer/install/rcraicer_msgs/lib/python3.8/site-packages/rcraicer_msgs/msg/_arduino_status_s.c
[0.866s] -- Up-to-date: /home/lbarnett/ros2_ws/src/rcraicer/install/rcraicer_msgs/lib/python3.8/site-packages/rcraicer_msgs/msg/__init__.py
[0.866s] -- Up-to-date: /home/lbarnett/ros2_ws/src/rcraicer/install/rcraicer_msgs/lib/python3.8/site-packages/rcraicer_msgs/msg/_run_stop.py
[0.866s] -- Up-to-date: /home/lbarnett/ros2_ws/src/rcraicer/install/rcraicer_msgs/lib/python3.8/site-packages/rcraicer_msgs/rcraicer_msgs_s__rosidl_typesupport_fastrtps_c.cpython-38-x86_64-linux-gnu.so
[0.866s] -- Up-to-date: /home/lbarnett/ros2_ws/src/rcraicer/install/rcraicer_msgs/lib/python3.8/site-packages/rcraicer_msgs/rcraicer_msgs_s__rosidl_typesupport_introspection_c.cpython-38-x86_64-linux-gnu.so
[0.867s] -- Up-to-date: /home/lbarnett/ros2_ws/src/rcraicer/install/rcraicer_msgs/lib/python3.8/site-packages/rcraicer_msgs/rcraicer_msgs_s__rosidl_typesupport_c.cpython-38-x86_64-linux-gnu.so
[0.869s] -- Up-to-date: /home/lbarnett/ros2_ws/src/rcraicer/install/rcraicer_msgs/lib/librcraicer_msgs__python.so
[0.869s] -- Up-to-date: /home/lbarnett/ros2_ws/src/rcraicer/install/rcraicer_msgs/share/rcraicer_msgs/msg/Encoder.idl
[0.869s] -- Up-to-date: /home/lbarnett/ros2_ws/src/rcraicer/install/rcraicer_msgs/share/rcraicer_msgs/msg/ArduinoStatus.idl
[0.869s] -- Up-to-date: /home/lbarnett/ros2_ws/src/rcraicer/install/rcraicer_msgs/share/rcraicer_msgs/msg/ChassisState.idl
[0.869s] -- Up-to-date: /home/lbarnett/ros2_ws/src/rcraicer/install/rcraicer_msgs/share/rcraicer_msgs/msg/ChassisCommand.idl
[0.869s] -- Up-to-date: /home/lbarnett/ros2_ws/src/rcraicer/install/rcraicer_msgs/share/rcraicer_msgs/msg/GPSStatus.idl
[0.870s] -- Up-to-date: /home/lbarnett/ros2_ws/src/rcraicer/install/rcraicer_msgs/share/rcraicer_msgs/msg/GPSSurvey.idl
[0.870s] -- Up-to-date: /home/lbarnett/ros2_ws/src/rcraicer/install/rcraicer_msgs/share/rcraicer_msgs/msg/GPSRFStatus.idl
[0.870s] -- Up-to-date: /home/lbarnett/ros2_ws/src/rcraicer/install/rcraicer_msgs/share/rcraicer_msgs/msg/WheelSpeed.idl
[0.870s] -- Up-to-date: /home/lbarnett/ros2_ws/src/rcraicer/install/rcraicer_msgs/share/rcraicer_msgs/msg/StateEstimatorStatus.idl
[0.870s] -- Up-to-date: /home/lbarnett/ros2_ws/src/rcraicer/install/rcraicer_msgs/share/rcraicer_msgs/msg/ImuFilterOutput.idl
[0.870s] -- Up-to-date: /home/lbarnett/ros2_ws/src/rcraicer/install/rcraicer_msgs/share/rcraicer_msgs/msg/ComputeStatus.idl
[0.870s] -- Up-to-date: /home/lbarnett/ros2_ws/src/rcraicer/install/rcraicer_msgs/share/rcraicer_msgs/msg/SimState.idl
[0.870s] -- Up-to-date: /home/lbarnett/ros2_ws/src/rcraicer/install/rcraicer_msgs/share/rcraicer_msgs/msg/NeuralNetLayer.idl
[0.870s] -- Up-to-date: /home/lbarnett/ros2_ws/src/rcraicer/install/rcraicer_msgs/share/rcraicer_msgs/msg/NeuralNetModel.idl
[0.871s] -- Up-to-date: /home/lbarnett/ros2_ws/src/rcraicer/install/rcraicer_msgs/share/rcraicer_msgs/msg/PathIntegralParams.idl
[0.871s] -- Up-to-date: /home/lbarnett/ros2_ws/src/rcraicer/install/rcraicer_msgs/share/rcraicer_msgs/msg/PathIntegralStats.idl
[0.871s] -- Up-to-date: /home/lbarnett/ros2_ws/src/rcraicer/install/rcraicer_msgs/share/rcraicer_msgs/msg/PathIntegralStatus.idl
[0.871s] -- Up-to-date: /home/lbarnett/ros2_ws/src/rcraicer/install/rcraicer_msgs/share/rcraicer_msgs/msg/PathIntegralTiming.idl
[0.871s] -- Up-to-date: /home/lbarnett/ros2_ws/src/rcraicer/install/rcraicer_msgs/share/rcraicer_msgs/msg/LapStats.idl
[0.871s] -- Up-to-date: /home/lbarnett/ros2_ws/src/rcraicer/install/rcraicer_msgs/share/rcraicer_msgs/msg/RunStop.idl
[0.871s] -- Up-to-date: /home/lbarnett/ros2_ws/src/rcraicer/install/rcraicer_msgs/share/rcraicer_msgs/msg/Encoder.msg
[0.872s] -- Up-to-date: /home/lbarnett/ros2_ws/src/rcraicer/install/rcraicer_msgs/share/rcraicer_msgs/msg/ArduinoStatus.msg
[0.872s] -- Up-to-date: /home/lbarnett/ros2_ws/src/rcraicer/install/rcraicer_msgs/share/rcraicer_msgs/msg/ChassisState.msg
[0.872s] -- Up-to-date: /home/lbarnett/ros2_ws/src/rcraicer/install/rcraicer_msgs/share/rcraicer_msgs/msg/ChassisCommand.msg
[0.872s] -- Up-to-date: /home/lbarnett/ros2_ws/src/rcraicer/install/rcraicer_msgs/share/rcraicer_msgs/msg/GPSStatus.msg
[0.872s] -- Up-to-date: /home/lbarnett/ros2_ws/src/rcraicer/install/rcraicer_msgs/share/rcraicer_msgs/msg/GPSSurvey.msg
[0.872s] -- Up-to-date: /home/lbarnett/ros2_ws/src/rcraicer/install/rcraicer_msgs/share/rcraicer_msgs/msg/GPSRFStatus.msg
[0.872s] -- Up-to-date: /home/lbarnett/ros2_ws/src/rcraicer/install/rcraicer_msgs/share/rcraicer_msgs/msg/WheelSpeed.msg
[0.873s] -- Up-to-date: /home/lbarnett/ros2_ws/src/rcraicer/install/rcraicer_msgs/share/rcraicer_msgs/msg/StateEstimatorStatus.msg
[0.873s] -- Up-to-date: /home/lbarnett/ros2_ws/src/rcraicer/install/rcraicer_msgs/share/rcraicer_msgs/msg/ImuFilterOutput.msg
[0.873s] -- Up-to-date: /home/lbarnett/ros2_ws/src/rcraicer/install/rcraicer_msgs/share/rcraicer_msgs/msg/ComputeStatus.msg
[0.873s] -- Up-to-date: /home/lbarnett/ros2_ws/src/rcraicer/install/rcraicer_msgs/share/rcraicer_msgs/msg/SimState.msg
[0.873s] -- Up-to-date: /home/lbarnett/ros2_ws/src/rcraicer/install/rcraicer_msgs/share/rcraicer_msgs/msg/NeuralNetLayer.msg
[0.873s] -- Up-to-date: /home/lbarnett/ros2_ws/src/rcraicer/install/rcraicer_msgs/share/rcraicer_msgs/msg/NeuralNetModel.msg
[0.873s] -- Up-to-date: /home/lbarnett/ros2_ws/src/rcraicer/install/rcraicer_msgs/share/rcraicer_msgs/msg/PathIntegralParams.msg
[0.873s] -- Up-to-date: /home/lbarnett/ros2_ws/src/rcraicer/install/rcraicer_msgs/share/rcraicer_msgs/msg/PathIntegralStats.msg
[0.874s] -- Up-to-date: /home/lbarnett/ros2_ws/src/rcraicer/install/rcraicer_msgs/share/rcraicer_msgs/msg/PathIntegralStatus.msg
[0.874s] -- Up-to-date: /home/lbarnett/ros2_ws/src/rcraicer/install/rcraicer_msgs/share/rcraicer_msgs/msg/PathIntegralTiming.msg
[0.874s] -- Up-to-date: /home/lbarnett/ros2_ws/src/rcraicer/install/rcraicer_msgs/share/rcraicer_msgs/msg/LapStats.msg
[0.874s] -- Up-to-date: /home/lbarnett/ros2_ws/src/rcraicer/install/rcraicer_msgs/share/rcraicer_msgs/msg/RunStop.msg
[0.874s] -- Up-to-date: /home/lbarnett/ros2_ws/src/rcraicer/install/rcraicer_msgs/share/ament_index/resource_index/package_run_dependencies/rcraicer_msgs
[0.874s] -- Up-to-date: /home/lbarnett/ros2_ws/src/rcraicer/install/rcraicer_msgs/share/ament_index/resource_index/parent_prefix_path/rcraicer_msgs
[0.874s] -- Up-to-date: /home/lbarnett/ros2_ws/src/rcraicer/install/rcraicer_msgs/share/rcraicer_msgs/environment/ament_prefix_path.sh
[0.874s] -- Up-to-date: /home/lbarnett/ros2_ws/src/rcraicer/install/rcraicer_msgs/share/rcraicer_msgs/environment/ament_prefix_path.dsv
[0.874s] -- Up-to-date: /home/lbarnett/ros2_ws/src/rcraicer/install/rcraicer_msgs/share/rcraicer_msgs/environment/path.sh
[0.874s] -- Up-to-date: /home/lbarnett/ros2_ws/src/rcraicer/install/rcraicer_msgs/share/rcraicer_msgs/environment/path.dsv
[0.875s] -- Up-to-date: /home/lbarnett/ros2_ws/src/rcraicer/install/rcraicer_msgs/share/rcraicer_msgs/local_setup.bash
[0.875s] -- Up-to-date: /home/lbarnett/ros2_ws/src/rcraicer/install/rcraicer_msgs/share/rcraicer_msgs/local_setup.sh
[0.875s] -- Up-to-date: /home/lbarnett/ros2_ws/src/rcraicer/install/rcraicer_msgs/share/rcraicer_msgs/local_setup.zsh
[0.875s] -- Up-to-date: /home/lbarnett/ros2_ws/src/rcraicer/install/rcraicer_msgs/share/rcraicer_msgs/local_setup.dsv
[0.875s] -- Installing: /home/lbarnett/ros2_ws/src/rcraicer/install/rcraicer_msgs/share/rcraicer_msgs/package.dsv
[0.875s] -- Up-to-date: /home/lbarnett/ros2_ws/src/rcraicer/install/rcraicer_msgs/share/ament_index/resource_index/packages/rcraicer_msgs
[0.875s] -- Up-to-date: /home/lbarnett/ros2_ws/src/rcraicer/install/rcraicer_msgs/share/rcraicer_msgs/cmake/rcraicer_msgs__rosidl_generator_cExport.cmake
[0.876s] -- Up-to-date: /home/lbarnett/ros2_ws/src/rcraicer/install/rcraicer_msgs/share/rcraicer_msgs/cmake/rcraicer_msgs__rosidl_generator_cExport-relwithdebinfo.cmake
[0.876s] -- Up-to-date: /home/lbarnett/ros2_ws/src/rcraicer/install/rcraicer_msgs/share/rcraicer_msgs/cmake/rcraicer_msgs__rosidl_typesupport_introspection_cExport.cmake
[0.876s] -- Up-to-date: /home/lbarnett/ros2_ws/src/rcraicer/install/rcraicer_msgs/share/rcraicer_msgs/cmake/rcraicer_msgs__rosidl_typesupport_introspection_cExport-relwithdebinfo.cmake
[0.877s] -- Up-to-date: /home/lbarnett/ros2_ws/src/rcraicer/install/rcraicer_msgs/share/rcraicer_msgs/cmake/rcraicer_msgs__rosidl_typesupport_cExport.cmake
[0.877s] -- Up-to-date: /home/lbarnett/ros2_ws/src/rcraicer/install/rcraicer_msgs/share/rcraicer_msgs/cmake/rcraicer_msgs__rosidl_typesupport_cExport-relwithdebinfo.cmake
[0.878s] -- Up-to-date: /home/lbarnett/ros2_ws/src/rcraicer/install/rcraicer_msgs/share/rcraicer_msgs/cmake/rcraicer_msgs__rosidl_generator_cppExport.cmake
[0.878s] -- Up-to-date: /home/lbarnett/ros2_ws/src/rcraicer/install/rcraicer_msgs/share/rcraicer_msgs/cmake/rcraicer_msgs__rosidl_typesupport_introspection_cppExport.cmake
[0.878s] -- Up-to-date: /home/lbarnett/ros2_ws/src/rcraicer/install/rcraicer_msgs/share/rcraicer_msgs/cmake/rcraicer_msgs__rosidl_typesupport_introspection_cppExport-relwithdebinfo.cmake
[0.879s] -- Up-to-date: /home/lbarnett/ros2_ws/src/rcraicer/install/rcraicer_msgs/share/rcraicer_msgs/cmake/rcraicer_msgs__rosidl_typesupport_cppExport.cmake
[0.879s] -- Up-to-date: /home/lbarnett/ros2_ws/src/rcraicer/install/rcraicer_msgs/share/rcraicer_msgs/cmake/rcraicer_msgs__rosidl_typesupport_cppExport-relwithdebinfo.cmake
[0.879s] -- Up-to-date: /home/lbarnett/ros2_ws/src/rcraicer/install/rcraicer_msgs/share/rcraicer_msgs/cmake/rosidl_cmake-extras.cmake
[0.879s] -- Up-to-date: /home/lbarnett/ros2_ws/src/rcraicer/install/rcraicer_msgs/share/rcraicer_msgs/cmake/ament_cmake_export_dependencies-extras.cmake
[0.880s] -- Up-to-date: /home/lbarnett/ros2_ws/src/rcraicer/install/rcraicer_msgs/share/rcraicer_msgs/cmake/ament_cmake_export_libraries-extras.cmake
[0.880s] -- Up-to-date: /home/lbarnett/ros2_ws/src/rcraicer/install/rcraicer_msgs/share/rcraicer_msgs/cmake/ament_cmake_export_targets-extras.cmake
[0.880s] -- Up-to-date: /home/lbarnett/ros2_ws/src/rcraicer/install/rcraicer_msgs/share/rcraicer_msgs/cmake/ament_cmake_export_include_directories-extras.cmake
[0.880s] -- Up-to-date: /home/lbarnett/ros2_ws/src/rcraicer/install/rcraicer_msgs/share/rcraicer_msgs/cmake/rosidl_cmake_export_typesupport_libraries-extras.cmake
[0.880s] -- Up-to-date: /home/lbarnett/ros2_ws/src/rcraicer/install/rcraicer_msgs/share/rcraicer_msgs/cmake/rosidl_cmake_export_typesupport_targets-extras.cmake
[0.880s] -- Up-to-date: /home/lbarnett/ros2_ws/src/rcraicer/install/rcraicer_msgs/share/rcraicer_msgs/cmake/rcraicer_msgsConfig.cmake
[0.880s] -- Up-to-date: /home/lbarnett/ros2_ws/src/rcraicer/install/rcraicer_msgs/share/rcraicer_msgs/cmake/rcraicer_msgsConfig-version.cmake
[0.881s] -- Up-to-date: /home/lbarnett/ros2_ws/src/rcraicer/install/rcraicer_msgs/share/rcraicer_msgs/package.xml
[0.885s] Invoked command in '/home/lbarnett/ros2_ws/src/rcraicer/build/rcraicer_msgs' returned '0': CMAKE_PREFIX_PATH=${CMAKE_PREFIX_PATH}:/home/lbarnett/ros2_ws/install/rcraicer_utils:/home/lbarnett/ros2_ws/install/rcraicer_ui:/opt/ros/foxy /usr/bin/cmake --install /home/lbarnett/ros2_ws/src/rcraicer/build/rcraicer_msgs
