In file included from [01m[K/home/lbarnett/ros2_ws/src/rcraicer/rcraicer/src/state_estimator.cpp:1[m[K:
[01m[K/home/lbarnett/ros2_ws/src/rcraicer/rcraicer/src/../include/rcraicer/state_estimator.h:[m[K In constructor ‘[01m[KStateEstimator::StateEstimator()[m[K’:
[01m[K/home/lbarnett/ros2_ws/src/rcraicer/rcraicer/src/../include/rcraicer/state_estimator.h:105:14:[m[K [01;35m[Kwarning: [m[K‘[01m[KStateEstimator::gotInitialPose_[m[K’ will be initialized after [[01;35m[K-Wreorder[m[K]
  105 |         bool [01;35m[KgotInitialPose_[m[K;
      |              [01;35m[K^~~~~~~~~~~~~~~[m[K
[01m[K/home/lbarnett/ros2_ws/src/rcraicer/rcraicer/src/../include/rcraicer/state_estimator.h:77:14:[m[K [01;35m[Kwarning: [m[K  ‘[01m[Kbool StateEstimator::debug_[m[K’ [[01;35m[K-Wreorder[m[K]
   77 |         bool [01;35m[Kdebug_[m[K;
      |              [01;35m[K^~~~~~[m[K
[01m[K/home/lbarnett/ros2_ws/src/rcraicer/rcraicer/src/state_estimator.cpp:22:1:[m[K [01;35m[Kwarning: [m[K  when initialized here [[01;35m[K-Wreorder[m[K]
   22 | [01;35m[KStateEstimator[m[K::StateEstimator() : Node("state_estimator"),
      | [01;35m[K^~~~~~~~~~~~~~[m[K
[01m[K/home/lbarnett/ros2_ws/src/rcraicer/rcraicer/src/state_estimator.cpp:[m[K In member function ‘[01m[Kvoid StateEstimator::GpsHelper()[m[K’:
[01m[K/home/lbarnett/ros2_ws/src/rcraicer/rcraicer/src/state_estimator.cpp:734:59:[m[K [01;35m[Kwarning: [m[Kcatching polymorphic type ‘[01m[Kclass gtsam::IndeterminantLinearSystemException[m[K’ by value [[01;35m[K-Wcatch-value=[m[K]
  734 |           catch(gtsam::IndeterminantLinearSystemException [01;35m[Kex[m[K)
      |                                                           [01;35m[K^~[m[K
[01m[K/home/lbarnett/ros2_ws/src/rcraicer/rcraicer/src/state_estimator.cpp:708:20:[m[K [01;35m[Kwarning: [m[K‘[01m[KstartTime[m[K’ may be used uninitialized in this function [[01;35m[K-Wmaybe-uninitialized[m[K]
  708 |             double [01;35m[KcurTime[m[K = startTime + (imuKey-1) * 0.1;
      |                    [01;35m[K^~~~~~~[m[K
In file included from [01m[K/home/lbarnett/ros2_ws/src/rcraicer/rcraicer/src/../include/rcraicer/../mavlink/common/common.h:2311[m[K,
                 from [01m[K/home/lbarnett/ros2_ws/src/rcraicer/rcraicer/src/../include/rcraicer/../mavlink/common/mavlink.h:32[m[K,
                 from [01m[K/home/lbarnett/ros2_ws/src/rcraicer/rcraicer/src/../include/rcraicer/mavlink_serial_port.h:9[m[K,
                 from [01m[K/home/lbarnett/ros2_ws/src/rcraicer/rcraicer/src/../include/rcraicer/imu_mavlink.h:14[m[K,
                 from [01m[K/home/lbarnett/ros2_ws/src/rcraicer/rcraicer/src/imu_mavlink.cpp:1[m[K:
[01m[K/home/lbarnett/ros2_ws/src/rcraicer/rcraicer/src/../include/rcraicer/../mavlink/common/./mavlink_msg_distance_sensor.h:[m[K In function ‘[01m[Kuint16_t mavlink_msg_distance_sensor_encode(uint8_t, uint8_t, mavlink_message_t*, const mavlink_distance_sensor_t*)[m[K’:
[01m[K/home/lbarnett/ros2_ws/src/rcraicer/rcraicer/src/../include/rcraicer/../mavlink/common/./mavlink_msg_distance_sensor.h:200:387:[m[K [01;35m[Kwarning: [m[Ktaking address of packed member of ‘[01m[K__mavlink_distance_sensor_t[m[K’ may result in an unaligned pointer value [[01;35m[K-Waddress-of-packed-member[m[K]
  200 | mponent_id, msg, distance_sensor->time_boot_ms, distance_sensor->min_distance, distance_sensor->max_distance, distance_sensor->current_distance, distance_sensor->type, distance_sensor->id, distance_sensor->orientation, distance_sensor->covariance, distance_sensor->horizontal_fov, distance_sensor->vertical_fov, [01;35m[Kdistance_sensor->quaternion[m[K, distance_sensor->signal_quality);
      |                                                                                                                                                                                                                                                                                                                         [01;35m[K~~~~~~~~~~~~~~~~~^~~~~~~~~~[m[K

[01m[K/home/lbarnett/ros2_ws/src/rcraicer/rcraicer/src/../include/rcraicer/../mavlink/common/./mavlink_msg_distance_sensor.h:[m[K In function ‘[01m[Kuint16_t mavlink_msg_distance_sensor_encode_chan(uint8_t, uint8_t, uint8_t, mavlink_message_t*, const mavlink_distance_sensor_t*)[m[K’:
[01m[K/home/lbarnett/ros2_ws/src/rcraicer/rcraicer/src/../include/rcraicer/../mavlink/common/./mavlink_msg_distance_sensor.h:214:398:[m[K [01;35m[Kwarning: [m[Ktaking address of packed member of ‘[01m[K__mavlink_distance_sensor_t[m[K’ may result in an unaligned pointer value [[01;35m[K-Waddress-of-packed-member[m[K]
  214 | t_id, chan, msg, distance_sensor->time_boot_ms, distance_sensor->min_distance, distance_sensor->max_distance, distance_sensor->current_distance, distance_sensor->type, distance_sensor->id, distance_sensor->orientation, distance_sensor->covariance, distance_sensor->horizontal_fov, distance_sensor->vertical_fov, [01;35m[Kdistance_sensor->quaternion[m[K, distance_sensor->signal_quality);
      |                                                                                                                                                                                                                                                                                                                         [01;35m[K~~~~~~~~~~~~~~~~~^~~~~~~~~~[m[K

In file included from [01m[K/home/lbarnett/ros2_ws/src/rcraicer/rcraicer/src/../include/rcraicer/../mavlink/common/common.h:2325[m[K,
                 from [01m[K/home/lbarnett/ros2_ws/src/rcraicer/rcraicer/src/../include/rcraicer/../mavlink/common/mavlink.h:32[m[K,
                 from [01m[K/home/lbarnett/ros2_ws/src/rcraicer/rcraicer/src/../include/rcraicer/mavlink_serial_port.h:9[m[K,
                 from [01m[K/home/lbarnett/ros2_ws/src/rcraicer/rcraicer/src/../include/rcraicer/imu_mavlink.h:14[m[K,
                 from [01m[K/home/lbarnett/ros2_ws/src/rcraicer/rcraicer/src/imu_mavlink.cpp:1[m[K:
[01m[K/home/lbarnett/ros2_ws/src/rcraicer/rcraicer/src/../include/rcraicer/../mavlink/common/./mavlink_msg_battery_status.h:[m[K In function ‘[01m[Kuint16_t mavlink_msg_battery_status_encode(uint8_t, uint8_t, mavlink_message_t*, const mavlink_battery_status_t*)[m[K’:
[01m[K/home/lbarnett/ros2_ws/src/rcraicer/rcraicer/src/../include/rcraicer/../mavlink/common/./mavlink_msg_battery_status.h:219:195:[m[K [01;35m[Kwarning: [m[Ktaking address of packed member of ‘[01m[K__mavlink_battery_status_t[m[K’ may result in an unaligned pointer value [[01;35m[K-Waddress-of-packed-member[m[K]
  219 |     return mavlink_msg_battery_status_pack(system_id, component_id, msg, battery_status->id, battery_status->battery_function, battery_status->type, battery_status->temperature, [01;35m[Kbattery_status->voltages[m[K, battery_status->current_battery, battery_status->current_consumed, battery_status->energy_consumed, battery_status->battery_remaining, battery_status->time_remaining, battery_status->charge_state, battery_status->voltages_ext, battery_status->mode, battery_status->fault_bitmask);
      |                                                                                                                                                                                   [01;35m[K~~~~~~~~~~~~~~~~^~~~~~~~[m[K
[01m[K/home/lbarnett/ros2_ws/src/rcraicer/rcraicer/src/../include/rcraicer/../mavlink/common/./mavlink_msg_battery_status.h:219:418:[m[K [01;35m[Kwarning: [m[Ktaking address of packed member of ‘[01m[K__mavlink_battery_status_t[m[K’ may result in an unaligned pointer value [[01;35m[K-Waddress-of-packed-member[m[K]
  219 | >id, battery_status->battery_function, battery_status->type, battery_status->temperature, battery_status->voltages, battery_status->current_battery, battery_status->current_consumed, battery_status->energy_consumed, battery_status->battery_remaining, battery_status->time_remaining, battery_status->charge_state, [01;35m[Kbattery_status->voltages_ext[m[K, battery_status->mode, battery_status->fault_bitmask);
      |                                                                                                                                                                                                                                                                                                                          [01;35m[K~~~~~~~~~~~~~~~~^~~~~~~~~~~~[m[K

[01m[K/home/lbarnett/ros2_ws/src/rcraicer/rcraicer/src/../include/rcraicer/../mavlink/common/./mavlink_msg_battery_status.h:[m[K In function ‘[01m[Kuint16_t mavlink_msg_battery_status_encode_chan(uint8_t, uint8_t, uint8_t, mavlink_message_t*, const mavlink_battery_status_t*)[m[K’:
[01m[K/home/lbarnett/ros2_ws/src/rcraicer/rcraicer/src/../include/rcraicer/../mavlink/common/./mavlink_msg_battery_status.h:233:206:[m[K [01;35m[Kwarning: [m[Ktaking address of packed member of ‘[01m[K__mavlink_battery_status_t[m[K’ may result in an unaligned pointer value [[01;35m[K-Waddress-of-packed-member[m[K]
  233 |     return mavlink_msg_battery_status_pack_chan(system_id, component_id, chan, msg, battery_status->id, battery_status->battery_function, battery_status->type, battery_status->temperature, [01;35m[Kbattery_status->voltages[m[K, battery_status->current_battery, battery_status->current_consumed, battery_status->energy_consumed, battery_status->battery_remaining, battery_status->time_remaining, battery_status->charge_state, battery_status->voltages_ext, battery_status->mode, battery_status->fault_bitmask);
      |                                                                                                                                                                                              [01;35m[K~~~~~~~~~~~~~~~~^~~~~~~~[m[K
[01m[K/home/lbarnett/ros2_ws/src/rcraicer/rcraicer/src/../include/rcraicer/../mavlink/common/./mavlink_msg_battery_status.h:233:429:[m[K [01;35m[Kwarning: [m[Ktaking address of packed member of ‘[01m[K__mavlink_battery_status_t[m[K’ may result in an unaligned pointer value [[01;35m[K-Waddress-of-packed-member[m[K]
  233 | >id, battery_status->battery_function, battery_status->type, battery_status->temperature, battery_status->voltages, battery_status->current_battery, battery_status->current_consumed, battery_status->energy_consumed, battery_status->battery_remaining, battery_status->time_remaining, battery_status->charge_state, [01;35m[Kbattery_status->voltages_ext[m[K, battery_status->mode, battery_status->fault_bitmask);
      |                                                                                                                                                                                                                                                                                                                          [01;35m[K~~~~~~~~~~~~~~~~^~~~~~~~~~~~[m[K

In file included from [01m[K/home/lbarnett/ros2_ws/src/rcraicer/rcraicer/src/../include/rcraicer/../mavlink/common/common.h:2327[m[K,
                 from [01m[K/home/lbarnett/ros2_ws/src/rcraicer/rcraicer/src/../include/rcraicer/../mavlink/common/mavlink.h:32[m[K,
                 from [01m[K/home/lbarnett/ros2_ws/src/rcraicer/rcraicer/src/../include/rcraicer/mavlink_serial_port.h:9[m[K,
                 from [01m[K/home/lbarnett/ros2_ws/src/rcraicer/rcraicer/src/../include/rcraicer/imu_mavlink.h:14[m[K,
                 from [01m[K/home/lbarnett/ros2_ws/src/rcraicer/rcraicer/src/imu_mavlink.cpp:1[m[K:
[01m[K/home/lbarnett/ros2_ws/src/rcraicer/rcraicer/src/../include/rcraicer/../mavlink/common/./mavlink_msg_landing_target.h:[m[K In function ‘[01m[Kuint16_t mavlink_msg_landing_target_encode(uint8_t, uint8_t, mavlink_message_t*, const mavlink_landing_target_t*)[m[K’:
[01m[K/home/lbarnett/ros2_ws/src/rcraicer/rcraicer/src/../include/rcraicer/../mavlink/common/./mavlink_msg_landing_target.h:218:349:[m[K [01;35m[Kwarning: [m[Ktaking address of packed member of ‘[01m[K__mavlink_landing_target_t[m[K’ may result in an unaligned pointer value [[01;35m[K-Waddress-of-packed-member[m[K]
  218 | msg_landing_target_pack(system_id, component_id, msg, landing_target->time_usec, landing_target->target_num, landing_target->frame, landing_target->angle_x, landing_target->angle_y, landing_target->distance, landing_target->size_x, landing_target->size_y, landing_target->x, landing_target->y, landing_target->z, [01;35m[Klanding_target->q[m[K, landing_target->type, landing_target->position_valid);
      |                                                                                                                                                                                                                                                                                                                          [01;35m[K~~~~~~~~~~~~~~~~^[m[K

[01m[K/home/lbarnett/ros2_ws/src/rcraicer/rcraicer/src/../include/rcraicer/../mavlink/common/./mavlink_msg_landing_target.h:[m[K In function ‘[01m[Kuint16_t mavlink_msg_landing_target_encode_chan(uint8_t, uint8_t, uint8_t, mavlink_message_t*, const mavlink_landing_target_t*)[m[K’:
[01m[K/home/lbarnett/ros2_ws/src/rcraicer/rcraicer/src/../include/rcraicer/../mavlink/common/./mavlink_msg_landing_target.h:232:360:[m[K [01;35m[Kwarning: [m[Ktaking address of packed member of ‘[01m[K__mavlink_landing_target_t[m[K’ may result in an unaligned pointer value [[01;35m[K-Waddress-of-packed-member[m[K]
  232 | _target_pack_chan(system_id, component_id, chan, msg, landing_target->time_usec, landing_target->target_num, landing_target->frame, landing_target->angle_x, landing_target->angle_y, landing_target->distance, landing_target->size_x, landing_target->size_y, landing_target->x, landing_target->y, landing_target->z, [01;35m[Klanding_target->q[m[K, landing_target->type, landing_target->position_valid);
      |                                                                                                                                                                                                                                                                                                                          [01;35m[K~~~~~~~~~~~~~~~~^[m[K

In file included from [01m[K/home/lbarnett/ros2_ws/src/rcraicer/rcraicer/src/../include/rcraicer/../mavlink/common/common.h:2338[m[K,
                 from [01m[K/home/lbarnett/ros2_ws/src/rcraicer/rcraicer/src/../include/rcraicer/../mavlink/common/mavlink.h:32[m[K,
                 from [01m[K/home/lbarnett/ros2_ws/src/rcraicer/rcraicer/src/../include/rcraicer/mavlink_serial_port.h:9[m[K,
                 from [01m[K/home/lbarnett/ros2_ws/src/rcraicer/rcraicer/src/../include/rcraicer/imu_mavlink.h:14[m[K,
                 from [01m[K/home/lbarnett/ros2_ws/src/rcraicer/rcraicer/src/imu_mavlink.cpp:1[m[K:
[01m[K/home/lbarnett/ros2_ws/src/rcraicer/rcraicer/src/../include/rcraicer/../mavlink/common/./mavlink_msg_home_position.h:[m[K In function ‘[01m[Kuint16_t mavlink_msg_home_position_encode(uint8_t, uint8_t, mavlink_message_t*, const mavlink_home_position_t*)[m[K’:
[01m[K/home/lbarnett/ros2_ws/src/rcraicer/rcraicer/src/../include/rcraicer/../mavlink/common/./mavlink_msg_home_position.h:191:218:[m[K [01;35m[Kwarning: [m[Ktaking address of packed member of ‘[01m[K__mavlink_home_position_t[m[K’ may result in an unaligned pointer value [[01;35m[K-Waddress-of-packed-member[m[K]
  191 |     return mavlink_msg_home_position_pack(system_id, component_id, msg, home_position->latitude, home_position->longitude, home_position->altitude, home_position->x, home_position->y, home_position->z, [01;35m[Khome_position->q[m[K, home_position->approach_x, home_position->approach_y, home_position->approach_z, home_position->time_usec);
      |                                                                                                                                                                                                           [01;35m[K~~~~~~~~~~~~~~~^[m[K
[01m[K/home/lbarnett/ros2_ws/src/rcraicer/rcraicer/src/../include/rcraicer/../mavlink/common/./mavlink_msg_home_position.h:[m[K In function ‘[01m[Kuint16_t mavlink_msg_home_position_encode_chan(uint8_t, uint8_t, uint8_t, mavlink_message_t*, const mavlink_home_position_t*)[m[K’:
[01m[K/home/lbarnett/ros2_ws/src/rcraicer/rcraicer/src/../include/rcraicer/../mavlink/common/./mavlink_msg_home_position.h:205:229:[m[K [01;35m[Kwarning: [m[Ktaking address of packed member of ‘[01m[K__mavlink_home_position_t[m[K’ may result in an unaligned pointer value [[01;35m[K-Waddress-of-packed-member[m[K]
  205 |     return mavlink_msg_home_position_pack_chan(system_id, component_id, chan, msg, home_position->latitude, home_position->longitude, home_position->altitude, home_position->x, home_position->y, home_position->z, [01;35m[Khome_position->q[m[K, home_position->approach_x, home_position->approach_y, home_position->approach_z, home_position->time_usec);
      |                                                                                                                                                                                                                      [01;35m[K~~~~~~~~~~~~~~~^[m[K
In file included from [01m[K/home/lbarnett/ros2_ws/src/rcraicer/rcraicer/src/../include/rcraicer/../mavlink/common/common.h:2339[m[K,
                 from [01m[K/home/lbarnett/ros2_ws/src/rcraicer/rcraicer/src/../include/rcraicer/../mavlink/common/mavlink.h:32[m[K,
                 from [01m[K/home/lbarnett/ros2_ws/src/rcraicer/rcraicer/src/../include/rcraicer/mavlink_serial_port.h:9[m[K,
                 from [01m[K/home/lbarnett/ros2_ws/src/rcraicer/rcraicer/src/../include/rcraicer/imu_mavlink.h:14[m[K,
                 from [01m[K/home/lbarnett/ros2_ws/src/rcraicer/rcraicer/src/imu_mavlink.cpp:1[m[K:
[01m[K/home/lbarnett/ros2_ws/src/rcraicer/rcraicer/src/../include/rcraicer/../mavlink/common/./mavlink_msg_set_home_position.h:[m[K In function ‘[01m[Kuint16_t mavlink_msg_set_home_position_encode(uint8_t, uint8_t, mavlink_message_t*, const mavlink_set_home_position_t*)[m[K’:
[01m[K/home/lbarnett/ros2_ws/src/rcraicer/rcraicer/src/../include/rcraicer/../mavlink/common/./mavlink_msg_set_home_position.h:200:284:[m[K [01;35m[Kwarning: [m[Ktaking address of packed member of ‘[01m[K__mavlink_set_home_position_t[m[K’ may result in an unaligned pointer value [[01;35m[K-Waddress-of-packed-member[m[K]
  200 |     return mavlink_msg_set_home_position_pack(system_id, component_id, msg, set_home_position->target_system, set_home_position->latitude, set_home_position->longitude, set_home_position->altitude, set_home_position->x, set_home_position->y, set_home_position->z, [01;35m[Kset_home_position->q[m[K, set_home_position->approach_x, set_home_position->approach_y, set_home_position->approach_z, set_home_position->time_usec);
      |                                                                                                                                                                                                                                                                         [01;35m[K~~~~~~~~~~~~~~~~~~~^[m[K
[01m[K/home/lbarnett/ros2_ws/src/rcraicer/rcraicer/src/../include/rcraicer/../mavlink/common/./mavlink_msg_set_home_position.h:[m[K In function ‘[01m[Kuint16_t mavlink_msg_set_home_position_encode_chan(uint8_t, uint8_t, uint8_t, mavlink_message_t*, const mavlink_set_home_position_t*)[m[K’:
[01m[K/home/lbarnett/ros2_ws/src/rcraicer/rcraicer/src/../include/rcraicer/../mavlink/common/./mavlink_msg_set_home_position.h:214:295:[m[K [01;35m[Kwarning: [m[Ktaking address of packed member of ‘[01m[K__mavlink_set_home_position_t[m[K’ may result in an unaligned pointer value [[01;35m[K-Waddress-of-packed-member[m[K]
  214 |     return mavlink_msg_set_home_position_pack_chan(system_id, component_id, chan, msg, set_home_position->target_system, set_home_position->latitude, set_home_position->longitude, set_home_position->altitude, set_home_position->x, set_home_position->y, set_home_position->z, [01;35m[Kset_home_position->q[m[K, set_home_position->approach_x, set_home_position->approach_y, set_home_position->approach_z, set_home_position->time_usec);
      |                                                                                                                                                                                                                                                                                    [01;35m[K~~~~~~~~~~~~~~~~~~~^[m[K
In file included from [01m[K/home/lbarnett/ros2_ws/src/rcraicer/rcraicer/src/../include/rcraicer/../mavlink/common/common.h:2389[m[K,
                 from [01m[K/home/lbarnett/ros2_ws/src/rcraicer/rcraicer/src/../include/rcraicer/../mavlink/common/mavlink.h:32[m[K,
                 from [01m[K/home/lbarnett/ros2_ws/src/rcraicer/rcraicer/src/../include/rcraicer/mavlink_serial_port.h:9[m[K,
                 from [01m[K/home/lbarnett/ros2_ws/src/rcraicer/rcraicer/src/../include/rcraicer/imu_mavlink.h:14[m[K,
                 from [01m[K/home/lbarnett/ros2_ws/src/rcraicer/rcraicer/src/imu_mavlink.cpp:1[m[K:
[01m[K/home/lbarnett/ros2_ws/src/rcraicer/rcraicer/src/../include/rcraicer/../mavlink/common/./mavlink_msg_obstacle_distance.h:[m[K In function ‘[01m[Kuint16_t mavlink_msg_obstacle_distance_encode(uint8_t, uint8_t, mavlink_message_t*, const mavlink_obstacle_distance_t*)[m[K’:
[01m[K/home/lbarnett/ros2_ws/src/rcraicer/rcraicer/src/../include/rcraicer/../mavlink/common/./mavlink_msg_obstacle_distance.h:173:158:[m[K [01;35m[Kwarning: [m[Ktaking address of packed member of ‘[01m[K__mavlink_obstacle_distance_t[m[K’ may result in an unaligned pointer value [[01;35m[K-Waddress-of-packed-member[m[K]
  173 |     return mavlink_msg_obstacle_distance_pack(system_id, component_id, msg, obstacle_distance->time_usec, obstacle_distance->sensor_type, [01;35m[Kobstacle_distance->distances[m[K, obstacle_distance->increment, obstacle_distance->min_distance, obstacle_distance->max_distance, obstacle_distance->increment_f, obstacle_distance->angle_offset, obstacle_distance->frame);
      |                                                                                                                                           [01;35m[K~~~~~~~~~~~~~~~~~~~^~~~~~~~~[m[K
[01m[K/home/lbarnett/ros2_ws/src/rcraicer/rcraicer/src/../include/rcraicer/../mavlink/common/./mavlink_msg_obstacle_distance.h:[m[K In function ‘[01m[Kuint16_t mavlink_msg_obstacle_distance_encode_chan(uint8_t, uint8_t, uint8_t, mavlink_message_t*, const mavlink_obstacle_distance_t*)[m[K’:
[01m[K/home/lbarnett/ros2_ws/src/rcraicer/rcraicer/src/../include/rcraicer/../mavlink/common/./mavlink_msg_obstacle_distance.h:187:169:[m[K [01;35m[Kwarning: [m[Ktaking address of packed member of ‘[01m[K__mavlink_obstacle_distance_t[m[K’ may result in an unaligned pointer value [[01;35m[K-Waddress-of-packed-member[m[K]
  187 |     return mavlink_msg_obstacle_distance_pack_chan(system_id, component_id, chan, msg, obstacle_distance->time_usec, obstacle_distance->sensor_type, [01;35m[Kobstacle_distance->distances[m[K, obstacle_distance->increment, obstacle_distance->min_distance, obstacle_distance->max_distance, obstacle_distance->increment_f, obstacle_distance->angle_offset, obstacle_distance->frame);
      |                                                                                                                                                      [01;35m[K~~~~~~~~~~~~~~~~~~~^~~~~~~~~[m[K
[01m[K/home/lbarnett/ros2_ws/src/rcraicer/rcraicer/src/imu_mavlink.cpp:[m[K In member function ‘[01m[Kvoid IMUMavlink::publishImuData(uint32_t, Eigen::Quaterniond&, Eigen::Vector3d&)[m[K’:
[01m[K/home/lbarnett/ros2_ws/src/rcraicer/rcraicer/src/imu_mavlink.cpp:118:42:[m[K [01;35m[Kwarning: [m[Kunused parameter ‘[01m[Ktime_boot_ms[m[K’ [[01;35m[K-Wunused-parameter[m[K]
  118 | void IMUMavlink::publishImuData([01;35m[Kuint32_t time_boot_ms[m[K, Eigen::Quaterniond &orientation_enu, Eigen::Vector3d &gyro_flu)
      |                                 [01;35m[K~~~~~~~~~^~~~~~~~~~~~[m[K
[01m[K/home/lbarnett/ros2_ws/src/rcraicer/rcraicer/src/imu_mavlink.cpp:[m[K In member function ‘[01m[Kvoid IMUMavlink::publishMagData(uint32_t, Eigen::Vector3d&)[m[K’:
[01m[K/home/lbarnett/ros2_ws/src/rcraicer/rcraicer/src/imu_mavlink.cpp:153:42:[m[K [01;35m[Kwarning: [m[Kunused parameter ‘[01m[Ktime_boot_ms[m[K’ [[01;35m[K-Wunused-parameter[m[K]
  153 | void IMUMavlink::publishMagData([01;35m[Kuint32_t time_boot_ms[m[K, Eigen::Vector3d &mag_field)
      |                                 [01;35m[K~~~~~~~~~^~~~~~~~~~~~[m[K
[01m[K/home/lbarnett/ros2_ws/src/rcraicer/rcraicer/src/imu_mavlink.cpp:[m[K In member function ‘[01m[Kvoid IMUMavlink::publishImuDataRaw(uint32_t, Eigen::Vector3d&, Eigen::Vector3d&, Eigen::Vector3d&)[m[K’:
[01m[K/home/lbarnett/ros2_ws/src/rcraicer/rcraicer/src/imu_mavlink.cpp:171:45:[m[K [01;35m[Kwarning: [m[Kunused parameter ‘[01m[Ktime_usec[m[K’ [[01;35m[K-Wunused-parameter[m[K]
  171 | void IMUMavlink::publishImuDataRaw([01;35m[Kuint32_t time_usec[m[K, Eigen::Vector3d &gyro_flu,
      |                                    [01;35m[K~~~~~~~~~^~~~~~~~~[m[K
In file included from [01m[K/home/lbarnett/ros2_ws/src/rcraicer/rcraicer/src/../include/rcraicer/../mavlink/common/common.h:2311[m[K,
                 from [01m[K/home/lbarnett/ros2_ws/src/rcraicer/rcraicer/src/../include/rcraicer/../mavlink/common/mavlink.h:32[m[K,
                 from [01m[K/home/lbarnett/ros2_ws/src/rcraicer/rcraicer/src/../include/rcraicer/mavlink_serial_port.h:9[m[K,
                 from [01m[K/home/lbarnett/ros2_ws/src/rcraicer/rcraicer/src/mavlink_serial_port.cpp:1[m[K:
[01m[K/home/lbarnett/ros2_ws/src/rcraicer/rcraicer/src/../include/rcraicer/../mavlink/common/./mavlink_msg_distance_sensor.h:[m[K In function ‘[01m[Kuint16_t mavlink_msg_distance_sensor_encode(uint8_t, uint8_t, mavlink_message_t*, const mavlink_distance_sensor_t*)[m[K’:
[01m[K/home/lbarnett/ros2_ws/src/rcraicer/rcraicer/src/../include/rcraicer/../mavlink/common/./mavlink_msg_distance_sensor.h:200:387:[m[K [01;35m[Kwarning: [m[Ktaking address of packed member of ‘[01m[K__mavlink_distance_sensor_t[m[K’ may result in an unaligned pointer value [[01;35m[K-Waddress-of-packed-member[m[K]
  200 | mponent_id, msg, distance_sensor->time_boot_ms, distance_sensor->min_distance, distance_sensor->max_distance, distance_sensor->current_distance, distance_sensor->type, distance_sensor->id, distance_sensor->orientation, distance_sensor->covariance, distance_sensor->horizontal_fov, distance_sensor->vertical_fov, [01;35m[Kdistance_sensor->quaternion[m[K, distance_sensor->signal_quality);
      |                                                                                                                                                                                                                                                                                                                         [01;35m[K~~~~~~~~~~~~~~~~~^~~~~~~~~~[m[K

[01m[K/home/lbarnett/ros2_ws/src/rcraicer/rcraicer/src/../include/rcraicer/../mavlink/common/./mavlink_msg_distance_sensor.h:[m[K In function ‘[01m[Kuint16_t mavlink_msg_distance_sensor_encode_chan(uint8_t, uint8_t, uint8_t, mavlink_message_t*, const mavlink_distance_sensor_t*)[m[K’:
[01m[K/home/lbarnett/ros2_ws/src/rcraicer/rcraicer/src/../include/rcraicer/../mavlink/common/./mavlink_msg_distance_sensor.h:214:398:[m[K [01;35m[Kwarning: [m[Ktaking address of packed member of ‘[01m[K__mavlink_distance_sensor_t[m[K’ may result in an unaligned pointer value [[01;35m[K-Waddress-of-packed-member[m[K]
  214 | t_id, chan, msg, distance_sensor->time_boot_ms, distance_sensor->min_distance, distance_sensor->max_distance, distance_sensor->current_distance, distance_sensor->type, distance_sensor->id, distance_sensor->orientation, distance_sensor->covariance, distance_sensor->horizontal_fov, distance_sensor->vertical_fov, [01;35m[Kdistance_sensor->quaternion[m[K, distance_sensor->signal_quality);
      |                                                                                                                                                                                                                                                                                                                         [01;35m[K~~~~~~~~~~~~~~~~~^~~~~~~~~~[m[K

In file included from [01m[K/home/lbarnett/ros2_ws/src/rcraicer/rcraicer/src/../include/rcraicer/../mavlink/common/common.h:2325[m[K,
                 from [01m[K/home/lbarnett/ros2_ws/src/rcraicer/rcraicer/src/../include/rcraicer/../mavlink/common/mavlink.h:32[m[K,
                 from [01m[K/home/lbarnett/ros2_ws/src/rcraicer/rcraicer/src/../include/rcraicer/mavlink_serial_port.h:9[m[K,
                 from [01m[K/home/lbarnett/ros2_ws/src/rcraicer/rcraicer/src/mavlink_serial_port.cpp:1[m[K:
[01m[K/home/lbarnett/ros2_ws/src/rcraicer/rcraicer/src/../include/rcraicer/../mavlink/common/./mavlink_msg_battery_status.h:[m[K In function ‘[01m[Kuint16_t mavlink_msg_battery_status_encode(uint8_t, uint8_t, mavlink_message_t*, const mavlink_battery_status_t*)[m[K’:
[01m[K/home/lbarnett/ros2_ws/src/rcraicer/rcraicer/src/../include/rcraicer/../mavlink/common/./mavlink_msg_battery_status.h:219:195:[m[K [01;35m[Kwarning: [m[Ktaking address of packed member of ‘[01m[K__mavlink_battery_status_t[m[K’ may result in an unaligned pointer value [[01;35m[K-Waddress-of-packed-member[m[K]
  219 |     return mavlink_msg_battery_status_pack(system_id, component_id, msg, battery_status->id, battery_status->battery_function, battery_status->type, battery_status->temperature, [01;35m[Kbattery_status->voltages[m[K, battery_status->current_battery, battery_status->current_consumed, battery_status->energy_consumed, battery_status->battery_remaining, battery_status->time_remaining, battery_status->charge_state, battery_status->voltages_ext, battery_status->mode, battery_status->fault_bitmask);
      |                                                                                                                                                                                   [01;35m[K~~~~~~~~~~~~~~~~^~~~~~~~[m[K
[01m[K/home/lbarnett/ros2_ws/src/rcraicer/rcraicer/src/../include/rcraicer/../mavlink/common/./mavlink_msg_battery_status.h:219:418:[m[K [01;35m[Kwarning: [m[Ktaking address of packed member of ‘[01m[K__mavlink_battery_status_t[m[K’ may result in an unaligned pointer value [[01;35m[K-Waddress-of-packed-member[m[K]
  219 | >id, battery_status->battery_function, battery_status->type, battery_status->temperature, battery_status->voltages, battery_status->current_battery, battery_status->current_consumed, battery_status->energy_consumed, battery_status->battery_remaining, battery_status->time_remaining, battery_status->charge_state, [01;35m[Kbattery_status->voltages_ext[m[K, battery_status->mode, battery_status->fault_bitmask);
      |                                                                                                                                                                                                                                                                                                                          [01;35m[K~~~~~~~~~~~~~~~~^~~~~~~~~~~~[m[K

[01m[K/home/lbarnett/ros2_ws/src/rcraicer/rcraicer/src/../include/rcraicer/../mavlink/common/./mavlink_msg_battery_status.h:[m[K In function ‘[01m[Kuint16_t mavlink_msg_battery_status_encode_chan(uint8_t, uint8_t, uint8_t, mavlink_message_t*, const mavlink_battery_status_t*)[m[K’:
[01m[K/home/lbarnett/ros2_ws/src/rcraicer/rcraicer/src/../include/rcraicer/../mavlink/common/./mavlink_msg_battery_status.h:233:206:[m[K [01;35m[Kwarning: [m[Ktaking address of packed member of ‘[01m[K__mavlink_battery_status_t[m[K’ may result in an unaligned pointer value [[01;35m[K-Waddress-of-packed-member[m[K]
  233 |     return mavlink_msg_battery_status_pack_chan(system_id, component_id, chan, msg, battery_status->id, battery_status->battery_function, battery_status->type, battery_status->temperature, [01;35m[Kbattery_status->voltages[m[K, battery_status->current_battery, battery_status->current_consumed, battery_status->energy_consumed, battery_status->battery_remaining, battery_status->time_remaining, battery_status->charge_state, battery_status->voltages_ext, battery_status->mode, battery_status->fault_bitmask);
      |                                                                                                                                                                                              [01;35m[K~~~~~~~~~~~~~~~~^~~~~~~~[m[K
[01m[K/home/lbarnett/ros2_ws/src/rcraicer/rcraicer/src/../include/rcraicer/../mavlink/common/./mavlink_msg_battery_status.h:233:429:[m[K [01;35m[Kwarning: [m[Ktaking address of packed member of ‘[01m[K__mavlink_battery_status_t[m[K’ may result in an unaligned pointer value [[01;35m[K-Waddress-of-packed-member[m[K]
  233 | >id, battery_status->battery_function, battery_status->type, battery_status->temperature, battery_status->voltages, battery_status->current_battery, battery_status->current_consumed, battery_status->energy_consumed, battery_status->battery_remaining, battery_status->time_remaining, battery_status->charge_state, [01;35m[Kbattery_status->voltages_ext[m[K, battery_status->mode, battery_status->fault_bitmask);
      |                                                                                                                                                                                                                                                                                                                          [01;35m[K~~~~~~~~~~~~~~~~^~~~~~~~~~~~[m[K

In file included from [01m[K/home/lbarnett/ros2_ws/src/rcraicer/rcraicer/src/../include/rcraicer/../mavlink/common/common.h:2327[m[K,
                 from [01m[K/home/lbarnett/ros2_ws/src/rcraicer/rcraicer/src/../include/rcraicer/../mavlink/common/mavlink.h:32[m[K,
                 from [01m[K/home/lbarnett/ros2_ws/src/rcraicer/rcraicer/src/../include/rcraicer/mavlink_serial_port.h:9[m[K,
                 from [01m[K/home/lbarnett/ros2_ws/src/rcraicer/rcraicer/src/mavlink_serial_port.cpp:1[m[K:
[01m[K/home/lbarnett/ros2_ws/src/rcraicer/rcraicer/src/../include/rcraicer/../mavlink/common/./mavlink_msg_landing_target.h:[m[K In function ‘[01m[Kuint16_t mavlink_msg_landing_target_encode(uint8_t, uint8_t, mavlink_message_t*, const mavlink_landing_target_t*)[m[K’:
[01m[K/home/lbarnett/ros2_ws/src/rcraicer/rcraicer/src/../include/rcraicer/../mavlink/common/./mavlink_msg_landing_target.h:218:349:[m[K [01;35m[Kwarning: [m[Ktaking address of packed member of ‘[01m[K__mavlink_landing_target_t[m[K’ may result in an unaligned pointer value [[01;35m[K-Waddress-of-packed-member[m[K]
  218 | msg_landing_target_pack(system_id, component_id, msg, landing_target->time_usec, landing_target->target_num, landing_target->frame, landing_target->angle_x, landing_target->angle_y, landing_target->distance, landing_target->size_x, landing_target->size_y, landing_target->x, landing_target->y, landing_target->z, [01;35m[Klanding_target->q[m[K, landing_target->type, landing_target->position_valid);
      |                                                                                                                                                                                                                                                                                                                          [01;35m[K~~~~~~~~~~~~~~~~^[m[K

[01m[K/home/lbarnett/ros2_ws/src/rcraicer/rcraicer/src/../include/rcraicer/../mavlink/common/./mavlink_msg_landing_target.h:[m[K In function ‘[01m[Kuint16_t mavlink_msg_landing_target_encode_chan(uint8_t, uint8_t, uint8_t, mavlink_message_t*, const mavlink_landing_target_t*)[m[K’:
[01m[K/home/lbarnett/ros2_ws/src/rcraicer/rcraicer/src/../include/rcraicer/../mavlink/common/./mavlink_msg_landing_target.h:232:360:[m[K [01;35m[Kwarning: [m[Ktaking address of packed member of ‘[01m[K__mavlink_landing_target_t[m[K’ may result in an unaligned pointer value [[01;35m[K-Waddress-of-packed-member[m[K]
  232 | _target_pack_chan(system_id, component_id, chan, msg, landing_target->time_usec, landing_target->target_num, landing_target->frame, landing_target->angle_x, landing_target->angle_y, landing_target->distance, landing_target->size_x, landing_target->size_y, landing_target->x, landing_target->y, landing_target->z, [01;35m[Klanding_target->q[m[K, landing_target->type, landing_target->position_valid);
      |                                                                                                                                                                                                                                                                                                                          [01;35m[K~~~~~~~~~~~~~~~~^[m[K

In file included from [01m[K/home/lbarnett/ros2_ws/src/rcraicer/rcraicer/src/../include/rcraicer/../mavlink/common/common.h:2338[m[K,
                 from [01m[K/home/lbarnett/ros2_ws/src/rcraicer/rcraicer/src/../include/rcraicer/../mavlink/common/mavlink.h:32[m[K,
                 from [01m[K/home/lbarnett/ros2_ws/src/rcraicer/rcraicer/src/../include/rcraicer/mavlink_serial_port.h:9[m[K,
                 from [01m[K/home/lbarnett/ros2_ws/src/rcraicer/rcraicer/src/mavlink_serial_port.cpp:1[m[K:
[01m[K/home/lbarnett/ros2_ws/src/rcraicer/rcraicer/src/../include/rcraicer/../mavlink/common/./mavlink_msg_home_position.h:[m[K In function ‘[01m[Kuint16_t mavlink_msg_home_position_encode(uint8_t, uint8_t, mavlink_message_t*, const mavlink_home_position_t*)[m[K’:
[01m[K/home/lbarnett/ros2_ws/src/rcraicer/rcraicer/src/../include/rcraicer/../mavlink/common/./mavlink_msg_home_position.h:191:218:[m[K [01;35m[Kwarning: [m[Ktaking address of packed member of ‘[01m[K__mavlink_home_position_t[m[K’ may result in an unaligned pointer value [[01;35m[K-Waddress-of-packed-member[m[K]
  191 |     return mavlink_msg_home_position_pack(system_id, component_id, msg, home_position->latitude, home_position->longitude, home_position->altitude, home_position->x, home_position->y, home_position->z, [01;35m[Khome_position->q[m[K, home_position->approach_x, home_position->approach_y, home_position->approach_z, home_position->time_usec);
      |                                                                                                                                                                                                           [01;35m[K~~~~~~~~~~~~~~~^[m[K
[01m[K/home/lbarnett/ros2_ws/src/rcraicer/rcraicer/src/../include/rcraicer/../mavlink/common/./mavlink_msg_home_position.h:[m[K In function ‘[01m[Kuint16_t mavlink_msg_home_position_encode_chan(uint8_t, uint8_t, uint8_t, mavlink_message_t*, const mavlink_home_position_t*)[m[K’:
[01m[K/home/lbarnett/ros2_ws/src/rcraicer/rcraicer/src/../include/rcraicer/../mavlink/common/./mavlink_msg_home_position.h:205:229:[m[K [01;35m[Kwarning: [m[Ktaking address of packed member of ‘[01m[K__mavlink_home_position_t[m[K’ may result in an unaligned pointer value [[01;35m[K-Waddress-of-packed-member[m[K]
  205 |     return mavlink_msg_home_position_pack_chan(system_id, component_id, chan, msg, home_position->latitude, home_position->longitude, home_position->altitude, home_position->x, home_position->y, home_position->z, [01;35m[Khome_position->q[m[K, home_position->approach_x, home_position->approach_y, home_position->approach_z, home_position->time_usec);
      |                                                                                                                                                                                                                      [01;35m[K~~~~~~~~~~~~~~~^[m[K
In file included from [01m[K/home/lbarnett/ros2_ws/src/rcraicer/rcraicer/src/../include/rcraicer/../mavlink/common/common.h:2339[m[K,
                 from [01m[K/home/lbarnett/ros2_ws/src/rcraicer/rcraicer/src/../include/rcraicer/../mavlink/common/mavlink.h:32[m[K,
                 from [01m[K/home/lbarnett/ros2_ws/src/rcraicer/rcraicer/src/../include/rcraicer/mavlink_serial_port.h:9[m[K,
                 from [01m[K/home/lbarnett/ros2_ws/src/rcraicer/rcraicer/src/mavlink_serial_port.cpp:1[m[K:
[01m[K/home/lbarnett/ros2_ws/src/rcraicer/rcraicer/src/../include/rcraicer/../mavlink/common/./mavlink_msg_set_home_position.h:[m[K In function ‘[01m[Kuint16_t mavlink_msg_set_home_position_encode(uint8_t, uint8_t, mavlink_message_t*, const mavlink_set_home_position_t*)[m[K’:
[01m[K/home/lbarnett/ros2_ws/src/rcraicer/rcraicer/src/../include/rcraicer/../mavlink/common/./mavlink_msg_set_home_position.h:200:284:[m[K [01;35m[Kwarning: [m[Ktaking address of packed member of ‘[01m[K__mavlink_set_home_position_t[m[K’ may result in an unaligned pointer value [[01;35m[K-Waddress-of-packed-member[m[K]
  200 |     return mavlink_msg_set_home_position_pack(system_id, component_id, msg, set_home_position->target_system, set_home_position->latitude, set_home_position->longitude, set_home_position->altitude, set_home_position->x, set_home_position->y, set_home_position->z, [01;35m[Kset_home_position->q[m[K, set_home_position->approach_x, set_home_position->approach_y, set_home_position->approach_z, set_home_position->time_usec);
      |                                                                                                                                                                                                                                                                         [01;35m[K~~~~~~~~~~~~~~~~~~~^[m[K
[01m[K/home/lbarnett/ros2_ws/src/rcraicer/rcraicer/src/../include/rcraicer/../mavlink/common/./mavlink_msg_set_home_position.h:[m[K In function ‘[01m[Kuint16_t mavlink_msg_set_home_position_encode_chan(uint8_t, uint8_t, uint8_t, mavlink_message_t*, const mavlink_set_home_position_t*)[m[K’:
[01m[K/home/lbarnett/ros2_ws/src/rcraicer/rcraicer/src/../include/rcraicer/../mavlink/common/./mavlink_msg_set_home_position.h:214:295:[m[K [01;35m[Kwarning: [m[Ktaking address of packed member of ‘[01m[K__mavlink_set_home_position_t[m[K’ may result in an unaligned pointer value [[01;35m[K-Waddress-of-packed-member[m[K]
  214 |     return mavlink_msg_set_home_position_pack_chan(system_id, component_id, chan, msg, set_home_position->target_system, set_home_position->latitude, set_home_position->longitude, set_home_position->altitude, set_home_position->x, set_home_position->y, set_home_position->z, [01;35m[Kset_home_position->q[m[K, set_home_position->approach_x, set_home_position->approach_y, set_home_position->approach_z, set_home_position->time_usec);
      |                                                                                                                                                                                                                                                                                    [01;35m[K~~~~~~~~~~~~~~~~~~~^[m[K
In file included from [01m[K/home/lbarnett/ros2_ws/src/rcraicer/rcraicer/src/../include/rcraicer/../mavlink/common/common.h:2389[m[K,
                 from [01m[K/home/lbarnett/ros2_ws/src/rcraicer/rcraicer/src/../include/rcraicer/../mavlink/common/mavlink.h:32[m[K,
                 from [01m[K/home/lbarnett/ros2_ws/src/rcraicer/rcraicer/src/../include/rcraicer/mavlink_serial_port.h:9[m[K,
                 from [01m[K/home/lbarnett/ros2_ws/src/rcraicer/rcraicer/src/mavlink_serial_port.cpp:1[m[K:
[01m[K/home/lbarnett/ros2_ws/src/rcraicer/rcraicer/src/../include/rcraicer/../mavlink/common/./mavlink_msg_obstacle_distance.h:[m[K In function ‘[01m[Kuint16_t mavlink_msg_obstacle_distance_encode(uint8_t, uint8_t, mavlink_message_t*, const mavlink_obstacle_distance_t*)[m[K’:
[01m[K/home/lbarnett/ros2_ws/src/rcraicer/rcraicer/src/../include/rcraicer/../mavlink/common/./mavlink_msg_obstacle_distance.h:173:158:[m[K [01;35m[Kwarning: [m[Ktaking address of packed member of ‘[01m[K__mavlink_obstacle_distance_t[m[K’ may result in an unaligned pointer value [[01;35m[K-Waddress-of-packed-member[m[K]
  173 |     return mavlink_msg_obstacle_distance_pack(system_id, component_id, msg, obstacle_distance->time_usec, obstacle_distance->sensor_type, [01;35m[Kobstacle_distance->distances[m[K, obstacle_distance->increment, obstacle_distance->min_distance, obstacle_distance->max_distance, obstacle_distance->increment_f, obstacle_distance->angle_offset, obstacle_distance->frame);
      |                                                                                                                                           [01;35m[K~~~~~~~~~~~~~~~~~~~^~~~~~~~~[m[K
[01m[K/home/lbarnett/ros2_ws/src/rcraicer/rcraicer/src/../include/rcraicer/../mavlink/common/./mavlink_msg_obstacle_distance.h:[m[K In function ‘[01m[Kuint16_t mavlink_msg_obstacle_distance_encode_chan(uint8_t, uint8_t, uint8_t, mavlink_message_t*, const mavlink_obstacle_distance_t*)[m[K’:
[01m[K/home/lbarnett/ros2_ws/src/rcraicer/rcraicer/src/../include/rcraicer/../mavlink/common/./mavlink_msg_obstacle_distance.h:187:169:[m[K [01;35m[Kwarning: [m[Ktaking address of packed member of ‘[01m[K__mavlink_obstacle_distance_t[m[K’ may result in an unaligned pointer value [[01;35m[K-Waddress-of-packed-member[m[K]
  187 |     return mavlink_msg_obstacle_distance_pack_chan(system_id, component_id, chan, msg, obstacle_distance->time_usec, obstacle_distance->sensor_type, [01;35m[Kobstacle_distance->distances[m[K, obstacle_distance->increment, obstacle_distance->min_distance, obstacle_distance->max_distance, obstacle_distance->increment_f, obstacle_distance->angle_offset, obstacle_distance->frame);
      |                                                                                                                                                      [01;35m[K~~~~~~~~~~~~~~~~~~~^~~~~~~~~[m[K
