-- The C compiler identification is GNU 9.3.0
-- The CXX compiler identification is GNU 9.3.0
-- Check for working C compiler: /usr/bin/cc
-- Check for working C compiler: /usr/bin/cc -- works
-- Detecting C compiler ABI info
-- Detecting C compiler ABI info - done
-- Detecting C compile features
-- Detecting C compile features - done
-- Check for working CXX compiler: /usr/bin/c++
-- Check for working CXX compiler: /usr/bin/c++ -- works
-- Detecting CXX compiler ABI info
-- Detecting CXX compiler ABI info - done
-- Detecting CXX compile features
-- Detecting CXX compile features - done
-- Found ament_cmake: 0.9.9 (/opt/ros/foxy/share/ament_cmake/cmake)
-- Found PythonInterp: /usr/bin/python3 (found suitable version "3.8.10", minimum required is "3") 
-- Using PYTHON_EXECUTABLE: /usr/bin/python3
-- Found rclcpp: 2.4.0 (/opt/ros/foxy/share/rclcpp/cmake)
-- Using all available rosidl_typesupport_c: rosidl_typesupport_fastrtps_c;rosidl_typesupport_introspection_c
-- Found rosidl_adapter: 1.2.1 (/opt/ros/foxy/share/rosidl_adapter/cmake)
-- Found OpenSSL: /usr/lib/x86_64-linux-gnu/libcrypto.so (found version "1.1.1f")  
-- Found FastRTPS: /opt/ros/foxy/include  
-- Using all available rosidl_typesupport_cpp: rosidl_typesupport_fastrtps_cpp;rosidl_typesupport_introspection_cpp
-- Found rmw_implementation_cmake: 1.0.3 (/opt/ros/foxy/share/rmw_implementation_cmake/cmake)
-- Using RMW implementation 'rmw_cyclonedds_cpp' as default
-- Looking for pthread.h
-- Looking for pthread.h - found
-- Performing Test CMAKE_HAVE_LIBC_PTHREAD
-- Performing Test CMAKE_HAVE_LIBC_PTHREAD - Failed
-- Looking for pthread_create in pthreads
-- Looking for pthread_create in pthreads - not found
-- Looking for pthread_create in pthread
-- Looking for pthread_create in pthread - found
-- Found Threads: TRUE  
-- Found sensor_msgs: 2.0.4 (/opt/ros/foxy/share/sensor_msgs/cmake)
-- Found tf2: 0.13.11 (/opt/ros/foxy/share/tf2/cmake)
-- Found tf2_eigen: 0.13.11 (/opt/ros/foxy/share/tf2_eigen/cmake)
-- Found nav_msgs: 2.0.4 (/opt/ros/foxy/share/nav_msgs/cmake)
-- Found visualization_msgs: 2.0.4 (/opt/ros/foxy/share/visualization_msgs/cmake)
-- Found rcraicer_msgs: 0.0.0 (/home/lbarnett/ros2_ws/src/rcraicer/install/rcraicer_msgs/share/rcraicer_msgs/cmake)
-- Found Eigen3: TRUE (found version "3.3.90") 
-- Reading /usr/local/lib/cmake/GeographicLib/geographiclib-config.cmake
-- GeographicLib configuration, version 1.49
--   ${GeographicLib_LIBRARIES} set to shared library
-- Found Boost: /usr/lib/x86_64-linux-gnu/cmake/Boost-1.71.0/BoostConfig.cmake (found suitable version "1.71.0", minimum required is "1.43") found components: serialization system filesystem thread program_options date_time timer chrono regex 
-- GTSAM include directory:  /usr/local/lib/cmake/GTSAM/../../../include
-- Found ament_lint_auto: 0.9.6 (/opt/ros/foxy/share/ament_lint_auto/cmake)
-- Added test 'copyright' to check source files copyright and LICENSE
-- Added test 'cppcheck' to perform static code analysis on C / C++ code
-- Configured cppcheck include dirs: 
-- Configured cppcheck exclude dirs and/or files: 
-- Added test 'cpplint' to check C / C++ code against the Google style
-- Configured cpplint exclude dirs and/or files: 
-- Added test 'flake8' to check Python code syntax and style conventions
-- Added test 'lint_cmake' to check CMake code style
-- Added test 'pep257' to check Python code against some of the style conventions in PEP 257
-- Added test 'uncrustify' to check C / C++ code style
-- Configured uncrustify additional arguments: 
-- Added test 'xmllint' to check XML markup files
-- Configuring done
-- Generating done
-- Build files have been written to: /home/lbarnett/ros2_ws/src/rcraicer/build/rcraicer
[35m[1mScanning dependencies of target state_estimator[0m
[ 10%] [32mBuilding CXX object CMakeFiles/state_estimator.dir/src/state_estimator.cpp.o[0m
In file included from [01m[K/home/lbarnett/ros2_ws/src/rcraicer/rcraicer/src/state_estimator.cpp:1[m[K:
[01m[K/home/lbarnett/ros2_ws/src/rcraicer/rcraicer/src/../include/rcraicer/state_estimator.h:[m[K In constructor ‘[01m[KStateEstimator::StateEstimator()[m[K’:
[01m[K/home/lbarnett/ros2_ws/src/rcraicer/rcraicer/src/../include/rcraicer/state_estimator.h:105:14:[m[K [01;35m[Kwarning: [m[K‘[01m[KStateEstimator::gotInitialPose_[m[K’ will be initialized after [[01;35m[K-Wreorder[m[K]
  105 |         bool [01;35m[KgotInitialPose_[m[K;
      |              [01;35m[K^~~~~~~~~~~~~~~[m[K
[01m[K/home/lbarnett/ros2_ws/src/rcraicer/rcraicer/src/../include/rcraicer/state_estimator.h:77:14:[m[K [01;35m[Kwarning: [m[K  ‘[01m[Kbool StateEstimator::debug_[m[K’ [[01;35m[K-Wreorder[m[K]
   77 |         bool [01;35m[Kdebug_[m[K;
      |              [01;35m[K^~~~~~[m[K
[01m[K/home/lbarnett/ros2_ws/src/rcraicer/rcraicer/src/state_estimator.cpp:22:1:[m[K [01;35m[Kwarning: [m[K  when initialized here [[01;35m[K-Wreorder[m[K]
   22 | [01;35m[KStateEstimator[m[K::StateEstimator() : Node("state_estimator"),
      | [01;35m[K^~~~~~~~~~~~~~[m[K
[01m[K/home/lbarnett/ros2_ws/src/rcraicer/rcraicer/src/state_estimator.cpp:[m[K In member function ‘[01m[Kvoid StateEstimator::GpsHelper()[m[K’:
[01m[K/home/lbarnett/ros2_ws/src/rcraicer/rcraicer/src/state_estimator.cpp:734:59:[m[K [01;35m[Kwarning: [m[Kcatching polymorphic type ‘[01m[Kclass gtsam::IndeterminantLinearSystemException[m[K’ by value [[01;35m[K-Wcatch-value=[m[K]
  734 |           catch(gtsam::IndeterminantLinearSystemException [01;35m[Kex[m[K)
      |                                                           [01;35m[K^~[m[K
[01m[K/home/lbarnett/ros2_ws/src/rcraicer/rcraicer/src/state_estimator.cpp:708:20:[m[K [01;35m[Kwarning: [m[K‘[01m[KstartTime[m[K’ may be used uninitialized in this function [[01;35m[K-Wmaybe-uninitialized[m[K]
  708 |             double [01;35m[KcurTime[m[K = startTime + (imuKey-1) * 0.1;
      |                    [01;35m[K^~~~~~~[m[K
[ 20%] [32m[1mLinking CXX executable state_estimator[0m
[ 20%] Built target state_estimator
[35m[1mScanning dependencies of target imu_mavlink[0m
[ 30%] [32mBuilding CXX object CMakeFiles/imu_mavlink.dir/src/imu_mavlink.cpp.o[0m
In file included from [01m[K/home/lbarnett/ros2_ws/src/rcraicer/rcraicer/src/../include/rcraicer/../mavlink/common/common.h:2311[m[K,
                 from [01m[K/home/lbarnett/ros2_ws/src/rcraicer/rcraicer/src/../include/rcraicer/../mavlink/common/mavlink.h:32[m[K,
                 from [01m[K/home/lbarnett/ros2_ws/src/rcraicer/rcraicer/src/../include/rcraicer/mavlink_serial_port.h:9[m[K,
                 from [01m[K/home/lbarnett/ros2_ws/src/rcraicer/rcraicer/src/../include/rcraicer/imu_mavlink.h:14[m[K,
                 from [01m[K/home/lbarnett/ros2_ws/src/rcraicer/rcraicer/src/imu_mavlink.cpp:1[m[K:
[01m[K/home/lbarnett/ros2_ws/src/rcraicer/rcraicer/src/../include/rcraicer/../mavlink/common/./mavlink_msg_distance_sensor.h:[m[K In function ‘[01m[Kuint16_t mavlink_msg_distance_sensor_encode(uint8_t, uint8_t, mavlink_message_t*, const mavlink_distance_sensor_t*)[m[K’:
[01m[K/home/lbarnett/ros2_ws/src/rcraicer/rcraicer/src/../include/rcraicer/../mavlink/common/./mavlink_msg_distance_sensor.h:200:387:[m[K [01;35m[Kwarning: [m[Ktaking address of packed member of ‘[01m[K__mavlink_distance_sensor_t[m[K’ may result in an unaligned pointer value [[01;35m[K-Waddress-of-packed-member[m[K]
  200 | mponent_id, msg, distance_sensor->time_boot_ms, distance_sensor->min_distance, distance_sensor->max_distance, distance_sensor->current_distance, distance_sensor->type, distance_sensor->id, distance_sensor->orientation, distance_sensor->covariance, distance_sensor->horizontal_fov, distance_sensor->vertical_fov, [01;35m[Kdistance_sensor->quaternion[m[K, distance_sensor->signal_quality);
      |                                                                                                                                                                                                                                                                                                                         [01;35m[K~~~~~~~~~~~~~~~~~^~~~~~~~~~[m[K

[01m[K/home/lbarnett/ros2_ws/src/rcraicer/rcraicer/src/../include/rcraicer/../mavlink/common/./mavlink_msg_distance_sensor.h:[m[K In function ‘[01m[Kuint16_t mavlink_msg_distance_sensor_encode_chan(uint8_t, uint8_t, uint8_t, mavlink_message_t*, const mavlink_distance_sensor_t*)[m[K’:
[01m[K/home/lbarnett/ros2_ws/src/rcraicer/rcraicer/src/../include/rcraicer/../mavlink/common/./mavlink_msg_distance_sensor.h:214:398:[m[K [01;35m[Kwarning: [m[Ktaking address of packed member of ‘[01m[K__mavlink_distance_sensor_t[m[K’ may result in an unaligned pointer value [[01;35m[K-Waddress-of-packed-member[m[K]
  214 | t_id, chan, msg, distance_sensor->time_boot_ms, distance_sensor->min_distance, distance_sensor->max_distance, distance_sensor->current_distance, distance_sensor->type, distance_sensor->id, distance_sensor->orientation, distance_sensor->covariance, distance_sensor->horizontal_fov, distance_sensor->vertical_fov, [01;35m[Kdistance_sensor->quaternion[m[K, distance_sensor->signal_quality);
      |                                                                                                                                                                                                                                                                                                                         [01;35m[K~~~~~~~~~~~~~~~~~^~~~~~~~~~[m[K

In file included from [01m[K/home/lbarnett/ros2_ws/src/rcraicer/rcraicer/src/../include/rcraicer/../mavlink/common/common.h:2325[m[K,
                 from [01m[K/home/lbarnett/ros2_ws/src/rcraicer/rcraicer/src/../include/rcraicer/../mavlink/common/mavlink.h:32[m[K,
                 from [01m[K/home/lbarnett/ros2_ws/src/rcraicer/rcraicer/src/../include/rcraicer/mavlink_serial_port.h:9[m[K,
                 from [01m[K/home/lbarnett/ros2_ws/src/rcraicer/rcraicer/src/../include/rcraicer/imu_mavlink.h:14[m[K,
                 from [01m[K/home/lbarnett/ros2_ws/src/rcraicer/rcraicer/src/imu_mavlink.cpp:1[m[K:
[01m[K/home/lbarnett/ros2_ws/src/rcraicer/rcraicer/src/../include/rcraicer/../mavlink/common/./mavlink_msg_battery_status.h:[m[K In function ‘[01m[Kuint16_t mavlink_msg_battery_status_encode(uint8_t, uint8_t, mavlink_message_t*, const mavlink_battery_status_t*)[m[K’:
[01m[K/home/lbarnett/ros2_ws/src/rcraicer/rcraicer/src/../include/rcraicer/../mavlink/common/./mavlink_msg_battery_status.h:219:195:[m[K [01;35m[Kwarning: [m[Ktaking address of packed member of ‘[01m[K__mavlink_battery_status_t[m[K’ may result in an unaligned pointer value [[01;35m[K-Waddress-of-packed-member[m[K]
  219 |     return mavlink_msg_battery_status_pack(system_id, component_id, msg, battery_status->id, battery_status->battery_function, battery_status->type, battery_status->temperature, [01;35m[Kbattery_status->voltages[m[K, battery_status->current_battery, battery_status->current_consumed, battery_status->energy_consumed, battery_status->battery_remaining, battery_status->time_remaining, battery_status->charge_state, battery_status->voltages_ext, battery_status->mode, battery_status->fault_bitmask);
      |                                                                                                                                                                                   [01;35m[K~~~~~~~~~~~~~~~~^~~~~~~~[m[K
[01m[K/home/lbarnett/ros2_ws/src/rcraicer/rcraicer/src/../include/rcraicer/../mavlink/common/./mavlink_msg_battery_status.h:219:418:[m[K [01;35m[Kwarning: [m[Ktaking address of packed member of ‘[01m[K__mavlink_battery_status_t[m[K’ may result in an unaligned pointer value [[01;35m[K-Waddress-of-packed-member[m[K]
  219 | >id, battery_status->battery_function, battery_status->type, battery_status->temperature, battery_status->voltages, battery_status->current_battery, battery_status->current_consumed, battery_status->energy_consumed, battery_status->battery_remaining, battery_status->time_remaining, battery_status->charge_state, [01;35m[Kbattery_status->voltages_ext[m[K, battery_status->mode, battery_status->fault_bitmask);
      |                                                                                                                                                                                                                                                                                                                          [01;35m[K~~~~~~~~~~~~~~~~^~~~~~~~~~~~[m[K

[01m[K/home/lbarnett/ros2_ws/src/rcraicer/rcraicer/src/../include/rcraicer/../mavlink/common/./mavlink_msg_battery_status.h:[m[K In function ‘[01m[Kuint16_t mavlink_msg_battery_status_encode_chan(uint8_t, uint8_t, uint8_t, mavlink_message_t*, const mavlink_battery_status_t*)[m[K’:
[01m[K/home/lbarnett/ros2_ws/src/rcraicer/rcraicer/src/../include/rcraicer/../mavlink/common/./mavlink_msg_battery_status.h:233:206:[m[K [01;35m[Kwarning: [m[Ktaking address of packed member of ‘[01m[K__mavlink_battery_status_t[m[K’ may result in an unaligned pointer value [[01;35m[K-Waddress-of-packed-member[m[K]
  233 |     return mavlink_msg_battery_status_pack_chan(system_id, component_id, chan, msg, battery_status->id, battery_status->battery_function, battery_status->type, battery_status->temperature, [01;35m[Kbattery_status->voltages[m[K, battery_status->current_battery, battery_status->current_consumed, battery_status->energy_consumed, battery_status->battery_remaining, battery_status->time_remaining, battery_status->charge_state, battery_status->voltages_ext, battery_status->mode, battery_status->fault_bitmask);
      |                                                                                                                                                                                              [01;35m[K~~~~~~~~~~~~~~~~^~~~~~~~[m[K
[01m[K/home/lbarnett/ros2_ws/src/rcraicer/rcraicer/src/../include/rcraicer/../mavlink/common/./mavlink_msg_battery_status.h:233:429:[m[K [01;35m[Kwarning: [m[Ktaking address of packed member of ‘[01m[K__mavlink_battery_status_t[m[K’ may result in an unaligned pointer value [[01;35m[K-Waddress-of-packed-member[m[K]
  233 | >id, battery_status->battery_function, battery_status->type, battery_status->temperature, battery_status->voltages, battery_status->current_battery, battery_status->current_consumed, battery_status->energy_consumed, battery_status->battery_remaining, battery_status->time_remaining, battery_status->charge_state, [01;35m[Kbattery_status->voltages_ext[m[K, battery_status->mode, battery_status->fault_bitmask);
      |                                                                                                                                                                                                                                                                                                                          [01;35m[K~~~~~~~~~~~~~~~~^~~~~~~~~~~~[m[K

In file included from [01m[K/home/lbarnett/ros2_ws/src/rcraicer/rcraicer/src/../include/rcraicer/../mavlink/common/common.h:2327[m[K,
                 from [01m[K/home/lbarnett/ros2_ws/src/rcraicer/rcraicer/src/../include/rcraicer/../mavlink/common/mavlink.h:32[m[K,
                 from [01m[K/home/lbarnett/ros2_ws/src/rcraicer/rcraicer/src/../include/rcraicer/mavlink_serial_port.h:9[m[K,
                 from [01m[K/home/lbarnett/ros2_ws/src/rcraicer/rcraicer/src/../include/rcraicer/imu_mavlink.h:14[m[K,
                 from [01m[K/home/lbarnett/ros2_ws/src/rcraicer/rcraicer/src/imu_mavlink.cpp:1[m[K:
[01m[K/home/lbarnett/ros2_ws/src/rcraicer/rcraicer/src/../include/rcraicer/../mavlink/common/./mavlink_msg_landing_target.h:[m[K In function ‘[01m[Kuint16_t mavlink_msg_landing_target_encode(uint8_t, uint8_t, mavlink_message_t*, const mavlink_landing_target_t*)[m[K’:
[01m[K/home/lbarnett/ros2_ws/src/rcraicer/rcraicer/src/../include/rcraicer/../mavlink/common/./mavlink_msg_landing_target.h:218:349:[m[K [01;35m[Kwarning: [m[Ktaking address of packed member of ‘[01m[K__mavlink_landing_target_t[m[K’ may result in an unaligned pointer value [[01;35m[K-Waddress-of-packed-member[m[K]
  218 | msg_landing_target_pack(system_id, component_id, msg, landing_target->time_usec, landing_target->target_num, landing_target->frame, landing_target->angle_x, landing_target->angle_y, landing_target->distance, landing_target->size_x, landing_target->size_y, landing_target->x, landing_target->y, landing_target->z, [01;35m[Klanding_target->q[m[K, landing_target->type, landing_target->position_valid);
      |                                                                                                                                                                                                                                                                                                                          [01;35m[K~~~~~~~~~~~~~~~~^[m[K

[01m[K/home/lbarnett/ros2_ws/src/rcraicer/rcraicer/src/../include/rcraicer/../mavlink/common/./mavlink_msg_landing_target.h:[m[K In function ‘[01m[Kuint16_t mavlink_msg_landing_target_encode_chan(uint8_t, uint8_t, uint8_t, mavlink_message_t*, const mavlink_landing_target_t*)[m[K’:
[01m[K/home/lbarnett/ros2_ws/src/rcraicer/rcraicer/src/../include/rcraicer/../mavlink/common/./mavlink_msg_landing_target.h:232:360:[m[K [01;35m[Kwarning: [m[Ktaking address of packed member of ‘[01m[K__mavlink_landing_target_t[m[K’ may result in an unaligned pointer value [[01;35m[K-Waddress-of-packed-member[m[K]
  232 | _target_pack_chan(system_id, component_id, chan, msg, landing_target->time_usec, landing_target->target_num, landing_target->frame, landing_target->angle_x, landing_target->angle_y, landing_target->distance, landing_target->size_x, landing_target->size_y, landing_target->x, landing_target->y, landing_target->z, [01;35m[Klanding_target->q[m[K, landing_target->type, landing_target->position_valid);
      |                                                                                                                                                                                                                                                                                                                          [01;35m[K~~~~~~~~~~~~~~~~^[m[K

In file included from [01m[K/home/lbarnett/ros2_ws/src/rcraicer/rcraicer/src/../include/rcraicer/../mavlink/common/common.h:2338[m[K,
                 from [01m[K/home/lbarnett/ros2_ws/src/rcraicer/rcraicer/src/../include/rcraicer/../mavlink/common/mavlink.h:32[m[K,
                 from [01m[K/home/lbarnett/ros2_ws/src/rcraicer/rcraicer/src/../include/rcraicer/mavlink_serial_port.h:9[m[K,
                 from [01m[K/home/lbarnett/ros2_ws/src/rcraicer/rcraicer/src/../include/rcraicer/imu_mavlink.h:14[m[K,
                 from [01m[K/home/lbarnett/ros2_ws/src/rcraicer/rcraicer/src/imu_mavlink.cpp:1[m[K:
[01m[K/home/lbarnett/ros2_ws/src/rcraicer/rcraicer/src/../include/rcraicer/../mavlink/common/./mavlink_msg_home_position.h:[m[K In function ‘[01m[Kuint16_t mavlink_msg_home_position_encode(uint8_t, uint8_t, mavlink_message_t*, const mavlink_home_position_t*)[m[K’:
[01m[K/home/lbarnett/ros2_ws/src/rcraicer/rcraicer/src/../include/rcraicer/../mavlink/common/./mavlink_msg_home_position.h:191:218:[m[K [01;35m[Kwarning: [m[Ktaking address of packed member of ‘[01m[K__mavlink_home_position_t[m[K’ may result in an unaligned pointer value [[01;35m[K-Waddress-of-packed-member[m[K]
  191 |     return mavlink_msg_home_position_pack(system_id, component_id, msg, home_position->latitude, home_position->longitude, home_position->altitude, home_position->x, home_position->y, home_position->z, [01;35m[Khome_position->q[m[K, home_position->approach_x, home_position->approach_y, home_position->approach_z, home_position->time_usec);
      |                                                                                                                                                                                                           [01;35m[K~~~~~~~~~~~~~~~^[m[K
[01m[K/home/lbarnett/ros2_ws/src/rcraicer/rcraicer/src/../include/rcraicer/../mavlink/common/./mavlink_msg_home_position.h:[m[K In function ‘[01m[Kuint16_t mavlink_msg_home_position_encode_chan(uint8_t, uint8_t, uint8_t, mavlink_message_t*, const mavlink_home_position_t*)[m[K’:
[01m[K/home/lbarnett/ros2_ws/src/rcraicer/rcraicer/src/../include/rcraicer/../mavlink/common/./mavlink_msg_home_position.h:205:229:[m[K [01;35m[Kwarning: [m[Ktaking address of packed member of ‘[01m[K__mavlink_home_position_t[m[K’ may result in an unaligned pointer value [[01;35m[K-Waddress-of-packed-member[m[K]
  205 |     return mavlink_msg_home_position_pack_chan(system_id, component_id, chan, msg, home_position->latitude, home_position->longitude, home_position->altitude, home_position->x, home_position->y, home_position->z, [01;35m[Khome_position->q[m[K, home_position->approach_x, home_position->approach_y, home_position->approach_z, home_position->time_usec);
      |                                                                                                                                                                                                                      [01;35m[K~~~~~~~~~~~~~~~^[m[K
In file included from [01m[K/home/lbarnett/ros2_ws/src/rcraicer/rcraicer/src/../include/rcraicer/../mavlink/common/common.h:2339[m[K,
                 from [01m[K/home/lbarnett/ros2_ws/src/rcraicer/rcraicer/src/../include/rcraicer/../mavlink/common/mavlink.h:32[m[K,
                 from [01m[K/home/lbarnett/ros2_ws/src/rcraicer/rcraicer/src/../include/rcraicer/mavlink_serial_port.h:9[m[K,
                 from [01m[K/home/lbarnett/ros2_ws/src/rcraicer/rcraicer/src/../include/rcraicer/imu_mavlink.h:14[m[K,
                 from [01m[K/home/lbarnett/ros2_ws/src/rcraicer/rcraicer/src/imu_mavlink.cpp:1[m[K:
[01m[K/home/lbarnett/ros2_ws/src/rcraicer/rcraicer/src/../include/rcraicer/../mavlink/common/./mavlink_msg_set_home_position.h:[m[K In function ‘[01m[Kuint16_t mavlink_msg_set_home_position_encode(uint8_t, uint8_t, mavlink_message_t*, const mavlink_set_home_position_t*)[m[K’:
[01m[K/home/lbarnett/ros2_ws/src/rcraicer/rcraicer/src/../include/rcraicer/../mavlink/common/./mavlink_msg_set_home_position.h:200:284:[m[K [01;35m[Kwarning: [m[Ktaking address of packed member of ‘[01m[K__mavlink_set_home_position_t[m[K’ may result in an unaligned pointer value [[01;35m[K-Waddress-of-packed-member[m[K]
  200 |     return mavlink_msg_set_home_position_pack(system_id, component_id, msg, set_home_position->target_system, set_home_position->latitude, set_home_position->longitude, set_home_position->altitude, set_home_position->x, set_home_position->y, set_home_position->z, [01;35m[Kset_home_position->q[m[K, set_home_position->approach_x, set_home_position->approach_y, set_home_position->approach_z, set_home_position->time_usec);
      |                                                                                                                                                                                                                                                                         [01;35m[K~~~~~~~~~~~~~~~~~~~^[m[K
[01m[K/home/lbarnett/ros2_ws/src/rcraicer/rcraicer/src/../include/rcraicer/../mavlink/common/./mavlink_msg_set_home_position.h:[m[K In function ‘[01m[Kuint16_t mavlink_msg_set_home_position_encode_chan(uint8_t, uint8_t, uint8_t, mavlink_message_t*, const mavlink_set_home_position_t*)[m[K’:
[01m[K/home/lbarnett/ros2_ws/src/rcraicer/rcraicer/src/../include/rcraicer/../mavlink/common/./mavlink_msg_set_home_position.h:214:295:[m[K [01;35m[Kwarning: [m[Ktaking address of packed member of ‘[01m[K__mavlink_set_home_position_t[m[K’ may result in an unaligned pointer value [[01;35m[K-Waddress-of-packed-member[m[K]
  214 |     return mavlink_msg_set_home_position_pack_chan(system_id, component_id, chan, msg, set_home_position->target_system, set_home_position->latitude, set_home_position->longitude, set_home_position->altitude, set_home_position->x, set_home_position->y, set_home_position->z, [01;35m[Kset_home_position->q[m[K, set_home_position->approach_x, set_home_position->approach_y, set_home_position->approach_z, set_home_position->time_usec);
      |                                                                                                                                                                                                                                                                                    [01;35m[K~~~~~~~~~~~~~~~~~~~^[m[K
In file included from [01m[K/home/lbarnett/ros2_ws/src/rcraicer/rcraicer/src/../include/rcraicer/../mavlink/common/common.h:2389[m[K,
                 from [01m[K/home/lbarnett/ros2_ws/src/rcraicer/rcraicer/src/../include/rcraicer/../mavlink/common/mavlink.h:32[m[K,
                 from [01m[K/home/lbarnett/ros2_ws/src/rcraicer/rcraicer/src/../include/rcraicer/mavlink_serial_port.h:9[m[K,
                 from [01m[K/home/lbarnett/ros2_ws/src/rcraicer/rcraicer/src/../include/rcraicer/imu_mavlink.h:14[m[K,
                 from [01m[K/home/lbarnett/ros2_ws/src/rcraicer/rcraicer/src/imu_mavlink.cpp:1[m[K:
[01m[K/home/lbarnett/ros2_ws/src/rcraicer/rcraicer/src/../include/rcraicer/../mavlink/common/./mavlink_msg_obstacle_distance.h:[m[K In function ‘[01m[Kuint16_t mavlink_msg_obstacle_distance_encode(uint8_t, uint8_t, mavlink_message_t*, const mavlink_obstacle_distance_t*)[m[K’:
[01m[K/home/lbarnett/ros2_ws/src/rcraicer/rcraicer/src/../include/rcraicer/../mavlink/common/./mavlink_msg_obstacle_distance.h:173:158:[m[K [01;35m[Kwarning: [m[Ktaking address of packed member of ‘[01m[K__mavlink_obstacle_distance_t[m[K’ may result in an unaligned pointer value [[01;35m[K-Waddress-of-packed-member[m[K]
  173 |     return mavlink_msg_obstacle_distance_pack(system_id, component_id, msg, obstacle_distance->time_usec, obstacle_distance->sensor_type, [01;35m[Kobstacle_distance->distances[m[K, obstacle_distance->increment, obstacle_distance->min_distance, obstacle_distance->max_distance, obstacle_distance->increment_f, obstacle_distance->angle_offset, obstacle_distance->frame);
      |                                                                                                                                           [01;35m[K~~~~~~~~~~~~~~~~~~~^~~~~~~~~[m[K
[01m[K/home/lbarnett/ros2_ws/src/rcraicer/rcraicer/src/../include/rcraicer/../mavlink/common/./mavlink_msg_obstacle_distance.h:[m[K In function ‘[01m[Kuint16_t mavlink_msg_obstacle_distance_encode_chan(uint8_t, uint8_t, uint8_t, mavlink_message_t*, const mavlink_obstacle_distance_t*)[m[K’:
[01m[K/home/lbarnett/ros2_ws/src/rcraicer/rcraicer/src/../include/rcraicer/../mavlink/common/./mavlink_msg_obstacle_distance.h:187:169:[m[K [01;35m[Kwarning: [m[Ktaking address of packed member of ‘[01m[K__mavlink_obstacle_distance_t[m[K’ may result in an unaligned pointer value [[01;35m[K-Waddress-of-packed-member[m[K]
  187 |     return mavlink_msg_obstacle_distance_pack_chan(system_id, component_id, chan, msg, obstacle_distance->time_usec, obstacle_distance->sensor_type, [01;35m[Kobstacle_distance->distances[m[K, obstacle_distance->increment, obstacle_distance->min_distance, obstacle_distance->max_distance, obstacle_distance->increment_f, obstacle_distance->angle_offset, obstacle_distance->frame);
      |                                                                                                                                                      [01;35m[K~~~~~~~~~~~~~~~~~~~^~~~~~~~~[m[K
[01m[K/home/lbarnett/ros2_ws/src/rcraicer/rcraicer/src/imu_mavlink.cpp:[m[K In member function ‘[01m[Kvoid IMUMavlink::publishImuData(uint32_t, Eigen::Quaterniond&, Eigen::Vector3d&)[m[K’:
[01m[K/home/lbarnett/ros2_ws/src/rcraicer/rcraicer/src/imu_mavlink.cpp:118:42:[m[K [01;35m[Kwarning: [m[Kunused parameter ‘[01m[Ktime_boot_ms[m[K’ [[01;35m[K-Wunused-parameter[m[K]
  118 | void IMUMavlink::publishImuData([01;35m[Kuint32_t time_boot_ms[m[K, Eigen::Quaterniond &orientation_enu, Eigen::Vector3d &gyro_flu)
      |                                 [01;35m[K~~~~~~~~~^~~~~~~~~~~~[m[K
[01m[K/home/lbarnett/ros2_ws/src/rcraicer/rcraicer/src/imu_mavlink.cpp:[m[K In member function ‘[01m[Kvoid IMUMavlink::publishMagData(uint32_t, Eigen::Vector3d&)[m[K’:
[01m[K/home/lbarnett/ros2_ws/src/rcraicer/rcraicer/src/imu_mavlink.cpp:153:42:[m[K [01;35m[Kwarning: [m[Kunused parameter ‘[01m[Ktime_boot_ms[m[K’ [[01;35m[K-Wunused-parameter[m[K]
  153 | void IMUMavlink::publishMagData([01;35m[Kuint32_t time_boot_ms[m[K, Eigen::Vector3d &mag_field)
      |                                 [01;35m[K~~~~~~~~~^~~~~~~~~~~~[m[K
[01m[K/home/lbarnett/ros2_ws/src/rcraicer/rcraicer/src/imu_mavlink.cpp:[m[K In member function ‘[01m[Kvoid IMUMavlink::publishImuDataRaw(uint32_t, Eigen::Vector3d&, Eigen::Vector3d&, Eigen::Vector3d&)[m[K’:
[01m[K/home/lbarnett/ros2_ws/src/rcraicer/rcraicer/src/imu_mavlink.cpp:171:45:[m[K [01;35m[Kwarning: [m[Kunused parameter ‘[01m[Ktime_usec[m[K’ [[01;35m[K-Wunused-parameter[m[K]
  171 | void IMUMavlink::publishImuDataRaw([01;35m[Kuint32_t time_usec[m[K, Eigen::Vector3d &gyro_flu,
      |                                    [01;35m[K~~~~~~~~~^~~~~~~~~[m[K
[ 40%] [32mBuilding CXX object CMakeFiles/imu_mavlink.dir/src/mavlink_serial_port.cpp.o[0m
In file included from [01m[K/home/lbarnett/ros2_ws/src/rcraicer/rcraicer/src/../include/rcraicer/../mavlink/common/common.h:2311[m[K,
                 from [01m[K/home/lbarnett/ros2_ws/src/rcraicer/rcraicer/src/../include/rcraicer/../mavlink/common/mavlink.h:32[m[K,
                 from [01m[K/home/lbarnett/ros2_ws/src/rcraicer/rcraicer/src/../include/rcraicer/mavlink_serial_port.h:9[m[K,
                 from [01m[K/home/lbarnett/ros2_ws/src/rcraicer/rcraicer/src/mavlink_serial_port.cpp:1[m[K:
[01m[K/home/lbarnett/ros2_ws/src/rcraicer/rcraicer/src/../include/rcraicer/../mavlink/common/./mavlink_msg_distance_sensor.h:[m[K In function ‘[01m[Kuint16_t mavlink_msg_distance_sensor_encode(uint8_t, uint8_t, mavlink_message_t*, const mavlink_distance_sensor_t*)[m[K’:
[01m[K/home/lbarnett/ros2_ws/src/rcraicer/rcraicer/src/../include/rcraicer/../mavlink/common/./mavlink_msg_distance_sensor.h:200:387:[m[K [01;35m[Kwarning: [m[Ktaking address of packed member of ‘[01m[K__mavlink_distance_sensor_t[m[K’ may result in an unaligned pointer value [[01;35m[K-Waddress-of-packed-member[m[K]
  200 | mponent_id, msg, distance_sensor->time_boot_ms, distance_sensor->min_distance, distance_sensor->max_distance, distance_sensor->current_distance, distance_sensor->type, distance_sensor->id, distance_sensor->orientation, distance_sensor->covariance, distance_sensor->horizontal_fov, distance_sensor->vertical_fov, [01;35m[Kdistance_sensor->quaternion[m[K, distance_sensor->signal_quality);
      |                                                                                                                                                                                                                                                                                                                         [01;35m[K~~~~~~~~~~~~~~~~~^~~~~~~~~~[m[K

[01m[K/home/lbarnett/ros2_ws/src/rcraicer/rcraicer/src/../include/rcraicer/../mavlink/common/./mavlink_msg_distance_sensor.h:[m[K In function ‘[01m[Kuint16_t mavlink_msg_distance_sensor_encode_chan(uint8_t, uint8_t, uint8_t, mavlink_message_t*, const mavlink_distance_sensor_t*)[m[K’:
[01m[K/home/lbarnett/ros2_ws/src/rcraicer/rcraicer/src/../include/rcraicer/../mavlink/common/./mavlink_msg_distance_sensor.h:214:398:[m[K [01;35m[Kwarning: [m[Ktaking address of packed member of ‘[01m[K__mavlink_distance_sensor_t[m[K’ may result in an unaligned pointer value [[01;35m[K-Waddress-of-packed-member[m[K]
  214 | t_id, chan, msg, distance_sensor->time_boot_ms, distance_sensor->min_distance, distance_sensor->max_distance, distance_sensor->current_distance, distance_sensor->type, distance_sensor->id, distance_sensor->orientation, distance_sensor->covariance, distance_sensor->horizontal_fov, distance_sensor->vertical_fov, [01;35m[Kdistance_sensor->quaternion[m[K, distance_sensor->signal_quality);
      |                                                                                                                                                                                                                                                                                                                         [01;35m[K~~~~~~~~~~~~~~~~~^~~~~~~~~~[m[K

In file included from [01m[K/home/lbarnett/ros2_ws/src/rcraicer/rcraicer/src/../include/rcraicer/../mavlink/common/common.h:2325[m[K,
                 from [01m[K/home/lbarnett/ros2_ws/src/rcraicer/rcraicer/src/../include/rcraicer/../mavlink/common/mavlink.h:32[m[K,
                 from [01m[K/home/lbarnett/ros2_ws/src/rcraicer/rcraicer/src/../include/rcraicer/mavlink_serial_port.h:9[m[K,
                 from [01m[K/home/lbarnett/ros2_ws/src/rcraicer/rcraicer/src/mavlink_serial_port.cpp:1[m[K:
[01m[K/home/lbarnett/ros2_ws/src/rcraicer/rcraicer/src/../include/rcraicer/../mavlink/common/./mavlink_msg_battery_status.h:[m[K In function ‘[01m[Kuint16_t mavlink_msg_battery_status_encode(uint8_t, uint8_t, mavlink_message_t*, const mavlink_battery_status_t*)[m[K’:
[01m[K/home/lbarnett/ros2_ws/src/rcraicer/rcraicer/src/../include/rcraicer/../mavlink/common/./mavlink_msg_battery_status.h:219:195:[m[K [01;35m[Kwarning: [m[Ktaking address of packed member of ‘[01m[K__mavlink_battery_status_t[m[K’ may result in an unaligned pointer value [[01;35m[K-Waddress-of-packed-member[m[K]
  219 |     return mavlink_msg_battery_status_pack(system_id, component_id, msg, battery_status->id, battery_status->battery_function, battery_status->type, battery_status->temperature, [01;35m[Kbattery_status->voltages[m[K, battery_status->current_battery, battery_status->current_consumed, battery_status->energy_consumed, battery_status->battery_remaining, battery_status->time_remaining, battery_status->charge_state, battery_status->voltages_ext, battery_status->mode, battery_status->fault_bitmask);
      |                                                                                                                                                                                   [01;35m[K~~~~~~~~~~~~~~~~^~~~~~~~[m[K
[01m[K/home/lbarnett/ros2_ws/src/rcraicer/rcraicer/src/../include/rcraicer/../mavlink/common/./mavlink_msg_battery_status.h:219:418:[m[K [01;35m[Kwarning: [m[Ktaking address of packed member of ‘[01m[K__mavlink_battery_status_t[m[K’ may result in an unaligned pointer value [[01;35m[K-Waddress-of-packed-member[m[K]
  219 | >id, battery_status->battery_function, battery_status->type, battery_status->temperature, battery_status->voltages, battery_status->current_battery, battery_status->current_consumed, battery_status->energy_consumed, battery_status->battery_remaining, battery_status->time_remaining, battery_status->charge_state, [01;35m[Kbattery_status->voltages_ext[m[K, battery_status->mode, battery_status->fault_bitmask);
      |                                                                                                                                                                                                                                                                                                                          [01;35m[K~~~~~~~~~~~~~~~~^~~~~~~~~~~~[m[K

[01m[K/home/lbarnett/ros2_ws/src/rcraicer/rcraicer/src/../include/rcraicer/../mavlink/common/./mavlink_msg_battery_status.h:[m[K In function ‘[01m[Kuint16_t mavlink_msg_battery_status_encode_chan(uint8_t, uint8_t, uint8_t, mavlink_message_t*, const mavlink_battery_status_t*)[m[K’:
[01m[K/home/lbarnett/ros2_ws/src/rcraicer/rcraicer/src/../include/rcraicer/../mavlink/common/./mavlink_msg_battery_status.h:233:206:[m[K [01;35m[Kwarning: [m[Ktaking address of packed member of ‘[01m[K__mavlink_battery_status_t[m[K’ may result in an unaligned pointer value [[01;35m[K-Waddress-of-packed-member[m[K]
  233 |     return mavlink_msg_battery_status_pack_chan(system_id, component_id, chan, msg, battery_status->id, battery_status->battery_function, battery_status->type, battery_status->temperature, [01;35m[Kbattery_status->voltages[m[K, battery_status->current_battery, battery_status->current_consumed, battery_status->energy_consumed, battery_status->battery_remaining, battery_status->time_remaining, battery_status->charge_state, battery_status->voltages_ext, battery_status->mode, battery_status->fault_bitmask);
      |                                                                                                                                                                                              [01;35m[K~~~~~~~~~~~~~~~~^~~~~~~~[m[K
[01m[K/home/lbarnett/ros2_ws/src/rcraicer/rcraicer/src/../include/rcraicer/../mavlink/common/./mavlink_msg_battery_status.h:233:429:[m[K [01;35m[Kwarning: [m[Ktaking address of packed member of ‘[01m[K__mavlink_battery_status_t[m[K’ may result in an unaligned pointer value [[01;35m[K-Waddress-of-packed-member[m[K]
  233 | >id, battery_status->battery_function, battery_status->type, battery_status->temperature, battery_status->voltages, battery_status->current_battery, battery_status->current_consumed, battery_status->energy_consumed, battery_status->battery_remaining, battery_status->time_remaining, battery_status->charge_state, [01;35m[Kbattery_status->voltages_ext[m[K, battery_status->mode, battery_status->fault_bitmask);
      |                                                                                                                                                                                                                                                                                                                          [01;35m[K~~~~~~~~~~~~~~~~^~~~~~~~~~~~[m[K

In file included from [01m[K/home/lbarnett/ros2_ws/src/rcraicer/rcraicer/src/../include/rcraicer/../mavlink/common/common.h:2327[m[K,
                 from [01m[K/home/lbarnett/ros2_ws/src/rcraicer/rcraicer/src/../include/rcraicer/../mavlink/common/mavlink.h:32[m[K,
                 from [01m[K/home/lbarnett/ros2_ws/src/rcraicer/rcraicer/src/../include/rcraicer/mavlink_serial_port.h:9[m[K,
                 from [01m[K/home/lbarnett/ros2_ws/src/rcraicer/rcraicer/src/mavlink_serial_port.cpp:1[m[K:
[01m[K/home/lbarnett/ros2_ws/src/rcraicer/rcraicer/src/../include/rcraicer/../mavlink/common/./mavlink_msg_landing_target.h:[m[K In function ‘[01m[Kuint16_t mavlink_msg_landing_target_encode(uint8_t, uint8_t, mavlink_message_t*, const mavlink_landing_target_t*)[m[K’:
[01m[K/home/lbarnett/ros2_ws/src/rcraicer/rcraicer/src/../include/rcraicer/../mavlink/common/./mavlink_msg_landing_target.h:218:349:[m[K [01;35m[Kwarning: [m[Ktaking address of packed member of ‘[01m[K__mavlink_landing_target_t[m[K’ may result in an unaligned pointer value [[01;35m[K-Waddress-of-packed-member[m[K]
  218 | msg_landing_target_pack(system_id, component_id, msg, landing_target->time_usec, landing_target->target_num, landing_target->frame, landing_target->angle_x, landing_target->angle_y, landing_target->distance, landing_target->size_x, landing_target->size_y, landing_target->x, landing_target->y, landing_target->z, [01;35m[Klanding_target->q[m[K, landing_target->type, landing_target->position_valid);
      |                                                                                                                                                                                                                                                                                                                          [01;35m[K~~~~~~~~~~~~~~~~^[m[K

[01m[K/home/lbarnett/ros2_ws/src/rcraicer/rcraicer/src/../include/rcraicer/../mavlink/common/./mavlink_msg_landing_target.h:[m[K In function ‘[01m[Kuint16_t mavlink_msg_landing_target_encode_chan(uint8_t, uint8_t, uint8_t, mavlink_message_t*, const mavlink_landing_target_t*)[m[K’:
[01m[K/home/lbarnett/ros2_ws/src/rcraicer/rcraicer/src/../include/rcraicer/../mavlink/common/./mavlink_msg_landing_target.h:232:360:[m[K [01;35m[Kwarning: [m[Ktaking address of packed member of ‘[01m[K__mavlink_landing_target_t[m[K’ may result in an unaligned pointer value [[01;35m[K-Waddress-of-packed-member[m[K]
  232 | _target_pack_chan(system_id, component_id, chan, msg, landing_target->time_usec, landing_target->target_num, landing_target->frame, landing_target->angle_x, landing_target->angle_y, landing_target->distance, landing_target->size_x, landing_target->size_y, landing_target->x, landing_target->y, landing_target->z, [01;35m[Klanding_target->q[m[K, landing_target->type, landing_target->position_valid);
      |                                                                                                                                                                                                                                                                                                                          [01;35m[K~~~~~~~~~~~~~~~~^[m[K

In file included from [01m[K/home/lbarnett/ros2_ws/src/rcraicer/rcraicer/src/../include/rcraicer/../mavlink/common/common.h:2338[m[K,
                 from [01m[K/home/lbarnett/ros2_ws/src/rcraicer/rcraicer/src/../include/rcraicer/../mavlink/common/mavlink.h:32[m[K,
                 from [01m[K/home/lbarnett/ros2_ws/src/rcraicer/rcraicer/src/../include/rcraicer/mavlink_serial_port.h:9[m[K,
                 from [01m[K/home/lbarnett/ros2_ws/src/rcraicer/rcraicer/src/mavlink_serial_port.cpp:1[m[K:
[01m[K/home/lbarnett/ros2_ws/src/rcraicer/rcraicer/src/../include/rcraicer/../mavlink/common/./mavlink_msg_home_position.h:[m[K In function ‘[01m[Kuint16_t mavlink_msg_home_position_encode(uint8_t, uint8_t, mavlink_message_t*, const mavlink_home_position_t*)[m[K’:
[01m[K/home/lbarnett/ros2_ws/src/rcraicer/rcraicer/src/../include/rcraicer/../mavlink/common/./mavlink_msg_home_position.h:191:218:[m[K [01;35m[Kwarning: [m[Ktaking address of packed member of ‘[01m[K__mavlink_home_position_t[m[K’ may result in an unaligned pointer value [[01;35m[K-Waddress-of-packed-member[m[K]
  191 |     return mavlink_msg_home_position_pack(system_id, component_id, msg, home_position->latitude, home_position->longitude, home_position->altitude, home_position->x, home_position->y, home_position->z, [01;35m[Khome_position->q[m[K, home_position->approach_x, home_position->approach_y, home_position->approach_z, home_position->time_usec);
      |                                                                                                                                                                                                           [01;35m[K~~~~~~~~~~~~~~~^[m[K
[01m[K/home/lbarnett/ros2_ws/src/rcraicer/rcraicer/src/../include/rcraicer/../mavlink/common/./mavlink_msg_home_position.h:[m[K In function ‘[01m[Kuint16_t mavlink_msg_home_position_encode_chan(uint8_t, uint8_t, uint8_t, mavlink_message_t*, const mavlink_home_position_t*)[m[K’:
[01m[K/home/lbarnett/ros2_ws/src/rcraicer/rcraicer/src/../include/rcraicer/../mavlink/common/./mavlink_msg_home_position.h:205:229:[m[K [01;35m[Kwarning: [m[Ktaking address of packed member of ‘[01m[K__mavlink_home_position_t[m[K’ may result in an unaligned pointer value [[01;35m[K-Waddress-of-packed-member[m[K]
  205 |     return mavlink_msg_home_position_pack_chan(system_id, component_id, chan, msg, home_position->latitude, home_position->longitude, home_position->altitude, home_position->x, home_position->y, home_position->z, [01;35m[Khome_position->q[m[K, home_position->approach_x, home_position->approach_y, home_position->approach_z, home_position->time_usec);
      |                                                                                                                                                                                                                      [01;35m[K~~~~~~~~~~~~~~~^[m[K
In file included from [01m[K/home/lbarnett/ros2_ws/src/rcraicer/rcraicer/src/../include/rcraicer/../mavlink/common/common.h:2339[m[K,
                 from [01m[K/home/lbarnett/ros2_ws/src/rcraicer/rcraicer/src/../include/rcraicer/../mavlink/common/mavlink.h:32[m[K,
                 from [01m[K/home/lbarnett/ros2_ws/src/rcraicer/rcraicer/src/../include/rcraicer/mavlink_serial_port.h:9[m[K,
                 from [01m[K/home/lbarnett/ros2_ws/src/rcraicer/rcraicer/src/mavlink_serial_port.cpp:1[m[K:
[01m[K/home/lbarnett/ros2_ws/src/rcraicer/rcraicer/src/../include/rcraicer/../mavlink/common/./mavlink_msg_set_home_position.h:[m[K In function ‘[01m[Kuint16_t mavlink_msg_set_home_position_encode(uint8_t, uint8_t, mavlink_message_t*, const mavlink_set_home_position_t*)[m[K’:
[01m[K/home/lbarnett/ros2_ws/src/rcraicer/rcraicer/src/../include/rcraicer/../mavlink/common/./mavlink_msg_set_home_position.h:200:284:[m[K [01;35m[Kwarning: [m[Ktaking address of packed member of ‘[01m[K__mavlink_set_home_position_t[m[K’ may result in an unaligned pointer value [[01;35m[K-Waddress-of-packed-member[m[K]
  200 |     return mavlink_msg_set_home_position_pack(system_id, component_id, msg, set_home_position->target_system, set_home_position->latitude, set_home_position->longitude, set_home_position->altitude, set_home_position->x, set_home_position->y, set_home_position->z, [01;35m[Kset_home_position->q[m[K, set_home_position->approach_x, set_home_position->approach_y, set_home_position->approach_z, set_home_position->time_usec);
      |                                                                                                                                                                                                                                                                         [01;35m[K~~~~~~~~~~~~~~~~~~~^[m[K
[01m[K/home/lbarnett/ros2_ws/src/rcraicer/rcraicer/src/../include/rcraicer/../mavlink/common/./mavlink_msg_set_home_position.h:[m[K In function ‘[01m[Kuint16_t mavlink_msg_set_home_position_encode_chan(uint8_t, uint8_t, uint8_t, mavlink_message_t*, const mavlink_set_home_position_t*)[m[K’:
[01m[K/home/lbarnett/ros2_ws/src/rcraicer/rcraicer/src/../include/rcraicer/../mavlink/common/./mavlink_msg_set_home_position.h:214:295:[m[K [01;35m[Kwarning: [m[Ktaking address of packed member of ‘[01m[K__mavlink_set_home_position_t[m[K’ may result in an unaligned pointer value [[01;35m[K-Waddress-of-packed-member[m[K]
  214 |     return mavlink_msg_set_home_position_pack_chan(system_id, component_id, chan, msg, set_home_position->target_system, set_home_position->latitude, set_home_position->longitude, set_home_position->altitude, set_home_position->x, set_home_position->y, set_home_position->z, [01;35m[Kset_home_position->q[m[K, set_home_position->approach_x, set_home_position->approach_y, set_home_position->approach_z, set_home_position->time_usec);
      |                                                                                                                                                                                                                                                                                    [01;35m[K~~~~~~~~~~~~~~~~~~~^[m[K
In file included from [01m[K/home/lbarnett/ros2_ws/src/rcraicer/rcraicer/src/../include/rcraicer/../mavlink/common/common.h:2389[m[K,
                 from [01m[K/home/lbarnett/ros2_ws/src/rcraicer/rcraicer/src/../include/rcraicer/../mavlink/common/mavlink.h:32[m[K,
                 from [01m[K/home/lbarnett/ros2_ws/src/rcraicer/rcraicer/src/../include/rcraicer/mavlink_serial_port.h:9[m[K,
                 from [01m[K/home/lbarnett/ros2_ws/src/rcraicer/rcraicer/src/mavlink_serial_port.cpp:1[m[K:
[01m[K/home/lbarnett/ros2_ws/src/rcraicer/rcraicer/src/../include/rcraicer/../mavlink/common/./mavlink_msg_obstacle_distance.h:[m[K In function ‘[01m[Kuint16_t mavlink_msg_obstacle_distance_encode(uint8_t, uint8_t, mavlink_message_t*, const mavlink_obstacle_distance_t*)[m[K’:
[01m[K/home/lbarnett/ros2_ws/src/rcraicer/rcraicer/src/../include/rcraicer/../mavlink/common/./mavlink_msg_obstacle_distance.h:173:158:[m[K [01;35m[Kwarning: [m[Ktaking address of packed member of ‘[01m[K__mavlink_obstacle_distance_t[m[K’ may result in an unaligned pointer value [[01;35m[K-Waddress-of-packed-member[m[K]
  173 |     return mavlink_msg_obstacle_distance_pack(system_id, component_id, msg, obstacle_distance->time_usec, obstacle_distance->sensor_type, [01;35m[Kobstacle_distance->distances[m[K, obstacle_distance->increment, obstacle_distance->min_distance, obstacle_distance->max_distance, obstacle_distance->increment_f, obstacle_distance->angle_offset, obstacle_distance->frame);
      |                                                                                                                                           [01;35m[K~~~~~~~~~~~~~~~~~~~^~~~~~~~~[m[K
[01m[K/home/lbarnett/ros2_ws/src/rcraicer/rcraicer/src/../include/rcraicer/../mavlink/common/./mavlink_msg_obstacle_distance.h:[m[K In function ‘[01m[Kuint16_t mavlink_msg_obstacle_distance_encode_chan(uint8_t, uint8_t, uint8_t, mavlink_message_t*, const mavlink_obstacle_distance_t*)[m[K’:
[01m[K/home/lbarnett/ros2_ws/src/rcraicer/rcraicer/src/../include/rcraicer/../mavlink/common/./mavlink_msg_obstacle_distance.h:187:169:[m[K [01;35m[Kwarning: [m[Ktaking address of packed member of ‘[01m[K__mavlink_obstacle_distance_t[m[K’ may result in an unaligned pointer value [[01;35m[K-Waddress-of-packed-member[m[K]
  187 |     return mavlink_msg_obstacle_distance_pack_chan(system_id, component_id, chan, msg, obstacle_distance->time_usec, obstacle_distance->sensor_type, [01;35m[Kobstacle_distance->distances[m[K, obstacle_distance->increment, obstacle_distance->min_distance, obstacle_distance->max_distance, obstacle_distance->increment_f, obstacle_distance->angle_offset, obstacle_distance->frame);
      |                                                                                                                                                      [01;35m[K~~~~~~~~~~~~~~~~~~~^~~~~~~~~[m[K
[ 50%] [32m[1mLinking CXX executable imu_mavlink[0m
[ 50%] Built target imu_mavlink
[35m[1mScanning dependencies of target arduino_controller[0m
[ 60%] [32mBuilding CXX object CMakeFiles/arduino_controller.dir/src/arduino_controller.cpp.o[0m
[ 70%] [32mBuilding CXX object CMakeFiles/arduino_controller.dir/src/serial_port.cpp.o[0m
[ 80%] [32m[1mLinking CXX executable arduino_controller[0m
[ 80%] Built target arduino_controller
[35m[1mScanning dependencies of target wheel_odometry[0m
[ 90%] [32mBuilding CXX object CMakeFiles/wheel_odometry.dir/src/wheel_odometry.cpp.o[0m
[100%] [32m[1mLinking CXX executable wheel_odometry[0m
[100%] Built target wheel_odometry
-- Install configuration: "RelWithDebInfo"
-- Installing: /home/lbarnett/ros2_ws/src/rcraicer/install/rcraicer/lib/rcraicer/imu_mavlink
-- Set runtime path of "/home/lbarnett/ros2_ws/src/rcraicer/install/rcraicer/lib/rcraicer/imu_mavlink" to ""
-- Installing: /home/lbarnett/ros2_ws/src/rcraicer/install/rcraicer/lib/rcraicer/arduino_controller
-- Set runtime path of "/home/lbarnett/ros2_ws/src/rcraicer/install/rcraicer/lib/rcraicer/arduino_controller" to ""
-- Installing: /home/lbarnett/ros2_ws/src/rcraicer/install/rcraicer/lib/rcraicer/wheel_odometry
-- Set runtime path of "/home/lbarnett/ros2_ws/src/rcraicer/install/rcraicer/lib/rcraicer/wheel_odometry" to ""
-- Installing: /home/lbarnett/ros2_ws/src/rcraicer/install/rcraicer/lib/rcraicer/state_estimator
-- Set runtime path of "/home/lbarnett/ros2_ws/src/rcraicer/install/rcraicer/lib/rcraicer/state_estimator" to ""
-- Installing: /home/lbarnett/ros2_ws/src/rcraicer/install/rcraicer/share/rcraicer//launch
-- Installing: /home/lbarnett/ros2_ws/src/rcraicer/install/rcraicer/share/rcraicer//launch/odom.txt
-- Installing: /home/lbarnett/ros2_ws/src/rcraicer/install/rcraicer/share/rcraicer//launch/gps_launch.py
-- Installing: /home/lbarnett/ros2_ws/src/rcraicer/install/rcraicer/share/rcraicer//launch/odom_launch.py
-- Installing: /home/lbarnett/ros2_ws/src/rcraicer/install/rcraicer/share/rcraicer//launch/odom2.txt
-- Installing: /home/lbarnett/ros2_ws/src/rcraicer/install/rcraicer/share/rcraicer//launch/onboard_launch.py
-- Installing: /home/lbarnett/ros2_ws/src/rcraicer/install/rcraicer/share/rcraicer//launch/test_launch copy 2.py
-- Installing: /home/lbarnett/ros2_ws/src/rcraicer/install/rcraicer/share/rcraicer//launch/sim_launch.py
-- Installing: /home/lbarnett/ros2_ws/src/rcraicer/install/rcraicer/share/rcraicer//launch/__pycache__
-- Installing: /home/lbarnett/ros2_ws/src/rcraicer/install/rcraicer/share/rcraicer//launch/__pycache__/test_launch.cpython-38.pyc
-- Installing: /home/lbarnett/ros2_ws/src/rcraicer/install/rcraicer/share/rcraicer//launch/__pycache__/sim_launch_basic.cpython-38.pyc
-- Installing: /home/lbarnett/ros2_ws/src/rcraicer/install/rcraicer/share/rcraicer//launch/tf_launch.py
-- Installing: /home/lbarnett/ros2_ws/src/rcraicer/install/rcraicer/share/rcraicer//launch/mapviz_launch.py
-- Installing: /home/lbarnett/ros2_ws/src/rcraicer/install/rcraicer/share/rcraicer//launch/offboard_launch.py
-- Installing: /home/lbarnett/ros2_ws/src/rcraicer/install/rcraicer/share/rcraicer//launch/sim_launch_basic.py
-- Installing: /home/lbarnett/ros2_ws/src/rcraicer/install/rcraicer/share/rcraicer//launch/odom.ods
-- Installing: /home/lbarnett/ros2_ws/src/rcraicer/install/rcraicer/share/ament_index/resource_index/package_run_dependencies/rcraicer
-- Installing: /home/lbarnett/ros2_ws/src/rcraicer/install/rcraicer/share/ament_index/resource_index/parent_prefix_path/rcraicer
-- Installing: /home/lbarnett/ros2_ws/src/rcraicer/install/rcraicer/share/rcraicer/environment/ament_prefix_path.sh
-- Installing: /home/lbarnett/ros2_ws/src/rcraicer/install/rcraicer/share/rcraicer/environment/ament_prefix_path.dsv
-- Installing: /home/lbarnett/ros2_ws/src/rcraicer/install/rcraicer/share/rcraicer/environment/path.sh
-- Installing: /home/lbarnett/ros2_ws/src/rcraicer/install/rcraicer/share/rcraicer/environment/path.dsv
-- Installing: /home/lbarnett/ros2_ws/src/rcraicer/install/rcraicer/share/rcraicer/local_setup.bash
-- Installing: /home/lbarnett/ros2_ws/src/rcraicer/install/rcraicer/share/rcraicer/local_setup.sh
-- Installing: /home/lbarnett/ros2_ws/src/rcraicer/install/rcraicer/share/rcraicer/local_setup.zsh
-- Installing: /home/lbarnett/ros2_ws/src/rcraicer/install/rcraicer/share/rcraicer/local_setup.dsv
-- Installing: /home/lbarnett/ros2_ws/src/rcraicer/install/rcraicer/share/rcraicer/package.dsv
-- Installing: /home/lbarnett/ros2_ws/src/rcraicer/install/rcraicer/share/ament_index/resource_index/packages/rcraicer
-- Installing: /home/lbarnett/ros2_ws/src/rcraicer/install/rcraicer/share/rcraicer/cmake/rcraicerConfig.cmake
-- Installing: /home/lbarnett/ros2_ws/src/rcraicer/install/rcraicer/share/rcraicer/cmake/rcraicerConfig-version.cmake
-- Installing: /home/lbarnett/ros2_ws/src/rcraicer/install/rcraicer/share/rcraicer/package.xml
