[0.089s] Invoking command in '/home/lbarnett/ros2_ws/src/rcraicer/build/rcraicer': AMENT_PREFIX_PATH=/home/lbarnett/ros2_ws/src/rcraicer/install/rcraicer_msgs:${AMENT_PREFIX_PATH} CMAKE_PREFIX_PATH=/home/lbarnett/ros2_ws/src/rcraicer/install/rcraicer_msgs:/home/lbarnett/ros2_ws/install/rviz_satellite:/home/lbarnett/ros2_ws/install/robot_localization:/home/lbarnett/ros2_ws/install/rcraicer_sim:/home/lbarnett/ros2_ws/install/rcraicer_mapping:/home/lbarnett/ros2_ws/install/rcraicer_gps:/home/lbarnett/ros2_ws/install/rcraicer_description:/home/lbarnett/ros2_ws/install/rcraicer:/home/lbarnett/ros2_ws/install/rcraicer_msgs:/home/lbarnett/ros2_ws/install/rcraicer_mppi_test:/home/lbarnett/ros2_ws/install/rcraicer_mppi:/home/lbarnett/ros2_ws/install/rcraicer_imu:/home/lbarnett/ros2_ws/install/mavros:/home/lbarnett/ros2_ws/install/mavros_msgs:/home/lbarnett/ros2_ws/install/libmavconn:/home/lbarnett/ros2_ws/install/kalman_filter_localization:/home/lbarnett/ros2_ws/install/rcraicer_utils:/home/lbarnett/ros2_ws/install/rcraicer_ui:/opt/ros/foxy LD_LIBRARY_PATH=/home/lbarnett/ros2_ws/src/rcraicer/install/rcraicer_msgs/lib:${LD_LIBRARY_PATH} PYTHONPATH=/home/lbarnett/ros2_ws/src/rcraicer/install/rcraicer_msgs/lib/python3.8/site-packages:${PYTHONPATH} /usr/bin/cmake /home/lbarnett/ros2_ws/src/rcraicer/rcraicer -DCMAKE_BUILD_TYPE=RelWithDebInfo -DCMAKE_INSTALL_PREFIX=/home/lbarnett/ros2_ws/src/rcraicer/install/rcraicer
[0.746s] -- The C compiler identification is GNU 9.3.0
[0.746s] -- The CXX compiler identification is GNU 9.3.0
[0.746s] -- Check for working C compiler: /usr/bin/cc
[0.746s] -- Check for working C compiler: /usr/bin/cc -- works
[0.746s] -- Detecting C compiler ABI info
[1.007s] -- Detecting C compiler ABI info - done
[1.069s] -- Detecting C compile features
[1.070s] -- Detecting C compile features - done
[1.075s] -- Check for working CXX compiler: /usr/bin/c++
[1.291s] -- Check for working CXX compiler: /usr/bin/c++ -- works
[1.291s] -- Detecting CXX compiler ABI info
[1.488s] -- Detecting CXX compiler ABI info - done
[1.515s] -- Detecting CXX compile features
[1.515s] -- Detecting CXX compile features - done
[1.516s] -- Found ament_cmake: 0.9.9 (/opt/ros/foxy/share/ament_cmake/cmake)
[1.595s] -- Found PythonInterp: /usr/bin/python3 (found suitable version "3.8.10", minimum required is "3") 
[1.595s] -- Using PYTHON_EXECUTABLE: /usr/bin/python3
[2.144s] -- Found rclcpp: 2.4.0 (/opt/ros/foxy/share/rclcpp/cmake)
[2.265s] -- Using all available rosidl_typesupport_c: rosidl_typesupport_fastrtps_c;rosidl_typesupport_introspection_c
[2.299s] -- Found rosidl_adapter: 1.2.1 (/opt/ros/foxy/share/rosidl_adapter/cmake)
[2.610s] -- Found OpenSSL: /usr/lib/x86_64-linux-gnu/libcrypto.so (found version "1.1.1f")  
[2.652s] -- Found FastRTPS: /opt/ros/foxy/include  
[2.798s] -- Using all available rosidl_typesupport_cpp: rosidl_typesupport_fastrtps_cpp;rosidl_typesupport_introspection_cpp
[2.912s] -- Found rmw_implementation_cmake: 1.0.3 (/opt/ros/foxy/share/rmw_implementation_cmake/cmake)
[2.916s] -- Using RMW implementation 'rmw_cyclonedds_cpp' as default
[2.918s] -- Looking for pthread.h
[3.121s] -- Looking for pthread.h - found
[3.121s] -- Performing Test CMAKE_HAVE_LIBC_PTHREAD
[3.305s] -- Performing Test CMAKE_HAVE_LIBC_PTHREAD - Failed
[3.306s] -- Looking for pthread_create in pthreads
[3.454s] -- Looking for pthread_create in pthreads - not found
[3.454s] -- Looking for pthread_create in pthread
[3.660s] -- Looking for pthread_create in pthread - found
[3.665s] -- Found Threads: TRUE  
[4.027s] -- Found sensor_msgs: 2.0.4 (/opt/ros/foxy/share/sensor_msgs/cmake)
[4.282s] -- Found tf2: 0.13.11 (/opt/ros/foxy/share/tf2/cmake)
[4.312s] -- Found tf2_eigen: 0.13.11 (/opt/ros/foxy/share/tf2_eigen/cmake)
[5.211s] -- Found nav_msgs: 2.0.4 (/opt/ros/foxy/share/nav_msgs/cmake)
[5.388s] -- Found visualization_msgs: 2.0.4 (/opt/ros/foxy/share/visualization_msgs/cmake)
[5.553s] -- Found rcraicer_msgs: 0.0.0 (/home/lbarnett/ros2_ws/src/rcraicer/install/rcraicer_msgs/share/rcraicer_msgs/cmake)
[5.678s] -- Found Eigen3: TRUE (found version "3.3.90") 
[5.683s] -- Reading /usr/local/lib/cmake/GeographicLib/geographiclib-config.cmake
[5.683s] -- GeographicLib configuration, version 1.49
[5.686s] --   ${GeographicLib_LIBRARIES} set to shared library
[5.788s] -- Found Boost: /usr/lib/x86_64-linux-gnu/cmake/Boost-1.71.0/BoostConfig.cmake (found suitable version "1.71.0", minimum required is "1.43") found components: serialization system filesystem thread program_options date_time timer chrono regex 
[5.810s] -- GTSAM include directory:  /usr/local/lib/cmake/GTSAM/../../../include
[5.850s] -- Found ament_lint_auto: 0.9.6 (/opt/ros/foxy/share/ament_lint_auto/cmake)
[6.039s] -- Added test 'copyright' to check source files copyright and LICENSE
[6.065s] -- Added test 'cppcheck' to perform static code analysis on C / C++ code
[6.066s] -- Configured cppcheck include dirs: 
[6.066s] -- Configured cppcheck exclude dirs and/or files: 
[6.094s] -- Added test 'cpplint' to check C / C++ code against the Google style
[6.094s] -- Configured cpplint exclude dirs and/or files: 
[6.097s] -- Added test 'flake8' to check Python code syntax and style conventions
[6.106s] -- Added test 'lint_cmake' to check CMake code style
[6.110s] -- Added test 'pep257' to check Python code against some of the style conventions in PEP 257
[6.140s] -- Added test 'uncrustify' to check C / C++ code style
[6.140s] -- Configured uncrustify additional arguments: 
[6.144s] -- Added test 'xmllint' to check XML markup files
[6.151s] -- Configuring done
[6.263s] -- Generating done
[6.267s] -- Build files have been written to: /home/lbarnett/ros2_ws/src/rcraicer/build/rcraicer
[6.302s] Invoked command in '/home/lbarnett/ros2_ws/src/rcraicer/build/rcraicer' returned '0': AMENT_PREFIX_PATH=/home/lbarnett/ros2_ws/src/rcraicer/install/rcraicer_msgs:${AMENT_PREFIX_PATH} CMAKE_PREFIX_PATH=/home/lbarnett/ros2_ws/src/rcraicer/install/rcraicer_msgs:/home/lbarnett/ros2_ws/install/rviz_satellite:/home/lbarnett/ros2_ws/install/robot_localization:/home/lbarnett/ros2_ws/install/rcraicer_sim:/home/lbarnett/ros2_ws/install/rcraicer_mapping:/home/lbarnett/ros2_ws/install/rcraicer_gps:/home/lbarnett/ros2_ws/install/rcraicer_description:/home/lbarnett/ros2_ws/install/rcraicer:/home/lbarnett/ros2_ws/install/rcraicer_msgs:/home/lbarnett/ros2_ws/install/rcraicer_mppi_test:/home/lbarnett/ros2_ws/install/rcraicer_mppi:/home/lbarnett/ros2_ws/install/rcraicer_imu:/home/lbarnett/ros2_ws/install/mavros:/home/lbarnett/ros2_ws/install/mavros_msgs:/home/lbarnett/ros2_ws/install/libmavconn:/home/lbarnett/ros2_ws/install/kalman_filter_localization:/home/lbarnett/ros2_ws/install/rcraicer_utils:/home/lbarnett/ros2_ws/install/rcraicer_ui:/opt/ros/foxy LD_LIBRARY_PATH=/home/lbarnett/ros2_ws/src/rcraicer/install/rcraicer_msgs/lib:${LD_LIBRARY_PATH} PYTHONPATH=/home/lbarnett/ros2_ws/src/rcraicer/install/rcraicer_msgs/lib/python3.8/site-packages:${PYTHONPATH} /usr/bin/cmake /home/lbarnett/ros2_ws/src/rcraicer/rcraicer -DCMAKE_BUILD_TYPE=RelWithDebInfo -DCMAKE_INSTALL_PREFIX=/home/lbarnett/ros2_ws/src/rcraicer/install/rcraicer
[6.303s] Invoking command in '/home/lbarnett/ros2_ws/src/rcraicer/build/rcraicer': AMENT_PREFIX_PATH=/home/lbarnett/ros2_ws/src/rcraicer/install/rcraicer_msgs:${AMENT_PREFIX_PATH} CMAKE_PREFIX_PATH=/home/lbarnett/ros2_ws/src/rcraicer/install/rcraicer_msgs:/home/lbarnett/ros2_ws/install/rviz_satellite:/home/lbarnett/ros2_ws/install/robot_localization:/home/lbarnett/ros2_ws/install/rcraicer_sim:/home/lbarnett/ros2_ws/install/rcraicer_mapping:/home/lbarnett/ros2_ws/install/rcraicer_gps:/home/lbarnett/ros2_ws/install/rcraicer_description:/home/lbarnett/ros2_ws/install/rcraicer:/home/lbarnett/ros2_ws/install/rcraicer_msgs:/home/lbarnett/ros2_ws/install/rcraicer_mppi_test:/home/lbarnett/ros2_ws/install/rcraicer_mppi:/home/lbarnett/ros2_ws/install/rcraicer_imu:/home/lbarnett/ros2_ws/install/mavros:/home/lbarnett/ros2_ws/install/mavros_msgs:/home/lbarnett/ros2_ws/install/libmavconn:/home/lbarnett/ros2_ws/install/kalman_filter_localization:/home/lbarnett/ros2_ws/install/rcraicer_utils:/home/lbarnett/ros2_ws/install/rcraicer_ui:/opt/ros/foxy LD_LIBRARY_PATH=/home/lbarnett/ros2_ws/src/rcraicer/install/rcraicer_msgs/lib:${LD_LIBRARY_PATH} PYTHONPATH=/home/lbarnett/ros2_ws/src/rcraicer/install/rcraicer_msgs/lib/python3.8/site-packages:${PYTHONPATH} /usr/bin/cmake --build /home/lbarnett/ros2_ws/src/rcraicer/build/rcraicer -- -j8 -l8
[6.462s] [35m[1mScanning dependencies of target state_estimator[0m
[6.606s] [ 10%] [32mBuilding CXX object CMakeFiles/state_estimator.dir/src/state_estimator.cpp.o[0m
[24.492s] In file included from [01m[K/home/lbarnett/ros2_ws/src/rcraicer/rcraicer/src/state_estimator.cpp:1[m[K:
[24.492s] [01m[K/home/lbarnett/ros2_ws/src/rcraicer/rcraicer/src/../include/rcraicer/state_estimator.h:[m[K In constructor ‘[01m[KStateEstimator::StateEstimator()[m[K’:
[24.492s] [01m[K/home/lbarnett/ros2_ws/src/rcraicer/rcraicer/src/../include/rcraicer/state_estimator.h:105:14:[m[K [01;35m[Kwarning: [m[K‘[01m[KStateEstimator::gotInitialPose_[m[K’ will be initialized after [[01;35m[K-Wreorder[m[K]
[24.492s]   105 |         bool [01;35m[KgotInitialPose_[m[K;
[24.493s]       |              [01;35m[K^~~~~~~~~~~~~~~[m[K
[24.493s] [01m[K/home/lbarnett/ros2_ws/src/rcraicer/rcraicer/src/../include/rcraicer/state_estimator.h:77:14:[m[K [01;35m[Kwarning: [m[K  ‘[01m[Kbool StateEstimator::debug_[m[K’ [[01;35m[K-Wreorder[m[K]
[24.493s]    77 |         bool [01;35m[Kdebug_[m[K;
[24.493s]       |              [01;35m[K^~~~~~[m[K
[24.493s] [01m[K/home/lbarnett/ros2_ws/src/rcraicer/rcraicer/src/state_estimator.cpp:22:1:[m[K [01;35m[Kwarning: [m[K  when initialized here [[01;35m[K-Wreorder[m[K]
[24.493s]    22 | [01;35m[KStateEstimator[m[K::StateEstimator() : Node("state_estimator"),
[24.493s]       | [01;35m[K^~~~~~~~~~~~~~[m[K
[24.799s] [01m[K/home/lbarnett/ros2_ws/src/rcraicer/rcraicer/src/state_estimator.cpp:[m[K In member function ‘[01m[Kvoid StateEstimator::GpsHelper()[m[K’:
[24.799s] [01m[K/home/lbarnett/ros2_ws/src/rcraicer/rcraicer/src/state_estimator.cpp:734:59:[m[K [01;35m[Kwarning: [m[Kcatching polymorphic type ‘[01m[Kclass gtsam::IndeterminantLinearSystemException[m[K’ by value [[01;35m[K-Wcatch-value=[m[K]
[24.800s]   734 |           catch(gtsam::IndeterminantLinearSystemException [01;35m[Kex[m[K)
[24.800s]       |                                                           [01;35m[K^~[m[K
[71.532s] [01m[K/home/lbarnett/ros2_ws/src/rcraicer/rcraicer/src/state_estimator.cpp:708:20:[m[K [01;35m[Kwarning: [m[K‘[01m[KstartTime[m[K’ may be used uninitialized in this function [[01;35m[K-Wmaybe-uninitialized[m[K]
[71.532s]   708 |             double [01;35m[KcurTime[m[K = startTime + (imuKey-1) * 0.1;
[71.532s]       |                    [01;35m[K^~~~~~~[m[K
[87.015s] [ 20%] [32m[1mLinking CXX executable state_estimator[0m
[88.395s] [ 20%] Built target state_estimator
[88.440s] [35m[1mScanning dependencies of target imu_mavlink[0m
[88.760s] [ 30%] [32mBuilding CXX object CMakeFiles/imu_mavlink.dir/src/imu_mavlink.cpp.o[0m
[93.705s] In file included from [01m[K/home/lbarnett/ros2_ws/src/rcraicer/rcraicer/src/../include/rcraicer/../mavlink/common/common.h:2311[m[K,
[93.705s]                  from [01m[K/home/lbarnett/ros2_ws/src/rcraicer/rcraicer/src/../include/rcraicer/../mavlink/common/mavlink.h:32[m[K,
[93.705s]                  from [01m[K/home/lbarnett/ros2_ws/src/rcraicer/rcraicer/src/../include/rcraicer/mavlink_serial_port.h:9[m[K,
[93.705s]                  from [01m[K/home/lbarnett/ros2_ws/src/rcraicer/rcraicer/src/../include/rcraicer/imu_mavlink.h:14[m[K,
[93.706s]                  from [01m[K/home/lbarnett/ros2_ws/src/rcraicer/rcraicer/src/imu_mavlink.cpp:1[m[K:
[93.706s] [01m[K/home/lbarnett/ros2_ws/src/rcraicer/rcraicer/src/../include/rcraicer/../mavlink/common/./mavlink_msg_distance_sensor.h:[m[K In function ‘[01m[Kuint16_t mavlink_msg_distance_sensor_encode(uint8_t, uint8_t, mavlink_message_t*, const mavlink_distance_sensor_t*)[m[K’:
[93.706s] [01m[K/home/lbarnett/ros2_ws/src/rcraicer/rcraicer/src/../include/rcraicer/../mavlink/common/./mavlink_msg_distance_sensor.h:200:387:[m[K [01;35m[Kwarning: [m[Ktaking address of packed member of ‘[01m[K__mavlink_distance_sensor_t[m[K’ may result in an unaligned pointer value [[01;35m[K-Waddress-of-packed-member[m[K]
[93.706s]   200 | mponent_id, msg, distance_sensor->time_boot_ms, distance_sensor->min_distance, distance_sensor->max_distance, distance_sensor->current_distance, distance_sensor->type, distance_sensor->id, distance_sensor->orientation, distance_sensor->covariance, distance_sensor->horizontal_fov, distance_sensor->vertical_fov, [01;35m[Kdistance_sensor->quaternion[m[K, distance_sensor->signal_quality);
[93.706s]       |                                                                                                                                                                                                                                                                                                                         [01;35m[K~~~~~~~~~~~~~~~~~^~~~~~~~~~[m[K
[93.706s] 
[93.707s] [01m[K/home/lbarnett/ros2_ws/src/rcraicer/rcraicer/src/../include/rcraicer/../mavlink/common/./mavlink_msg_distance_sensor.h:[m[K In function ‘[01m[Kuint16_t mavlink_msg_distance_sensor_encode_chan(uint8_t, uint8_t, uint8_t, mavlink_message_t*, const mavlink_distance_sensor_t*)[m[K’:
[93.707s] [01m[K/home/lbarnett/ros2_ws/src/rcraicer/rcraicer/src/../include/rcraicer/../mavlink/common/./mavlink_msg_distance_sensor.h:214:398:[m[K [01;35m[Kwarning: [m[Ktaking address of packed member of ‘[01m[K__mavlink_distance_sensor_t[m[K’ may result in an unaligned pointer value [[01;35m[K-Waddress-of-packed-member[m[K]
[93.707s]   214 | t_id, chan, msg, distance_sensor->time_boot_ms, distance_sensor->min_distance, distance_sensor->max_distance, distance_sensor->current_distance, distance_sensor->type, distance_sensor->id, distance_sensor->orientation, distance_sensor->covariance, distance_sensor->horizontal_fov, distance_sensor->vertical_fov, [01;35m[Kdistance_sensor->quaternion[m[K, distance_sensor->signal_quality);
[93.707s]       |                                                                                                                                                                                                                                                                                                                         [01;35m[K~~~~~~~~~~~~~~~~~^~~~~~~~~~[m[K
[93.707s] 
[93.723s] In file included from [01m[K/home/lbarnett/ros2_ws/src/rcraicer/rcraicer/src/../include/rcraicer/../mavlink/common/common.h:2325[m[K,
[93.723s]                  from [01m[K/home/lbarnett/ros2_ws/src/rcraicer/rcraicer/src/../include/rcraicer/../mavlink/common/mavlink.h:32[m[K,
[93.724s]                  from [01m[K/home/lbarnett/ros2_ws/src/rcraicer/rcraicer/src/../include/rcraicer/mavlink_serial_port.h:9[m[K,
[93.724s]                  from [01m[K/home/lbarnett/ros2_ws/src/rcraicer/rcraicer/src/../include/rcraicer/imu_mavlink.h:14[m[K,
[93.724s]                  from [01m[K/home/lbarnett/ros2_ws/src/rcraicer/rcraicer/src/imu_mavlink.cpp:1[m[K:
[93.724s] [01m[K/home/lbarnett/ros2_ws/src/rcraicer/rcraicer/src/../include/rcraicer/../mavlink/common/./mavlink_msg_battery_status.h:[m[K In function ‘[01m[Kuint16_t mavlink_msg_battery_status_encode(uint8_t, uint8_t, mavlink_message_t*, const mavlink_battery_status_t*)[m[K’:
[93.724s] [01m[K/home/lbarnett/ros2_ws/src/rcraicer/rcraicer/src/../include/rcraicer/../mavlink/common/./mavlink_msg_battery_status.h:219:195:[m[K [01;35m[Kwarning: [m[Ktaking address of packed member of ‘[01m[K__mavlink_battery_status_t[m[K’ may result in an unaligned pointer value [[01;35m[K-Waddress-of-packed-member[m[K]
[93.724s]   219 |     return mavlink_msg_battery_status_pack(system_id, component_id, msg, battery_status->id, battery_status->battery_function, battery_status->type, battery_status->temperature, [01;35m[Kbattery_status->voltages[m[K, battery_status->current_battery, battery_status->current_consumed, battery_status->energy_consumed, battery_status->battery_remaining, battery_status->time_remaining, battery_status->charge_state, battery_status->voltages_ext, battery_status->mode, battery_status->fault_bitmask);
[93.725s]       |                                                                                                                                                                                   [01;35m[K~~~~~~~~~~~~~~~~^~~~~~~~[m[K
[93.725s] [01m[K/home/lbarnett/ros2_ws/src/rcraicer/rcraicer/src/../include/rcraicer/../mavlink/common/./mavlink_msg_battery_status.h:219:418:[m[K [01;35m[Kwarning: [m[Ktaking address of packed member of ‘[01m[K__mavlink_battery_status_t[m[K’ may result in an unaligned pointer value [[01;35m[K-Waddress-of-packed-member[m[K]
[93.725s]   219 | >id, battery_status->battery_function, battery_status->type, battery_status->temperature, battery_status->voltages, battery_status->current_battery, battery_status->current_consumed, battery_status->energy_consumed, battery_status->battery_remaining, battery_status->time_remaining, battery_status->charge_state, [01;35m[Kbattery_status->voltages_ext[m[K, battery_status->mode, battery_status->fault_bitmask);
[93.725s]       |                                                                                                                                                                                                                                                                                                                          [01;35m[K~~~~~~~~~~~~~~~~^~~~~~~~~~~~[m[K
[93.725s] 
[93.725s] [01m[K/home/lbarnett/ros2_ws/src/rcraicer/rcraicer/src/../include/rcraicer/../mavlink/common/./mavlink_msg_battery_status.h:[m[K In function ‘[01m[Kuint16_t mavlink_msg_battery_status_encode_chan(uint8_t, uint8_t, uint8_t, mavlink_message_t*, const mavlink_battery_status_t*)[m[K’:
[93.725s] [01m[K/home/lbarnett/ros2_ws/src/rcraicer/rcraicer/src/../include/rcraicer/../mavlink/common/./mavlink_msg_battery_status.h:233:206:[m[K [01;35m[Kwarning: [m[Ktaking address of packed member of ‘[01m[K__mavlink_battery_status_t[m[K’ may result in an unaligned pointer value [[01;35m[K-Waddress-of-packed-member[m[K]
[93.725s]   233 |     return mavlink_msg_battery_status_pack_chan(system_id, component_id, chan, msg, battery_status->id, battery_status->battery_function, battery_status->type, battery_status->temperature, [01;35m[Kbattery_status->voltages[m[K, battery_status->current_battery, battery_status->current_consumed, battery_status->energy_consumed, battery_status->battery_remaining, battery_status->time_remaining, battery_status->charge_state, battery_status->voltages_ext, battery_status->mode, battery_status->fault_bitmask);
[93.726s]       |                                                                                                                                                                                              [01;35m[K~~~~~~~~~~~~~~~~^~~~~~~~[m[K
[93.726s] [01m[K/home/lbarnett/ros2_ws/src/rcraicer/rcraicer/src/../include/rcraicer/../mavlink/common/./mavlink_msg_battery_status.h:233:429:[m[K [01;35m[Kwarning: [m[Ktaking address of packed member of ‘[01m[K__mavlink_battery_status_t[m[K’ may result in an unaligned pointer value [[01;35m[K-Waddress-of-packed-member[m[K]
[93.726s]   233 | >id, battery_status->battery_function, battery_status->type, battery_status->temperature, battery_status->voltages, battery_status->current_battery, battery_status->current_consumed, battery_status->energy_consumed, battery_status->battery_remaining, battery_status->time_remaining, battery_status->charge_state, [01;35m[Kbattery_status->voltages_ext[m[K, battery_status->mode, battery_status->fault_bitmask);
[93.726s]       |                                                                                                                                                                                                                                                                                                                          [01;35m[K~~~~~~~~~~~~~~~~^~~~~~~~~~~~[m[K
[93.726s] 
[93.727s] In file included from [01m[K/home/lbarnett/ros2_ws/src/rcraicer/rcraicer/src/../include/rcraicer/../mavlink/common/common.h:2327[m[K,
[93.727s]                  from [01m[K/home/lbarnett/ros2_ws/src/rcraicer/rcraicer/src/../include/rcraicer/../mavlink/common/mavlink.h:32[m[K,
[93.727s]                  from [01m[K/home/lbarnett/ros2_ws/src/rcraicer/rcraicer/src/../include/rcraicer/mavlink_serial_port.h:9[m[K,
[93.727s]                  from [01m[K/home/lbarnett/ros2_ws/src/rcraicer/rcraicer/src/../include/rcraicer/imu_mavlink.h:14[m[K,
[93.727s]                  from [01m[K/home/lbarnett/ros2_ws/src/rcraicer/rcraicer/src/imu_mavlink.cpp:1[m[K:
[93.727s] [01m[K/home/lbarnett/ros2_ws/src/rcraicer/rcraicer/src/../include/rcraicer/../mavlink/common/./mavlink_msg_landing_target.h:[m[K In function ‘[01m[Kuint16_t mavlink_msg_landing_target_encode(uint8_t, uint8_t, mavlink_message_t*, const mavlink_landing_target_t*)[m[K’:
[93.727s] [01m[K/home/lbarnett/ros2_ws/src/rcraicer/rcraicer/src/../include/rcraicer/../mavlink/common/./mavlink_msg_landing_target.h:218:349:[m[K [01;35m[Kwarning: [m[Ktaking address of packed member of ‘[01m[K__mavlink_landing_target_t[m[K’ may result in an unaligned pointer value [[01;35m[K-Waddress-of-packed-member[m[K]
[93.727s]   218 | msg_landing_target_pack(system_id, component_id, msg, landing_target->time_usec, landing_target->target_num, landing_target->frame, landing_target->angle_x, landing_target->angle_y, landing_target->distance, landing_target->size_x, landing_target->size_y, landing_target->x, landing_target->y, landing_target->z, [01;35m[Klanding_target->q[m[K, landing_target->type, landing_target->position_valid);
[93.728s]       |                                                                                                                                                                                                                                                                                                                          [01;35m[K~~~~~~~~~~~~~~~~^[m[K
[93.728s] 
[93.728s] [01m[K/home/lbarnett/ros2_ws/src/rcraicer/rcraicer/src/../include/rcraicer/../mavlink/common/./mavlink_msg_landing_target.h:[m[K In function ‘[01m[Kuint16_t mavlink_msg_landing_target_encode_chan(uint8_t, uint8_t, uint8_t, mavlink_message_t*, const mavlink_landing_target_t*)[m[K’:
[93.728s] [01m[K/home/lbarnett/ros2_ws/src/rcraicer/rcraicer/src/../include/rcraicer/../mavlink/common/./mavlink_msg_landing_target.h:232:360:[m[K [01;35m[Kwarning: [m[Ktaking address of packed member of ‘[01m[K__mavlink_landing_target_t[m[K’ may result in an unaligned pointer value [[01;35m[K-Waddress-of-packed-member[m[K]
[93.728s]   232 | _target_pack_chan(system_id, component_id, chan, msg, landing_target->time_usec, landing_target->target_num, landing_target->frame, landing_target->angle_x, landing_target->angle_y, landing_target->distance, landing_target->size_x, landing_target->size_y, landing_target->x, landing_target->y, landing_target->z, [01;35m[Klanding_target->q[m[K, landing_target->type, landing_target->position_valid);
[93.728s]       |                                                                                                                                                                                                                                                                                                                          [01;35m[K~~~~~~~~~~~~~~~~^[m[K
[93.728s] 
[93.747s] In file included from [01m[K/home/lbarnett/ros2_ws/src/rcraicer/rcraicer/src/../include/rcraicer/../mavlink/common/common.h:2338[m[K,
[93.747s]                  from [01m[K/home/lbarnett/ros2_ws/src/rcraicer/rcraicer/src/../include/rcraicer/../mavlink/common/mavlink.h:32[m[K,
[93.747s]                  from [01m[K/home/lbarnett/ros2_ws/src/rcraicer/rcraicer/src/../include/rcraicer/mavlink_serial_port.h:9[m[K,
[93.747s]                  from [01m[K/home/lbarnett/ros2_ws/src/rcraicer/rcraicer/src/../include/rcraicer/imu_mavlink.h:14[m[K,
[93.747s]                  from [01m[K/home/lbarnett/ros2_ws/src/rcraicer/rcraicer/src/imu_mavlink.cpp:1[m[K:
[93.747s] [01m[K/home/lbarnett/ros2_ws/src/rcraicer/rcraicer/src/../include/rcraicer/../mavlink/common/./mavlink_msg_home_position.h:[m[K In function ‘[01m[Kuint16_t mavlink_msg_home_position_encode(uint8_t, uint8_t, mavlink_message_t*, const mavlink_home_position_t*)[m[K’:
[93.748s] [01m[K/home/lbarnett/ros2_ws/src/rcraicer/rcraicer/src/../include/rcraicer/../mavlink/common/./mavlink_msg_home_position.h:191:218:[m[K [01;35m[Kwarning: [m[Ktaking address of packed member of ‘[01m[K__mavlink_home_position_t[m[K’ may result in an unaligned pointer value [[01;35m[K-Waddress-of-packed-member[m[K]
[93.748s]   191 |     return mavlink_msg_home_position_pack(system_id, component_id, msg, home_position->latitude, home_position->longitude, home_position->altitude, home_position->x, home_position->y, home_position->z, [01;35m[Khome_position->q[m[K, home_position->approach_x, home_position->approach_y, home_position->approach_z, home_position->time_usec);
[93.748s]       |                                                                                                                                                                                                           [01;35m[K~~~~~~~~~~~~~~~^[m[K
[93.748s] [01m[K/home/lbarnett/ros2_ws/src/rcraicer/rcraicer/src/../include/rcraicer/../mavlink/common/./mavlink_msg_home_position.h:[m[K In function ‘[01m[Kuint16_t mavlink_msg_home_position_encode_chan(uint8_t, uint8_t, uint8_t, mavlink_message_t*, const mavlink_home_position_t*)[m[K’:
[93.748s] [01m[K/home/lbarnett/ros2_ws/src/rcraicer/rcraicer/src/../include/rcraicer/../mavlink/common/./mavlink_msg_home_position.h:205:229:[m[K [01;35m[Kwarning: [m[Ktaking address of packed member of ‘[01m[K__mavlink_home_position_t[m[K’ may result in an unaligned pointer value [[01;35m[K-Waddress-of-packed-member[m[K]
[93.748s]   205 |     return mavlink_msg_home_position_pack_chan(system_id, component_id, chan, msg, home_position->latitude, home_position->longitude, home_position->altitude, home_position->x, home_position->y, home_position->z, [01;35m[Khome_position->q[m[K, home_position->approach_x, home_position->approach_y, home_position->approach_z, home_position->time_usec);
[93.749s]       |                                                                                                                                                                                                                      [01;35m[K~~~~~~~~~~~~~~~^[m[K
[93.749s] In file included from [01m[K/home/lbarnett/ros2_ws/src/rcraicer/rcraicer/src/../include/rcraicer/../mavlink/common/common.h:2339[m[K,
[93.749s]                  from [01m[K/home/lbarnett/ros2_ws/src/rcraicer/rcraicer/src/../include/rcraicer/../mavlink/common/mavlink.h:32[m[K,
[93.749s]                  from [01m[K/home/lbarnett/ros2_ws/src/rcraicer/rcraicer/src/../include/rcraicer/mavlink_serial_port.h:9[m[K,
[93.749s]                  from [01m[K/home/lbarnett/ros2_ws/src/rcraicer/rcraicer/src/../include/rcraicer/imu_mavlink.h:14[m[K,
[93.749s]                  from [01m[K/home/lbarnett/ros2_ws/src/rcraicer/rcraicer/src/imu_mavlink.cpp:1[m[K:
[93.749s] [01m[K/home/lbarnett/ros2_ws/src/rcraicer/rcraicer/src/../include/rcraicer/../mavlink/common/./mavlink_msg_set_home_position.h:[m[K In function ‘[01m[Kuint16_t mavlink_msg_set_home_position_encode(uint8_t, uint8_t, mavlink_message_t*, const mavlink_set_home_position_t*)[m[K’:
[93.750s] [01m[K/home/lbarnett/ros2_ws/src/rcraicer/rcraicer/src/../include/rcraicer/../mavlink/common/./mavlink_msg_set_home_position.h:200:284:[m[K [01;35m[Kwarning: [m[Ktaking address of packed member of ‘[01m[K__mavlink_set_home_position_t[m[K’ may result in an unaligned pointer value [[01;35m[K-Waddress-of-packed-member[m[K]
[93.750s]   200 |     return mavlink_msg_set_home_position_pack(system_id, component_id, msg, set_home_position->target_system, set_home_position->latitude, set_home_position->longitude, set_home_position->altitude, set_home_position->x, set_home_position->y, set_home_position->z, [01;35m[Kset_home_position->q[m[K, set_home_position->approach_x, set_home_position->approach_y, set_home_position->approach_z, set_home_position->time_usec);
[93.750s]       |                                                                                                                                                                                                                                                                         [01;35m[K~~~~~~~~~~~~~~~~~~~^[m[K
[93.750s] [01m[K/home/lbarnett/ros2_ws/src/rcraicer/rcraicer/src/../include/rcraicer/../mavlink/common/./mavlink_msg_set_home_position.h:[m[K In function ‘[01m[Kuint16_t mavlink_msg_set_home_position_encode_chan(uint8_t, uint8_t, uint8_t, mavlink_message_t*, const mavlink_set_home_position_t*)[m[K’:
[93.750s] [01m[K/home/lbarnett/ros2_ws/src/rcraicer/rcraicer/src/../include/rcraicer/../mavlink/common/./mavlink_msg_set_home_position.h:214:295:[m[K [01;35m[Kwarning: [m[Ktaking address of packed member of ‘[01m[K__mavlink_set_home_position_t[m[K’ may result in an unaligned pointer value [[01;35m[K-Waddress-of-packed-member[m[K]
[93.750s]   214 |     return mavlink_msg_set_home_position_pack_chan(system_id, component_id, chan, msg, set_home_position->target_system, set_home_position->latitude, set_home_position->longitude, set_home_position->altitude, set_home_position->x, set_home_position->y, set_home_position->z, [01;35m[Kset_home_position->q[m[K, set_home_position->approach_x, set_home_position->approach_y, set_home_position->approach_z, set_home_position->time_usec);
[93.750s]       |                                                                                                                                                                                                                                                                                    [01;35m[K~~~~~~~~~~~~~~~~~~~^[m[K
[93.816s] In file included from [01m[K/home/lbarnett/ros2_ws/src/rcraicer/rcraicer/src/../include/rcraicer/../mavlink/common/common.h:2389[m[K,
[93.816s]                  from [01m[K/home/lbarnett/ros2_ws/src/rcraicer/rcraicer/src/../include/rcraicer/../mavlink/common/mavlink.h:32[m[K,
[93.816s]                  from [01m[K/home/lbarnett/ros2_ws/src/rcraicer/rcraicer/src/../include/rcraicer/mavlink_serial_port.h:9[m[K,
[93.816s]                  from [01m[K/home/lbarnett/ros2_ws/src/rcraicer/rcraicer/src/../include/rcraicer/imu_mavlink.h:14[m[K,
[93.816s]                  from [01m[K/home/lbarnett/ros2_ws/src/rcraicer/rcraicer/src/imu_mavlink.cpp:1[m[K:
[93.817s] [01m[K/home/lbarnett/ros2_ws/src/rcraicer/rcraicer/src/../include/rcraicer/../mavlink/common/./mavlink_msg_obstacle_distance.h:[m[K In function ‘[01m[Kuint16_t mavlink_msg_obstacle_distance_encode(uint8_t, uint8_t, mavlink_message_t*, const mavlink_obstacle_distance_t*)[m[K’:
[93.817s] [01m[K/home/lbarnett/ros2_ws/src/rcraicer/rcraicer/src/../include/rcraicer/../mavlink/common/./mavlink_msg_obstacle_distance.h:173:158:[m[K [01;35m[Kwarning: [m[Ktaking address of packed member of ‘[01m[K__mavlink_obstacle_distance_t[m[K’ may result in an unaligned pointer value [[01;35m[K-Waddress-of-packed-member[m[K]
[93.817s]   173 |     return mavlink_msg_obstacle_distance_pack(system_id, component_id, msg, obstacle_distance->time_usec, obstacle_distance->sensor_type, [01;35m[Kobstacle_distance->distances[m[K, obstacle_distance->increment, obstacle_distance->min_distance, obstacle_distance->max_distance, obstacle_distance->increment_f, obstacle_distance->angle_offset, obstacle_distance->frame);
[93.817s]       |                                                                                                                                           [01;35m[K~~~~~~~~~~~~~~~~~~~^~~~~~~~~[m[K
[93.817s] [01m[K/home/lbarnett/ros2_ws/src/rcraicer/rcraicer/src/../include/rcraicer/../mavlink/common/./mavlink_msg_obstacle_distance.h:[m[K In function ‘[01m[Kuint16_t mavlink_msg_obstacle_distance_encode_chan(uint8_t, uint8_t, uint8_t, mavlink_message_t*, const mavlink_obstacle_distance_t*)[m[K’:
[93.817s] [01m[K/home/lbarnett/ros2_ws/src/rcraicer/rcraicer/src/../include/rcraicer/../mavlink/common/./mavlink_msg_obstacle_distance.h:187:169:[m[K [01;35m[Kwarning: [m[Ktaking address of packed member of ‘[01m[K__mavlink_obstacle_distance_t[m[K’ may result in an unaligned pointer value [[01;35m[K-Waddress-of-packed-member[m[K]
[93.818s]   187 |     return mavlink_msg_obstacle_distance_pack_chan(system_id, component_id, chan, msg, obstacle_distance->time_usec, obstacle_distance->sensor_type, [01;35m[Kobstacle_distance->distances[m[K, obstacle_distance->increment, obstacle_distance->min_distance, obstacle_distance->max_distance, obstacle_distance->increment_f, obstacle_distance->angle_offset, obstacle_distance->frame);
[93.818s]       |                                                                                                                                                      [01;35m[K~~~~~~~~~~~~~~~~~~~^~~~~~~~~[m[K
[94.092s] [01m[K/home/lbarnett/ros2_ws/src/rcraicer/rcraicer/src/imu_mavlink.cpp:[m[K In member function ‘[01m[Kvoid IMUMavlink::publishImuData(uint32_t, Eigen::Quaterniond&, Eigen::Vector3d&)[m[K’:
[94.092s] [01m[K/home/lbarnett/ros2_ws/src/rcraicer/rcraicer/src/imu_mavlink.cpp:118:42:[m[K [01;35m[Kwarning: [m[Kunused parameter ‘[01m[Ktime_boot_ms[m[K’ [[01;35m[K-Wunused-parameter[m[K]
[94.092s]   118 | void IMUMavlink::publishImuData([01;35m[Kuint32_t time_boot_ms[m[K, Eigen::Quaterniond &orientation_enu, Eigen::Vector3d &gyro_flu)
[94.092s]       |                                 [01;35m[K~~~~~~~~~^~~~~~~~~~~~[m[K
[94.106s] [01m[K/home/lbarnett/ros2_ws/src/rcraicer/rcraicer/src/imu_mavlink.cpp:[m[K In member function ‘[01m[Kvoid IMUMavlink::publishMagData(uint32_t, Eigen::Vector3d&)[m[K’:
[94.106s] [01m[K/home/lbarnett/ros2_ws/src/rcraicer/rcraicer/src/imu_mavlink.cpp:153:42:[m[K [01;35m[Kwarning: [m[Kunused parameter ‘[01m[Ktime_boot_ms[m[K’ [[01;35m[K-Wunused-parameter[m[K]
[94.106s]   153 | void IMUMavlink::publishMagData([01;35m[Kuint32_t time_boot_ms[m[K, Eigen::Vector3d &mag_field)
[94.107s]       |                                 [01;35m[K~~~~~~~~~^~~~~~~~~~~~[m[K
[94.107s] [01m[K/home/lbarnett/ros2_ws/src/rcraicer/rcraicer/src/imu_mavlink.cpp:[m[K In member function ‘[01m[Kvoid IMUMavlink::publishImuDataRaw(uint32_t, Eigen::Vector3d&, Eigen::Vector3d&, Eigen::Vector3d&)[m[K’:
[94.107s] [01m[K/home/lbarnett/ros2_ws/src/rcraicer/rcraicer/src/imu_mavlink.cpp:171:45:[m[K [01;35m[Kwarning: [m[Kunused parameter ‘[01m[Ktime_usec[m[K’ [[01;35m[K-Wunused-parameter[m[K]
[94.107s]   171 | void IMUMavlink::publishImuDataRaw([01;35m[Kuint32_t time_usec[m[K, Eigen::Vector3d &gyro_flu,
[94.108s]       |                                    [01;35m[K~~~~~~~~~^~~~~~~~~[m[K
[110.660s] [ 40%] [32mBuilding CXX object CMakeFiles/imu_mavlink.dir/src/mavlink_serial_port.cpp.o[0m
[112.053s] In file included from [01m[K/home/lbarnett/ros2_ws/src/rcraicer/rcraicer/src/../include/rcraicer/../mavlink/common/common.h:2311[m[K,
[112.053s]                  from [01m[K/home/lbarnett/ros2_ws/src/rcraicer/rcraicer/src/../include/rcraicer/../mavlink/common/mavlink.h:32[m[K,
[112.053s]                  from [01m[K/home/lbarnett/ros2_ws/src/rcraicer/rcraicer/src/../include/rcraicer/mavlink_serial_port.h:9[m[K,
[112.053s]                  from [01m[K/home/lbarnett/ros2_ws/src/rcraicer/rcraicer/src/mavlink_serial_port.cpp:1[m[K:
[112.053s] [01m[K/home/lbarnett/ros2_ws/src/rcraicer/rcraicer/src/../include/rcraicer/../mavlink/common/./mavlink_msg_distance_sensor.h:[m[K In function ‘[01m[Kuint16_t mavlink_msg_distance_sensor_encode(uint8_t, uint8_t, mavlink_message_t*, const mavlink_distance_sensor_t*)[m[K’:
[112.053s] [01m[K/home/lbarnett/ros2_ws/src/rcraicer/rcraicer/src/../include/rcraicer/../mavlink/common/./mavlink_msg_distance_sensor.h:200:387:[m[K [01;35m[Kwarning: [m[Ktaking address of packed member of ‘[01m[K__mavlink_distance_sensor_t[m[K’ may result in an unaligned pointer value [[01;35m[K-Waddress-of-packed-member[m[K]
[112.053s]   200 | mponent_id, msg, distance_sensor->time_boot_ms, distance_sensor->min_distance, distance_sensor->max_distance, distance_sensor->current_distance, distance_sensor->type, distance_sensor->id, distance_sensor->orientation, distance_sensor->covariance, distance_sensor->horizontal_fov, distance_sensor->vertical_fov, [01;35m[Kdistance_sensor->quaternion[m[K, distance_sensor->signal_quality);
[112.054s]       |                                                                                                                                                                                                                                                                                                                         [01;35m[K~~~~~~~~~~~~~~~~~^~~~~~~~~~[m[K
[112.054s] 
[112.054s] [01m[K/home/lbarnett/ros2_ws/src/rcraicer/rcraicer/src/../include/rcraicer/../mavlink/common/./mavlink_msg_distance_sensor.h:[m[K In function ‘[01m[Kuint16_t mavlink_msg_distance_sensor_encode_chan(uint8_t, uint8_t, uint8_t, mavlink_message_t*, const mavlink_distance_sensor_t*)[m[K’:
[112.054s] [01m[K/home/lbarnett/ros2_ws/src/rcraicer/rcraicer/src/../include/rcraicer/../mavlink/common/./mavlink_msg_distance_sensor.h:214:398:[m[K [01;35m[Kwarning: [m[Ktaking address of packed member of ‘[01m[K__mavlink_distance_sensor_t[m[K’ may result in an unaligned pointer value [[01;35m[K-Waddress-of-packed-member[m[K]
[112.054s]   214 | t_id, chan, msg, distance_sensor->time_boot_ms, distance_sensor->min_distance, distance_sensor->max_distance, distance_sensor->current_distance, distance_sensor->type, distance_sensor->id, distance_sensor->orientation, distance_sensor->covariance, distance_sensor->horizontal_fov, distance_sensor->vertical_fov, [01;35m[Kdistance_sensor->quaternion[m[K, distance_sensor->signal_quality);
[112.054s]       |                                                                                                                                                                                                                                                                                                                         [01;35m[K~~~~~~~~~~~~~~~~~^~~~~~~~~~[m[K
[112.055s] 
[112.082s] In file included from [01m[K/home/lbarnett/ros2_ws/src/rcraicer/rcraicer/src/../include/rcraicer/../mavlink/common/common.h:2325[m[K,
[112.083s]                  from [01m[K/home/lbarnett/ros2_ws/src/rcraicer/rcraicer/src/../include/rcraicer/../mavlink/common/mavlink.h:32[m[K,
[112.083s]                  from [01m[K/home/lbarnett/ros2_ws/src/rcraicer/rcraicer/src/../include/rcraicer/mavlink_serial_port.h:9[m[K,
[112.083s]                  from [01m[K/home/lbarnett/ros2_ws/src/rcraicer/rcraicer/src/mavlink_serial_port.cpp:1[m[K:
[112.083s] [01m[K/home/lbarnett/ros2_ws/src/rcraicer/rcraicer/src/../include/rcraicer/../mavlink/common/./mavlink_msg_battery_status.h:[m[K In function ‘[01m[Kuint16_t mavlink_msg_battery_status_encode(uint8_t, uint8_t, mavlink_message_t*, const mavlink_battery_status_t*)[m[K’:
[112.083s] [01m[K/home/lbarnett/ros2_ws/src/rcraicer/rcraicer/src/../include/rcraicer/../mavlink/common/./mavlink_msg_battery_status.h:219:195:[m[K [01;35m[Kwarning: [m[Ktaking address of packed member of ‘[01m[K__mavlink_battery_status_t[m[K’ may result in an unaligned pointer value [[01;35m[K-Waddress-of-packed-member[m[K]
[112.083s]   219 |     return mavlink_msg_battery_status_pack(system_id, component_id, msg, battery_status->id, battery_status->battery_function, battery_status->type, battery_status->temperature, [01;35m[Kbattery_status->voltages[m[K, battery_status->current_battery, battery_status->current_consumed, battery_status->energy_consumed, battery_status->battery_remaining, battery_status->time_remaining, battery_status->charge_state, battery_status->voltages_ext, battery_status->mode, battery_status->fault_bitmask);
[112.083s]       |                                                                                                                                                                                   [01;35m[K~~~~~~~~~~~~~~~~^~~~~~~~[m[K
[112.084s] [01m[K/home/lbarnett/ros2_ws/src/rcraicer/rcraicer/src/../include/rcraicer/../mavlink/common/./mavlink_msg_battery_status.h:219:418:[m[K [01;35m[Kwarning: [m[Ktaking address of packed member of ‘[01m[K__mavlink_battery_status_t[m[K’ may result in an unaligned pointer value [[01;35m[K-Waddress-of-packed-member[m[K]
[112.084s]   219 | >id, battery_status->battery_function, battery_status->type, battery_status->temperature, battery_status->voltages, battery_status->current_battery, battery_status->current_consumed, battery_status->energy_consumed, battery_status->battery_remaining, battery_status->time_remaining, battery_status->charge_state, [01;35m[Kbattery_status->voltages_ext[m[K, battery_status->mode, battery_status->fault_bitmask);
[112.084s]       |                                                                                                                                                                                                                                                                                                                          [01;35m[K~~~~~~~~~~~~~~~~^~~~~~~~~~~~[m[K
[112.084s] 
[112.084s] [01m[K/home/lbarnett/ros2_ws/src/rcraicer/rcraicer/src/../include/rcraicer/../mavlink/common/./mavlink_msg_battery_status.h:[m[K In function ‘[01m[Kuint16_t mavlink_msg_battery_status_encode_chan(uint8_t, uint8_t, uint8_t, mavlink_message_t*, const mavlink_battery_status_t*)[m[K’:
[112.084s] [01m[K/home/lbarnett/ros2_ws/src/rcraicer/rcraicer/src/../include/rcraicer/../mavlink/common/./mavlink_msg_battery_status.h:233:206:[m[K [01;35m[Kwarning: [m[Ktaking address of packed member of ‘[01m[K__mavlink_battery_status_t[m[K’ may result in an unaligned pointer value [[01;35m[K-Waddress-of-packed-member[m[K]
[112.085s]   233 |     return mavlink_msg_battery_status_pack_chan(system_id, component_id, chan, msg, battery_status->id, battery_status->battery_function, battery_status->type, battery_status->temperature, [01;35m[Kbattery_status->voltages[m[K, battery_status->current_battery, battery_status->current_consumed, battery_status->energy_consumed, battery_status->battery_remaining, battery_status->time_remaining, battery_status->charge_state, battery_status->voltages_ext, battery_status->mode, battery_status->fault_bitmask);
[112.085s]       |                                                                                                                                                                                              [01;35m[K~~~~~~~~~~~~~~~~^~~~~~~~[m[K
[112.085s] [01m[K/home/lbarnett/ros2_ws/src/rcraicer/rcraicer/src/../include/rcraicer/../mavlink/common/./mavlink_msg_battery_status.h:233:429:[m[K [01;35m[Kwarning: [m[Ktaking address of packed member of ‘[01m[K__mavlink_battery_status_t[m[K’ may result in an unaligned pointer value [[01;35m[K-Waddress-of-packed-member[m[K]
[112.085s]   233 | >id, battery_status->battery_function, battery_status->type, battery_status->temperature, battery_status->voltages, battery_status->current_battery, battery_status->current_consumed, battery_status->energy_consumed, battery_status->battery_remaining, battery_status->time_remaining, battery_status->charge_state, [01;35m[Kbattery_status->voltages_ext[m[K, battery_status->mode, battery_status->fault_bitmask);
[112.085s]       |                                                                                                                                                                                                                                                                                                                          [01;35m[K~~~~~~~~~~~~~~~~^~~~~~~~~~~~[m[K
[112.085s] 
[112.088s] In file included from [01m[K/home/lbarnett/ros2_ws/src/rcraicer/rcraicer/src/../include/rcraicer/../mavlink/common/common.h:2327[m[K,
[112.088s]                  from [01m[K/home/lbarnett/ros2_ws/src/rcraicer/rcraicer/src/../include/rcraicer/../mavlink/common/mavlink.h:32[m[K,
[112.088s]                  from [01m[K/home/lbarnett/ros2_ws/src/rcraicer/rcraicer/src/../include/rcraicer/mavlink_serial_port.h:9[m[K,
[112.089s]                  from [01m[K/home/lbarnett/ros2_ws/src/rcraicer/rcraicer/src/mavlink_serial_port.cpp:1[m[K:
[112.089s] [01m[K/home/lbarnett/ros2_ws/src/rcraicer/rcraicer/src/../include/rcraicer/../mavlink/common/./mavlink_msg_landing_target.h:[m[K In function ‘[01m[Kuint16_t mavlink_msg_landing_target_encode(uint8_t, uint8_t, mavlink_message_t*, const mavlink_landing_target_t*)[m[K’:
[112.089s] [01m[K/home/lbarnett/ros2_ws/src/rcraicer/rcraicer/src/../include/rcraicer/../mavlink/common/./mavlink_msg_landing_target.h:218:349:[m[K [01;35m[Kwarning: [m[Ktaking address of packed member of ‘[01m[K__mavlink_landing_target_t[m[K’ may result in an unaligned pointer value [[01;35m[K-Waddress-of-packed-member[m[K]
[112.089s]   218 | msg_landing_target_pack(system_id, component_id, msg, landing_target->time_usec, landing_target->target_num, landing_target->frame, landing_target->angle_x, landing_target->angle_y, landing_target->distance, landing_target->size_x, landing_target->size_y, landing_target->x, landing_target->y, landing_target->z, [01;35m[Klanding_target->q[m[K, landing_target->type, landing_target->position_valid);
[112.089s]       |                                                                                                                                                                                                                                                                                                                          [01;35m[K~~~~~~~~~~~~~~~~^[m[K
[112.089s] 
[112.089s] [01m[K/home/lbarnett/ros2_ws/src/rcraicer/rcraicer/src/../include/rcraicer/../mavlink/common/./mavlink_msg_landing_target.h:[m[K In function ‘[01m[Kuint16_t mavlink_msg_landing_target_encode_chan(uint8_t, uint8_t, uint8_t, mavlink_message_t*, const mavlink_landing_target_t*)[m[K’:
[112.090s] [01m[K/home/lbarnett/ros2_ws/src/rcraicer/rcraicer/src/../include/rcraicer/../mavlink/common/./mavlink_msg_landing_target.h:232:360:[m[K [01;35m[Kwarning: [m[Ktaking address of packed member of ‘[01m[K__mavlink_landing_target_t[m[K’ may result in an unaligned pointer value [[01;35m[K-Waddress-of-packed-member[m[K]
[112.090s]   232 | _target_pack_chan(system_id, component_id, chan, msg, landing_target->time_usec, landing_target->target_num, landing_target->frame, landing_target->angle_x, landing_target->angle_y, landing_target->distance, landing_target->size_x, landing_target->size_y, landing_target->x, landing_target->y, landing_target->z, [01;35m[Klanding_target->q[m[K, landing_target->type, landing_target->position_valid);
[112.090s]       |                                                                                                                                                                                                                                                                                                                          [01;35m[K~~~~~~~~~~~~~~~~^[m[K
[112.090s] 
[112.119s] In file included from [01m[K/home/lbarnett/ros2_ws/src/rcraicer/rcraicer/src/../include/rcraicer/../mavlink/common/common.h:2338[m[K,
[112.119s]                  from [01m[K/home/lbarnett/ros2_ws/src/rcraicer/rcraicer/src/../include/rcraicer/../mavlink/common/mavlink.h:32[m[K,
[112.120s]                  from [01m[K/home/lbarnett/ros2_ws/src/rcraicer/rcraicer/src/../include/rcraicer/mavlink_serial_port.h:9[m[K,
[112.120s]                  from [01m[K/home/lbarnett/ros2_ws/src/rcraicer/rcraicer/src/mavlink_serial_port.cpp:1[m[K:
[112.120s] [01m[K/home/lbarnett/ros2_ws/src/rcraicer/rcraicer/src/../include/rcraicer/../mavlink/common/./mavlink_msg_home_position.h:[m[K In function ‘[01m[Kuint16_t mavlink_msg_home_position_encode(uint8_t, uint8_t, mavlink_message_t*, const mavlink_home_position_t*)[m[K’:
[112.120s] [01m[K/home/lbarnett/ros2_ws/src/rcraicer/rcraicer/src/../include/rcraicer/../mavlink/common/./mavlink_msg_home_position.h:191:218:[m[K [01;35m[Kwarning: [m[Ktaking address of packed member of ‘[01m[K__mavlink_home_position_t[m[K’ may result in an unaligned pointer value [[01;35m[K-Waddress-of-packed-member[m[K]
[112.120s]   191 |     return mavlink_msg_home_position_pack(system_id, component_id, msg, home_position->latitude, home_position->longitude, home_position->altitude, home_position->x, home_position->y, home_position->z, [01;35m[Khome_position->q[m[K, home_position->approach_x, home_position->approach_y, home_position->approach_z, home_position->time_usec);
[112.120s]       |                                                                                                                                                                                                           [01;35m[K~~~~~~~~~~~~~~~^[m[K
[112.120s] [01m[K/home/lbarnett/ros2_ws/src/rcraicer/rcraicer/src/../include/rcraicer/../mavlink/common/./mavlink_msg_home_position.h:[m[K In function ‘[01m[Kuint16_t mavlink_msg_home_position_encode_chan(uint8_t, uint8_t, uint8_t, mavlink_message_t*, const mavlink_home_position_t*)[m[K’:
[112.120s] [01m[K/home/lbarnett/ros2_ws/src/rcraicer/rcraicer/src/../include/rcraicer/../mavlink/common/./mavlink_msg_home_position.h:205:229:[m[K [01;35m[Kwarning: [m[Ktaking address of packed member of ‘[01m[K__mavlink_home_position_t[m[K’ may result in an unaligned pointer value [[01;35m[K-Waddress-of-packed-member[m[K]
[112.121s]   205 |     return mavlink_msg_home_position_pack_chan(system_id, component_id, chan, msg, home_position->latitude, home_position->longitude, home_position->altitude, home_position->x, home_position->y, home_position->z, [01;35m[Khome_position->q[m[K, home_position->approach_x, home_position->approach_y, home_position->approach_z, home_position->time_usec);
[112.121s]       |                                                                                                                                                                                                                      [01;35m[K~~~~~~~~~~~~~~~^[m[K
[112.123s] In file included from [01m[K/home/lbarnett/ros2_ws/src/rcraicer/rcraicer/src/../include/rcraicer/../mavlink/common/common.h:2339[m[K,
[112.123s]                  from [01m[K/home/lbarnett/ros2_ws/src/rcraicer/rcraicer/src/../include/rcraicer/../mavlink/common/mavlink.h:32[m[K,
[112.123s]                  from [01m[K/home/lbarnett/ros2_ws/src/rcraicer/rcraicer/src/../include/rcraicer/mavlink_serial_port.h:9[m[K,
[112.123s]                  from [01m[K/home/lbarnett/ros2_ws/src/rcraicer/rcraicer/src/mavlink_serial_port.cpp:1[m[K:
[112.123s] [01m[K/home/lbarnett/ros2_ws/src/rcraicer/rcraicer/src/../include/rcraicer/../mavlink/common/./mavlink_msg_set_home_position.h:[m[K In function ‘[01m[Kuint16_t mavlink_msg_set_home_position_encode(uint8_t, uint8_t, mavlink_message_t*, const mavlink_set_home_position_t*)[m[K’:
[112.123s] [01m[K/home/lbarnett/ros2_ws/src/rcraicer/rcraicer/src/../include/rcraicer/../mavlink/common/./mavlink_msg_set_home_position.h:200:284:[m[K [01;35m[Kwarning: [m[Ktaking address of packed member of ‘[01m[K__mavlink_set_home_position_t[m[K’ may result in an unaligned pointer value [[01;35m[K-Waddress-of-packed-member[m[K]
[112.124s]   200 |     return mavlink_msg_set_home_position_pack(system_id, component_id, msg, set_home_position->target_system, set_home_position->latitude, set_home_position->longitude, set_home_position->altitude, set_home_position->x, set_home_position->y, set_home_position->z, [01;35m[Kset_home_position->q[m[K, set_home_position->approach_x, set_home_position->approach_y, set_home_position->approach_z, set_home_position->time_usec);
[112.124s]       |                                                                                                                                                                                                                                                                         [01;35m[K~~~~~~~~~~~~~~~~~~~^[m[K
[112.124s] [01m[K/home/lbarnett/ros2_ws/src/rcraicer/rcraicer/src/../include/rcraicer/../mavlink/common/./mavlink_msg_set_home_position.h:[m[K In function ‘[01m[Kuint16_t mavlink_msg_set_home_position_encode_chan(uint8_t, uint8_t, uint8_t, mavlink_message_t*, const mavlink_set_home_position_t*)[m[K’:
[112.124s] [01m[K/home/lbarnett/ros2_ws/src/rcraicer/rcraicer/src/../include/rcraicer/../mavlink/common/./mavlink_msg_set_home_position.h:214:295:[m[K [01;35m[Kwarning: [m[Ktaking address of packed member of ‘[01m[K__mavlink_set_home_position_t[m[K’ may result in an unaligned pointer value [[01;35m[K-Waddress-of-packed-member[m[K]
[112.124s]   214 |     return mavlink_msg_set_home_position_pack_chan(system_id, component_id, chan, msg, set_home_position->target_system, set_home_position->latitude, set_home_position->longitude, set_home_position->altitude, set_home_position->x, set_home_position->y, set_home_position->z, [01;35m[Kset_home_position->q[m[K, set_home_position->approach_x, set_home_position->approach_y, set_home_position->approach_z, set_home_position->time_usec);
[112.124s]       |                                                                                                                                                                                                                                                                                    [01;35m[K~~~~~~~~~~~~~~~~~~~^[m[K
[112.225s] In file included from [01m[K/home/lbarnett/ros2_ws/src/rcraicer/rcraicer/src/../include/rcraicer/../mavlink/common/common.h:2389[m[K,
[112.225s]                  from [01m[K/home/lbarnett/ros2_ws/src/rcraicer/rcraicer/src/../include/rcraicer/../mavlink/common/mavlink.h:32[m[K,
[112.225s]                  from [01m[K/home/lbarnett/ros2_ws/src/rcraicer/rcraicer/src/../include/rcraicer/mavlink_serial_port.h:9[m[K,
[112.225s]                  from [01m[K/home/lbarnett/ros2_ws/src/rcraicer/rcraicer/src/mavlink_serial_port.cpp:1[m[K:
[112.226s] [01m[K/home/lbarnett/ros2_ws/src/rcraicer/rcraicer/src/../include/rcraicer/../mavlink/common/./mavlink_msg_obstacle_distance.h:[m[K In function ‘[01m[Kuint16_t mavlink_msg_obstacle_distance_encode(uint8_t, uint8_t, mavlink_message_t*, const mavlink_obstacle_distance_t*)[m[K’:
[112.226s] [01m[K/home/lbarnett/ros2_ws/src/rcraicer/rcraicer/src/../include/rcraicer/../mavlink/common/./mavlink_msg_obstacle_distance.h:173:158:[m[K [01;35m[Kwarning: [m[Ktaking address of packed member of ‘[01m[K__mavlink_obstacle_distance_t[m[K’ may result in an unaligned pointer value [[01;35m[K-Waddress-of-packed-member[m[K]
[112.226s]   173 |     return mavlink_msg_obstacle_distance_pack(system_id, component_id, msg, obstacle_distance->time_usec, obstacle_distance->sensor_type, [01;35m[Kobstacle_distance->distances[m[K, obstacle_distance->increment, obstacle_distance->min_distance, obstacle_distance->max_distance, obstacle_distance->increment_f, obstacle_distance->angle_offset, obstacle_distance->frame);
[112.226s]       |                                                                                                                                           [01;35m[K~~~~~~~~~~~~~~~~~~~^~~~~~~~~[m[K
[112.226s] [01m[K/home/lbarnett/ros2_ws/src/rcraicer/rcraicer/src/../include/rcraicer/../mavlink/common/./mavlink_msg_obstacle_distance.h:[m[K In function ‘[01m[Kuint16_t mavlink_msg_obstacle_distance_encode_chan(uint8_t, uint8_t, uint8_t, mavlink_message_t*, const mavlink_obstacle_distance_t*)[m[K’:
[112.226s] [01m[K/home/lbarnett/ros2_ws/src/rcraicer/rcraicer/src/../include/rcraicer/../mavlink/common/./mavlink_msg_obstacle_distance.h:187:169:[m[K [01;35m[Kwarning: [m[Ktaking address of packed member of ‘[01m[K__mavlink_obstacle_distance_t[m[K’ may result in an unaligned pointer value [[01;35m[K-Waddress-of-packed-member[m[K]
[112.227s]   187 |     return mavlink_msg_obstacle_distance_pack_chan(system_id, component_id, chan, msg, obstacle_distance->time_usec, obstacle_distance->sensor_type, [01;35m[Kobstacle_distance->distances[m[K, obstacle_distance->increment, obstacle_distance->min_distance, obstacle_distance->max_distance, obstacle_distance->increment_f, obstacle_distance->angle_offset, obstacle_distance->frame);
[112.227s]       |                                                                                                                                                      [01;35m[K~~~~~~~~~~~~~~~~~~~^~~~~~~~~[m[K
[113.662s] [ 50%] [32m[1mLinking CXX executable imu_mavlink[0m
[114.162s] [ 50%] Built target imu_mavlink
[114.189s] [35m[1mScanning dependencies of target arduino_controller[0m
[114.252s] [ 60%] [32mBuilding CXX object CMakeFiles/arduino_controller.dir/src/arduino_controller.cpp.o[0m
[144.163s] [ 70%] [32mBuilding CXX object CMakeFiles/arduino_controller.dir/src/serial_port.cpp.o[0m
[145.425s] [ 80%] [32m[1mLinking CXX executable arduino_controller[0m
[145.748s] [ 80%] Built target arduino_controller
[145.761s] [35m[1mScanning dependencies of target wheel_odometry[0m
[145.809s] [ 90%] [32mBuilding CXX object CMakeFiles/wheel_odometry.dir/src/wheel_odometry.cpp.o[0m
[165.669s] [100%] [32m[1mLinking CXX executable wheel_odometry[0m
[166.064s] [100%] Built target wheel_odometry
[166.077s] Invoked command in '/home/lbarnett/ros2_ws/src/rcraicer/build/rcraicer' returned '0': AMENT_PREFIX_PATH=/home/lbarnett/ros2_ws/src/rcraicer/install/rcraicer_msgs:${AMENT_PREFIX_PATH} CMAKE_PREFIX_PATH=/home/lbarnett/ros2_ws/src/rcraicer/install/rcraicer_msgs:/home/lbarnett/ros2_ws/install/rviz_satellite:/home/lbarnett/ros2_ws/install/robot_localization:/home/lbarnett/ros2_ws/install/rcraicer_sim:/home/lbarnett/ros2_ws/install/rcraicer_mapping:/home/lbarnett/ros2_ws/install/rcraicer_gps:/home/lbarnett/ros2_ws/install/rcraicer_description:/home/lbarnett/ros2_ws/install/rcraicer:/home/lbarnett/ros2_ws/install/rcraicer_msgs:/home/lbarnett/ros2_ws/install/rcraicer_mppi_test:/home/lbarnett/ros2_ws/install/rcraicer_mppi:/home/lbarnett/ros2_ws/install/rcraicer_imu:/home/lbarnett/ros2_ws/install/mavros:/home/lbarnett/ros2_ws/install/mavros_msgs:/home/lbarnett/ros2_ws/install/libmavconn:/home/lbarnett/ros2_ws/install/kalman_filter_localization:/home/lbarnett/ros2_ws/install/rcraicer_utils:/home/lbarnett/ros2_ws/install/rcraicer_ui:/opt/ros/foxy LD_LIBRARY_PATH=/home/lbarnett/ros2_ws/src/rcraicer/install/rcraicer_msgs/lib:${LD_LIBRARY_PATH} PYTHONPATH=/home/lbarnett/ros2_ws/src/rcraicer/install/rcraicer_msgs/lib/python3.8/site-packages:${PYTHONPATH} /usr/bin/cmake --build /home/lbarnett/ros2_ws/src/rcraicer/build/rcraicer -- -j8 -l8
[166.129s] Invoking command in '/home/lbarnett/ros2_ws/src/rcraicer/build/rcraicer': AMENT_PREFIX_PATH=/home/lbarnett/ros2_ws/src/rcraicer/install/rcraicer_msgs:${AMENT_PREFIX_PATH} CMAKE_PREFIX_PATH=/home/lbarnett/ros2_ws/src/rcraicer/install/rcraicer_msgs:/home/lbarnett/ros2_ws/install/rviz_satellite:/home/lbarnett/ros2_ws/install/robot_localization:/home/lbarnett/ros2_ws/install/rcraicer_sim:/home/lbarnett/ros2_ws/install/rcraicer_mapping:/home/lbarnett/ros2_ws/install/rcraicer_gps:/home/lbarnett/ros2_ws/install/rcraicer_description:/home/lbarnett/ros2_ws/install/rcraicer:/home/lbarnett/ros2_ws/install/rcraicer_msgs:/home/lbarnett/ros2_ws/install/rcraicer_mppi_test:/home/lbarnett/ros2_ws/install/rcraicer_mppi:/home/lbarnett/ros2_ws/install/rcraicer_imu:/home/lbarnett/ros2_ws/install/mavros:/home/lbarnett/ros2_ws/install/mavros_msgs:/home/lbarnett/ros2_ws/install/libmavconn:/home/lbarnett/ros2_ws/install/kalman_filter_localization:/home/lbarnett/ros2_ws/install/rcraicer_utils:/home/lbarnett/ros2_ws/install/rcraicer_ui:/opt/ros/foxy LD_LIBRARY_PATH=/home/lbarnett/ros2_ws/src/rcraicer/install/rcraicer_msgs/lib:${LD_LIBRARY_PATH} PYTHONPATH=/home/lbarnett/ros2_ws/src/rcraicer/install/rcraicer_msgs/lib/python3.8/site-packages:${PYTHONPATH} /usr/bin/cmake --install /home/lbarnett/ros2_ws/src/rcraicer/build/rcraicer
[166.141s] -- Install configuration: "RelWithDebInfo"
[166.141s] -- Installing: /home/lbarnett/ros2_ws/src/rcraicer/install/rcraicer/lib/rcraicer/imu_mavlink
[166.154s] -- Set runtime path of "/home/lbarnett/ros2_ws/src/rcraicer/install/rcraicer/lib/rcraicer/imu_mavlink" to ""
[166.154s] -- Installing: /home/lbarnett/ros2_ws/src/rcraicer/install/rcraicer/lib/rcraicer/arduino_controller
[166.173s] -- Set runtime path of "/home/lbarnett/ros2_ws/src/rcraicer/install/rcraicer/lib/rcraicer/arduino_controller" to ""
[166.173s] -- Installing: /home/lbarnett/ros2_ws/src/rcraicer/install/rcraicer/lib/rcraicer/wheel_odometry
[166.188s] -- Set runtime path of "/home/lbarnett/ros2_ws/src/rcraicer/install/rcraicer/lib/rcraicer/wheel_odometry" to ""
[166.188s] -- Installing: /home/lbarnett/ros2_ws/src/rcraicer/install/rcraicer/lib/rcraicer/state_estimator
[166.240s] -- Set runtime path of "/home/lbarnett/ros2_ws/src/rcraicer/install/rcraicer/lib/rcraicer/state_estimator" to ""
[166.240s] -- Installing: /home/lbarnett/ros2_ws/src/rcraicer/install/rcraicer/share/rcraicer//launch
[166.240s] -- Installing: /home/lbarnett/ros2_ws/src/rcraicer/install/rcraicer/share/rcraicer//launch/odom.txt
[166.250s] -- Installing: /home/lbarnett/ros2_ws/src/rcraicer/install/rcraicer/share/rcraicer//launch/gps_launch.py
[166.251s] -- Installing: /home/lbarnett/ros2_ws/src/rcraicer/install/rcraicer/share/rcraicer//launch/odom_launch.py
[166.251s] -- Installing: /home/lbarnett/ros2_ws/src/rcraicer/install/rcraicer/share/rcraicer//launch/odom2.txt
[166.258s] -- Installing: /home/lbarnett/ros2_ws/src/rcraicer/install/rcraicer/share/rcraicer//launch/onboard_launch.py
[166.258s] -- Installing: /home/lbarnett/ros2_ws/src/rcraicer/install/rcraicer/share/rcraicer//launch/test_launch copy 2.py
[166.259s] -- Installing: /home/lbarnett/ros2_ws/src/rcraicer/install/rcraicer/share/rcraicer//launch/sim_launch.py
[166.259s] -- Installing: /home/lbarnett/ros2_ws/src/rcraicer/install/rcraicer/share/rcraicer//launch/__pycache__
[166.260s] -- Installing: /home/lbarnett/ros2_ws/src/rcraicer/install/rcraicer/share/rcraicer//launch/__pycache__/test_launch.cpython-38.pyc
[166.260s] -- Installing: /home/lbarnett/ros2_ws/src/rcraicer/install/rcraicer/share/rcraicer//launch/__pycache__/sim_launch_basic.cpython-38.pyc
[166.260s] -- Installing: /home/lbarnett/ros2_ws/src/rcraicer/install/rcraicer/share/rcraicer//launch/tf_launch.py
[166.260s] -- Installing: /home/lbarnett/ros2_ws/src/rcraicer/install/rcraicer/share/rcraicer//launch/mapviz_launch.py
[166.260s] -- Installing: /home/lbarnett/ros2_ws/src/rcraicer/install/rcraicer/share/rcraicer//launch/offboard_launch.py
[166.260s] -- Installing: /home/lbarnett/ros2_ws/src/rcraicer/install/rcraicer/share/rcraicer//launch/sim_launch_basic.py
[166.260s] -- Installing: /home/lbarnett/ros2_ws/src/rcraicer/install/rcraicer/share/rcraicer//launch/odom.ods
[166.262s] -- Installing: /home/lbarnett/ros2_ws/src/rcraicer/install/rcraicer/share/ament_index/resource_index/package_run_dependencies/rcraicer
[166.262s] -- Installing: /home/lbarnett/ros2_ws/src/rcraicer/install/rcraicer/share/ament_index/resource_index/parent_prefix_path/rcraicer
[166.262s] -- Installing: /home/lbarnett/ros2_ws/src/rcraicer/install/rcraicer/share/rcraicer/environment/ament_prefix_path.sh
[166.263s] -- Installing: /home/lbarnett/ros2_ws/src/rcraicer/install/rcraicer/share/rcraicer/environment/ament_prefix_path.dsv
[166.263s] -- Installing: /home/lbarnett/ros2_ws/src/rcraicer/install/rcraicer/share/rcraicer/environment/path.sh
[166.263s] -- Installing: /home/lbarnett/ros2_ws/src/rcraicer/install/rcraicer/share/rcraicer/environment/path.dsv
[166.263s] -- Installing: /home/lbarnett/ros2_ws/src/rcraicer/install/rcraicer/share/rcraicer/local_setup.bash
[166.263s] -- Installing: /home/lbarnett/ros2_ws/src/rcraicer/install/rcraicer/share/rcraicer/local_setup.sh
[166.263s] -- Installing: /home/lbarnett/ros2_ws/src/rcraicer/install/rcraicer/share/rcraicer/local_setup.zsh
[166.264s] -- Installing: /home/lbarnett/ros2_ws/src/rcraicer/install/rcraicer/share/rcraicer/local_setup.dsv
[166.264s] -- Installing: /home/lbarnett/ros2_ws/src/rcraicer/install/rcraicer/share/rcraicer/package.dsv
[166.264s] -- Installing: /home/lbarnett/ros2_ws/src/rcraicer/install/rcraicer/share/ament_index/resource_index/packages/rcraicer
[166.264s] -- Installing: /home/lbarnett/ros2_ws/src/rcraicer/install/rcraicer/share/rcraicer/cmake/rcraicerConfig.cmake
[166.264s] -- Installing: /home/lbarnett/ros2_ws/src/rcraicer/install/rcraicer/share/rcraicer/cmake/rcraicerConfig-version.cmake
[166.265s] -- Installing: /home/lbarnett/ros2_ws/src/rcraicer/install/rcraicer/share/rcraicer/package.xml
[166.272s] Invoked command in '/home/lbarnett/ros2_ws/src/rcraicer/build/rcraicer' returned '0': AMENT_PREFIX_PATH=/home/lbarnett/ros2_ws/src/rcraicer/install/rcraicer_msgs:${AMENT_PREFIX_PATH} CMAKE_PREFIX_PATH=/home/lbarnett/ros2_ws/src/rcraicer/install/rcraicer_msgs:/home/lbarnett/ros2_ws/install/rviz_satellite:/home/lbarnett/ros2_ws/install/robot_localization:/home/lbarnett/ros2_ws/install/rcraicer_sim:/home/lbarnett/ros2_ws/install/rcraicer_mapping:/home/lbarnett/ros2_ws/install/rcraicer_gps:/home/lbarnett/ros2_ws/install/rcraicer_description:/home/lbarnett/ros2_ws/install/rcraicer:/home/lbarnett/ros2_ws/install/rcraicer_msgs:/home/lbarnett/ros2_ws/install/rcraicer_mppi_test:/home/lbarnett/ros2_ws/install/rcraicer_mppi:/home/lbarnett/ros2_ws/install/rcraicer_imu:/home/lbarnett/ros2_ws/install/mavros:/home/lbarnett/ros2_ws/install/mavros_msgs:/home/lbarnett/ros2_ws/install/libmavconn:/home/lbarnett/ros2_ws/install/kalman_filter_localization:/home/lbarnett/ros2_ws/install/rcraicer_utils:/home/lbarnett/ros2_ws/install/rcraicer_ui:/opt/ros/foxy LD_LIBRARY_PATH=/home/lbarnett/ros2_ws/src/rcraicer/install/rcraicer_msgs/lib:${LD_LIBRARY_PATH} PYTHONPATH=/home/lbarnett/ros2_ws/src/rcraicer/install/rcraicer_msgs/lib/python3.8/site-packages:${PYTHONPATH} /usr/bin/cmake --install /home/lbarnett/ros2_ws/src/rcraicer/build/rcraicer
