-- Found ament_cmake: 0.9.9 (/opt/ros/foxy/share/ament_cmake/cmake)
-- Using PYTHON_EXECUTABLE: /usr/bin/python3
-- Found rclcpp: 2.4.0 (/opt/ros/foxy/share/rclcpp/cmake)
-- Using all available rosidl_typesupport_c: rosidl_typesupport_fastrtps_c;rosidl_typesupport_introspection_c
-- Found rosidl_adapter: 1.2.1 (/opt/ros/foxy/share/rosidl_adapter/cmake)
-- Using all available rosidl_typesupport_cpp: rosidl_typesupport_fastrtps_cpp;rosidl_typesupport_introspection_cpp
-- Found rmw_implementation_cmake: 1.0.3 (/opt/ros/foxy/share/rmw_implementation_cmake/cmake)
-- Using RMW implementation 'rmw_cyclonedds_cpp' as default
-- Found sensor_msgs: 2.0.4 (/opt/ros/foxy/share/sensor_msgs/cmake)
-- Found rcraicer_msgs: 0.0.0 (/home/lbarnett/ros2_ws/install/rcraicer_msgs/share/rcraicer_msgs/cmake)
-- Found nav_msgs: 2.0.4 (/opt/ros/foxy/share/nav_msgs/cmake)
-- Found eigen3_cmake_module: 0.1.1 (/opt/ros/foxy/share/eigen3_cmake_module/cmake)
-- Found ament_lint_auto: 0.9.6 (/opt/ros/foxy/share/ament_lint_auto/cmake)
-- Added test 'copyright' to check source files copyright and LICENSE
-- Added test 'cppcheck' to perform static code analysis on C / C++ code
-- Configured cppcheck include dirs: 
-- Configured cppcheck exclude dirs and/or files: 
-- Added test 'cpplint' to check C / C++ code against the Google style
-- Configured cpplint exclude dirs and/or files: 
-- Added test 'lint_cmake' to check CMake code style
-- Added test 'uncrustify' to check C / C++ code style
-- Configured uncrustify additional arguments: 
-- Added test 'xmllint' to check XML markup files
-- Configuring done
-- Generating done
-- Build files have been written to: /home/lbarnett/ros2_ws/src/rcraicer/build/rcraicer_mppi
[ 25%] Built target param_getter
[ 50%] Built target rcraicer_plant
[ 62%] [32m[1mLinking CXX executable test_nn[0m
[ 75%] [32m[1mLinking CXX executable path_integral_nn[0m
[ 87%] Built target test_nn
[100%] Built target path_integral_nn
-- Install configuration: "RelWithDebInfo"
-- Up-to-date: /home/lbarnett/ros2_ws/src/rcraicer/install/rcraicer_mppi/lib/rcraicer_mppi/librcraicer_plant.a
-- Up-to-date: /home/lbarnett/ros2_ws/src/rcraicer/install/rcraicer_mppi/lib/rcraicer_mppi/libparam_getter.a
-- Installing: /home/lbarnett/ros2_ws/src/rcraicer/install/rcraicer_mppi/lib/rcraicer_mppi/path_integral_nn
-- Set runtime path of "/home/lbarnett/ros2_ws/src/rcraicer/install/rcraicer_mppi/lib/rcraicer_mppi/path_integral_nn" to ""
-- Installing: /home/lbarnett/ros2_ws/src/rcraicer/install/rcraicer_mppi/lib/rcraicer_mppi/test_nn
-- Set runtime path of "/home/lbarnett/ros2_ws/src/rcraicer/install/rcraicer_mppi/lib/rcraicer_mppi/test_nn" to ""
-- Up-to-date: /home/lbarnett/ros2_ws/src/rcraicer/install/rcraicer_mppi/share/ament_index/resource_index/package_run_dependencies/rcraicer_mppi
-- Up-to-date: /home/lbarnett/ros2_ws/src/rcraicer/install/rcraicer_mppi/share/ament_index/resource_index/parent_prefix_path/rcraicer_mppi
-- Up-to-date: /home/lbarnett/ros2_ws/src/rcraicer/install/rcraicer_mppi/share/rcraicer_mppi/environment/ament_prefix_path.sh
-- Installing: /home/lbarnett/ros2_ws/src/rcraicer/install/rcraicer_mppi/share/rcraicer_mppi/environment/ament_prefix_path.dsv
-- Up-to-date: /home/lbarnett/ros2_ws/src/rcraicer/install/rcraicer_mppi/share/rcraicer_mppi/environment/path.sh
-- Installing: /home/lbarnett/ros2_ws/src/rcraicer/install/rcraicer_mppi/share/rcraicer_mppi/environment/path.dsv
-- Up-to-date: /home/lbarnett/ros2_ws/src/rcraicer/install/rcraicer_mppi/share/rcraicer_mppi/local_setup.bash
-- Up-to-date: /home/lbarnett/ros2_ws/src/rcraicer/install/rcraicer_mppi/share/rcraicer_mppi/local_setup.sh
-- Up-to-date: /home/lbarnett/ros2_ws/src/rcraicer/install/rcraicer_mppi/share/rcraicer_mppi/local_setup.zsh
-- Installing: /home/lbarnett/ros2_ws/src/rcraicer/install/rcraicer_mppi/share/rcraicer_mppi/local_setup.dsv
-- Installing: /home/lbarnett/ros2_ws/src/rcraicer/install/rcraicer_mppi/share/rcraicer_mppi/package.dsv
-- Up-to-date: /home/lbarnett/ros2_ws/src/rcraicer/install/rcraicer_mppi/share/ament_index/resource_index/packages/rcraicer_mppi
-- Up-to-date: /home/lbarnett/ros2_ws/src/rcraicer/install/rcraicer_mppi/share/rcraicer_mppi/cmake/rcraicer_mppiConfig.cmake
-- Up-to-date: /home/lbarnett/ros2_ws/src/rcraicer/install/rcraicer_mppi/share/rcraicer_mppi/cmake/rcraicer_mppiConfig-version.cmake
-- Up-to-date: /home/lbarnett/ros2_ws/src/rcraicer/install/rcraicer_mppi/share/rcraicer_mppi/package.xml
