[0.035s] Invoking command in '/home/lbarnett/ros2_ws/src/rcraicer/build/rcraicer_mppi': CMAKE_PREFIX_PATH=${CMAKE_PREFIX_PATH}:/home/lbarnett/ros2_ws/install/rcraicer_utils:/home/lbarnett/ros2_ws/install/rcraicer_ui:/opt/ros/foxy /usr/bin/cmake --build /home/lbarnett/ros2_ws/src/rcraicer/build/rcraicer_mppi -- -j8 -l8
[0.078s] -- Found ament_cmake: 0.9.9 (/opt/ros/foxy/share/ament_cmake/cmake)
[0.120s] -- Using PYTHON_EXECUTABLE: /usr/bin/python3
[0.421s] -- Found rclcpp: 2.4.0 (/opt/ros/foxy/share/rclcpp/cmake)
[0.481s] -- Using all available rosidl_typesupport_c: rosidl_typesupport_fastrtps_c;rosidl_typesupport_introspection_c
[0.490s] -- Found rosidl_adapter: 1.2.1 (/opt/ros/foxy/share/rosidl_adapter/cmake)
[0.645s] -- Using all available rosidl_typesupport_cpp: rosidl_typesupport_fastrtps_cpp;rosidl_typesupport_introspection_cpp
[0.718s] -- Found rmw_implementation_cmake: 1.0.3 (/opt/ros/foxy/share/rmw_implementation_cmake/cmake)
[0.722s] -- Using RMW implementation 'rmw_cyclonedds_cpp' as default
[0.951s] -- Found sensor_msgs: 2.0.4 (/opt/ros/foxy/share/sensor_msgs/cmake)
[1.098s] -- Found rcraicer_msgs: 0.0.0 (/home/lbarnett/ros2_ws/install/rcraicer_msgs/share/rcraicer_msgs/cmake)
[1.189s] -- Found nav_msgs: 2.0.4 (/opt/ros/foxy/share/nav_msgs/cmake)
[1.311s] -- Found eigen3_cmake_module: 0.1.1 (/opt/ros/foxy/share/eigen3_cmake_module/cmake)
[1.421s] -- Found ament_lint_auto: 0.9.6 (/opt/ros/foxy/share/ament_lint_auto/cmake)
[1.591s] -- Added test 'copyright' to check source files copyright and LICENSE
[1.591s] -- Added test 'cppcheck' to perform static code analysis on C / C++ code
[1.591s] -- Configured cppcheck include dirs: 
[1.592s] -- Configured cppcheck exclude dirs and/or files: 
[1.594s] -- Added test 'cpplint' to check C / C++ code against the Google style
[1.594s] -- Configured cpplint exclude dirs and/or files: 
[1.595s] -- Added test 'lint_cmake' to check CMake code style
[1.601s] -- Added test 'uncrustify' to check C / C++ code style
[1.602s] -- Configured uncrustify additional arguments: 
[1.602s] -- Added test 'xmllint' to check XML markup files
[1.606s] -- Configuring done
[1.701s] -- Generating done
[1.703s] -- Build files have been written to: /home/lbarnett/ros2_ws/src/rcraicer/build/rcraicer_mppi
[1.753s] [ 25%] Built target param_getter
[1.773s] [ 50%] Built target rcraicer_plant
[1.856s] [ 62%] [32m[1mLinking CXX executable test_nn[0m
[1.914s] [ 75%] [32m[1mLinking CXX executable path_integral_nn[0m
[2.691s] [ 87%] Built target test_nn
[5.066s] [100%] Built target path_integral_nn
[5.090s] Invoked command in '/home/lbarnett/ros2_ws/src/rcraicer/build/rcraicer_mppi' returned '0': CMAKE_PREFIX_PATH=${CMAKE_PREFIX_PATH}:/home/lbarnett/ros2_ws/install/rcraicer_utils:/home/lbarnett/ros2_ws/install/rcraicer_ui:/opt/ros/foxy /usr/bin/cmake --build /home/lbarnett/ros2_ws/src/rcraicer/build/rcraicer_mppi -- -j8 -l8
[5.187s] Invoking command in '/home/lbarnett/ros2_ws/src/rcraicer/build/rcraicer_mppi': CMAKE_PREFIX_PATH=${CMAKE_PREFIX_PATH}:/home/lbarnett/ros2_ws/install/rcraicer_utils:/home/lbarnett/ros2_ws/install/rcraicer_ui:/opt/ros/foxy /usr/bin/cmake --install /home/lbarnett/ros2_ws/src/rcraicer/build/rcraicer_mppi
[5.201s] -- Install configuration: "RelWithDebInfo"
[5.201s] -- Up-to-date: /home/lbarnett/ros2_ws/src/rcraicer/install/rcraicer_mppi/lib/rcraicer_mppi/librcraicer_plant.a
[5.202s] -- Up-to-date: /home/lbarnett/ros2_ws/src/rcraicer/install/rcraicer_mppi/lib/rcraicer_mppi/libparam_getter.a
[5.203s] -- Installing: /home/lbarnett/ros2_ws/src/rcraicer/install/rcraicer_mppi/lib/rcraicer_mppi/path_integral_nn
[5.284s] -- Set runtime path of "/home/lbarnett/ros2_ws/src/rcraicer/install/rcraicer_mppi/lib/rcraicer_mppi/path_integral_nn" to ""
[5.289s] -- Installing: /home/lbarnett/ros2_ws/src/rcraicer/install/rcraicer_mppi/lib/rcraicer_mppi/test_nn
[5.296s] -- Set runtime path of "/home/lbarnett/ros2_ws/src/rcraicer/install/rcraicer_mppi/lib/rcraicer_mppi/test_nn" to ""
[5.296s] -- Up-to-date: /home/lbarnett/ros2_ws/src/rcraicer/install/rcraicer_mppi/share/ament_index/resource_index/package_run_dependencies/rcraicer_mppi
[5.296s] -- Up-to-date: /home/lbarnett/ros2_ws/src/rcraicer/install/rcraicer_mppi/share/ament_index/resource_index/parent_prefix_path/rcraicer_mppi
[5.296s] -- Up-to-date: /home/lbarnett/ros2_ws/src/rcraicer/install/rcraicer_mppi/share/rcraicer_mppi/environment/ament_prefix_path.sh
[5.297s] -- Installing: /home/lbarnett/ros2_ws/src/rcraicer/install/rcraicer_mppi/share/rcraicer_mppi/environment/ament_prefix_path.dsv
[5.297s] -- Up-to-date: /home/lbarnett/ros2_ws/src/rcraicer/install/rcraicer_mppi/share/rcraicer_mppi/environment/path.sh
[5.297s] -- Installing: /home/lbarnett/ros2_ws/src/rcraicer/install/rcraicer_mppi/share/rcraicer_mppi/environment/path.dsv
[5.297s] -- Up-to-date: /home/lbarnett/ros2_ws/src/rcraicer/install/rcraicer_mppi/share/rcraicer_mppi/local_setup.bash
[5.297s] -- Up-to-date: /home/lbarnett/ros2_ws/src/rcraicer/install/rcraicer_mppi/share/rcraicer_mppi/local_setup.sh
[5.297s] -- Up-to-date: /home/lbarnett/ros2_ws/src/rcraicer/install/rcraicer_mppi/share/rcraicer_mppi/local_setup.zsh
[5.298s] -- Installing: /home/lbarnett/ros2_ws/src/rcraicer/install/rcraicer_mppi/share/rcraicer_mppi/local_setup.dsv
[5.298s] -- Installing: /home/lbarnett/ros2_ws/src/rcraicer/install/rcraicer_mppi/share/rcraicer_mppi/package.dsv
[5.298s] -- Up-to-date: /home/lbarnett/ros2_ws/src/rcraicer/install/rcraicer_mppi/share/ament_index/resource_index/packages/rcraicer_mppi
[5.298s] -- Up-to-date: /home/lbarnett/ros2_ws/src/rcraicer/install/rcraicer_mppi/share/rcraicer_mppi/cmake/rcraicer_mppiConfig.cmake
[5.298s] -- Up-to-date: /home/lbarnett/ros2_ws/src/rcraicer/install/rcraicer_mppi/share/rcraicer_mppi/cmake/rcraicer_mppiConfig-version.cmake
[5.298s] -- Up-to-date: /home/lbarnett/ros2_ws/src/rcraicer/install/rcraicer_mppi/share/rcraicer_mppi/package.xml
[5.307s] Invoked command in '/home/lbarnett/ros2_ws/src/rcraicer/build/rcraicer_mppi' returned '0': CMAKE_PREFIX_PATH=${CMAKE_PREFIX_PATH}:/home/lbarnett/ros2_ws/install/rcraicer_utils:/home/lbarnett/ros2_ws/install/rcraicer_ui:/opt/ros/foxy /usr/bin/cmake --install /home/lbarnett/ros2_ws/src/rcraicer/build/rcraicer_mppi
