[0.088s] Invoking command in '/home/lbarnett/ros2_ws/src/rcraicer/build/rcraicer_description': AMENT_PREFIX_PATH=/home/lbarnett/ros2_ws/src/rcraicer/install/rcraicer_msgs:${AMENT_PREFIX_PATH} CMAKE_PREFIX_PATH=/home/lbarnett/ros2_ws/src/rcraicer/install/rcraicer_msgs:/home/lbarnett/ros2_ws/install/rviz_satellite:/home/lbarnett/ros2_ws/install/robot_localization:/home/lbarnett/ros2_ws/install/rcraicer_sim:/home/lbarnett/ros2_ws/install/rcraicer_mapping:/home/lbarnett/ros2_ws/install/rcraicer_gps:/home/lbarnett/ros2_ws/install/rcraicer_description:/home/lbarnett/ros2_ws/install/rcraicer:/home/lbarnett/ros2_ws/install/rcraicer_msgs:/home/lbarnett/ros2_ws/install/rcraicer_mppi_test:/home/lbarnett/ros2_ws/install/rcraicer_mppi:/home/lbarnett/ros2_ws/install/rcraicer_imu:/home/lbarnett/ros2_ws/install/mavros:/home/lbarnett/ros2_ws/install/mavros_msgs:/home/lbarnett/ros2_ws/install/libmavconn:/home/lbarnett/ros2_ws/install/kalman_filter_localization:/home/lbarnett/ros2_ws/install/rcraicer_utils:/home/lbarnett/ros2_ws/install/rcraicer_ui:/opt/ros/foxy LD_LIBRARY_PATH=/home/lbarnett/ros2_ws/src/rcraicer/install/rcraicer_msgs/lib:${LD_LIBRARY_PATH} PYTHONPATH=/home/lbarnett/ros2_ws/src/rcraicer/install/rcraicer_msgs/lib/python3.8/site-packages:${PYTHONPATH} /usr/bin/cmake /home/lbarnett/ros2_ws/src/rcraicer/rcraicer_description -DCMAKE_BUILD_TYPE=RelWithDebInfo -DCMAKE_INSTALL_PREFIX=/home/lbarnett/ros2_ws/src/rcraicer/install/rcraicer_description
[0.738s] -- The C compiler identification is GNU 9.3.0
[0.738s] -- The CXX compiler identification is GNU 9.3.0
[0.738s] -- Check for working C compiler: /usr/bin/cc
[0.739s] -- Check for working C compiler: /usr/bin/cc -- works
[0.739s] -- Detecting C compiler ABI info
[0.836s] -- Detecting C compiler ABI info - done
[0.858s] -- Detecting C compile features
[0.859s] -- Detecting C compile features - done
[0.870s] -- Check for working CXX compiler: /usr/bin/c++
[1.180s] -- Check for working CXX compiler: /usr/bin/c++ -- works
[1.187s] -- Detecting CXX compiler ABI info
[1.596s] -- Detecting CXX compiler ABI info - done
[1.613s] -- Detecting CXX compile features
[1.613s] -- Detecting CXX compile features - done
[1.623s] -- Found ament_cmake: 0.9.9 (/opt/ros/foxy/share/ament_cmake/cmake)
[1.673s] -- Found PythonInterp: /usr/bin/python3 (found suitable version "3.8.10", minimum required is "3") 
[1.674s] -- Using PYTHON_EXECUTABLE: /usr/bin/python3
[2.253s] -- Found rclcpp: 2.4.0 (/opt/ros/foxy/share/rclcpp/cmake)
[2.369s] -- Using all available rosidl_typesupport_c: rosidl_typesupport_fastrtps_c;rosidl_typesupport_introspection_c
[2.388s] -- Found rosidl_adapter: 1.2.1 (/opt/ros/foxy/share/rosidl_adapter/cmake)
[2.620s] -- Found OpenSSL: /usr/lib/x86_64-linux-gnu/libcrypto.so (found version "1.1.1f")  
[2.669s] -- Found FastRTPS: /opt/ros/foxy/include  
[2.849s] -- Using all available rosidl_typesupport_cpp: rosidl_typesupport_fastrtps_cpp;rosidl_typesupport_introspection_cpp
[2.961s] -- Found rmw_implementation_cmake: 1.0.3 (/opt/ros/foxy/share/rmw_implementation_cmake/cmake)
[2.965s] -- Using RMW implementation 'rmw_cyclonedds_cpp' as default
[2.966s] -- Looking for pthread.h
[3.131s] -- Looking for pthread.h - found
[3.132s] -- Performing Test CMAKE_HAVE_LIBC_PTHREAD
[3.285s] -- Performing Test CMAKE_HAVE_LIBC_PTHREAD - Failed
[3.286s] -- Looking for pthread_create in pthreads
[3.408s] -- Looking for pthread_create in pthreads - not found
[3.408s] -- Looking for pthread_create in pthread
[3.616s] -- Looking for pthread_create in pthread - found
[3.618s] -- Found Threads: TRUE  
[4.078s] -- Found sensor_msgs: 2.0.4 (/opt/ros/foxy/share/sensor_msgs/cmake)
[4.359s] -- Found rcraicer_msgs: 0.0.0 (/home/lbarnett/ros2_ws/src/rcraicer/install/rcraicer_msgs/share/rcraicer_msgs/cmake)
[4.558s] -- Found tf2_ros: 0.13.11 (/opt/ros/foxy/share/tf2_ros/cmake)
[5.373s] -- Found ament_lint_auto: 0.9.6 (/opt/ros/foxy/share/ament_lint_auto/cmake)
[5.563s] -- Added test 'copyright' to check source files copyright and LICENSE
[5.566s] -- Added test 'cppcheck' to perform static code analysis on C / C++ code
[5.566s] -- Configured cppcheck include dirs: 
[5.566s] -- Configured cppcheck exclude dirs and/or files: 
[5.568s] -- Added test 'cpplint' to check C / C++ code against the Google style
[5.568s] -- Configured cpplint exclude dirs and/or files: 
[5.569s] -- Added test 'flake8' to check Python code syntax and style conventions
[5.571s] -- Added test 'lint_cmake' to check CMake code style
[5.572s] -- Added test 'pep257' to check Python code against some of the style conventions in PEP 257
[5.574s] -- Added test 'uncrustify' to check C / C++ code style
[5.574s] -- Configured uncrustify additional arguments: 
[5.575s] -- Added test 'xmllint' to check XML markup files
[5.595s] -- Configuring done
[5.628s] -- Generating done
[5.633s] -- Build files have been written to: /home/lbarnett/ros2_ws/src/rcraicer/build/rcraicer_description
[5.657s] Invoked command in '/home/lbarnett/ros2_ws/src/rcraicer/build/rcraicer_description' returned '0': AMENT_PREFIX_PATH=/home/lbarnett/ros2_ws/src/rcraicer/install/rcraicer_msgs:${AMENT_PREFIX_PATH} CMAKE_PREFIX_PATH=/home/lbarnett/ros2_ws/src/rcraicer/install/rcraicer_msgs:/home/lbarnett/ros2_ws/install/rviz_satellite:/home/lbarnett/ros2_ws/install/robot_localization:/home/lbarnett/ros2_ws/install/rcraicer_sim:/home/lbarnett/ros2_ws/install/rcraicer_mapping:/home/lbarnett/ros2_ws/install/rcraicer_gps:/home/lbarnett/ros2_ws/install/rcraicer_description:/home/lbarnett/ros2_ws/install/rcraicer:/home/lbarnett/ros2_ws/install/rcraicer_msgs:/home/lbarnett/ros2_ws/install/rcraicer_mppi_test:/home/lbarnett/ros2_ws/install/rcraicer_mppi:/home/lbarnett/ros2_ws/install/rcraicer_imu:/home/lbarnett/ros2_ws/install/mavros:/home/lbarnett/ros2_ws/install/mavros_msgs:/home/lbarnett/ros2_ws/install/libmavconn:/home/lbarnett/ros2_ws/install/kalman_filter_localization:/home/lbarnett/ros2_ws/install/rcraicer_utils:/home/lbarnett/ros2_ws/install/rcraicer_ui:/opt/ros/foxy LD_LIBRARY_PATH=/home/lbarnett/ros2_ws/src/rcraicer/install/rcraicer_msgs/lib:${LD_LIBRARY_PATH} PYTHONPATH=/home/lbarnett/ros2_ws/src/rcraicer/install/rcraicer_msgs/lib/python3.8/site-packages:${PYTHONPATH} /usr/bin/cmake /home/lbarnett/ros2_ws/src/rcraicer/rcraicer_description -DCMAKE_BUILD_TYPE=RelWithDebInfo -DCMAKE_INSTALL_PREFIX=/home/lbarnett/ros2_ws/src/rcraicer/install/rcraicer_description
[5.658s] Invoking command in '/home/lbarnett/ros2_ws/src/rcraicer/build/rcraicer_description': AMENT_PREFIX_PATH=/home/lbarnett/ros2_ws/src/rcraicer/install/rcraicer_msgs:${AMENT_PREFIX_PATH} CMAKE_PREFIX_PATH=/home/lbarnett/ros2_ws/src/rcraicer/install/rcraicer_msgs:/home/lbarnett/ros2_ws/install/rviz_satellite:/home/lbarnett/ros2_ws/install/robot_localization:/home/lbarnett/ros2_ws/install/rcraicer_sim:/home/lbarnett/ros2_ws/install/rcraicer_mapping:/home/lbarnett/ros2_ws/install/rcraicer_gps:/home/lbarnett/ros2_ws/install/rcraicer_description:/home/lbarnett/ros2_ws/install/rcraicer:/home/lbarnett/ros2_ws/install/rcraicer_msgs:/home/lbarnett/ros2_ws/install/rcraicer_mppi_test:/home/lbarnett/ros2_ws/install/rcraicer_mppi:/home/lbarnett/ros2_ws/install/rcraicer_imu:/home/lbarnett/ros2_ws/install/mavros:/home/lbarnett/ros2_ws/install/mavros_msgs:/home/lbarnett/ros2_ws/install/libmavconn:/home/lbarnett/ros2_ws/install/kalman_filter_localization:/home/lbarnett/ros2_ws/install/rcraicer_utils:/home/lbarnett/ros2_ws/install/rcraicer_ui:/opt/ros/foxy LD_LIBRARY_PATH=/home/lbarnett/ros2_ws/src/rcraicer/install/rcraicer_msgs/lib:${LD_LIBRARY_PATH} PYTHONPATH=/home/lbarnett/ros2_ws/src/rcraicer/install/rcraicer_msgs/lib/python3.8/site-packages:${PYTHONPATH} /usr/bin/cmake --build /home/lbarnett/ros2_ws/src/rcraicer/build/rcraicer_description -- -j8 -l8
[5.762s] [35m[1mScanning dependencies of target joint_states[0m
[5.877s] [ 50%] [32mBuilding CXX object CMakeFiles/joint_states.dir/src/joint_states.cpp.o[0m
[29.647s] [100%] [32m[1mLinking CXX executable joint_states[0m
[30.055s] [100%] Built target joint_states
[30.074s] Invoked command in '/home/lbarnett/ros2_ws/src/rcraicer/build/rcraicer_description' returned '0': AMENT_PREFIX_PATH=/home/lbarnett/ros2_ws/src/rcraicer/install/rcraicer_msgs:${AMENT_PREFIX_PATH} CMAKE_PREFIX_PATH=/home/lbarnett/ros2_ws/src/rcraicer/install/rcraicer_msgs:/home/lbarnett/ros2_ws/install/rviz_satellite:/home/lbarnett/ros2_ws/install/robot_localization:/home/lbarnett/ros2_ws/install/rcraicer_sim:/home/lbarnett/ros2_ws/install/rcraicer_mapping:/home/lbarnett/ros2_ws/install/rcraicer_gps:/home/lbarnett/ros2_ws/install/rcraicer_description:/home/lbarnett/ros2_ws/install/rcraicer:/home/lbarnett/ros2_ws/install/rcraicer_msgs:/home/lbarnett/ros2_ws/install/rcraicer_mppi_test:/home/lbarnett/ros2_ws/install/rcraicer_mppi:/home/lbarnett/ros2_ws/install/rcraicer_imu:/home/lbarnett/ros2_ws/install/mavros:/home/lbarnett/ros2_ws/install/mavros_msgs:/home/lbarnett/ros2_ws/install/libmavconn:/home/lbarnett/ros2_ws/install/kalman_filter_localization:/home/lbarnett/ros2_ws/install/rcraicer_utils:/home/lbarnett/ros2_ws/install/rcraicer_ui:/opt/ros/foxy LD_LIBRARY_PATH=/home/lbarnett/ros2_ws/src/rcraicer/install/rcraicer_msgs/lib:${LD_LIBRARY_PATH} PYTHONPATH=/home/lbarnett/ros2_ws/src/rcraicer/install/rcraicer_msgs/lib/python3.8/site-packages:${PYTHONPATH} /usr/bin/cmake --build /home/lbarnett/ros2_ws/src/rcraicer/build/rcraicer_description -- -j8 -l8
[30.171s] Invoking command in '/home/lbarnett/ros2_ws/src/rcraicer/build/rcraicer_description': AMENT_PREFIX_PATH=/home/lbarnett/ros2_ws/src/rcraicer/install/rcraicer_msgs:${AMENT_PREFIX_PATH} CMAKE_PREFIX_PATH=/home/lbarnett/ros2_ws/src/rcraicer/install/rcraicer_msgs:/home/lbarnett/ros2_ws/install/rviz_satellite:/home/lbarnett/ros2_ws/install/robot_localization:/home/lbarnett/ros2_ws/install/rcraicer_sim:/home/lbarnett/ros2_ws/install/rcraicer_mapping:/home/lbarnett/ros2_ws/install/rcraicer_gps:/home/lbarnett/ros2_ws/install/rcraicer_description:/home/lbarnett/ros2_ws/install/rcraicer:/home/lbarnett/ros2_ws/install/rcraicer_msgs:/home/lbarnett/ros2_ws/install/rcraicer_mppi_test:/home/lbarnett/ros2_ws/install/rcraicer_mppi:/home/lbarnett/ros2_ws/install/rcraicer_imu:/home/lbarnett/ros2_ws/install/mavros:/home/lbarnett/ros2_ws/install/mavros_msgs:/home/lbarnett/ros2_ws/install/libmavconn:/home/lbarnett/ros2_ws/install/kalman_filter_localization:/home/lbarnett/ros2_ws/install/rcraicer_utils:/home/lbarnett/ros2_ws/install/rcraicer_ui:/opt/ros/foxy LD_LIBRARY_PATH=/home/lbarnett/ros2_ws/src/rcraicer/install/rcraicer_msgs/lib:${LD_LIBRARY_PATH} PYTHONPATH=/home/lbarnett/ros2_ws/src/rcraicer/install/rcraicer_msgs/lib/python3.8/site-packages:${PYTHONPATH} /usr/bin/cmake --install /home/lbarnett/ros2_ws/src/rcraicer/build/rcraicer_description
[30.190s] -- Install configuration: "RelWithDebInfo"
[30.191s] -- Installing: /home/lbarnett/ros2_ws/src/rcraicer/install/rcraicer_description/lib/rcraicer_description/joint_states
[30.208s] -- Set runtime path of "/home/lbarnett/ros2_ws/src/rcraicer/install/rcraicer_description/lib/rcraicer_description/joint_states" to ""
[30.208s] -- Installing: /home/lbarnett/ros2_ws/src/rcraicer/install/rcraicer_description/share/rcraicer_description//launch
[30.208s] -- Installing: /home/lbarnett/ros2_ws/src/rcraicer/install/rcraicer_description/share/rcraicer_description//launch/rcraicer_description_launch.py
[30.209s] -- Installing: /home/lbarnett/ros2_ws/src/rcraicer/install/rcraicer_description/share/rcraicer_description//urdf
[30.209s] -- Installing: /home/lbarnett/ros2_ws/src/rcraicer/install/rcraicer_description/share/rcraicer_description//urdf/rcraicer.urdf.xacro
[30.217s] -- Installing: /home/lbarnett/ros2_ws/src/rcraicer/install/rcraicer_description/share/rcraicer_description//urdf/rcraicer.urdf
[30.217s] -- Installing: /home/lbarnett/ros2_ws/src/rcraicer/install/rcraicer_description/share/ament_index/resource_index/package_run_dependencies/rcraicer_description
[30.217s] -- Installing: /home/lbarnett/ros2_ws/src/rcraicer/install/rcraicer_description/share/ament_index/resource_index/parent_prefix_path/rcraicer_description
[30.217s] -- Installing: /home/lbarnett/ros2_ws/src/rcraicer/install/rcraicer_description/share/rcraicer_description/environment/ament_prefix_path.sh
[30.217s] -- Installing: /home/lbarnett/ros2_ws/src/rcraicer/install/rcraicer_description/share/rcraicer_description/environment/ament_prefix_path.dsv
[30.217s] -- Installing: /home/lbarnett/ros2_ws/src/rcraicer/install/rcraicer_description/share/rcraicer_description/environment/path.sh
[30.224s] -- Installing: /home/lbarnett/ros2_ws/src/rcraicer/install/rcraicer_description/share/rcraicer_description/environment/path.dsv
[30.224s] -- Installing: /home/lbarnett/ros2_ws/src/rcraicer/install/rcraicer_description/share/rcraicer_description/local_setup.bash
[30.224s] -- Installing: /home/lbarnett/ros2_ws/src/rcraicer/install/rcraicer_description/share/rcraicer_description/local_setup.sh
[30.224s] -- Installing: /home/lbarnett/ros2_ws/src/rcraicer/install/rcraicer_description/share/rcraicer_description/local_setup.zsh
[30.224s] -- Installing: /home/lbarnett/ros2_ws/src/rcraicer/install/rcraicer_description/share/rcraicer_description/local_setup.dsv
[30.225s] -- Installing: /home/lbarnett/ros2_ws/src/rcraicer/install/rcraicer_description/share/rcraicer_description/package.dsv
[30.225s] -- Installing: /home/lbarnett/ros2_ws/src/rcraicer/install/rcraicer_description/share/ament_index/resource_index/packages/rcraicer_description
[30.225s] -- Installing: /home/lbarnett/ros2_ws/src/rcraicer/install/rcraicer_description/share/rcraicer_description/cmake/rcraicer_descriptionConfig.cmake
[30.225s] -- Installing: /home/lbarnett/ros2_ws/src/rcraicer/install/rcraicer_description/share/rcraicer_description/cmake/rcraicer_descriptionConfig-version.cmake
[30.225s] -- Installing: /home/lbarnett/ros2_ws/src/rcraicer/install/rcraicer_description/share/rcraicer_description/package.xml
[30.225s] Invoked command in '/home/lbarnett/ros2_ws/src/rcraicer/build/rcraicer_description' returned '0': AMENT_PREFIX_PATH=/home/lbarnett/ros2_ws/src/rcraicer/install/rcraicer_msgs:${AMENT_PREFIX_PATH} CMAKE_PREFIX_PATH=/home/lbarnett/ros2_ws/src/rcraicer/install/rcraicer_msgs:/home/lbarnett/ros2_ws/install/rviz_satellite:/home/lbarnett/ros2_ws/install/robot_localization:/home/lbarnett/ros2_ws/install/rcraicer_sim:/home/lbarnett/ros2_ws/install/rcraicer_mapping:/home/lbarnett/ros2_ws/install/rcraicer_gps:/home/lbarnett/ros2_ws/install/rcraicer_description:/home/lbarnett/ros2_ws/install/rcraicer:/home/lbarnett/ros2_ws/install/rcraicer_msgs:/home/lbarnett/ros2_ws/install/rcraicer_mppi_test:/home/lbarnett/ros2_ws/install/rcraicer_mppi:/home/lbarnett/ros2_ws/install/rcraicer_imu:/home/lbarnett/ros2_ws/install/mavros:/home/lbarnett/ros2_ws/install/mavros_msgs:/home/lbarnett/ros2_ws/install/libmavconn:/home/lbarnett/ros2_ws/install/kalman_filter_localization:/home/lbarnett/ros2_ws/install/rcraicer_utils:/home/lbarnett/ros2_ws/install/rcraicer_ui:/opt/ros/foxy LD_LIBRARY_PATH=/home/lbarnett/ros2_ws/src/rcraicer/install/rcraicer_msgs/lib:${LD_LIBRARY_PATH} PYTHONPATH=/home/lbarnett/ros2_ws/src/rcraicer/install/rcraicer_msgs/lib/python3.8/site-packages:${PYTHONPATH} /usr/bin/cmake --install /home/lbarnett/ros2_ws/src/rcraicer/build/rcraicer_description
