[0.000000] (-) TimerEvent: {}
[0.000352] (-) JobUnselected: {'identifier': 'rcraicer_description'}
[0.000542] (-) JobUnselected: {'identifier': 'rcraicer_gps'}
[0.000880] (-) JobUnselected: {'identifier': 'rcraicer_imu'}
[0.000980] (-) JobUnselected: {'identifier': 'rcraicer_mapping'}
[0.001004] (-) JobUnselected: {'identifier': 'rcraicer_mppi'}
[0.001035] (-) JobUnselected: {'identifier': 'rcraicer_mppi_test'}
[0.001572] (-) JobUnselected: {'identifier': 'rcraicer_msgs'}
[0.001801] (-) JobUnselected: {'identifier': 'rcraicer_sim'}
[0.001854] (-) JobUnselected: {'identifier': 'rcraicer_ui'}
[0.001910] (-) JobUnselected: {'identifier': 'rcraicer_utils'}
[0.001960] (rcraicer) JobQueued: {'identifier': 'rcraicer', 'dependencies': OrderedDict([('rcraicer_msgs', '/home/lbarnett/ros2_ws/src/rcraicer/install/rcraicer_msgs')])}
[0.002007] (rcraicer) JobStarted: {'identifier': 'rcraicer'}
[0.015363] (rcraicer) JobProgress: {'identifier': 'rcraicer', 'progress': 'cmake'}
[0.016414] (rcraicer) Command: {'cmd': ['/usr/bin/cmake', '/home/lbarnett/ros2_ws/src/rcraicer/rcraicer', '-DCMAKE_INSTALL_PREFIX=/home/lbarnett/ros2_ws/src/rcraicer/install/rcraicer'], 'cwd': '/home/lbarnett/ros2_ws/src/rcraicer/build/rcraicer', 'env': OrderedDict([('GJS_DEBUG_TOPICS', 'JS ERROR;JS LOG'), ('LESSOPEN', '| /usr/bin/lesspipe %s'), ('USER', 'lbarnett'), ('SSH_AGENT_PID', '1750'), ('XDG_SESSION_TYPE', 'x11'), ('GIT_ASKPASS', '/usr/share/code/resources/app/extensions/git/dist/askpass.sh'), ('KIGITHUB', 'https://github.com/KiCad'), ('SHLVL', '0'), ('LD_LIBRARY_PATH', '/home/lbarnett/ros2_ws/src/rcraicer/install/rcraicer_msgs/lib:/home/lbarnett/ros2_ws/install/rviz_satellite/lib:/home/lbarnett/ros2_ws/install/robot_localization/lib:/home/lbarnett/ros2_ws/install/rcraicer_msgs/lib:/home/lbarnett/ros2_ws/install/mavros/lib:/home/lbarnett/ros2_ws/install/mavros_msgs/lib:/home/lbarnett/ros2_ws/install/libmavconn/lib:/home/lbarnett/ros2_ws/install/kalman_filter_localization/lib:/opt/ros/foxy/opt/yaml_cpp_vendor/lib:/opt/ros/foxy/opt/rviz_ogre_vendor/lib:/opt/ros/foxy/lib/x86_64-linux-gnu:/opt/ros/foxy/lib'), ('HOME', '/home/lbarnett'), ('CHROME_DESKTOP', 'code-url-handler.desktop'), ('CONDA_SHLVL', '0'), ('TERM_PROGRAM_VERSION', '1.63.2'), ('DESKTOP_SESSION', 'ubuntu'), ('GIO_LAUNCHED_DESKTOP_FILE', '/usr/share/applications/code.desktop'), ('ROS_PYTHON_VERSION', '3'), ('GNOME_SHELL_SESSION_MODE', 'ubuntu'), ('GTK_MODULES', 'gail:atk-bridge'), ('VSCODE_GIT_ASKPASS_MAIN', '/usr/share/code/resources/app/extensions/git/dist/askpass-main.js'), ('VSCODE_GIT_ASKPASS_NODE', '/usr/share/code/code'), ('MANAGERPID', '1607'), ('DBUS_SESSION_BUS_ADDRESS', 'unix:path=/run/user/1000/bus'), ('COLORTERM', 'truecolor'), ('GIO_LAUNCHED_DESKTOP_FILE_PID', '88759'), ('MANDATORY_PATH', '/usr/share/gconf/ubuntu.mandatory.path'), ('IM_CONFIG_PHASE', '1'), ('COLCON_PREFIX_PATH', '/home/lbarnett/ros2_ws/install'), ('ROS_DISTRO', 'foxy'), ('LOGNAME', 'lbarnett'), ('_', '/usr/bin/colcon'), ('JOURNAL_STREAM', '8:42385'), ('ROS_VERSION', '2'), ('XDG_SESSION_CLASS', 'user'), ('DEFAULTS_PATH', '/usr/share/gconf/ubuntu.default.path'), ('USERNAME', 'lbarnett'), ('TERM', 'xterm-256color'), ('GNOME_DESKTOP_SESSION_ID', 'this-is-deprecated'), ('ROS_LOCALHOST_ONLY', '0'), ('WINDOWPATH', '2'), ('PATH', '/home/lbarnett/.local/bin:/usr/local/cuda/bin:/home/lbarnett/anaconda3/condabin:/opt/ros/foxy/bin:/home/lbarnett/.local/bin:/usr/local/sbin:/usr/local/bin:/usr/sbin:/usr/bin:/sbin:/bin:/usr/games:/usr/local/games:/snap/bin:/opt/mssql-tools/bin'), ('SESSION_MANAGER', 'local/luke-XPS:@/tmp/.ICE-unix/1785,unix/luke-XPS:/tmp/.ICE-unix/1785'), ('INVOCATION_ID', 'ab4bcb4785114779b4b0ca61d75d71ea'), ('XDG_MENU_PREFIX', 'gnome-'), ('XDG_RUNTIME_DIR', '/run/user/1000'), ('GDK_BACKEND', 'x11'), ('DISPLAY', ':1'), ('LANG', 'en_US.UTF-8'), ('XDG_CURRENT_DESKTOP', 'Unity'), ('RMW_IMPLEMENTATION', 'rmw_cyclonedds_cpp'), ('XMODIFIERS', '@im=ibus'), ('XDG_SESSION_DESKTOP', 'ubuntu'), ('XAUTHORITY', '/run/user/1000/gdm/Xauthority'), ('VSCODE_GIT_IPC_HANDLE', '/run/user/1000/vscode-git-697d0d6dc9.sock'), ('TERM_PROGRAM', 'vscode'), ('SSH_AUTH_SOCK', '/run/user/1000/keyring/ssh'), ('AMENT_PREFIX_PATH', '/home/lbarnett/ros2_ws/src/rcraicer/install/rcraicer_msgs:/home/lbarnett/ros2_ws/install/rviz_satellite:/home/lbarnett/ros2_ws/install/robot_localization:/home/lbarnett/ros2_ws/install/rcraicer_utils:/home/lbarnett/ros2_ws/install/rcraicer_ui:/home/lbarnett/ros2_ws/install/rcraicer_sim:/home/lbarnett/ros2_ws/install/rcraicer_mapping:/home/lbarnett/ros2_ws/install/rcraicer_gps:/home/lbarnett/ros2_ws/install/rcraicer_description:/home/lbarnett/ros2_ws/install/rcraicer:/home/lbarnett/ros2_ws/install/rcraicer_msgs:/home/lbarnett/ros2_ws/install/rcraicer_mppi_test:/home/lbarnett/ros2_ws/install/rcraicer_mppi:/home/lbarnett/ros2_ws/install/rcraicer_imu:/home/lbarnett/ros2_ws/install/mavros:/home/lbarnett/ros2_ws/install/mavros_msgs:/home/lbarnett/ros2_ws/install/libmavconn:/home/lbarnett/ros2_ws/install/kalman_filter_localization:/opt/ros/foxy'), ('CONDA_PYTHON_EXE', '/home/lbarnett/anaconda3/bin/python'), ('ORIGINAL_XDG_CURRENT_DESKTOP', 'ubuntu:GNOME'), ('SHELL', '/bin/bash'), ('QT_ACCESSIBILITY', '1'), ('GDMSESSION', 'ubuntu'), ('LESSCLOSE', '/usr/bin/lesspipe %s %s'), ('GPG_AGENT_INFO', '/run/user/1000/gnupg/S.gpg-agent:0:1'), ('GJS_DEBUG_OUTPUT', 'stderr'), ('VSCODE_GIT_ASKPASS_EXTRA_ARGS', '--ms-enable-electron-run-as-node'), ('QT_IM_MODULE', 'ibus'), ('PWD', '/home/lbarnett/ros2_ws/src/rcraicer/build/rcraicer'), ('KICAD_PATH', '/usr/share/kicad'), ('XDG_CONFIG_DIRS', '/etc/xdg/xdg-ubuntu:/etc/xdg'), ('CONDA_EXE', '/home/lbarnett/anaconda3/bin/conda'), ('XDG_DATA_DIRS', '/usr/share/ubuntu:/usr/local/share:/usr/share:/var/lib/snapd/desktop'), ('PYTHONPATH', '/home/lbarnett/ros2_ws/src/rcraicer/install/rcraicer_msgs/lib/python3.8/site-packages:/home/lbarnett/ros2_ws/install/robot_localization/lib/python3.8/site-packages:/home/lbarnett/ros2_ws/install/rcraicer_utils/lib/python3.8/site-packages:/home/lbarnett/ros2_ws/install/rcraicer_ui/lib/python3.8/site-packages:/home/lbarnett/ros2_ws/install/rcraicer_msgs/lib/python3.8/site-packages:/home/lbarnett/ros2_ws/install/mavros/lib/python3.8/site-packages:/home/lbarnett/ros2_ws/install/mavros_msgs/lib/python3.8/site-packages:/opt/ros/foxy/lib/python3.8/site-packages'), ('BREAKPAD_DUMP_LOCATION', '/home/lbarnett/.config/Code/exthost Crash Reports'), ('COLCON', '1'), ('CMAKE_PREFIX_PATH', '/home/lbarnett/ros2_ws/src/rcraicer/install/rcraicer_msgs:/home/lbarnett/ros2_ws/install/rviz_satellite:/home/lbarnett/ros2_ws/install/robot_localization:/home/lbarnett/ros2_ws/install/rcraicer_sim:/home/lbarnett/ros2_ws/install/rcraicer_mapping:/home/lbarnett/ros2_ws/install/rcraicer_gps:/home/lbarnett/ros2_ws/install/rcraicer_description:/home/lbarnett/ros2_ws/install/rcraicer:/home/lbarnett/ros2_ws/install/rcraicer_msgs:/home/lbarnett/ros2_ws/install/rcraicer_mppi_test:/home/lbarnett/ros2_ws/install/rcraicer_mppi:/home/lbarnett/ros2_ws/install/rcraicer_imu:/home/lbarnett/ros2_ws/install/mavros:/home/lbarnett/ros2_ws/install/mavros_msgs:/home/lbarnett/ros2_ws/install/libmavconn:/home/lbarnett/ros2_ws/install/kalman_filter_localization:/home/lbarnett/ros2_ws/install/rcraicer_utils:/home/lbarnett/ros2_ws/install/rcraicer_ui:/opt/ros/foxy')]), 'shell': False}
[0.035913] (rcraicer) StdoutLine: {'line': b'-- Found ament_cmake: 0.9.9 (/opt/ros/foxy/share/ament_cmake/cmake)\n'}
[0.056577] (rcraicer) StdoutLine: {'line': b'-- Using PYTHON_EXECUTABLE: /usr/bin/python3\n'}
[0.099422] (-) TimerEvent: {}
[0.199733] (-) TimerEvent: {}
[0.238361] (rcraicer) StdoutLine: {'line': b'-- Found rclcpp: 2.4.0 (/opt/ros/foxy/share/rclcpp/cmake)\n'}
[0.271556] (rcraicer) StdoutLine: {'line': b'-- Using all available rosidl_typesupport_c: rosidl_typesupport_fastrtps_c;rosidl_typesupport_introspection_c\n'}
[0.274557] (rcraicer) StdoutLine: {'line': b'-- Found rosidl_adapter: 1.2.1 (/opt/ros/foxy/share/rosidl_adapter/cmake)\n'}
[0.299846] (-) TimerEvent: {}
[0.380108] (rcraicer) StdoutLine: {'line': b'-- Using all available rosidl_typesupport_cpp: rosidl_typesupport_fastrtps_cpp;rosidl_typesupport_introspection_cpp\n'}
[0.399929] (-) TimerEvent: {}
[0.426152] (rcraicer) StdoutLine: {'line': b'-- Found rmw_implementation_cmake: 1.0.3 (/opt/ros/foxy/share/rmw_implementation_cmake/cmake)\n'}
[0.428338] (rcraicer) StdoutLine: {'line': b"-- Using RMW implementation 'rmw_cyclonedds_cpp' as default\n"}
[0.500037] (-) TimerEvent: {}
[0.555676] (rcraicer) StdoutLine: {'line': b'-- Found sensor_msgs: 2.0.4 (/opt/ros/foxy/share/sensor_msgs/cmake)\n'}
[0.600150] (-) TimerEvent: {}
[0.652218] (rcraicer) StdoutLine: {'line': b'-- Found tf2: 0.13.12 (/opt/ros/foxy/share/tf2/cmake)\n'}
[0.661447] (rcraicer) StdoutLine: {'line': b'-- Found tf2_eigen: 0.13.12 (/opt/ros/foxy/share/tf2_eigen/cmake)\n'}
[0.700265] (-) TimerEvent: {}
[0.800574] (-) TimerEvent: {}
[0.900887] (-) TimerEvent: {}
[0.958765] (rcraicer) StdoutLine: {'line': b'-- Found nav_msgs: 2.0.4 (/opt/ros/foxy/share/nav_msgs/cmake)\n'}
[1.001003] (-) TimerEvent: {}
[1.028130] (rcraicer) StdoutLine: {'line': b'-- Found visualization_msgs: 2.0.4 (/opt/ros/foxy/share/visualization_msgs/cmake)\n'}
[1.096489] (rcraicer) StdoutLine: {'line': b'-- Found rcraicer_msgs: 0.0.0 (/home/lbarnett/ros2_ws/src/rcraicer/install/rcraicer_msgs/share/rcraicer_msgs/cmake)\n'}
[1.101080] (-) TimerEvent: {}
[1.159322] (rcraicer) StdoutLine: {'line': b'-- Reading /usr/local/lib/cmake/GeographicLib/geographiclib-config.cmake\n'}
[1.159596] (rcraicer) StdoutLine: {'line': b'-- GeographicLib configuration, version 1.49\n'}
[1.160316] (rcraicer) StdoutLine: {'line': b'--   ${GeographicLib_LIBRARIES} set to shared library\n'}
[1.181115] (rcraicer) StdoutLine: {'line': b'-- GTSAM include directory:  /usr/local/lib/cmake/GTSAM/../../../include\n'}
[1.198335] (rcraicer) StdoutLine: {'line': b'-- Found ament_lint_auto: 0.9.6 (/opt/ros/foxy/share/ament_lint_auto/cmake)\n'}
[1.201175] (-) TimerEvent: {}
[1.265655] (rcraicer) StdoutLine: {'line': b"-- Added test 'copyright' to check source files copyright and LICENSE\n"}
[1.279276] (rcraicer) StdoutLine: {'line': b"-- Added test 'cppcheck' to perform static code analysis on C / C++ code\n"}
[1.279526] (rcraicer) StdoutLine: {'line': b'-- Configured cppcheck include dirs: \n'}
[1.279624] (rcraicer) StdoutLine: {'line': b'-- Configured cppcheck exclude dirs and/or files: \n'}
[1.290875] (rcraicer) StdoutLine: {'line': b"-- Added test 'cpplint' to check C / C++ code against the Google style\n"}
[1.291035] (rcraicer) StdoutLine: {'line': b'-- Configured cpplint exclude dirs and/or files: \n'}
[1.292737] (rcraicer) StdoutLine: {'line': b"-- Added test 'flake8' to check Python code syntax and style conventions\n"}
[1.295750] (rcraicer) StdoutLine: {'line': b"-- Added test 'lint_cmake' to check CMake code style\n"}
[1.297461] (rcraicer) StdoutLine: {'line': b"-- Added test 'pep257' to check Python code against some of the style conventions in PEP 257\n"}
[1.301254] (-) TimerEvent: {}
[1.308868] (rcraicer) StdoutLine: {'line': b"-- Added test 'uncrustify' to check C / C++ code style\n"}
[1.309139] (rcraicer) StdoutLine: {'line': b'-- Configured uncrustify additional arguments: \n'}
[1.310798] (rcraicer) StdoutLine: {'line': b"-- Added test 'xmllint' to check XML markup files\n"}
[1.314691] (rcraicer) StdoutLine: {'line': b'-- Configuring done\n'}
[1.364087] (rcraicer) StdoutLine: {'line': b'-- Generating done\n'}
[1.366697] (rcraicer) StdoutLine: {'line': b'-- Build files have been written to: /home/lbarnett/ros2_ws/src/rcraicer/build/rcraicer\n'}
[1.375661] (rcraicer) CommandEnded: {'returncode': 0}
[1.378529] (rcraicer) JobProgress: {'identifier': 'rcraicer', 'progress': 'build'}
[1.378586] (rcraicer) JobProgress: {'identifier': 'rcraicer', 'progress': "build target 'clean'"}
[1.378617] (rcraicer) Command: {'cmd': ['/usr/bin/cmake', '--build', '/home/lbarnett/ros2_ws/src/rcraicer/build/rcraicer', '--target', 'clean', '--', '-j8', '-l8'], 'cwd': '/home/lbarnett/ros2_ws/src/rcraicer/build/rcraicer', 'env': OrderedDict([('GJS_DEBUG_TOPICS', 'JS ERROR;JS LOG'), ('LESSOPEN', '| /usr/bin/lesspipe %s'), ('USER', 'lbarnett'), ('SSH_AGENT_PID', '1750'), ('XDG_SESSION_TYPE', 'x11'), ('GIT_ASKPASS', '/usr/share/code/resources/app/extensions/git/dist/askpass.sh'), ('KIGITHUB', 'https://github.com/KiCad'), ('SHLVL', '0'), ('LD_LIBRARY_PATH', '/home/lbarnett/ros2_ws/src/rcraicer/install/rcraicer_msgs/lib:/home/lbarnett/ros2_ws/install/rviz_satellite/lib:/home/lbarnett/ros2_ws/install/robot_localization/lib:/home/lbarnett/ros2_ws/install/rcraicer_msgs/lib:/home/lbarnett/ros2_ws/install/mavros/lib:/home/lbarnett/ros2_ws/install/mavros_msgs/lib:/home/lbarnett/ros2_ws/install/libmavconn/lib:/home/lbarnett/ros2_ws/install/kalman_filter_localization/lib:/opt/ros/foxy/opt/yaml_cpp_vendor/lib:/opt/ros/foxy/opt/rviz_ogre_vendor/lib:/opt/ros/foxy/lib/x86_64-linux-gnu:/opt/ros/foxy/lib'), ('HOME', '/home/lbarnett'), ('CHROME_DESKTOP', 'code-url-handler.desktop'), ('CONDA_SHLVL', '0'), ('TERM_PROGRAM_VERSION', '1.63.2'), ('DESKTOP_SESSION', 'ubuntu'), ('GIO_LAUNCHED_DESKTOP_FILE', '/usr/share/applications/code.desktop'), ('ROS_PYTHON_VERSION', '3'), ('GNOME_SHELL_SESSION_MODE', 'ubuntu'), ('GTK_MODULES', 'gail:atk-bridge'), ('VSCODE_GIT_ASKPASS_MAIN', '/usr/share/code/resources/app/extensions/git/dist/askpass-main.js'), ('VSCODE_GIT_ASKPASS_NODE', '/usr/share/code/code'), ('MANAGERPID', '1607'), ('DBUS_SESSION_BUS_ADDRESS', 'unix:path=/run/user/1000/bus'), ('COLORTERM', 'truecolor'), ('GIO_LAUNCHED_DESKTOP_FILE_PID', '88759'), ('MANDATORY_PATH', '/usr/share/gconf/ubuntu.mandatory.path'), ('IM_CONFIG_PHASE', '1'), ('COLCON_PREFIX_PATH', '/home/lbarnett/ros2_ws/install'), ('ROS_DISTRO', 'foxy'), ('LOGNAME', 'lbarnett'), ('_', '/usr/bin/colcon'), ('JOURNAL_STREAM', '8:42385'), ('ROS_VERSION', '2'), ('XDG_SESSION_CLASS', 'user'), ('DEFAULTS_PATH', '/usr/share/gconf/ubuntu.default.path'), ('USERNAME', 'lbarnett'), ('TERM', 'xterm-256color'), ('GNOME_DESKTOP_SESSION_ID', 'this-is-deprecated'), ('ROS_LOCALHOST_ONLY', '0'), ('WINDOWPATH', '2'), ('PATH', '/home/lbarnett/.local/bin:/usr/local/cuda/bin:/home/lbarnett/anaconda3/condabin:/opt/ros/foxy/bin:/home/lbarnett/.local/bin:/usr/local/sbin:/usr/local/bin:/usr/sbin:/usr/bin:/sbin:/bin:/usr/games:/usr/local/games:/snap/bin:/opt/mssql-tools/bin'), ('SESSION_MANAGER', 'local/luke-XPS:@/tmp/.ICE-unix/1785,unix/luke-XPS:/tmp/.ICE-unix/1785'), ('INVOCATION_ID', 'ab4bcb4785114779b4b0ca61d75d71ea'), ('XDG_MENU_PREFIX', 'gnome-'), ('XDG_RUNTIME_DIR', '/run/user/1000'), ('GDK_BACKEND', 'x11'), ('DISPLAY', ':1'), ('LANG', 'en_US.UTF-8'), ('XDG_CURRENT_DESKTOP', 'Unity'), ('RMW_IMPLEMENTATION', 'rmw_cyclonedds_cpp'), ('XMODIFIERS', '@im=ibus'), ('XDG_SESSION_DESKTOP', 'ubuntu'), ('XAUTHORITY', '/run/user/1000/gdm/Xauthority'), ('VSCODE_GIT_IPC_HANDLE', '/run/user/1000/vscode-git-697d0d6dc9.sock'), ('TERM_PROGRAM', 'vscode'), ('SSH_AUTH_SOCK', '/run/user/1000/keyring/ssh'), ('AMENT_PREFIX_PATH', '/home/lbarnett/ros2_ws/src/rcraicer/install/rcraicer_msgs:/home/lbarnett/ros2_ws/install/rviz_satellite:/home/lbarnett/ros2_ws/install/robot_localization:/home/lbarnett/ros2_ws/install/rcraicer_utils:/home/lbarnett/ros2_ws/install/rcraicer_ui:/home/lbarnett/ros2_ws/install/rcraicer_sim:/home/lbarnett/ros2_ws/install/rcraicer_mapping:/home/lbarnett/ros2_ws/install/rcraicer_gps:/home/lbarnett/ros2_ws/install/rcraicer_description:/home/lbarnett/ros2_ws/install/rcraicer:/home/lbarnett/ros2_ws/install/rcraicer_msgs:/home/lbarnett/ros2_ws/install/rcraicer_mppi_test:/home/lbarnett/ros2_ws/install/rcraicer_mppi:/home/lbarnett/ros2_ws/install/rcraicer_imu:/home/lbarnett/ros2_ws/install/mavros:/home/lbarnett/ros2_ws/install/mavros_msgs:/home/lbarnett/ros2_ws/install/libmavconn:/home/lbarnett/ros2_ws/install/kalman_filter_localization:/opt/ros/foxy'), ('CONDA_PYTHON_EXE', '/home/lbarnett/anaconda3/bin/python'), ('ORIGINAL_XDG_CURRENT_DESKTOP', 'ubuntu:GNOME'), ('SHELL', '/bin/bash'), ('QT_ACCESSIBILITY', '1'), ('GDMSESSION', 'ubuntu'), ('LESSCLOSE', '/usr/bin/lesspipe %s %s'), ('GPG_AGENT_INFO', '/run/user/1000/gnupg/S.gpg-agent:0:1'), ('GJS_DEBUG_OUTPUT', 'stderr'), ('VSCODE_GIT_ASKPASS_EXTRA_ARGS', '--ms-enable-electron-run-as-node'), ('QT_IM_MODULE', 'ibus'), ('PWD', '/home/lbarnett/ros2_ws/src/rcraicer/build/rcraicer'), ('KICAD_PATH', '/usr/share/kicad'), ('XDG_CONFIG_DIRS', '/etc/xdg/xdg-ubuntu:/etc/xdg'), ('CONDA_EXE', '/home/lbarnett/anaconda3/bin/conda'), ('XDG_DATA_DIRS', '/usr/share/ubuntu:/usr/local/share:/usr/share:/var/lib/snapd/desktop'), ('PYTHONPATH', '/home/lbarnett/ros2_ws/src/rcraicer/install/rcraicer_msgs/lib/python3.8/site-packages:/home/lbarnett/ros2_ws/install/robot_localization/lib/python3.8/site-packages:/home/lbarnett/ros2_ws/install/rcraicer_utils/lib/python3.8/site-packages:/home/lbarnett/ros2_ws/install/rcraicer_ui/lib/python3.8/site-packages:/home/lbarnett/ros2_ws/install/rcraicer_msgs/lib/python3.8/site-packages:/home/lbarnett/ros2_ws/install/mavros/lib/python3.8/site-packages:/home/lbarnett/ros2_ws/install/mavros_msgs/lib/python3.8/site-packages:/opt/ros/foxy/lib/python3.8/site-packages'), ('BREAKPAD_DUMP_LOCATION', '/home/lbarnett/.config/Code/exthost Crash Reports'), ('COLCON', '1'), ('CMAKE_PREFIX_PATH', '/home/lbarnett/ros2_ws/src/rcraicer/install/rcraicer_msgs:/home/lbarnett/ros2_ws/install/rviz_satellite:/home/lbarnett/ros2_ws/install/robot_localization:/home/lbarnett/ros2_ws/install/rcraicer_sim:/home/lbarnett/ros2_ws/install/rcraicer_mapping:/home/lbarnett/ros2_ws/install/rcraicer_gps:/home/lbarnett/ros2_ws/install/rcraicer_description:/home/lbarnett/ros2_ws/install/rcraicer:/home/lbarnett/ros2_ws/install/rcraicer_msgs:/home/lbarnett/ros2_ws/install/rcraicer_mppi_test:/home/lbarnett/ros2_ws/install/rcraicer_mppi:/home/lbarnett/ros2_ws/install/rcraicer_imu:/home/lbarnett/ros2_ws/install/mavros:/home/lbarnett/ros2_ws/install/mavros_msgs:/home/lbarnett/ros2_ws/install/libmavconn:/home/lbarnett/ros2_ws/install/kalman_filter_localization:/home/lbarnett/ros2_ws/install/rcraicer_utils:/home/lbarnett/ros2_ws/install/rcraicer_ui:/opt/ros/foxy')]), 'shell': False}
[1.401412] (-) TimerEvent: {}
[1.411887] (rcraicer) CommandEnded: {'returncode': 0}
[1.469795] (rcraicer) JobEnded: {'identifier': 'rcraicer', 'rc': 0}
[1.470526] (-) EventReactorShutdown: {}
