[0.037s] Invoking command in '/home/lbarnett/ros2_ws/src/rcraicer/build/rcraicer_imu': CMAKE_PREFIX_PATH=${CMAKE_PREFIX_PATH}:/home/lbarnett/ros2_ws/install/rcraicer_utils:/home/lbarnett/ros2_ws/install/rcraicer_ui:/opt/ros/foxy /usr/bin/cmake /home/lbarnett/ros2_ws/src/rcraicer/rcraicer_imu -DCMAKE_BUILD_TYPE=RelWithDebInfo -DCMAKE_INSTALL_PREFIX=/home/lbarnett/ros2_ws/src/rcraicer/install/rcraicer_imu
[0.241s] -- The C compiler identification is GNU 9.3.0
[0.400s] -- The CXX compiler identification is GNU 9.3.0
[0.409s] -- Check for working C compiler: /usr/bin/cc
[0.536s] -- Check for working C compiler: /usr/bin/cc -- works
[0.537s] -- Detecting C compiler ABI info
[0.646s] -- Detecting C compiler ABI info - done
[0.669s] -- Detecting C compile features
[0.670s] -- Detecting C compile features - done
[0.671s] -- Check for working CXX compiler: /usr/bin/c++
[0.790s] -- Check for working CXX compiler: /usr/bin/c++ -- works
[0.791s] -- Detecting CXX compiler ABI info
[0.925s] -- Detecting CXX compiler ABI info - done
[0.975s] -- Detecting CXX compile features
[0.977s] -- Detecting CXX compile features - done
[0.984s] -- Found ament_cmake: 0.9.9 (/opt/ros/foxy/share/ament_cmake/cmake)
[1.050s] -- Found PythonInterp: /usr/bin/python3 (found suitable version "3.8.10", minimum required is "3") 
[1.050s] -- Using PYTHON_EXECUTABLE: /usr/bin/python3
[1.471s] -- Found rclcpp: 2.4.0 (/opt/ros/foxy/share/rclcpp/cmake)
[1.589s] -- Using all available rosidl_typesupport_c: rosidl_typesupport_fastrtps_c;rosidl_typesupport_introspection_c
[1.603s] -- Found rosidl_adapter: 1.2.1 (/opt/ros/foxy/share/rosidl_adapter/cmake)
[1.792s] -- Found OpenSSL: /usr/lib/x86_64-linux-gnu/libcrypto.so (found version "1.1.1f")  
[1.837s] -- Found FastRTPS: /opt/ros/foxy/include  
[1.992s] -- Using all available rosidl_typesupport_cpp: rosidl_typesupport_fastrtps_cpp;rosidl_typesupport_introspection_cpp
[2.119s] -- Found rmw_implementation_cmake: 1.0.3 (/opt/ros/foxy/share/rmw_implementation_cmake/cmake)
[2.124s] -- Using RMW implementation 'rmw_cyclonedds_cpp' as default
[2.126s] -- Looking for pthread.h
[2.286s] -- Looking for pthread.h - found
[2.286s] -- Performing Test CMAKE_HAVE_LIBC_PTHREAD
[2.453s] -- Performing Test CMAKE_HAVE_LIBC_PTHREAD - Failed
[2.454s] -- Looking for pthread_create in pthreads
[2.631s] -- Looking for pthread_create in pthreads - not found
[2.632s] -- Looking for pthread_create in pthread
[2.808s] -- Looking for pthread_create in pthread - found
[2.810s] -- Found Threads: TRUE  
[3.119s] -- Found sensor_msgs: 2.0.4 (/opt/ros/foxy/share/sensor_msgs/cmake)
[3.351s] -- Found tf2: 0.13.11 (/opt/ros/foxy/share/tf2/cmake)
[3.371s] -- Found tf2_eigen: 0.13.11 (/opt/ros/foxy/share/tf2_eigen/cmake)
[4.116s] -- Found Eigen3: TRUE (found version "3.3.90") 
[4.133s] -- Found ament_lint_auto: 0.9.6 (/opt/ros/foxy/share/ament_lint_auto/cmake)
[4.299s] -- Added test 'copyright' to check source files copyright and LICENSE
[4.301s] -- Added test 'cppcheck' to perform static code analysis on C / C++ code
[4.302s] -- Configured cppcheck include dirs: 
[4.302s] -- Configured cppcheck exclude dirs and/or files: 
[4.304s] -- Added test 'cpplint' to check C / C++ code against the Google style
[4.304s] -- Configured cpplint exclude dirs and/or files: 
[4.306s] -- Added test 'lint_cmake' to check CMake code style
[4.309s] -- Added test 'uncrustify' to check C / C++ code style
[4.309s] -- Configured uncrustify additional arguments: 
[4.311s] -- Added test 'xmllint' to check XML markup files
[4.320s] -- Configuring done
[4.337s] -- Generating done
[4.338s] -- Build files have been written to: /home/lbarnett/ros2_ws/src/rcraicer/build/rcraicer_imu
[4.353s] Invoked command in '/home/lbarnett/ros2_ws/src/rcraicer/build/rcraicer_imu' returned '0': CMAKE_PREFIX_PATH=${CMAKE_PREFIX_PATH}:/home/lbarnett/ros2_ws/install/rcraicer_utils:/home/lbarnett/ros2_ws/install/rcraicer_ui:/opt/ros/foxy /usr/bin/cmake /home/lbarnett/ros2_ws/src/rcraicer/rcraicer_imu -DCMAKE_BUILD_TYPE=RelWithDebInfo -DCMAKE_INSTALL_PREFIX=/home/lbarnett/ros2_ws/src/rcraicer/install/rcraicer_imu
[4.358s] Invoking command in '/home/lbarnett/ros2_ws/src/rcraicer/build/rcraicer_imu': CMAKE_PREFIX_PATH=${CMAKE_PREFIX_PATH}:/home/lbarnett/ros2_ws/install/rcraicer_utils:/home/lbarnett/ros2_ws/install/rcraicer_ui:/opt/ros/foxy /usr/bin/cmake --build /home/lbarnett/ros2_ws/src/rcraicer/build/rcraicer_imu -- -j8 -l8
[4.478s] [35m[1mScanning dependencies of target imu[0m
[4.638s] [ 25%] [32mBuilding CXX object CMakeFiles/imu.dir/src/y3_protocol.cpp.o[0m
[4.645s] [ 50%] [32mBuilding CXX object CMakeFiles/imu.dir/src/imu.cpp.o[0m
[4.668s] [ 75%] [32mBuilding CXX object CMakeFiles/imu.dir/src/serial_port.cpp.o[0m
[36.446s] [100%] [32m[1mLinking CXX executable imu[0m
[36.749s] [100%] Built target imu
[36.764s] Invoked command in '/home/lbarnett/ros2_ws/src/rcraicer/build/rcraicer_imu' returned '0': CMAKE_PREFIX_PATH=${CMAKE_PREFIX_PATH}:/home/lbarnett/ros2_ws/install/rcraicer_utils:/home/lbarnett/ros2_ws/install/rcraicer_ui:/opt/ros/foxy /usr/bin/cmake --build /home/lbarnett/ros2_ws/src/rcraicer/build/rcraicer_imu -- -j8 -l8
[36.823s] Invoking command in '/home/lbarnett/ros2_ws/src/rcraicer/build/rcraicer_imu': CMAKE_PREFIX_PATH=${CMAKE_PREFIX_PATH}:/home/lbarnett/ros2_ws/install/rcraicer_utils:/home/lbarnett/ros2_ws/install/rcraicer_ui:/opt/ros/foxy /usr/bin/cmake --install /home/lbarnett/ros2_ws/src/rcraicer/build/rcraicer_imu
[36.837s] -- Install configuration: "RelWithDebInfo"
[36.837s] -- Installing: /home/lbarnett/ros2_ws/src/rcraicer/install/rcraicer_imu/share/ament_index/resource_index/package_run_dependencies/rcraicer_imu
[36.838s] -- Installing: /home/lbarnett/ros2_ws/src/rcraicer/install/rcraicer_imu/share/ament_index/resource_index/parent_prefix_path/rcraicer_imu
[36.838s] -- Installing: /home/lbarnett/ros2_ws/src/rcraicer/install/rcraicer_imu/share/rcraicer_imu/environment/ament_prefix_path.sh
[36.838s] -- Installing: /home/lbarnett/ros2_ws/src/rcraicer/install/rcraicer_imu/share/rcraicer_imu/environment/ament_prefix_path.dsv
[36.838s] -- Installing: /home/lbarnett/ros2_ws/src/rcraicer/install/rcraicer_imu/share/rcraicer_imu/environment/path.sh
[36.839s] -- Installing: /home/lbarnett/ros2_ws/src/rcraicer/install/rcraicer_imu/share/rcraicer_imu/environment/path.dsv
[36.839s] -- Installing: /home/lbarnett/ros2_ws/src/rcraicer/install/rcraicer_imu/share/rcraicer_imu/local_setup.bash
[36.839s] -- Installing: /home/lbarnett/ros2_ws/src/rcraicer/install/rcraicer_imu/share/rcraicer_imu/local_setup.sh
[36.839s] -- Installing: /home/lbarnett/ros2_ws/src/rcraicer/install/rcraicer_imu/share/rcraicer_imu/local_setup.zsh
[36.839s] -- Installing: /home/lbarnett/ros2_ws/src/rcraicer/install/rcraicer_imu/share/rcraicer_imu/local_setup.dsv
[36.840s] -- Installing: /home/lbarnett/ros2_ws/src/rcraicer/install/rcraicer_imu/share/rcraicer_imu/package.dsv
[36.840s] -- Installing: /home/lbarnett/ros2_ws/src/rcraicer/install/rcraicer_imu/share/ament_index/resource_index/packages/rcraicer_imu
[36.840s] -- Installing: /home/lbarnett/ros2_ws/src/rcraicer/install/rcraicer_imu/share/rcraicer_imu/cmake/rcraicer_imuConfig.cmake
[36.841s] -- Installing: /home/lbarnett/ros2_ws/src/rcraicer/install/rcraicer_imu/share/rcraicer_imu/cmake/rcraicer_imuConfig-version.cmake
[36.841s] -- Installing: /home/lbarnett/ros2_ws/src/rcraicer/install/rcraicer_imu/share/rcraicer_imu/package.xml
[36.849s] Invoked command in '/home/lbarnett/ros2_ws/src/rcraicer/build/rcraicer_imu' returned '0': CMAKE_PREFIX_PATH=${CMAKE_PREFIX_PATH}:/home/lbarnett/ros2_ws/install/rcraicer_utils:/home/lbarnett/ros2_ws/install/rcraicer_ui:/opt/ros/foxy /usr/bin/cmake --install /home/lbarnett/ros2_ws/src/rcraicer/build/rcraicer_imu
