[0.076s] Invoking command in '/home/lbarnett/ros2_ws/src/rcraicer/build/rcraicer': AMENT_PREFIX_PATH=/home/lbarnett/ros2_ws/src/rcraicer/install/rcraicer_msgs:${AMENT_PREFIX_PATH} CMAKE_PREFIX_PATH=/home/lbarnett/ros2_ws/src/rcraicer/install/rcraicer_msgs:/home/lbarnett/ros2_ws/install/rviz_satellite:/home/lbarnett/ros2_ws/install/robot_localization:/home/lbarnett/ros2_ws/install/rcraicer_sim:/home/lbarnett/ros2_ws/install/rcraicer_mapping:/home/lbarnett/ros2_ws/install/rcraicer_gps:/home/lbarnett/ros2_ws/install/rcraicer_description:/home/lbarnett/ros2_ws/install/rcraicer:/home/lbarnett/ros2_ws/install/rcraicer_msgs:/home/lbarnett/ros2_ws/install/rcraicer_mppi_test:/home/lbarnett/ros2_ws/install/rcraicer_mppi:/home/lbarnett/ros2_ws/install/rcraicer_imu:/home/lbarnett/ros2_ws/install/mavros:/home/lbarnett/ros2_ws/install/mavros_msgs:/home/lbarnett/ros2_ws/install/libmavconn:/home/lbarnett/ros2_ws/install/kalman_filter_localization:/home/lbarnett/ros2_ws/install/rcraicer_utils:/home/lbarnett/ros2_ws/install/rcraicer_ui:/opt/ros/foxy LD_LIBRARY_PATH=/home/lbarnett/ros2_ws/src/rcraicer/install/rcraicer_msgs/lib:${LD_LIBRARY_PATH} PYTHONPATH=/home/lbarnett/ros2_ws/src/rcraicer/install/rcraicer_msgs/lib/python3.8/site-packages:${PYTHONPATH} /usr/bin/cmake --build /home/lbarnett/ros2_ws/src/rcraicer/build/rcraicer -- -j8 -l8
[0.498s] [ 20%] Built target state_estimator
[0.498s] [ 50%] Built target arduino_controller
[0.498s] [ 80%] Built target imu_mavlink
[0.498s] [100%] Built target wheel_odometry
[0.510s] Invoked command in '/home/lbarnett/ros2_ws/src/rcraicer/build/rcraicer' returned '0': AMENT_PREFIX_PATH=/home/lbarnett/ros2_ws/src/rcraicer/install/rcraicer_msgs:${AMENT_PREFIX_PATH} CMAKE_PREFIX_PATH=/home/lbarnett/ros2_ws/src/rcraicer/install/rcraicer_msgs:/home/lbarnett/ros2_ws/install/rviz_satellite:/home/lbarnett/ros2_ws/install/robot_localization:/home/lbarnett/ros2_ws/install/rcraicer_sim:/home/lbarnett/ros2_ws/install/rcraicer_mapping:/home/lbarnett/ros2_ws/install/rcraicer_gps:/home/lbarnett/ros2_ws/install/rcraicer_description:/home/lbarnett/ros2_ws/install/rcraicer:/home/lbarnett/ros2_ws/install/rcraicer_msgs:/home/lbarnett/ros2_ws/install/rcraicer_mppi_test:/home/lbarnett/ros2_ws/install/rcraicer_mppi:/home/lbarnett/ros2_ws/install/rcraicer_imu:/home/lbarnett/ros2_ws/install/mavros:/home/lbarnett/ros2_ws/install/mavros_msgs:/home/lbarnett/ros2_ws/install/libmavconn:/home/lbarnett/ros2_ws/install/kalman_filter_localization:/home/lbarnett/ros2_ws/install/rcraicer_utils:/home/lbarnett/ros2_ws/install/rcraicer_ui:/opt/ros/foxy LD_LIBRARY_PATH=/home/lbarnett/ros2_ws/src/rcraicer/install/rcraicer_msgs/lib:${LD_LIBRARY_PATH} PYTHONPATH=/home/lbarnett/ros2_ws/src/rcraicer/install/rcraicer_msgs/lib/python3.8/site-packages:${PYTHONPATH} /usr/bin/cmake --build /home/lbarnett/ros2_ws/src/rcraicer/build/rcraicer -- -j8 -l8
[0.871s] Invoking command in '/home/lbarnett/ros2_ws/src/rcraicer/build/rcraicer': AMENT_PREFIX_PATH=/home/lbarnett/ros2_ws/src/rcraicer/install/rcraicer_msgs:${AMENT_PREFIX_PATH} CMAKE_PREFIX_PATH=/home/lbarnett/ros2_ws/src/rcraicer/install/rcraicer_msgs:/home/lbarnett/ros2_ws/install/rviz_satellite:/home/lbarnett/ros2_ws/install/robot_localization:/home/lbarnett/ros2_ws/install/rcraicer_sim:/home/lbarnett/ros2_ws/install/rcraicer_mapping:/home/lbarnett/ros2_ws/install/rcraicer_gps:/home/lbarnett/ros2_ws/install/rcraicer_description:/home/lbarnett/ros2_ws/install/rcraicer:/home/lbarnett/ros2_ws/install/rcraicer_msgs:/home/lbarnett/ros2_ws/install/rcraicer_mppi_test:/home/lbarnett/ros2_ws/install/rcraicer_mppi:/home/lbarnett/ros2_ws/install/rcraicer_imu:/home/lbarnett/ros2_ws/install/mavros:/home/lbarnett/ros2_ws/install/mavros_msgs:/home/lbarnett/ros2_ws/install/libmavconn:/home/lbarnett/ros2_ws/install/kalman_filter_localization:/home/lbarnett/ros2_ws/install/rcraicer_utils:/home/lbarnett/ros2_ws/install/rcraicer_ui:/opt/ros/foxy LD_LIBRARY_PATH=/home/lbarnett/ros2_ws/src/rcraicer/install/rcraicer_msgs/lib:${LD_LIBRARY_PATH} PYTHONPATH=/home/lbarnett/ros2_ws/src/rcraicer/install/rcraicer_msgs/lib/python3.8/site-packages:${PYTHONPATH} /usr/bin/cmake --install /home/lbarnett/ros2_ws/src/rcraicer/build/rcraicer
[0.931s] -- Install configuration: "RelWithDebInfo"
[0.931s] -- Up-to-date: /home/lbarnett/ros2_ws/src/rcraicer/install/rcraicer/lib/rcraicer/imu_mavlink
[0.931s] -- Up-to-date: /home/lbarnett/ros2_ws/src/rcraicer/install/rcraicer/lib/rcraicer/arduino_controller
[0.931s] -- Up-to-date: /home/lbarnett/ros2_ws/src/rcraicer/install/rcraicer/lib/rcraicer/wheel_odometry
[0.931s] -- Up-to-date: /home/lbarnett/ros2_ws/src/rcraicer/install/rcraicer/lib/rcraicer/state_estimator
[0.931s] -- Up-to-date: /home/lbarnett/ros2_ws/src/rcraicer/install/rcraicer/share/rcraicer//launch
[0.931s] -- Up-to-date: /home/lbarnett/ros2_ws/src/rcraicer/install/rcraicer/share/rcraicer//launch/odom.txt
[0.932s] -- Up-to-date: /home/lbarnett/ros2_ws/src/rcraicer/install/rcraicer/share/rcraicer//launch/gps_launch.py
[0.932s] -- Up-to-date: /home/lbarnett/ros2_ws/src/rcraicer/install/rcraicer/share/rcraicer//launch/odom_launch.py
[0.932s] -- Up-to-date: /home/lbarnett/ros2_ws/src/rcraicer/install/rcraicer/share/rcraicer//launch/odom2.txt
[0.932s] -- Up-to-date: /home/lbarnett/ros2_ws/src/rcraicer/install/rcraicer/share/rcraicer//launch/onboard_launch.py
[0.932s] -- Up-to-date: /home/lbarnett/ros2_ws/src/rcraicer/install/rcraicer/share/rcraicer//launch/test_launch copy 2.py
[0.935s] -- Up-to-date: /home/lbarnett/ros2_ws/src/rcraicer/install/rcraicer/share/rcraicer//launch/sim_launch.py
[0.935s] -- Up-to-date: /home/lbarnett/ros2_ws/src/rcraicer/install/rcraicer/share/rcraicer//launch/__pycache__
[0.935s] -- Up-to-date: /home/lbarnett/ros2_ws/src/rcraicer/install/rcraicer/share/rcraicer//launch/__pycache__/test_launch.cpython-38.pyc
[0.935s] -- Up-to-date: /home/lbarnett/ros2_ws/src/rcraicer/install/rcraicer/share/rcraicer//launch/__pycache__/sim_launch_basic.cpython-38.pyc
[0.935s] -- Up-to-date: /home/lbarnett/ros2_ws/src/rcraicer/install/rcraicer/share/rcraicer//launch/tf_launch.py
[0.935s] -- Up-to-date: /home/lbarnett/ros2_ws/src/rcraicer/install/rcraicer/share/rcraicer//launch/mapviz_launch.py
[0.936s] -- Up-to-date: /home/lbarnett/ros2_ws/src/rcraicer/install/rcraicer/share/rcraicer//launch/offboard_launch.py
[0.936s] -- Up-to-date: /home/lbarnett/ros2_ws/src/rcraicer/install/rcraicer/share/rcraicer//launch/sim_launch_basic.py
[0.936s] -- Up-to-date: /home/lbarnett/ros2_ws/src/rcraicer/install/rcraicer/share/rcraicer//launch/odom.ods
[0.936s] -- Up-to-date: /home/lbarnett/ros2_ws/src/rcraicer/install/rcraicer/share/ament_index/resource_index/package_run_dependencies/rcraicer
[0.936s] -- Up-to-date: /home/lbarnett/ros2_ws/src/rcraicer/install/rcraicer/share/ament_index/resource_index/parent_prefix_path/rcraicer
[0.936s] -- Up-to-date: /home/lbarnett/ros2_ws/src/rcraicer/install/rcraicer/share/rcraicer/environment/ament_prefix_path.sh
[0.936s] -- Up-to-date: /home/lbarnett/ros2_ws/src/rcraicer/install/rcraicer/share/rcraicer/environment/ament_prefix_path.dsv
[0.937s] -- Up-to-date: /home/lbarnett/ros2_ws/src/rcraicer/install/rcraicer/share/rcraicer/environment/path.sh
[0.937s] -- Up-to-date: /home/lbarnett/ros2_ws/src/rcraicer/install/rcraicer/share/rcraicer/environment/path.dsv
[0.937s] -- Up-to-date: /home/lbarnett/ros2_ws/src/rcraicer/install/rcraicer/share/rcraicer/local_setup.bash
[0.937s] -- Up-to-date: /home/lbarnett/ros2_ws/src/rcraicer/install/rcraicer/share/rcraicer/local_setup.sh
[0.937s] -- Up-to-date: /home/lbarnett/ros2_ws/src/rcraicer/install/rcraicer/share/rcraicer/local_setup.zsh
[0.937s] -- Up-to-date: /home/lbarnett/ros2_ws/src/rcraicer/install/rcraicer/share/rcraicer/local_setup.dsv
[0.937s] -- Installing: /home/lbarnett/ros2_ws/src/rcraicer/install/rcraicer/share/rcraicer/package.dsv
[0.938s] -- Up-to-date: /home/lbarnett/ros2_ws/src/rcraicer/install/rcraicer/share/ament_index/resource_index/packages/rcraicer
[0.938s] -- Up-to-date: /home/lbarnett/ros2_ws/src/rcraicer/install/rcraicer/share/rcraicer/cmake/rcraicerConfig.cmake
[0.938s] -- Up-to-date: /home/lbarnett/ros2_ws/src/rcraicer/install/rcraicer/share/rcraicer/cmake/rcraicerConfig-version.cmake
[0.938s] -- Up-to-date: /home/lbarnett/ros2_ws/src/rcraicer/install/rcraicer/share/rcraicer/package.xml
[0.976s] Invoked command in '/home/lbarnett/ros2_ws/src/rcraicer/build/rcraicer' returned '0': AMENT_PREFIX_PATH=/home/lbarnett/ros2_ws/src/rcraicer/install/rcraicer_msgs:${AMENT_PREFIX_PATH} CMAKE_PREFIX_PATH=/home/lbarnett/ros2_ws/src/rcraicer/install/rcraicer_msgs:/home/lbarnett/ros2_ws/install/rviz_satellite:/home/lbarnett/ros2_ws/install/robot_localization:/home/lbarnett/ros2_ws/install/rcraicer_sim:/home/lbarnett/ros2_ws/install/rcraicer_mapping:/home/lbarnett/ros2_ws/install/rcraicer_gps:/home/lbarnett/ros2_ws/install/rcraicer_description:/home/lbarnett/ros2_ws/install/rcraicer:/home/lbarnett/ros2_ws/install/rcraicer_msgs:/home/lbarnett/ros2_ws/install/rcraicer_mppi_test:/home/lbarnett/ros2_ws/install/rcraicer_mppi:/home/lbarnett/ros2_ws/install/rcraicer_imu:/home/lbarnett/ros2_ws/install/mavros:/home/lbarnett/ros2_ws/install/mavros_msgs:/home/lbarnett/ros2_ws/install/libmavconn:/home/lbarnett/ros2_ws/install/kalman_filter_localization:/home/lbarnett/ros2_ws/install/rcraicer_utils:/home/lbarnett/ros2_ws/install/rcraicer_ui:/opt/ros/foxy LD_LIBRARY_PATH=/home/lbarnett/ros2_ws/src/rcraicer/install/rcraicer_msgs/lib:${LD_LIBRARY_PATH} PYTHONPATH=/home/lbarnett/ros2_ws/src/rcraicer/install/rcraicer_msgs/lib/python3.8/site-packages:${PYTHONPATH} /usr/bin/cmake --install /home/lbarnett/ros2_ws/src/rcraicer/build/rcraicer
