-- The C compiler identification is GNU 9.3.0
-- The CXX compiler identification is GNU 9.3.0
-- Check for working C compiler: /usr/bin/cc
-- Check for working C compiler: /usr/bin/cc -- works
-- Detecting C compiler ABI info
-- Detecting C compiler ABI info - done
-- Detecting C compile features
-- Detecting C compile features - done
-- Check for working CXX compiler: /usr/bin/c++
-- Check for working CXX compiler: /usr/bin/c++ -- works
-- Detecting CXX compiler ABI info
-- Detecting CXX compiler ABI info - done
-- Detecting CXX compile features
-- Detecting CXX compile features - done
-- Found ament_cmake: 0.9.9 (/opt/ros/foxy/share/ament_cmake/cmake)
-- Found PythonInterp: /usr/bin/python3 (found suitable version "3.8.10", minimum required is "3") 
-- Using PYTHON_EXECUTABLE: /usr/bin/python3
-- Found builtin_interfaces: 1.0.0 (/opt/ros/foxy/share/builtin_interfaces/cmake)
-- Using all available rosidl_typesupport_c: rosidl_typesupport_fastrtps_c;rosidl_typesupport_introspection_c
-- Found rosidl_adapter: 1.2.1 (/opt/ros/foxy/share/rosidl_adapter/cmake)
-- Found OpenSSL: /usr/lib/x86_64-linux-gnu/libcrypto.so (found version "1.1.1f")  
-- Found FastRTPS: /opt/ros/foxy/include  
-- Using all available rosidl_typesupport_cpp: rosidl_typesupport_fastrtps_cpp;rosidl_typesupport_introspection_cpp
-- Found rosidl_default_generators: 1.0.1 (/opt/ros/foxy/share/rosidl_default_generators/cmake)
-- Found std_msgs: 2.0.4 (/opt/ros/foxy/share/std_msgs/cmake)
-- Found geometry_msgs: 2.0.4 (/opt/ros/foxy/share/geometry_msgs/cmake)
-- Found PythonInterp: /usr/bin/python3 (found version "3.8.10") 
-- Found ament_cmake_ros: 0.9.2 (/opt/ros/foxy/share/ament_cmake_ros/cmake)
-- Using all available rosidl_typesupport_c: rosidl_typesupport_fastrtps_c;rosidl_typesupport_introspection_c
-- Using all available rosidl_typesupport_cpp: rosidl_typesupport_fastrtps_cpp;rosidl_typesupport_introspection_cpp
-- Found PythonInterp: /usr/bin/python3 (found suitable version "3.8.10", minimum required is "3.5") 
-- Found python_cmake_module: 0.8.1 (/opt/ros/foxy/share/python_cmake_module/cmake)
-- Found PythonLibs: /usr/lib/x86_64-linux-gnu/libpython3.8.so (found suitable version "3.8.10", minimum required is "3.5") 
-- Using PYTHON_EXECUTABLE: /usr/bin/python3
-- Using PYTHON_INCLUDE_DIRS: /usr/include/python3.8
-- Using PYTHON_LIBRARIES: /usr/lib/x86_64-linux-gnu/libpython3.8.so
-- Found PythonExtra: .so  
-- Found ament_lint_auto: 0.9.6 (/opt/ros/foxy/share/ament_lint_auto/cmake)
-- Added test 'copyright' to check source files copyright and LICENSE
-- Added test 'lint_cmake' to check CMake code style
-- Added test 'xmllint' to check XML markup files
-- Configuring done
-- Generating done
-- Build files have been written to: /home/lbarnett/ros2_ws/src/rcraicer/build/rcraicer_msgs
[35m[1mScanning dependencies of target rcraicer_msgs__cpp[0m
[  1%] [34m[1mGenerating C code for ROS interfaces[0m
[  1%] [34m[1mGenerating C++ code for ROS interfaces[0m
[35m[1mScanning dependencies of target rcraicer_msgs__rosidl_generator_c[0m
[  2%] [32mBuilding C object CMakeFiles/rcraicer_msgs__rosidl_generator_c.dir/rosidl_generator_c/rcraicer_msgs/msg/detail/arduino_status__functions.c.o[0m
[  2%] [32mBuilding C object CMakeFiles/rcraicer_msgs__rosidl_generator_c.dir/rosidl_generator_c/rcraicer_msgs/msg/detail/encoder__functions.c.o[0m
[  2%] [32mBuilding C object CMakeFiles/rcraicer_msgs__rosidl_generator_c.dir/rosidl_generator_c/rcraicer_msgs/msg/detail/chassis_state__functions.c.o[0m
[  3%] [32mBuilding C object CMakeFiles/rcraicer_msgs__rosidl_generator_c.dir/rosidl_generator_c/rcraicer_msgs/msg/detail/chassis_command__functions.c.o[0m
[  3%] [32mBuilding C object CMakeFiles/rcraicer_msgs__rosidl_generator_c.dir/rosidl_generator_c/rcraicer_msgs/msg/detail/gps_status__functions.c.o[0m
[  4%] [32mBuilding C object CMakeFiles/rcraicer_msgs__rosidl_generator_c.dir/rosidl_generator_c/rcraicer_msgs/msg/detail/gps_survey__functions.c.o[0m
[  4%] [32mBuilding C object CMakeFiles/rcraicer_msgs__rosidl_generator_c.dir/rosidl_generator_c/rcraicer_msgs/msg/detail/gpsrf_status__functions.c.o[0m
[  5%] [32mBuilding C object CMakeFiles/rcraicer_msgs__rosidl_generator_c.dir/rosidl_generator_c/rcraicer_msgs/msg/detail/wheel_speed__functions.c.o[0m
[  6%] [32mBuilding C object CMakeFiles/rcraicer_msgs__rosidl_generator_c.dir/rosidl_generator_c/rcraicer_msgs/msg/detail/state_estimator_status__functions.c.o[0m
[  6%] [32mBuilding C object CMakeFiles/rcraicer_msgs__rosidl_generator_c.dir/rosidl_generator_c/rcraicer_msgs/msg/detail/imu_filter_output__functions.c.o[0m
[  7%] [32mBuilding C object CMakeFiles/rcraicer_msgs__rosidl_generator_c.dir/rosidl_generator_c/rcraicer_msgs/msg/detail/compute_status__functions.c.o[0m
[  7%] [32mBuilding C object CMakeFiles/rcraicer_msgs__rosidl_generator_c.dir/rosidl_generator_c/rcraicer_msgs/msg/detail/sim_state__functions.c.o[0m
[  8%] [32mBuilding C object CMakeFiles/rcraicer_msgs__rosidl_generator_c.dir/rosidl_generator_c/rcraicer_msgs/msg/detail/neural_net_layer__functions.c.o[0m
[  8%] [32mBuilding C object CMakeFiles/rcraicer_msgs__rosidl_generator_c.dir/rosidl_generator_c/rcraicer_msgs/msg/detail/neural_net_model__functions.c.o[0m
[  9%] [32mBuilding C object CMakeFiles/rcraicer_msgs__rosidl_generator_c.dir/rosidl_generator_c/rcraicer_msgs/msg/detail/path_integral_params__functions.c.o[0m
[ 10%] [32mBuilding C object CMakeFiles/rcraicer_msgs__rosidl_generator_c.dir/rosidl_generator_c/rcraicer_msgs/msg/detail/path_integral_status__functions.c.o[0m
[ 10%] [32mBuilding C object CMakeFiles/rcraicer_msgs__rosidl_generator_c.dir/rosidl_generator_c/rcraicer_msgs/msg/detail/path_integral_stats__functions.c.o[0m
[ 10%] [32mBuilding C object CMakeFiles/rcraicer_msgs__rosidl_generator_c.dir/rosidl_generator_c/rcraicer_msgs/msg/detail/path_integral_timing__functions.c.o[0m
[ 11%] [32mBuilding C object CMakeFiles/rcraicer_msgs__rosidl_generator_c.dir/rosidl_generator_c/rcraicer_msgs/msg/detail/lap_stats__functions.c.o[0m
[ 12%] [32mBuilding C object CMakeFiles/rcraicer_msgs__rosidl_generator_c.dir/rosidl_generator_c/rcraicer_msgs/msg/detail/run_stop__functions.c.o[0m
[ 12%] Built target rcraicer_msgs__cpp
[ 12%] [32m[1mLinking C shared library librcraicer_msgs__rosidl_generator_c.so[0m
[ 13%] [34m[1mGenerating C++ type support dispatch for ROS interfaces[0m
[ 14%] [34m[1mGenerating C++ introspection for ROS interfaces[0m
[ 15%] [34m[1mGenerating C++ type support for eProsima Fast-RTPS[0m
[ 15%] Built target rcraicer_msgs__rosidl_generator_c
[ 16%] [34m[1mGenerating C introspection for ROS interfaces[0m
[ 17%] [34m[1mGenerating C type support dispatch for ROS interfaces[0m
[35m[1mScanning dependencies of target rcraicer_msgs__rosidl_typesupport_cpp[0m
[35m[1mScanning dependencies of target rcraicer_msgs__rosidl_typesupport_c[0m
[ 17%] [32mBuilding CXX object CMakeFiles/rcraicer_msgs__rosidl_typesupport_cpp.dir/rosidl_typesupport_cpp/rcraicer_msgs/msg/encoder__type_support.cpp.o[0m
[ 18%] [32mBuilding CXX object CMakeFiles/rcraicer_msgs__rosidl_typesupport_cpp.dir/rosidl_typesupport_cpp/rcraicer_msgs/msg/arduino_status__type_support.cpp.o[0m
[ 18%] [32mBuilding CXX object CMakeFiles/rcraicer_msgs__rosidl_typesupport_cpp.dir/rosidl_typesupport_cpp/rcraicer_msgs/msg/chassis_state__type_support.cpp.o[0m
[ 18%] [32mBuilding CXX object CMakeFiles/rcraicer_msgs__rosidl_typesupport_c.dir/rosidl_typesupport_c/rcraicer_msgs/msg/encoder__type_support.cpp.o[0m
[ 19%] [32mBuilding CXX object CMakeFiles/rcraicer_msgs__rosidl_typesupport_cpp.dir/rosidl_typesupport_cpp/rcraicer_msgs/msg/chassis_command__type_support.cpp.o[0m
[ 20%] [32mBuilding CXX object CMakeFiles/rcraicer_msgs__rosidl_typesupport_c.dir/rosidl_typesupport_c/rcraicer_msgs/msg/arduino_status__type_support.cpp.o[0m
[ 20%] [32mBuilding CXX object CMakeFiles/rcraicer_msgs__rosidl_typesupport_c.dir/rosidl_typesupport_c/rcraicer_msgs/msg/chassis_state__type_support.cpp.o[0m
[ 21%] [32mBuilding CXX object CMakeFiles/rcraicer_msgs__rosidl_typesupport_c.dir/rosidl_typesupport_c/rcraicer_msgs/msg/chassis_command__type_support.cpp.o[0m
[ 21%] [32mBuilding CXX object CMakeFiles/rcraicer_msgs__rosidl_typesupport_c.dir/rosidl_typesupport_c/rcraicer_msgs/msg/gps_status__type_support.cpp.o[0m
[ 22%] [32mBuilding CXX object CMakeFiles/rcraicer_msgs__rosidl_typesupport_c.dir/rosidl_typesupport_c/rcraicer_msgs/msg/gps_survey__type_support.cpp.o[0m
[ 22%] [32mBuilding CXX object CMakeFiles/rcraicer_msgs__rosidl_typesupport_c.dir/rosidl_typesupport_c/rcraicer_msgs/msg/gpsrf_status__type_support.cpp.o[0m
[ 23%] [32mBuilding CXX object CMakeFiles/rcraicer_msgs__rosidl_typesupport_c.dir/rosidl_typesupport_c/rcraicer_msgs/msg/wheel_speed__type_support.cpp.o[0m
[ 23%] [32mBuilding CXX object CMakeFiles/rcraicer_msgs__rosidl_typesupport_cpp.dir/rosidl_typesupport_cpp/rcraicer_msgs/msg/gps_status__type_support.cpp.o[0m
[ 24%] [32mBuilding CXX object CMakeFiles/rcraicer_msgs__rosidl_typesupport_cpp.dir/rosidl_typesupport_cpp/rcraicer_msgs/msg/gps_survey__type_support.cpp.o[0m
[ 25%] [32mBuilding CXX object CMakeFiles/rcraicer_msgs__rosidl_typesupport_cpp.dir/rosidl_typesupport_cpp/rcraicer_msgs/msg/gpsrf_status__type_support.cpp.o[0m
[ 26%] [32mBuilding CXX object CMakeFiles/rcraicer_msgs__rosidl_typesupport_c.dir/rosidl_typesupport_c/rcraicer_msgs/msg/state_estimator_status__type_support.cpp.o[0m
[35m[1mScanning dependencies of target rcraicer_msgs__rosidl_typesupport_introspection_cpp[0m
[ 26%] [32mBuilding CXX object CMakeFiles/rcraicer_msgs__rosidl_typesupport_c.dir/rosidl_typesupport_c/rcraicer_msgs/msg/imu_filter_output__type_support.cpp.o[0m
[ 27%] [32mBuilding CXX object CMakeFiles/rcraicer_msgs__rosidl_typesupport_introspection_cpp.dir/rosidl_typesupport_introspection_cpp/rcraicer_msgs/msg/detail/encoder__type_support.cpp.o[0m
[ 28%] [32mBuilding CXX object CMakeFiles/rcraicer_msgs__rosidl_typesupport_c.dir/rosidl_typesupport_c/rcraicer_msgs/msg/compute_status__type_support.cpp.o[0m
[ 28%] [32mBuilding CXX object CMakeFiles/rcraicer_msgs__rosidl_typesupport_c.dir/rosidl_typesupport_c/rcraicer_msgs/msg/sim_state__type_support.cpp.o[0m
[ 29%] [32mBuilding CXX object CMakeFiles/rcraicer_msgs__rosidl_typesupport_c.dir/rosidl_typesupport_c/rcraicer_msgs/msg/neural_net_layer__type_support.cpp.o[0m
[ 29%] [32mBuilding CXX object CMakeFiles/rcraicer_msgs__rosidl_typesupport_c.dir/rosidl_typesupport_c/rcraicer_msgs/msg/neural_net_model__type_support.cpp.o[0m
[ 30%] [32mBuilding CXX object CMakeFiles/rcraicer_msgs__rosidl_typesupport_c.dir/rosidl_typesupport_c/rcraicer_msgs/msg/path_integral_params__type_support.cpp.o[0m
[35m[1mScanning dependencies of target rcraicer_msgs__rosidl_typesupport_introspection_c[0m
[ 30%] [32mBuilding CXX object CMakeFiles/rcraicer_msgs__rosidl_typesupport_cpp.dir/rosidl_typesupport_cpp/rcraicer_msgs/msg/wheel_speed__type_support.cpp.o[0m
[ 30%] [32mBuilding CXX object CMakeFiles/rcraicer_msgs__rosidl_typesupport_c.dir/rosidl_typesupport_c/rcraicer_msgs/msg/path_integral_stats__type_support.cpp.o[0m
[ 30%] [32mBuilding C object CMakeFiles/rcraicer_msgs__rosidl_typesupport_introspection_c.dir/rosidl_typesupport_introspection_c/rcraicer_msgs/msg/detail/encoder__type_support.c.o[0m
[ 31%] [32mBuilding CXX object CMakeFiles/rcraicer_msgs__rosidl_typesupport_c.dir/rosidl_typesupport_c/rcraicer_msgs/msg/path_integral_status__type_support.cpp.o[0m
[ 32%] [32mBuilding C object CMakeFiles/rcraicer_msgs__rosidl_typesupport_introspection_c.dir/rosidl_typesupport_introspection_c/rcraicer_msgs/msg/detail/arduino_status__type_support.c.o[0m
[ 33%] [32mBuilding C object CMakeFiles/rcraicer_msgs__rosidl_typesupport_introspection_c.dir/rosidl_typesupport_introspection_c/rcraicer_msgs/msg/detail/chassis_state__type_support.c.o[0m
[ 33%] [32mBuilding CXX object CMakeFiles/rcraicer_msgs__rosidl_typesupport_c.dir/rosidl_typesupport_c/rcraicer_msgs/msg/path_integral_timing__type_support.cpp.o[0m
[ 33%] [32mBuilding C object CMakeFiles/rcraicer_msgs__rosidl_typesupport_introspection_c.dir/rosidl_typesupport_introspection_c/rcraicer_msgs/msg/detail/chassis_command__type_support.c.o[0m
[ 34%] [32mBuilding CXX object CMakeFiles/rcraicer_msgs__rosidl_typesupport_c.dir/rosidl_typesupport_c/rcraicer_msgs/msg/lap_stats__type_support.cpp.o[0m
[ 35%] [32mBuilding C object CMakeFiles/rcraicer_msgs__rosidl_typesupport_introspection_c.dir/rosidl_typesupport_introspection_c/rcraicer_msgs/msg/detail/gps_status__type_support.c.o[0m
[ 36%] [32mBuilding CXX object CMakeFiles/rcraicer_msgs__rosidl_typesupport_c.dir/rosidl_typesupport_c/rcraicer_msgs/msg/run_stop__type_support.cpp.o[0m
[ 36%] [32mBuilding CXX object CMakeFiles/rcraicer_msgs__rosidl_typesupport_introspection_cpp.dir/rosidl_typesupport_introspection_cpp/rcraicer_msgs/msg/detail/arduino_status__type_support.cpp.o[0m
[ 36%] [32mBuilding C object CMakeFiles/rcraicer_msgs__rosidl_typesupport_introspection_c.dir/rosidl_typesupport_introspection_c/rcraicer_msgs/msg/detail/gps_survey__type_support.c.o[0m
[ 37%] [32mBuilding CXX object CMakeFiles/rcraicer_msgs__rosidl_typesupport_introspection_cpp.dir/rosidl_typesupport_introspection_cpp/rcraicer_msgs/msg/detail/chassis_state__type_support.cpp.o[0m
[ 37%] [32m[1mLinking CXX shared library librcraicer_msgs__rosidl_typesupport_c.so[0m
[ 38%] [32mBuilding CXX object CMakeFiles/rcraicer_msgs__rosidl_typesupport_cpp.dir/rosidl_typesupport_cpp/rcraicer_msgs/msg/state_estimator_status__type_support.cpp.o[0m
[ 39%] [32mBuilding C object CMakeFiles/rcraicer_msgs__rosidl_typesupport_introspection_c.dir/rosidl_typesupport_introspection_c/rcraicer_msgs/msg/detail/gpsrf_status__type_support.c.o[0m
[35m[1mScanning dependencies of target rcraicer_msgs__rosidl_typesupport_fastrtps_cpp[0m
[ 39%] [32mBuilding CXX object CMakeFiles/rcraicer_msgs__rosidl_typesupport_cpp.dir/rosidl_typesupport_cpp/rcraicer_msgs/msg/imu_filter_output__type_support.cpp.o[0m
[ 39%] Built target rcraicer_msgs__rosidl_typesupport_c
[ 40%] [32mBuilding CXX object CMakeFiles/rcraicer_msgs__rosidl_typesupport_fastrtps_cpp.dir/rosidl_typesupport_fastrtps_cpp/rcraicer_msgs/msg/detail/dds_fastrtps/arduino_status__type_support.cpp.o[0m
[ 40%] [32mBuilding C object CMakeFiles/rcraicer_msgs__rosidl_typesupport_introspection_c.dir/rosidl_typesupport_introspection_c/rcraicer_msgs/msg/detail/wheel_speed__type_support.c.o[0m
[ 40%] [32mBuilding CXX object CMakeFiles/rcraicer_msgs__rosidl_typesupport_fastrtps_cpp.dir/rosidl_typesupport_fastrtps_cpp/rcraicer_msgs/msg/detail/dds_fastrtps/encoder__type_support.cpp.o[0m
[ 41%] [32mBuilding CXX object CMakeFiles/rcraicer_msgs__rosidl_typesupport_cpp.dir/rosidl_typesupport_cpp/rcraicer_msgs/msg/compute_status__type_support.cpp.o[0m
[ 42%] [32mBuilding C object CMakeFiles/rcraicer_msgs__rosidl_typesupport_introspection_c.dir/rosidl_typesupport_introspection_c/rcraicer_msgs/msg/detail/state_estimator_status__type_support.c.o[0m
[ 42%] [32mBuilding C object CMakeFiles/rcraicer_msgs__rosidl_typesupport_introspection_c.dir/rosidl_typesupport_introspection_c/rcraicer_msgs/msg/detail/imu_filter_output__type_support.c.o[0m
[ 42%] [32mBuilding CXX object CMakeFiles/rcraicer_msgs__rosidl_typesupport_introspection_cpp.dir/rosidl_typesupport_introspection_cpp/rcraicer_msgs/msg/detail/chassis_command__type_support.cpp.o[0m
[ 43%] [32mBuilding C object CMakeFiles/rcraicer_msgs__rosidl_typesupport_introspection_c.dir/rosidl_typesupport_introspection_c/rcraicer_msgs/msg/detail/compute_status__type_support.c.o[0m
[ 44%] [32mBuilding CXX object CMakeFiles/rcraicer_msgs__rosidl_typesupport_introspection_cpp.dir/rosidl_typesupport_introspection_cpp/rcraicer_msgs/msg/detail/gps_status__type_support.cpp.o[0m
[ 44%] [32mBuilding C object CMakeFiles/rcraicer_msgs__rosidl_typesupport_introspection_c.dir/rosidl_typesupport_introspection_c/rcraicer_msgs/msg/detail/sim_state__type_support.c.o[0m
[ 44%] [32mBuilding CXX object CMakeFiles/rcraicer_msgs__rosidl_typesupport_introspection_cpp.dir/rosidl_typesupport_introspection_cpp/rcraicer_msgs/msg/detail/gps_survey__type_support.cpp.o[0m
[ 46%] [32mBuilding CXX object CMakeFiles/rcraicer_msgs__rosidl_typesupport_fastrtps_cpp.dir/rosidl_typesupport_fastrtps_cpp/rcraicer_msgs/msg/detail/dds_fastrtps/chassis_state__type_support.cpp.o[0m
[ 46%] [32mBuilding C object CMakeFiles/rcraicer_msgs__rosidl_typesupport_introspection_c.dir/rosidl_typesupport_introspection_c/rcraicer_msgs/msg/detail/neural_net_layer__type_support.c.o[0m
[ 47%] [32mBuilding C object CMakeFiles/rcraicer_msgs__rosidl_typesupport_introspection_c.dir/rosidl_typesupport_introspection_c/rcraicer_msgs/msg/detail/neural_net_model__type_support.c.o[0m
[ 47%] [32mBuilding C object CMakeFiles/rcraicer_msgs__rosidl_typesupport_introspection_c.dir/rosidl_typesupport_introspection_c/rcraicer_msgs/msg/detail/path_integral_params__type_support.c.o[0m
[ 47%] [32mBuilding C object CMakeFiles/rcraicer_msgs__rosidl_typesupport_introspection_c.dir/rosidl_typesupport_introspection_c/rcraicer_msgs/msg/detail/path_integral_status__type_support.c.o[0m
[ 48%] [32mBuilding C object CMakeFiles/rcraicer_msgs__rosidl_typesupport_introspection_c.dir/rosidl_typesupport_introspection_c/rcraicer_msgs/msg/detail/path_integral_stats__type_support.c.o[0m
[ 49%] [32mBuilding C object CMakeFiles/rcraicer_msgs__rosidl_typesupport_introspection_c.dir/rosidl_typesupport_introspection_c/rcraicer_msgs/msg/detail/path_integral_timing__type_support.c.o[0m
[ 49%] [32mBuilding CXX object CMakeFiles/rcraicer_msgs__rosidl_typesupport_cpp.dir/rosidl_typesupport_cpp/rcraicer_msgs/msg/sim_state__type_support.cpp.o[0m
[ 49%] [32mBuilding CXX object CMakeFiles/rcraicer_msgs__rosidl_typesupport_fastrtps_cpp.dir/rosidl_typesupport_fastrtps_cpp/rcraicer_msgs/msg/detail/dds_fastrtps/chassis_command__type_support.cpp.o[0m
[ 49%] [32mBuilding C object CMakeFiles/rcraicer_msgs__rosidl_typesupport_introspection_c.dir/rosidl_typesupport_introspection_c/rcraicer_msgs/msg/detail/lap_stats__type_support.c.o[0m
[ 50%] [32mBuilding C object CMakeFiles/rcraicer_msgs__rosidl_typesupport_introspection_c.dir/rosidl_typesupport_introspection_c/rcraicer_msgs/msg/detail/run_stop__type_support.c.o[0m
[ 51%] [32mBuilding CXX object CMakeFiles/rcraicer_msgs__rosidl_typesupport_introspection_cpp.dir/rosidl_typesupport_introspection_cpp/rcraicer_msgs/msg/detail/gpsrf_status__type_support.cpp.o[0m
[ 51%] [32mBuilding CXX object CMakeFiles/rcraicer_msgs__rosidl_typesupport_introspection_cpp.dir/rosidl_typesupport_introspection_cpp/rcraicer_msgs/msg/detail/wheel_speed__type_support.cpp.o[0m
[ 51%] [32m[1mLinking C shared library librcraicer_msgs__rosidl_typesupport_introspection_c.so[0m
[ 52%] [32mBuilding CXX object CMakeFiles/rcraicer_msgs__rosidl_typesupport_introspection_cpp.dir/rosidl_typesupport_introspection_cpp/rcraicer_msgs/msg/detail/state_estimator_status__type_support.cpp.o[0m
[ 52%] Built target rcraicer_msgs__rosidl_typesupport_introspection_c
[ 53%] [32mBuilding CXX object CMakeFiles/rcraicer_msgs__rosidl_typesupport_fastrtps_cpp.dir/rosidl_typesupport_fastrtps_cpp/rcraicer_msgs/msg/detail/dds_fastrtps/gps_status__type_support.cpp.o[0m
[ 54%] [32mBuilding CXX object CMakeFiles/rcraicer_msgs__rosidl_typesupport_cpp.dir/rosidl_typesupport_cpp/rcraicer_msgs/msg/neural_net_layer__type_support.cpp.o[0m
[ 54%] [32mBuilding CXX object CMakeFiles/rcraicer_msgs__rosidl_typesupport_cpp.dir/rosidl_typesupport_cpp/rcraicer_msgs/msg/neural_net_model__type_support.cpp.o[0m
[ 54%] [32mBuilding CXX object CMakeFiles/rcraicer_msgs__rosidl_typesupport_fastrtps_cpp.dir/rosidl_typesupport_fastrtps_cpp/rcraicer_msgs/msg/detail/dds_fastrtps/gps_survey__type_support.cpp.o[0m
[ 54%] [32mBuilding CXX object CMakeFiles/rcraicer_msgs__rosidl_typesupport_introspection_cpp.dir/rosidl_typesupport_introspection_cpp/rcraicer_msgs/msg/detail/imu_filter_output__type_support.cpp.o[0m
[ 55%] [32mBuilding CXX object CMakeFiles/rcraicer_msgs__rosidl_typesupport_introspection_cpp.dir/rosidl_typesupport_introspection_cpp/rcraicer_msgs/msg/detail/compute_status__type_support.cpp.o[0m
[ 56%] [32mBuilding CXX object CMakeFiles/rcraicer_msgs__rosidl_typesupport_introspection_cpp.dir/rosidl_typesupport_introspection_cpp/rcraicer_msgs/msg/detail/sim_state__type_support.cpp.o[0m
[ 57%] [32mBuilding CXX object CMakeFiles/rcraicer_msgs__rosidl_typesupport_cpp.dir/rosidl_typesupport_cpp/rcraicer_msgs/msg/path_integral_params__type_support.cpp.o[0m
[ 57%] [32mBuilding CXX object CMakeFiles/rcraicer_msgs__rosidl_typesupport_introspection_cpp.dir/rosidl_typesupport_introspection_cpp/rcraicer_msgs/msg/detail/neural_net_layer__type_support.cpp.o[0m
[ 58%] [32mBuilding CXX object CMakeFiles/rcraicer_msgs__rosidl_typesupport_introspection_cpp.dir/rosidl_typesupport_introspection_cpp/rcraicer_msgs/msg/detail/neural_net_model__type_support.cpp.o[0m
[ 59%] [32mBuilding CXX object CMakeFiles/rcraicer_msgs__rosidl_typesupport_fastrtps_cpp.dir/rosidl_typesupport_fastrtps_cpp/rcraicer_msgs/msg/detail/dds_fastrtps/gpsrf_status__type_support.cpp.o[0m
[ 59%] [32mBuilding CXX object CMakeFiles/rcraicer_msgs__rosidl_typesupport_fastrtps_cpp.dir/rosidl_typesupport_fastrtps_cpp/rcraicer_msgs/msg/detail/dds_fastrtps/wheel_speed__type_support.cpp.o[0m
[ 59%] [32mBuilding CXX object CMakeFiles/rcraicer_msgs__rosidl_typesupport_introspection_cpp.dir/rosidl_typesupport_introspection_cpp/rcraicer_msgs/msg/detail/path_integral_params__type_support.cpp.o[0m
[ 60%] [32mBuilding CXX object CMakeFiles/rcraicer_msgs__rosidl_typesupport_fastrtps_cpp.dir/rosidl_typesupport_fastrtps_cpp/rcraicer_msgs/msg/detail/dds_fastrtps/state_estimator_status__type_support.cpp.o[0m
[ 61%] [32mBuilding CXX object CMakeFiles/rcraicer_msgs__rosidl_typesupport_introspection_cpp.dir/rosidl_typesupport_introspection_cpp/rcraicer_msgs/msg/detail/path_integral_stats__type_support.cpp.o[0m
[ 61%] [32mBuilding CXX object CMakeFiles/rcraicer_msgs__rosidl_typesupport_cpp.dir/rosidl_typesupport_cpp/rcraicer_msgs/msg/path_integral_stats__type_support.cpp.o[0m
[ 62%] [32mBuilding CXX object CMakeFiles/rcraicer_msgs__rosidl_typesupport_cpp.dir/rosidl_typesupport_cpp/rcraicer_msgs/msg/path_integral_status__type_support.cpp.o[0m
[ 62%] [32mBuilding CXX object CMakeFiles/rcraicer_msgs__rosidl_typesupport_introspection_cpp.dir/rosidl_typesupport_introspection_cpp/rcraicer_msgs/msg/detail/path_integral_status__type_support.cpp.o[0m
[ 63%] [32mBuilding CXX object CMakeFiles/rcraicer_msgs__rosidl_typesupport_introspection_cpp.dir/rosidl_typesupport_introspection_cpp/rcraicer_msgs/msg/detail/path_integral_timing__type_support.cpp.o[0m
[ 63%] [32mBuilding CXX object CMakeFiles/rcraicer_msgs__rosidl_typesupport_fastrtps_cpp.dir/rosidl_typesupport_fastrtps_cpp/rcraicer_msgs/msg/detail/dds_fastrtps/imu_filter_output__type_support.cpp.o[0m
[ 63%] [32mBuilding CXX object CMakeFiles/rcraicer_msgs__rosidl_typesupport_introspection_cpp.dir/rosidl_typesupport_introspection_cpp/rcraicer_msgs/msg/detail/lap_stats__type_support.cpp.o[0m
[ 64%] [32mBuilding CXX object CMakeFiles/rcraicer_msgs__rosidl_typesupport_fastrtps_cpp.dir/rosidl_typesupport_fastrtps_cpp/rcraicer_msgs/msg/detail/dds_fastrtps/compute_status__type_support.cpp.o[0m
[ 65%] [32mBuilding CXX object CMakeFiles/rcraicer_msgs__rosidl_typesupport_cpp.dir/rosidl_typesupport_cpp/rcraicer_msgs/msg/path_integral_timing__type_support.cpp.o[0m
[ 65%] [32mBuilding CXX object CMakeFiles/rcraicer_msgs__rosidl_typesupport_cpp.dir/rosidl_typesupport_cpp/rcraicer_msgs/msg/lap_stats__type_support.cpp.o[0m
[ 66%] [32mBuilding CXX object CMakeFiles/rcraicer_msgs__rosidl_typesupport_introspection_cpp.dir/rosidl_typesupport_introspection_cpp/rcraicer_msgs/msg/detail/run_stop__type_support.cpp.o[0m
[ 66%] [32mBuilding CXX object CMakeFiles/rcraicer_msgs__rosidl_typesupport_fastrtps_cpp.dir/rosidl_typesupport_fastrtps_cpp/rcraicer_msgs/msg/detail/dds_fastrtps/sim_state__type_support.cpp.o[0m
[ 67%] [32mBuilding CXX object CMakeFiles/rcraicer_msgs__rosidl_typesupport_fastrtps_cpp.dir/rosidl_typesupport_fastrtps_cpp/rcraicer_msgs/msg/detail/dds_fastrtps/neural_net_layer__type_support.cpp.o[0m
[ 68%] [32mBuilding CXX object CMakeFiles/rcraicer_msgs__rosidl_typesupport_fastrtps_cpp.dir/rosidl_typesupport_fastrtps_cpp/rcraicer_msgs/msg/detail/dds_fastrtps/neural_net_model__type_support.cpp.o[0m
[ 69%] [32mBuilding CXX object CMakeFiles/rcraicer_msgs__rosidl_typesupport_cpp.dir/rosidl_typesupport_cpp/rcraicer_msgs/msg/run_stop__type_support.cpp.o[0m
[ 69%] [32mBuilding CXX object CMakeFiles/rcraicer_msgs__rosidl_typesupport_fastrtps_cpp.dir/rosidl_typesupport_fastrtps_cpp/rcraicer_msgs/msg/detail/dds_fastrtps/path_integral_params__type_support.cpp.o[0m
[ 70%] [32mBuilding CXX object CMakeFiles/rcraicer_msgs__rosidl_typesupport_fastrtps_cpp.dir/rosidl_typesupport_fastrtps_cpp/rcraicer_msgs/msg/detail/dds_fastrtps/path_integral_stats__type_support.cpp.o[0m
[ 71%] [32m[1mLinking CXX shared library librcraicer_msgs__rosidl_typesupport_introspection_cpp.so[0m
[ 71%] [32m[1mLinking CXX shared library librcraicer_msgs__rosidl_typesupport_cpp.so[0m
[ 71%] Built target rcraicer_msgs__rosidl_typesupport_introspection_cpp
[ 71%] [32mBuilding CXX object CMakeFiles/rcraicer_msgs__rosidl_typesupport_fastrtps_cpp.dir/rosidl_typesupport_fastrtps_cpp/rcraicer_msgs/msg/detail/dds_fastrtps/path_integral_status__type_support.cpp.o[0m
[ 71%] Built target rcraicer_msgs__rosidl_typesupport_cpp
[ 72%] [32mBuilding CXX object CMakeFiles/rcraicer_msgs__rosidl_typesupport_fastrtps_cpp.dir/rosidl_typesupport_fastrtps_cpp/rcraicer_msgs/msg/detail/dds_fastrtps/path_integral_timing__type_support.cpp.o[0m
[ 72%] [32mBuilding CXX object CMakeFiles/rcraicer_msgs__rosidl_typesupport_fastrtps_cpp.dir/rosidl_typesupport_fastrtps_cpp/rcraicer_msgs/msg/detail/dds_fastrtps/lap_stats__type_support.cpp.o[0m
[ 73%] [32mBuilding CXX object CMakeFiles/rcraicer_msgs__rosidl_typesupport_fastrtps_cpp.dir/rosidl_typesupport_fastrtps_cpp/rcraicer_msgs/msg/detail/dds_fastrtps/run_stop__type_support.cpp.o[0m
[ 73%] [32m[1mLinking CXX shared library librcraicer_msgs__rosidl_typesupport_fastrtps_cpp.so[0m
[ 73%] Built target rcraicer_msgs__rosidl_typesupport_fastrtps_cpp
[ 74%] [34m[1mGenerating C type support for eProsima Fast-RTPS[0m
[35m[1mScanning dependencies of target rcraicer_msgs__rosidl_typesupport_fastrtps_c[0m
[ 75%] [32mBuilding CXX object CMakeFiles/rcraicer_msgs__rosidl_typesupport_fastrtps_c.dir/rosidl_typesupport_fastrtps_c/rcraicer_msgs/msg/detail/arduino_status__type_support_c.cpp.o[0m
[ 75%] [32mBuilding CXX object CMakeFiles/rcraicer_msgs__rosidl_typesupport_fastrtps_c.dir/rosidl_typesupport_fastrtps_c/rcraicer_msgs/msg/detail/encoder__type_support_c.cpp.o[0m
[ 76%] [32mBuilding CXX object CMakeFiles/rcraicer_msgs__rosidl_typesupport_fastrtps_c.dir/rosidl_typesupport_fastrtps_c/rcraicer_msgs/msg/detail/gps_status__type_support_c.cpp.o[0m
[ 76%] [32mBuilding CXX object CMakeFiles/rcraicer_msgs__rosidl_typesupport_fastrtps_c.dir/rosidl_typesupport_fastrtps_c/rcraicer_msgs/msg/detail/chassis_state__type_support_c.cpp.o[0m
[ 77%] [32mBuilding CXX object CMakeFiles/rcraicer_msgs__rosidl_typesupport_fastrtps_c.dir/rosidl_typesupport_fastrtps_c/rcraicer_msgs/msg/detail/gps_survey__type_support_c.cpp.o[0m
[ 77%] [32mBuilding CXX object CMakeFiles/rcraicer_msgs__rosidl_typesupport_fastrtps_c.dir/rosidl_typesupport_fastrtps_c/rcraicer_msgs/msg/detail/chassis_command__type_support_c.cpp.o[0m
[ 78%] [32mBuilding CXX object CMakeFiles/rcraicer_msgs__rosidl_typesupport_fastrtps_c.dir/rosidl_typesupport_fastrtps_c/rcraicer_msgs/msg/detail/gpsrf_status__type_support_c.cpp.o[0m
[ 78%] [32mBuilding CXX object CMakeFiles/rcraicer_msgs__rosidl_typesupport_fastrtps_c.dir/rosidl_typesupport_fastrtps_c/rcraicer_msgs/msg/detail/wheel_speed__type_support_c.cpp.o[0m
[ 79%] [32mBuilding CXX object CMakeFiles/rcraicer_msgs__rosidl_typesupport_fastrtps_c.dir/rosidl_typesupport_fastrtps_c/rcraicer_msgs/msg/detail/state_estimator_status__type_support_c.cpp.o[0m
[ 79%] [32mBuilding CXX object CMakeFiles/rcraicer_msgs__rosidl_typesupport_fastrtps_c.dir/rosidl_typesupport_fastrtps_c/rcraicer_msgs/msg/detail/imu_filter_output__type_support_c.cpp.o[0m
[ 80%] [32mBuilding CXX object CMakeFiles/rcraicer_msgs__rosidl_typesupport_fastrtps_c.dir/rosidl_typesupport_fastrtps_c/rcraicer_msgs/msg/detail/compute_status__type_support_c.cpp.o[0m
[ 80%] [32mBuilding CXX object CMakeFiles/rcraicer_msgs__rosidl_typesupport_fastrtps_c.dir/rosidl_typesupport_fastrtps_c/rcraicer_msgs/msg/detail/sim_state__type_support_c.cpp.o[0m
[ 81%] [32mBuilding CXX object CMakeFiles/rcraicer_msgs__rosidl_typesupport_fastrtps_c.dir/rosidl_typesupport_fastrtps_c/rcraicer_msgs/msg/detail/neural_net_layer__type_support_c.cpp.o[0m
[ 81%] [32mBuilding CXX object CMakeFiles/rcraicer_msgs__rosidl_typesupport_fastrtps_c.dir/rosidl_typesupport_fastrtps_c/rcraicer_msgs/msg/detail/neural_net_model__type_support_c.cpp.o[0m
[ 82%] [32mBuilding CXX object CMakeFiles/rcraicer_msgs__rosidl_typesupport_fastrtps_c.dir/rosidl_typesupport_fastrtps_c/rcraicer_msgs/msg/detail/path_integral_params__type_support_c.cpp.o[0m
[ 83%] [32mBuilding CXX object CMakeFiles/rcraicer_msgs__rosidl_typesupport_fastrtps_c.dir/rosidl_typesupport_fastrtps_c/rcraicer_msgs/msg/detail/path_integral_stats__type_support_c.cpp.o[0m
[ 83%] [32mBuilding CXX object CMakeFiles/rcraicer_msgs__rosidl_typesupport_fastrtps_c.dir/rosidl_typesupport_fastrtps_c/rcraicer_msgs/msg/detail/path_integral_status__type_support_c.cpp.o[0m
[ 84%] [32mBuilding CXX object CMakeFiles/rcraicer_msgs__rosidl_typesupport_fastrtps_c.dir/rosidl_typesupport_fastrtps_c/rcraicer_msgs/msg/detail/path_integral_timing__type_support_c.cpp.o[0m
[ 84%] [32mBuilding CXX object CMakeFiles/rcraicer_msgs__rosidl_typesupport_fastrtps_c.dir/rosidl_typesupport_fastrtps_c/rcraicer_msgs/msg/detail/lap_stats__type_support_c.cpp.o[0m
[ 85%] [32mBuilding CXX object CMakeFiles/rcraicer_msgs__rosidl_typesupport_fastrtps_c.dir/rosidl_typesupport_fastrtps_c/rcraicer_msgs/msg/detail/run_stop__type_support_c.cpp.o[0m
[ 85%] [32m[1mLinking CXX shared library librcraicer_msgs__rosidl_typesupport_fastrtps_c.so[0m
[ 85%] Built target rcraicer_msgs__rosidl_typesupport_fastrtps_c
[35m[1mScanning dependencies of target rcraicer_msgs[0m
[ 85%] Built target rcraicer_msgs
[35m[1mScanning dependencies of target rcraicer_msgs__py[0m
[ 86%] [34m[1mGenerating Python code for ROS interfaces[0m
[ 86%] Built target rcraicer_msgs__py
[35m[1mScanning dependencies of target rcraicer_msgs__python[0m
[ 86%] [32mBuilding C object CMakeFiles/rcraicer_msgs__python.dir/rosidl_generator_py/rcraicer_msgs/msg/_gps_status_s.c.o[0m
[ 87%] [32mBuilding C object CMakeFiles/rcraicer_msgs__python.dir/rosidl_generator_py/rcraicer_msgs/msg/_chassis_state_s.c.o[0m
[ 88%] [32mBuilding C object CMakeFiles/rcraicer_msgs__python.dir/rosidl_generator_py/rcraicer_msgs/msg/_arduino_status_s.c.o[0m
[ 87%] [32mBuilding C object CMakeFiles/rcraicer_msgs__python.dir/rosidl_generator_py/rcraicer_msgs/msg/_chassis_command_s.c.o[0m
[ 89%] [32mBuilding C object CMakeFiles/rcraicer_msgs__python.dir/rosidl_generator_py/rcraicer_msgs/msg/_gps_survey_s.c.o[0m
[ 88%] [32mBuilding C object CMakeFiles/rcraicer_msgs__python.dir/rosidl_generator_py/rcraicer_msgs/msg/_encoder_s.c.o[0m
[ 89%] [32mBuilding C object CMakeFiles/rcraicer_msgs__python.dir/rosidl_generator_py/rcraicer_msgs/msg/_gpsrf_status_s.c.o[0m
[ 90%] [32mBuilding C object CMakeFiles/rcraicer_msgs__python.dir/rosidl_generator_py/rcraicer_msgs/msg/_wheel_speed_s.c.o[0m
[ 91%] [32mBuilding C object CMakeFiles/rcraicer_msgs__python.dir/rosidl_generator_py/rcraicer_msgs/msg/_state_estimator_status_s.c.o[0m
[ 91%] [32mBuilding C object CMakeFiles/rcraicer_msgs__python.dir/rosidl_generator_py/rcraicer_msgs/msg/_imu_filter_output_s.c.o[0m
[ 92%] [32mBuilding C object CMakeFiles/rcraicer_msgs__python.dir/rosidl_generator_py/rcraicer_msgs/msg/_compute_status_s.c.o[0m
[ 93%] [32mBuilding C object CMakeFiles/rcraicer_msgs__python.dir/rosidl_generator_py/rcraicer_msgs/msg/_neural_net_layer_s.c.o[0m
[ 93%] [32mBuilding C object CMakeFiles/rcraicer_msgs__python.dir/rosidl_generator_py/rcraicer_msgs/msg/_neural_net_model_s.c.o[0m
[ 93%] [32mBuilding C object CMakeFiles/rcraicer_msgs__python.dir/rosidl_generator_py/rcraicer_msgs/msg/_sim_state_s.c.o[0m
[ 94%] [32mBuilding C object CMakeFiles/rcraicer_msgs__python.dir/rosidl_generator_py/rcraicer_msgs/msg/_path_integral_params_s.c.o[0m
[ 94%] [32mBuilding C object CMakeFiles/rcraicer_msgs__python.dir/rosidl_generator_py/rcraicer_msgs/msg/_path_integral_stats_s.c.o[0m
[ 95%] [32mBuilding C object CMakeFiles/rcraicer_msgs__python.dir/rosidl_generator_py/rcraicer_msgs/msg/_path_integral_status_s.c.o[0m
[ 95%] [32mBuilding C object CMakeFiles/rcraicer_msgs__python.dir/rosidl_generator_py/rcraicer_msgs/msg/_path_integral_timing_s.c.o[0m
[ 96%] [32mBuilding C object CMakeFiles/rcraicer_msgs__python.dir/rosidl_generator_py/rcraicer_msgs/msg/_lap_stats_s.c.o[0m
[ 97%] [32mBuilding C object CMakeFiles/rcraicer_msgs__python.dir/rosidl_generator_py/rcraicer_msgs/msg/_run_stop_s.c.o[0m
[ 97%] [32m[1mLinking C shared library rosidl_generator_py/rcraicer_msgs/librcraicer_msgs__python.so[0m
[ 97%] Built target rcraicer_msgs__python
[35m[1mScanning dependencies of target rcraicer_msgs__rosidl_typesupport_fastrtps_c__pyext[0m
[35m[1mScanning dependencies of target rcraicer_msgs__rosidl_typesupport_c__pyext[0m
[35m[1mScanning dependencies of target rcraicer_msgs__rosidl_typesupport_introspection_c__pyext[0m
[ 98%] [32mBuilding C object CMakeFiles/rcraicer_msgs__rosidl_typesupport_c__pyext.dir/rosidl_generator_py/rcraicer_msgs/_rcraicer_msgs_s.ep.rosidl_typesupport_c.c.o[0m
[ 99%] [32mBuilding C object CMakeFiles/rcraicer_msgs__rosidl_typesupport_introspection_c__pyext.dir/rosidl_generator_py/rcraicer_msgs/_rcraicer_msgs_s.ep.rosidl_typesupport_introspection_c.c.o[0m
[100%] [32mBuilding C object CMakeFiles/rcraicer_msgs__rosidl_typesupport_fastrtps_c__pyext.dir/rosidl_generator_py/rcraicer_msgs/_rcraicer_msgs_s.ep.rosidl_typesupport_fastrtps_c.c.o[0m
[100%] [32m[1mLinking C shared library rosidl_generator_py/rcraicer_msgs/rcraicer_msgs_s__rosidl_typesupport_c.cpython-38-x86_64-linux-gnu.so[0m
[100%] [32m[1mLinking C shared library rosidl_generator_py/rcraicer_msgs/rcraicer_msgs_s__rosidl_typesupport_introspection_c.cpython-38-x86_64-linux-gnu.so[0m
[100%] Built target rcraicer_msgs__rosidl_typesupport_c__pyext
[100%] Built target rcraicer_msgs__rosidl_typesupport_introspection_c__pyext
[100%] [32m[1mLinking CXX shared library rosidl_generator_py/rcraicer_msgs/rcraicer_msgs_s__rosidl_typesupport_fastrtps_c.cpython-38-x86_64-linux-gnu.so[0m
[100%] Built target rcraicer_msgs__rosidl_typesupport_fastrtps_c__pyext
-- Install configuration: "RelWithDebInfo"
-- Installing: /home/lbarnett/ros2_ws/src/rcraicer/install/rcraicer_msgs/share/ament_index/resource_index/rosidl_interfaces/rcraicer_msgs
-- Installing: /home/lbarnett/ros2_ws/src/rcraicer/install/rcraicer_msgs/include/rcraicer_msgs
-- Installing: /home/lbarnett/ros2_ws/src/rcraicer/install/rcraicer_msgs/include/rcraicer_msgs/msg
-- Installing: /home/lbarnett/ros2_ws/src/rcraicer/install/rcraicer_msgs/include/rcraicer_msgs/msg/state_estimator_status.h
-- Installing: /home/lbarnett/ros2_ws/src/rcraicer/install/rcraicer_msgs/include/rcraicer_msgs/msg/neural_net_layer.h
-- Installing: /home/lbarnett/ros2_ws/src/rcraicer/install/rcraicer_msgs/include/rcraicer_msgs/msg/imu_filter_output.h
-- Installing: /home/lbarnett/ros2_ws/src/rcraicer/install/rcraicer_msgs/include/rcraicer_msgs/msg/path_integral_params.h
-- Installing: /home/lbarnett/ros2_ws/src/rcraicer/install/rcraicer_msgs/include/rcraicer_msgs/msg/gpsrf_status.h
-- Installing: /home/lbarnett/ros2_ws/src/rcraicer/install/rcraicer_msgs/include/rcraicer_msgs/msg/lap_stats.h
-- Installing: /home/lbarnett/ros2_ws/src/rcraicer/install/rcraicer_msgs/include/rcraicer_msgs/msg/chassis_state.h
-- Installing: /home/lbarnett/ros2_ws/src/rcraicer/install/rcraicer_msgs/include/rcraicer_msgs/msg/path_integral_stats.h
-- Installing: /home/lbarnett/ros2_ws/src/rcraicer/install/rcraicer_msgs/include/rcraicer_msgs/msg/chassis_command.h
-- Installing: /home/lbarnett/ros2_ws/src/rcraicer/install/rcraicer_msgs/include/rcraicer_msgs/msg/rosidl_generator_c__visibility_control.h
-- Installing: /home/lbarnett/ros2_ws/src/rcraicer/install/rcraicer_msgs/include/rcraicer_msgs/msg/compute_status.h
-- Installing: /home/lbarnett/ros2_ws/src/rcraicer/install/rcraicer_msgs/include/rcraicer_msgs/msg/path_integral_timing.h
-- Installing: /home/lbarnett/ros2_ws/src/rcraicer/install/rcraicer_msgs/include/rcraicer_msgs/msg/detail
-- Installing: /home/lbarnett/ros2_ws/src/rcraicer/install/rcraicer_msgs/include/rcraicer_msgs/msg/detail/path_integral_timing__type_support.h
-- Installing: /home/lbarnett/ros2_ws/src/rcraicer/install/rcraicer_msgs/include/rcraicer_msgs/msg/detail/gps_status__struct.h
-- Installing: /home/lbarnett/ros2_ws/src/rcraicer/install/rcraicer_msgs/include/rcraicer_msgs/msg/detail/state_estimator_status__functions.c
-- Installing: /home/lbarnett/ros2_ws/src/rcraicer/install/rcraicer_msgs/include/rcraicer_msgs/msg/detail/chassis_state__functions.h
-- Installing: /home/lbarnett/ros2_ws/src/rcraicer/install/rcraicer_msgs/include/rcraicer_msgs/msg/detail/path_integral_stats__type_support.h
-- Installing: /home/lbarnett/ros2_ws/src/rcraicer/install/rcraicer_msgs/include/rcraicer_msgs/msg/detail/path_integral_params__functions.c
-- Installing: /home/lbarnett/ros2_ws/src/rcraicer/install/rcraicer_msgs/include/rcraicer_msgs/msg/detail/gpsrf_status__functions.c
-- Installing: /home/lbarnett/ros2_ws/src/rcraicer/install/rcraicer_msgs/include/rcraicer_msgs/msg/detail/neural_net_layer__type_support.h
-- Installing: /home/lbarnett/ros2_ws/src/rcraicer/install/rcraicer_msgs/include/rcraicer_msgs/msg/detail/gps_survey__struct.h
-- Installing: /home/lbarnett/ros2_ws/src/rcraicer/install/rcraicer_msgs/include/rcraicer_msgs/msg/detail/chassis_command__functions.c
-- Installing: /home/lbarnett/ros2_ws/src/rcraicer/install/rcraicer_msgs/include/rcraicer_msgs/msg/detail/path_integral_params__struct.h
-- Installing: /home/lbarnett/ros2_ws/src/rcraicer/install/rcraicer_msgs/include/rcraicer_msgs/msg/detail/path_integral_status__functions.h
-- Installing: /home/lbarnett/ros2_ws/src/rcraicer/install/rcraicer_msgs/include/rcraicer_msgs/msg/detail/path_integral_timing__struct.h
-- Installing: /home/lbarnett/ros2_ws/src/rcraicer/install/rcraicer_msgs/include/rcraicer_msgs/msg/detail/encoder__struct.h
-- Installing: /home/lbarnett/ros2_ws/src/rcraicer/install/rcraicer_msgs/include/rcraicer_msgs/msg/detail/sim_state__functions.c
-- Installing: /home/lbarnett/ros2_ws/src/rcraicer/install/rcraicer_msgs/include/rcraicer_msgs/msg/detail/arduino_status__functions.c
-- Installing: /home/lbarnett/ros2_ws/src/rcraicer/install/rcraicer_msgs/include/rcraicer_msgs/msg/detail/run_stop__type_support.h
-- Installing: /home/lbarnett/ros2_ws/src/rcraicer/install/rcraicer_msgs/include/rcraicer_msgs/msg/detail/arduino_status__functions.h
-- Installing: /home/lbarnett/ros2_ws/src/rcraicer/install/rcraicer_msgs/include/rcraicer_msgs/msg/detail/gpsrf_status__type_support.h
-- Installing: /home/lbarnett/ros2_ws/src/rcraicer/install/rcraicer_msgs/include/rcraicer_msgs/msg/detail/run_stop__functions.h
-- Installing: /home/lbarnett/ros2_ws/src/rcraicer/install/rcraicer_msgs/include/rcraicer_msgs/msg/detail/imu_filter_output__struct.h
-- Installing: /home/lbarnett/ros2_ws/src/rcraicer/install/rcraicer_msgs/include/rcraicer_msgs/msg/detail/lap_stats__functions.c
-- Installing: /home/lbarnett/ros2_ws/src/rcraicer/install/rcraicer_msgs/include/rcraicer_msgs/msg/detail/chassis_command__type_support.h
-- Installing: /home/lbarnett/ros2_ws/src/rcraicer/install/rcraicer_msgs/include/rcraicer_msgs/msg/detail/neural_net_model__type_support.h
-- Installing: /home/lbarnett/ros2_ws/src/rcraicer/install/rcraicer_msgs/include/rcraicer_msgs/msg/detail/chassis_state__type_support.h
-- Installing: /home/lbarnett/ros2_ws/src/rcraicer/install/rcraicer_msgs/include/rcraicer_msgs/msg/detail/path_integral_timing__functions.h
-- Installing: /home/lbarnett/ros2_ws/src/rcraicer/install/rcraicer_msgs/include/rcraicer_msgs/msg/detail/lap_stats__struct.h
-- Installing: /home/lbarnett/ros2_ws/src/rcraicer/install/rcraicer_msgs/include/rcraicer_msgs/msg/detail/wheel_speed__type_support.h
-- Installing: /home/lbarnett/ros2_ws/src/rcraicer/install/rcraicer_msgs/include/rcraicer_msgs/msg/detail/neural_net_model__functions.c
-- Installing: /home/lbarnett/ros2_ws/src/rcraicer/install/rcraicer_msgs/include/rcraicer_msgs/msg/detail/path_integral_status__struct.h
-- Installing: /home/lbarnett/ros2_ws/src/rcraicer/install/rcraicer_msgs/include/rcraicer_msgs/msg/detail/compute_status__type_support.h
-- Installing: /home/lbarnett/ros2_ws/src/rcraicer/install/rcraicer_msgs/include/rcraicer_msgs/msg/detail/imu_filter_output__functions.c
-- Installing: /home/lbarnett/ros2_ws/src/rcraicer/install/rcraicer_msgs/include/rcraicer_msgs/msg/detail/encoder__type_support.h
-- Installing: /home/lbarnett/ros2_ws/src/rcraicer/install/rcraicer_msgs/include/rcraicer_msgs/msg/detail/gps_survey__functions.h
-- Installing: /home/lbarnett/ros2_ws/src/rcraicer/install/rcraicer_msgs/include/rcraicer_msgs/msg/detail/neural_net_model__struct.h
-- Installing: /home/lbarnett/ros2_ws/src/rcraicer/install/rcraicer_msgs/include/rcraicer_msgs/msg/detail/lap_stats__type_support.h
-- Installing: /home/lbarnett/ros2_ws/src/rcraicer/install/rcraicer_msgs/include/rcraicer_msgs/msg/detail/gps_status__type_support.h
-- Installing: /home/lbarnett/ros2_ws/src/rcraicer/install/rcraicer_msgs/include/rcraicer_msgs/msg/detail/neural_net_layer__functions.h
-- Installing: /home/lbarnett/ros2_ws/src/rcraicer/install/rcraicer_msgs/include/rcraicer_msgs/msg/detail/gps_status__functions.c
-- Installing: /home/lbarnett/ros2_ws/src/rcraicer/install/rcraicer_msgs/include/rcraicer_msgs/msg/detail/gps_survey__type_support.h
-- Installing: /home/lbarnett/ros2_ws/src/rcraicer/install/rcraicer_msgs/include/rcraicer_msgs/msg/detail/path_integral_timing__functions.c
-- Installing: /home/lbarnett/ros2_ws/src/rcraicer/install/rcraicer_msgs/include/rcraicer_msgs/msg/detail/lap_stats__functions.h
-- Installing: /home/lbarnett/ros2_ws/src/rcraicer/install/rcraicer_msgs/include/rcraicer_msgs/msg/detail/compute_status__struct.h
-- Installing: /home/lbarnett/ros2_ws/src/rcraicer/install/rcraicer_msgs/include/rcraicer_msgs/msg/detail/chassis_state__struct.h
-- Installing: /home/lbarnett/ros2_ws/src/rcraicer/install/rcraicer_msgs/include/rcraicer_msgs/msg/detail/path_integral_status__type_support.h
-- Installing: /home/lbarnett/ros2_ws/src/rcraicer/install/rcraicer_msgs/include/rcraicer_msgs/msg/detail/arduino_status__type_support.h
-- Installing: /home/lbarnett/ros2_ws/src/rcraicer/install/rcraicer_msgs/include/rcraicer_msgs/msg/detail/neural_net_model__functions.h
-- Installing: /home/lbarnett/ros2_ws/src/rcraicer/install/rcraicer_msgs/include/rcraicer_msgs/msg/detail/chassis_state__functions.c
-- Installing: /home/lbarnett/ros2_ws/src/rcraicer/install/rcraicer_msgs/include/rcraicer_msgs/msg/detail/sim_state__struct.h
-- Installing: /home/lbarnett/ros2_ws/src/rcraicer/install/rcraicer_msgs/include/rcraicer_msgs/msg/detail/neural_net_layer__struct.h
-- Installing: /home/lbarnett/ros2_ws/src/rcraicer/install/rcraicer_msgs/include/rcraicer_msgs/msg/detail/wheel_speed__functions.h
-- Installing: /home/lbarnett/ros2_ws/src/rcraicer/install/rcraicer_msgs/include/rcraicer_msgs/msg/detail/compute_status__functions.c
-- Installing: /home/lbarnett/ros2_ws/src/rcraicer/install/rcraicer_msgs/include/rcraicer_msgs/msg/detail/imu_filter_output__functions.h
-- Installing: /home/lbarnett/ros2_ws/src/rcraicer/install/rcraicer_msgs/include/rcraicer_msgs/msg/detail/arduino_status__struct.h
-- Installing: /home/lbarnett/ros2_ws/src/rcraicer/install/rcraicer_msgs/include/rcraicer_msgs/msg/detail/path_integral_params__functions.h
-- Installing: /home/lbarnett/ros2_ws/src/rcraicer/install/rcraicer_msgs/include/rcraicer_msgs/msg/detail/chassis_command__functions.h
-- Installing: /home/lbarnett/ros2_ws/src/rcraicer/install/rcraicer_msgs/include/rcraicer_msgs/msg/detail/gpsrf_status__functions.h
-- Installing: /home/lbarnett/ros2_ws/src/rcraicer/install/rcraicer_msgs/include/rcraicer_msgs/msg/detail/wheel_speed__functions.c
-- Installing: /home/lbarnett/ros2_ws/src/rcraicer/install/rcraicer_msgs/include/rcraicer_msgs/msg/detail/sim_state__type_support.h
-- Installing: /home/lbarnett/ros2_ws/src/rcraicer/install/rcraicer_msgs/include/rcraicer_msgs/msg/detail/gps_status__functions.h
-- Installing: /home/lbarnett/ros2_ws/src/rcraicer/install/rcraicer_msgs/include/rcraicer_msgs/msg/detail/neural_net_layer__functions.c
-- Installing: /home/lbarnett/ros2_ws/src/rcraicer/install/rcraicer_msgs/include/rcraicer_msgs/msg/detail/gpsrf_status__struct.h
-- Installing: /home/lbarnett/ros2_ws/src/rcraicer/install/rcraicer_msgs/include/rcraicer_msgs/msg/detail/path_integral_params__type_support.h
-- Installing: /home/lbarnett/ros2_ws/src/rcraicer/install/rcraicer_msgs/include/rcraicer_msgs/msg/detail/run_stop__functions.c
-- Installing: /home/lbarnett/ros2_ws/src/rcraicer/install/rcraicer_msgs/include/rcraicer_msgs/msg/detail/path_integral_status__functions.c
-- Installing: /home/lbarnett/ros2_ws/src/rcraicer/install/rcraicer_msgs/include/rcraicer_msgs/msg/detail/path_integral_stats__struct.h
-- Installing: /home/lbarnett/ros2_ws/src/rcraicer/install/rcraicer_msgs/include/rcraicer_msgs/msg/detail/imu_filter_output__type_support.h
-- Installing: /home/lbarnett/ros2_ws/src/rcraicer/install/rcraicer_msgs/include/rcraicer_msgs/msg/detail/wheel_speed__struct.h
-- Installing: /home/lbarnett/ros2_ws/src/rcraicer/install/rcraicer_msgs/include/rcraicer_msgs/msg/detail/state_estimator_status__functions.h
-- Installing: /home/lbarnett/ros2_ws/src/rcraicer/install/rcraicer_msgs/include/rcraicer_msgs/msg/detail/compute_status__functions.h
-- Installing: /home/lbarnett/ros2_ws/src/rcraicer/install/rcraicer_msgs/include/rcraicer_msgs/msg/detail/path_integral_stats__functions.h
-- Installing: /home/lbarnett/ros2_ws/src/rcraicer/install/rcraicer_msgs/include/rcraicer_msgs/msg/detail/path_integral_stats__functions.c
-- Installing: /home/lbarnett/ros2_ws/src/rcraicer/install/rcraicer_msgs/include/rcraicer_msgs/msg/detail/run_stop__struct.h
-- Installing: /home/lbarnett/ros2_ws/src/rcraicer/install/rcraicer_msgs/include/rcraicer_msgs/msg/detail/encoder__functions.c
-- Installing: /home/lbarnett/ros2_ws/src/rcraicer/install/rcraicer_msgs/include/rcraicer_msgs/msg/detail/gps_survey__functions.c
-- Installing: /home/lbarnett/ros2_ws/src/rcraicer/install/rcraicer_msgs/include/rcraicer_msgs/msg/detail/encoder__functions.h
-- Installing: /home/lbarnett/ros2_ws/src/rcraicer/install/rcraicer_msgs/include/rcraicer_msgs/msg/detail/sim_state__functions.h
-- Installing: /home/lbarnett/ros2_ws/src/rcraicer/install/rcraicer_msgs/include/rcraicer_msgs/msg/detail/state_estimator_status__type_support.h
-- Installing: /home/lbarnett/ros2_ws/src/rcraicer/install/rcraicer_msgs/include/rcraicer_msgs/msg/detail/chassis_command__struct.h
-- Installing: /home/lbarnett/ros2_ws/src/rcraicer/install/rcraicer_msgs/include/rcraicer_msgs/msg/detail/state_estimator_status__struct.h
-- Installing: /home/lbarnett/ros2_ws/src/rcraicer/install/rcraicer_msgs/include/rcraicer_msgs/msg/arduino_status.h
-- Installing: /home/lbarnett/ros2_ws/src/rcraicer/install/rcraicer_msgs/include/rcraicer_msgs/msg/encoder.h
-- Installing: /home/lbarnett/ros2_ws/src/rcraicer/install/rcraicer_msgs/include/rcraicer_msgs/msg/sim_state.h
-- Installing: /home/lbarnett/ros2_ws/src/rcraicer/install/rcraicer_msgs/include/rcraicer_msgs/msg/neural_net_model.h
-- Installing: /home/lbarnett/ros2_ws/src/rcraicer/install/rcraicer_msgs/include/rcraicer_msgs/msg/gps_survey.h
-- Installing: /home/lbarnett/ros2_ws/src/rcraicer/install/rcraicer_msgs/include/rcraicer_msgs/msg/path_integral_status.h
-- Installing: /home/lbarnett/ros2_ws/src/rcraicer/install/rcraicer_msgs/include/rcraicer_msgs/msg/run_stop.h
-- Installing: /home/lbarnett/ros2_ws/src/rcraicer/install/rcraicer_msgs/include/rcraicer_msgs/msg/gps_status.h
-- Installing: /home/lbarnett/ros2_ws/src/rcraicer/install/rcraicer_msgs/include/rcraicer_msgs/msg/wheel_speed.h
-- Installing: /home/lbarnett/ros2_ws/src/rcraicer/install/rcraicer_msgs/share/rcraicer_msgs/environment/library_path.sh
-- Installing: /home/lbarnett/ros2_ws/src/rcraicer/install/rcraicer_msgs/share/rcraicer_msgs/environment/library_path.dsv
-- Installing: /home/lbarnett/ros2_ws/src/rcraicer/install/rcraicer_msgs/lib/librcraicer_msgs__rosidl_generator_c.so
-- Set runtime path of "/home/lbarnett/ros2_ws/src/rcraicer/install/rcraicer_msgs/lib/librcraicer_msgs__rosidl_generator_c.so" to ""
-- Up-to-date: /home/lbarnett/ros2_ws/src/rcraicer/install/rcraicer_msgs/include/rcraicer_msgs
-- Up-to-date: /home/lbarnett/ros2_ws/src/rcraicer/install/rcraicer_msgs/include/rcraicer_msgs/msg
-- Installing: /home/lbarnett/ros2_ws/src/rcraicer/install/rcraicer_msgs/include/rcraicer_msgs/msg/rosidl_typesupport_fastrtps_c__visibility_control.h
-- Up-to-date: /home/lbarnett/ros2_ws/src/rcraicer/install/rcraicer_msgs/include/rcraicer_msgs/msg/detail
-- Installing: /home/lbarnett/ros2_ws/src/rcraicer/install/rcraicer_msgs/include/rcraicer_msgs/msg/detail/gps_survey__rosidl_typesupport_fastrtps_c.h
-- Installing: /home/lbarnett/ros2_ws/src/rcraicer/install/rcraicer_msgs/include/rcraicer_msgs/msg/detail/path_integral_timing__rosidl_typesupport_fastrtps_c.h
-- Installing: /home/lbarnett/ros2_ws/src/rcraicer/install/rcraicer_msgs/include/rcraicer_msgs/msg/detail/path_integral_status__rosidl_typesupport_fastrtps_c.h
-- Installing: /home/lbarnett/ros2_ws/src/rcraicer/install/rcraicer_msgs/include/rcraicer_msgs/msg/detail/encoder__rosidl_typesupport_fastrtps_c.h
-- Installing: /home/lbarnett/ros2_ws/src/rcraicer/install/rcraicer_msgs/include/rcraicer_msgs/msg/detail/gps_status__rosidl_typesupport_fastrtps_c.h
-- Installing: /home/lbarnett/ros2_ws/src/rcraicer/install/rcraicer_msgs/include/rcraicer_msgs/msg/detail/state_estimator_status__rosidl_typesupport_fastrtps_c.h
-- Installing: /home/lbarnett/ros2_ws/src/rcraicer/install/rcraicer_msgs/include/rcraicer_msgs/msg/detail/chassis_command__rosidl_typesupport_fastrtps_c.h
-- Installing: /home/lbarnett/ros2_ws/src/rcraicer/install/rcraicer_msgs/include/rcraicer_msgs/msg/detail/chassis_state__rosidl_typesupport_fastrtps_c.h
-- Installing: /home/lbarnett/ros2_ws/src/rcraicer/install/rcraicer_msgs/include/rcraicer_msgs/msg/detail/run_stop__rosidl_typesupport_fastrtps_c.h
-- Installing: /home/lbarnett/ros2_ws/src/rcraicer/install/rcraicer_msgs/include/rcraicer_msgs/msg/detail/sim_state__rosidl_typesupport_fastrtps_c.h
-- Installing: /home/lbarnett/ros2_ws/src/rcraicer/install/rcraicer_msgs/include/rcraicer_msgs/msg/detail/gpsrf_status__rosidl_typesupport_fastrtps_c.h
-- Installing: /home/lbarnett/ros2_ws/src/rcraicer/install/rcraicer_msgs/include/rcraicer_msgs/msg/detail/arduino_status__rosidl_typesupport_fastrtps_c.h
-- Installing: /home/lbarnett/ros2_ws/src/rcraicer/install/rcraicer_msgs/include/rcraicer_msgs/msg/detail/compute_status__rosidl_typesupport_fastrtps_c.h
-- Installing: /home/lbarnett/ros2_ws/src/rcraicer/install/rcraicer_msgs/include/rcraicer_msgs/msg/detail/path_integral_params__rosidl_typesupport_fastrtps_c.h
-- Installing: /home/lbarnett/ros2_ws/src/rcraicer/install/rcraicer_msgs/include/rcraicer_msgs/msg/detail/imu_filter_output__rosidl_typesupport_fastrtps_c.h
-- Installing: /home/lbarnett/ros2_ws/src/rcraicer/install/rcraicer_msgs/include/rcraicer_msgs/msg/detail/lap_stats__rosidl_typesupport_fastrtps_c.h
-- Installing: /home/lbarnett/ros2_ws/src/rcraicer/install/rcraicer_msgs/include/rcraicer_msgs/msg/detail/wheel_speed__rosidl_typesupport_fastrtps_c.h
-- Installing: /home/lbarnett/ros2_ws/src/rcraicer/install/rcraicer_msgs/include/rcraicer_msgs/msg/detail/neural_net_layer__rosidl_typesupport_fastrtps_c.h
-- Installing: /home/lbarnett/ros2_ws/src/rcraicer/install/rcraicer_msgs/include/rcraicer_msgs/msg/detail/path_integral_stats__rosidl_typesupport_fastrtps_c.h
-- Installing: /home/lbarnett/ros2_ws/src/rcraicer/install/rcraicer_msgs/include/rcraicer_msgs/msg/detail/neural_net_model__rosidl_typesupport_fastrtps_c.h
-- Installing: /home/lbarnett/ros2_ws/src/rcraicer/install/rcraicer_msgs/lib/librcraicer_msgs__rosidl_typesupport_fastrtps_c.so
-- Set runtime path of "/home/lbarnett/ros2_ws/src/rcraicer/install/rcraicer_msgs/lib/librcraicer_msgs__rosidl_typesupport_fastrtps_c.so" to ""
-- Up-to-date: /home/lbarnett/ros2_ws/src/rcraicer/install/rcraicer_msgs/include/rcraicer_msgs
-- Up-to-date: /home/lbarnett/ros2_ws/src/rcraicer/install/rcraicer_msgs/include/rcraicer_msgs/msg
-- Up-to-date: /home/lbarnett/ros2_ws/src/rcraicer/install/rcraicer_msgs/include/rcraicer_msgs/msg/detail
-- Installing: /home/lbarnett/ros2_ws/src/rcraicer/install/rcraicer_msgs/include/rcraicer_msgs/msg/detail/arduino_status__rosidl_typesupport_fastrtps_cpp.hpp
-- Installing: /home/lbarnett/ros2_ws/src/rcraicer/install/rcraicer_msgs/include/rcraicer_msgs/msg/detail/state_estimator_status__rosidl_typesupport_fastrtps_cpp.hpp
-- Installing: /home/lbarnett/ros2_ws/src/rcraicer/install/rcraicer_msgs/include/rcraicer_msgs/msg/detail/sim_state__rosidl_typesupport_fastrtps_cpp.hpp
-- Installing: /home/lbarnett/ros2_ws/src/rcraicer/install/rcraicer_msgs/include/rcraicer_msgs/msg/detail/chassis_command__rosidl_typesupport_fastrtps_cpp.hpp
-- Installing: /home/lbarnett/ros2_ws/src/rcraicer/install/rcraicer_msgs/include/rcraicer_msgs/msg/detail/lap_stats__rosidl_typesupport_fastrtps_cpp.hpp
-- Installing: /home/lbarnett/ros2_ws/src/rcraicer/install/rcraicer_msgs/include/rcraicer_msgs/msg/detail/gpsrf_status__rosidl_typesupport_fastrtps_cpp.hpp
-- Installing: /home/lbarnett/ros2_ws/src/rcraicer/install/rcraicer_msgs/include/rcraicer_msgs/msg/detail/gps_status__rosidl_typesupport_fastrtps_cpp.hpp
-- Installing: /home/lbarnett/ros2_ws/src/rcraicer/install/rcraicer_msgs/include/rcraicer_msgs/msg/detail/encoder__rosidl_typesupport_fastrtps_cpp.hpp
-- Installing: /home/lbarnett/ros2_ws/src/rcraicer/install/rcraicer_msgs/include/rcraicer_msgs/msg/detail/run_stop__rosidl_typesupport_fastrtps_cpp.hpp
-- Installing: /home/lbarnett/ros2_ws/src/rcraicer/install/rcraicer_msgs/include/rcraicer_msgs/msg/detail/path_integral_params__rosidl_typesupport_fastrtps_cpp.hpp
-- Installing: /home/lbarnett/ros2_ws/src/rcraicer/install/rcraicer_msgs/include/rcraicer_msgs/msg/detail/imu_filter_output__rosidl_typesupport_fastrtps_cpp.hpp
-- Installing: /home/lbarnett/ros2_ws/src/rcraicer/install/rcraicer_msgs/include/rcraicer_msgs/msg/detail/path_integral_timing__rosidl_typesupport_fastrtps_cpp.hpp
-- Installing: /home/lbarnett/ros2_ws/src/rcraicer/install/rcraicer_msgs/include/rcraicer_msgs/msg/detail/path_integral_status__rosidl_typesupport_fastrtps_cpp.hpp
-- Installing: /home/lbarnett/ros2_ws/src/rcraicer/install/rcraicer_msgs/include/rcraicer_msgs/msg/detail/chassis_state__rosidl_typesupport_fastrtps_cpp.hpp
-- Installing: /home/lbarnett/ros2_ws/src/rcraicer/install/rcraicer_msgs/include/rcraicer_msgs/msg/detail/neural_net_model__rosidl_typesupport_fastrtps_cpp.hpp
-- Installing: /home/lbarnett/ros2_ws/src/rcraicer/install/rcraicer_msgs/include/rcraicer_msgs/msg/detail/path_integral_stats__rosidl_typesupport_fastrtps_cpp.hpp
-- Installing: /home/lbarnett/ros2_ws/src/rcraicer/install/rcraicer_msgs/include/rcraicer_msgs/msg/detail/dds_fastrtps
-- Installing: /home/lbarnett/ros2_ws/src/rcraicer/install/rcraicer_msgs/include/rcraicer_msgs/msg/detail/gps_survey__rosidl_typesupport_fastrtps_cpp.hpp
-- Installing: /home/lbarnett/ros2_ws/src/rcraicer/install/rcraicer_msgs/include/rcraicer_msgs/msg/detail/wheel_speed__rosidl_typesupport_fastrtps_cpp.hpp
-- Installing: /home/lbarnett/ros2_ws/src/rcraicer/install/rcraicer_msgs/include/rcraicer_msgs/msg/detail/neural_net_layer__rosidl_typesupport_fastrtps_cpp.hpp
-- Installing: /home/lbarnett/ros2_ws/src/rcraicer/install/rcraicer_msgs/include/rcraicer_msgs/msg/detail/compute_status__rosidl_typesupport_fastrtps_cpp.hpp
-- Installing: /home/lbarnett/ros2_ws/src/rcraicer/install/rcraicer_msgs/include/rcraicer_msgs/msg/rosidl_typesupport_fastrtps_cpp__visibility_control.h
-- Installing: /home/lbarnett/ros2_ws/src/rcraicer/install/rcraicer_msgs/lib/librcraicer_msgs__rosidl_typesupport_fastrtps_cpp.so
-- Set runtime path of "/home/lbarnett/ros2_ws/src/rcraicer/install/rcraicer_msgs/lib/librcraicer_msgs__rosidl_typesupport_fastrtps_cpp.so" to ""
-- Up-to-date: /home/lbarnett/ros2_ws/src/rcraicer/install/rcraicer_msgs/include/rcraicer_msgs
-- Up-to-date: /home/lbarnett/ros2_ws/src/rcraicer/install/rcraicer_msgs/include/rcraicer_msgs/msg
-- Installing: /home/lbarnett/ros2_ws/src/rcraicer/install/rcraicer_msgs/include/rcraicer_msgs/msg/rosidl_typesupport_introspection_c__visibility_control.h
-- Up-to-date: /home/lbarnett/ros2_ws/src/rcraicer/install/rcraicer_msgs/include/rcraicer_msgs/msg/detail
-- Installing: /home/lbarnett/ros2_ws/src/rcraicer/install/rcraicer_msgs/include/rcraicer_msgs/msg/detail/path_integral_timing__type_support.c
-- Installing: /home/lbarnett/ros2_ws/src/rcraicer/install/rcraicer_msgs/include/rcraicer_msgs/msg/detail/run_stop__rosidl_typesupport_introspection_c.h
-- Installing: /home/lbarnett/ros2_ws/src/rcraicer/install/rcraicer_msgs/include/rcraicer_msgs/msg/detail/arduino_status__rosidl_typesupport_introspection_c.h
-- Installing: /home/lbarnett/ros2_ws/src/rcraicer/install/rcraicer_msgs/include/rcraicer_msgs/msg/detail/lap_stats__rosidl_typesupport_introspection_c.h
-- Installing: /home/lbarnett/ros2_ws/src/rcraicer/install/rcraicer_msgs/include/rcraicer_msgs/msg/detail/gps_survey__type_support.c
-- Installing: /home/lbarnett/ros2_ws/src/rcraicer/install/rcraicer_msgs/include/rcraicer_msgs/msg/detail/imu_filter_output__type_support.c
-- Installing: /home/lbarnett/ros2_ws/src/rcraicer/install/rcraicer_msgs/include/rcraicer_msgs/msg/detail/compute_status__type_support.c
-- Installing: /home/lbarnett/ros2_ws/src/rcraicer/install/rcraicer_msgs/include/rcraicer_msgs/msg/detail/gps_survey__rosidl_typesupport_introspection_c.h
-- Installing: /home/lbarnett/ros2_ws/src/rcraicer/install/rcraicer_msgs/include/rcraicer_msgs/msg/detail/neural_net_layer__rosidl_typesupport_introspection_c.h
-- Installing: /home/lbarnett/ros2_ws/src/rcraicer/install/rcraicer_msgs/include/rcraicer_msgs/msg/detail/chassis_state__type_support.c
-- Installing: /home/lbarnett/ros2_ws/src/rcraicer/install/rcraicer_msgs/include/rcraicer_msgs/msg/detail/gpsrf_status__rosidl_typesupport_introspection_c.h
-- Installing: /home/lbarnett/ros2_ws/src/rcraicer/install/rcraicer_msgs/include/rcraicer_msgs/msg/detail/path_integral_status__type_support.c
-- Installing: /home/lbarnett/ros2_ws/src/rcraicer/install/rcraicer_msgs/include/rcraicer_msgs/msg/detail/path_integral_stats__rosidl_typesupport_introspection_c.h
-- Installing: /home/lbarnett/ros2_ws/src/rcraicer/install/rcraicer_msgs/include/rcraicer_msgs/msg/detail/chassis_command__type_support.c
-- Installing: /home/lbarnett/ros2_ws/src/rcraicer/install/rcraicer_msgs/include/rcraicer_msgs/msg/detail/neural_net_model__rosidl_typesupport_introspection_c.h
-- Installing: /home/lbarnett/ros2_ws/src/rcraicer/install/rcraicer_msgs/include/rcraicer_msgs/msg/detail/encoder__rosidl_typesupport_introspection_c.h
-- Installing: /home/lbarnett/ros2_ws/src/rcraicer/install/rcraicer_msgs/include/rcraicer_msgs/msg/detail/path_integral_timing__rosidl_typesupport_introspection_c.h
-- Installing: /home/lbarnett/ros2_ws/src/rcraicer/install/rcraicer_msgs/include/rcraicer_msgs/msg/detail/path_integral_params__type_support.c
-- Installing: /home/lbarnett/ros2_ws/src/rcraicer/install/rcraicer_msgs/include/rcraicer_msgs/msg/detail/sim_state__type_support.c
-- Installing: /home/lbarnett/ros2_ws/src/rcraicer/install/rcraicer_msgs/include/rcraicer_msgs/msg/detail/state_estimator_status__type_support.c
-- Installing: /home/lbarnett/ros2_ws/src/rcraicer/install/rcraicer_msgs/include/rcraicer_msgs/msg/detail/gps_status__type_support.c
-- Installing: /home/lbarnett/ros2_ws/src/rcraicer/install/rcraicer_msgs/include/rcraicer_msgs/msg/detail/run_stop__type_support.c
-- Installing: /home/lbarnett/ros2_ws/src/rcraicer/install/rcraicer_msgs/include/rcraicer_msgs/msg/detail/path_integral_status__rosidl_typesupport_introspection_c.h
-- Installing: /home/lbarnett/ros2_ws/src/rcraicer/install/rcraicer_msgs/include/rcraicer_msgs/msg/detail/path_integral_stats__type_support.c
-- Installing: /home/lbarnett/ros2_ws/src/rcraicer/install/rcraicer_msgs/include/rcraicer_msgs/msg/detail/arduino_status__type_support.c
-- Installing: /home/lbarnett/ros2_ws/src/rcraicer/install/rcraicer_msgs/include/rcraicer_msgs/msg/detail/lap_stats__type_support.c
-- Installing: /home/lbarnett/ros2_ws/src/rcraicer/install/rcraicer_msgs/include/rcraicer_msgs/msg/detail/neural_net_model__type_support.c
-- Installing: /home/lbarnett/ros2_ws/src/rcraicer/install/rcraicer_msgs/include/rcraicer_msgs/msg/detail/encoder__type_support.c
-- Installing: /home/lbarnett/ros2_ws/src/rcraicer/install/rcraicer_msgs/include/rcraicer_msgs/msg/detail/wheel_speed__type_support.c
-- Installing: /home/lbarnett/ros2_ws/src/rcraicer/install/rcraicer_msgs/include/rcraicer_msgs/msg/detail/sim_state__rosidl_typesupport_introspection_c.h
-- Installing: /home/lbarnett/ros2_ws/src/rcraicer/install/rcraicer_msgs/include/rcraicer_msgs/msg/detail/gpsrf_status__type_support.c
-- Installing: /home/lbarnett/ros2_ws/src/rcraicer/install/rcraicer_msgs/include/rcraicer_msgs/msg/detail/imu_filter_output__rosidl_typesupport_introspection_c.h
-- Installing: /home/lbarnett/ros2_ws/src/rcraicer/install/rcraicer_msgs/include/rcraicer_msgs/msg/detail/neural_net_layer__type_support.c
-- Installing: /home/lbarnett/ros2_ws/src/rcraicer/install/rcraicer_msgs/include/rcraicer_msgs/msg/detail/path_integral_params__rosidl_typesupport_introspection_c.h
-- Installing: /home/lbarnett/ros2_ws/src/rcraicer/install/rcraicer_msgs/include/rcraicer_msgs/msg/detail/chassis_command__rosidl_typesupport_introspection_c.h
-- Installing: /home/lbarnett/ros2_ws/src/rcraicer/install/rcraicer_msgs/include/rcraicer_msgs/msg/detail/state_estimator_status__rosidl_typesupport_introspection_c.h
-- Installing: /home/lbarnett/ros2_ws/src/rcraicer/install/rcraicer_msgs/include/rcraicer_msgs/msg/detail/chassis_state__rosidl_typesupport_introspection_c.h
-- Installing: /home/lbarnett/ros2_ws/src/rcraicer/install/rcraicer_msgs/include/rcraicer_msgs/msg/detail/wheel_speed__rosidl_typesupport_introspection_c.h
-- Installing: /home/lbarnett/ros2_ws/src/rcraicer/install/rcraicer_msgs/include/rcraicer_msgs/msg/detail/gps_status__rosidl_typesupport_introspection_c.h
-- Installing: /home/lbarnett/ros2_ws/src/rcraicer/install/rcraicer_msgs/include/rcraicer_msgs/msg/detail/compute_status__rosidl_typesupport_introspection_c.h
-- Installing: /home/lbarnett/ros2_ws/src/rcraicer/install/rcraicer_msgs/lib/librcraicer_msgs__rosidl_typesupport_introspection_c.so
-- Set runtime path of "/home/lbarnett/ros2_ws/src/rcraicer/install/rcraicer_msgs/lib/librcraicer_msgs__rosidl_typesupport_introspection_c.so" to ""
-- Installing: /home/lbarnett/ros2_ws/src/rcraicer/install/rcraicer_msgs/lib/librcraicer_msgs__rosidl_typesupport_c.so
-- Set runtime path of "/home/lbarnett/ros2_ws/src/rcraicer/install/rcraicer_msgs/lib/librcraicer_msgs__rosidl_typesupport_c.so" to ""
-- Up-to-date: /home/lbarnett/ros2_ws/src/rcraicer/install/rcraicer_msgs/include/rcraicer_msgs
-- Up-to-date: /home/lbarnett/ros2_ws/src/rcraicer/install/rcraicer_msgs/include/rcraicer_msgs/msg
-- Installing: /home/lbarnett/ros2_ws/src/rcraicer/install/rcraicer_msgs/include/rcraicer_msgs/msg/encoder.hpp
-- Installing: /home/lbarnett/ros2_ws/src/rcraicer/install/rcraicer_msgs/include/rcraicer_msgs/msg/path_integral_stats.hpp
-- Installing: /home/lbarnett/ros2_ws/src/rcraicer/install/rcraicer_msgs/include/rcraicer_msgs/msg/chassis_command.hpp
-- Installing: /home/lbarnett/ros2_ws/src/rcraicer/install/rcraicer_msgs/include/rcraicer_msgs/msg/run_stop.hpp
-- Installing: /home/lbarnett/ros2_ws/src/rcraicer/install/rcraicer_msgs/include/rcraicer_msgs/msg/sim_state.hpp
-- Installing: /home/lbarnett/ros2_ws/src/rcraicer/install/rcraicer_msgs/include/rcraicer_msgs/msg/imu_filter_output.hpp
-- Installing: /home/lbarnett/ros2_ws/src/rcraicer/install/rcraicer_msgs/include/rcraicer_msgs/msg/chassis_state.hpp
-- Installing: /home/lbarnett/ros2_ws/src/rcraicer/install/rcraicer_msgs/include/rcraicer_msgs/msg/gps_survey.hpp
-- Installing: /home/lbarnett/ros2_ws/src/rcraicer/install/rcraicer_msgs/include/rcraicer_msgs/msg/gpsrf_status.hpp
-- Installing: /home/lbarnett/ros2_ws/src/rcraicer/install/rcraicer_msgs/include/rcraicer_msgs/msg/arduino_status.hpp
-- Installing: /home/lbarnett/ros2_ws/src/rcraicer/install/rcraicer_msgs/include/rcraicer_msgs/msg/lap_stats.hpp
-- Up-to-date: /home/lbarnett/ros2_ws/src/rcraicer/install/rcraicer_msgs/include/rcraicer_msgs/msg/detail
-- Installing: /home/lbarnett/ros2_ws/src/rcraicer/install/rcraicer_msgs/include/rcraicer_msgs/msg/detail/path_integral_status__struct.hpp
-- Installing: /home/lbarnett/ros2_ws/src/rcraicer/install/rcraicer_msgs/include/rcraicer_msgs/msg/detail/chassis_command__struct.hpp
-- Installing: /home/lbarnett/ros2_ws/src/rcraicer/install/rcraicer_msgs/include/rcraicer_msgs/msg/detail/sim_state__builder.hpp
-- Installing: /home/lbarnett/ros2_ws/src/rcraicer/install/rcraicer_msgs/include/rcraicer_msgs/msg/detail/wheel_speed__traits.hpp
-- Installing: /home/lbarnett/ros2_ws/src/rcraicer/install/rcraicer_msgs/include/rcraicer_msgs/msg/detail/gps_status__traits.hpp
-- Installing: /home/lbarnett/ros2_ws/src/rcraicer/install/rcraicer_msgs/include/rcraicer_msgs/msg/detail/neural_net_layer__traits.hpp
-- Installing: /home/lbarnett/ros2_ws/src/rcraicer/install/rcraicer_msgs/include/rcraicer_msgs/msg/detail/path_integral_params__traits.hpp
-- Installing: /home/lbarnett/ros2_ws/src/rcraicer/install/rcraicer_msgs/include/rcraicer_msgs/msg/detail/neural_net_model__builder.hpp
-- Installing: /home/lbarnett/ros2_ws/src/rcraicer/install/rcraicer_msgs/include/rcraicer_msgs/msg/detail/gps_survey__traits.hpp
-- Installing: /home/lbarnett/ros2_ws/src/rcraicer/install/rcraicer_msgs/include/rcraicer_msgs/msg/detail/chassis_state__traits.hpp
-- Installing: /home/lbarnett/ros2_ws/src/rcraicer/install/rcraicer_msgs/include/rcraicer_msgs/msg/detail/run_stop__builder.hpp
-- Installing: /home/lbarnett/ros2_ws/src/rcraicer/install/rcraicer_msgs/include/rcraicer_msgs/msg/detail/compute_status__traits.hpp
-- Installing: /home/lbarnett/ros2_ws/src/rcraicer/install/rcraicer_msgs/include/rcraicer_msgs/msg/detail/gpsrf_status__struct.hpp
-- Installing: /home/lbarnett/ros2_ws/src/rcraicer/install/rcraicer_msgs/include/rcraicer_msgs/msg/detail/lap_stats__struct.hpp
-- Installing: /home/lbarnett/ros2_ws/src/rcraicer/install/rcraicer_msgs/include/rcraicer_msgs/msg/detail/imu_filter_output__traits.hpp
-- Installing: /home/lbarnett/ros2_ws/src/rcraicer/install/rcraicer_msgs/include/rcraicer_msgs/msg/detail/path_integral_timing__struct.hpp
-- Installing: /home/lbarnett/ros2_ws/src/rcraicer/install/rcraicer_msgs/include/rcraicer_msgs/msg/detail/state_estimator_status__builder.hpp
-- Installing: /home/lbarnett/ros2_ws/src/rcraicer/install/rcraicer_msgs/include/rcraicer_msgs/msg/detail/wheel_speed__builder.hpp
-- Installing: /home/lbarnett/ros2_ws/src/rcraicer/install/rcraicer_msgs/include/rcraicer_msgs/msg/detail/neural_net_model__struct.hpp
-- Installing: /home/lbarnett/ros2_ws/src/rcraicer/install/rcraicer_msgs/include/rcraicer_msgs/msg/detail/gps_survey__builder.hpp
-- Installing: /home/lbarnett/ros2_ws/src/rcraicer/install/rcraicer_msgs/include/rcraicer_msgs/msg/detail/sim_state__traits.hpp
-- Installing: /home/lbarnett/ros2_ws/src/rcraicer/install/rcraicer_msgs/include/rcraicer_msgs/msg/detail/run_stop__traits.hpp
-- Installing: /home/lbarnett/ros2_ws/src/rcraicer/install/rcraicer_msgs/include/rcraicer_msgs/msg/detail/imu_filter_output__struct.hpp
-- Installing: /home/lbarnett/ros2_ws/src/rcraicer/install/rcraicer_msgs/include/rcraicer_msgs/msg/detail/gps_status__struct.hpp
-- Installing: /home/lbarnett/ros2_ws/src/rcraicer/install/rcraicer_msgs/include/rcraicer_msgs/msg/detail/neural_net_model__traits.hpp
-- Installing: /home/lbarnett/ros2_ws/src/rcraicer/install/rcraicer_msgs/include/rcraicer_msgs/msg/detail/run_stop__struct.hpp
-- Installing: /home/lbarnett/ros2_ws/src/rcraicer/install/rcraicer_msgs/include/rcraicer_msgs/msg/detail/encoder__builder.hpp
-- Installing: /home/lbarnett/ros2_ws/src/rcraicer/install/rcraicer_msgs/include/rcraicer_msgs/msg/detail/state_estimator_status__traits.hpp
-- Installing: /home/lbarnett/ros2_ws/src/rcraicer/install/rcraicer_msgs/include/rcraicer_msgs/msg/detail/compute_status__builder.hpp
-- Installing: /home/lbarnett/ros2_ws/src/rcraicer/install/rcraicer_msgs/include/rcraicer_msgs/msg/detail/encoder__struct.hpp
-- Installing: /home/lbarnett/ros2_ws/src/rcraicer/install/rcraicer_msgs/include/rcraicer_msgs/msg/detail/chassis_command__traits.hpp
-- Installing: /home/lbarnett/ros2_ws/src/rcraicer/install/rcraicer_msgs/include/rcraicer_msgs/msg/detail/compute_status__struct.hpp
-- Installing: /home/lbarnett/ros2_ws/src/rcraicer/install/rcraicer_msgs/include/rcraicer_msgs/msg/detail/gps_survey__struct.hpp
-- Installing: /home/lbarnett/ros2_ws/src/rcraicer/install/rcraicer_msgs/include/rcraicer_msgs/msg/detail/path_integral_stats__struct.hpp
-- Installing: /home/lbarnett/ros2_ws/src/rcraicer/install/rcraicer_msgs/include/rcraicer_msgs/msg/detail/neural_net_layer__builder.hpp
-- Installing: /home/lbarnett/ros2_ws/src/rcraicer/install/rcraicer_msgs/include/rcraicer_msgs/msg/detail/path_integral_params__struct.hpp
-- Installing: /home/lbarnett/ros2_ws/src/rcraicer/install/rcraicer_msgs/include/rcraicer_msgs/msg/detail/neural_net_layer__struct.hpp
-- Installing: /home/lbarnett/ros2_ws/src/rcraicer/install/rcraicer_msgs/include/rcraicer_msgs/msg/detail/path_integral_params__builder.hpp
-- Installing: /home/lbarnett/ros2_ws/src/rcraicer/install/rcraicer_msgs/include/rcraicer_msgs/msg/detail/arduino_status__traits.hpp
-- Installing: /home/lbarnett/ros2_ws/src/rcraicer/install/rcraicer_msgs/include/rcraicer_msgs/msg/detail/path_integral_timing__builder.hpp
-- Installing: /home/lbarnett/ros2_ws/src/rcraicer/install/rcraicer_msgs/include/rcraicer_msgs/msg/detail/encoder__traits.hpp
-- Installing: /home/lbarnett/ros2_ws/src/rcraicer/install/rcraicer_msgs/include/rcraicer_msgs/msg/detail/chassis_state__builder.hpp
-- Installing: /home/lbarnett/ros2_ws/src/rcraicer/install/rcraicer_msgs/include/rcraicer_msgs/msg/detail/path_integral_status__traits.hpp
-- Installing: /home/lbarnett/ros2_ws/src/rcraicer/install/rcraicer_msgs/include/rcraicer_msgs/msg/detail/gps_status__builder.hpp
-- Installing: /home/lbarnett/ros2_ws/src/rcraicer/install/rcraicer_msgs/include/rcraicer_msgs/msg/detail/path_integral_stats__builder.hpp
-- Installing: /home/lbarnett/ros2_ws/src/rcraicer/install/rcraicer_msgs/include/rcraicer_msgs/msg/detail/arduino_status__builder.hpp
-- Installing: /home/lbarnett/ros2_ws/src/rcraicer/install/rcraicer_msgs/include/rcraicer_msgs/msg/detail/lap_stats__traits.hpp
-- Installing: /home/lbarnett/ros2_ws/src/rcraicer/install/rcraicer_msgs/include/rcraicer_msgs/msg/detail/path_integral_status__builder.hpp
-- Installing: /home/lbarnett/ros2_ws/src/rcraicer/install/rcraicer_msgs/include/rcraicer_msgs/msg/detail/chassis_command__builder.hpp
-- Installing: /home/lbarnett/ros2_ws/src/rcraicer/install/rcraicer_msgs/include/rcraicer_msgs/msg/detail/arduino_status__struct.hpp
-- Installing: /home/lbarnett/ros2_ws/src/rcraicer/install/rcraicer_msgs/include/rcraicer_msgs/msg/detail/gpsrf_status__traits.hpp
-- Installing: /home/lbarnett/ros2_ws/src/rcraicer/install/rcraicer_msgs/include/rcraicer_msgs/msg/detail/lap_stats__builder.hpp
-- Installing: /home/lbarnett/ros2_ws/src/rcraicer/install/rcraicer_msgs/include/rcraicer_msgs/msg/detail/imu_filter_output__builder.hpp
-- Installing: /home/lbarnett/ros2_ws/src/rcraicer/install/rcraicer_msgs/include/rcraicer_msgs/msg/detail/chassis_state__struct.hpp
-- Installing: /home/lbarnett/ros2_ws/src/rcraicer/install/rcraicer_msgs/include/rcraicer_msgs/msg/detail/sim_state__struct.hpp
-- Installing: /home/lbarnett/ros2_ws/src/rcraicer/install/rcraicer_msgs/include/rcraicer_msgs/msg/detail/path_integral_timing__traits.hpp
-- Installing: /home/lbarnett/ros2_ws/src/rcraicer/install/rcraicer_msgs/include/rcraicer_msgs/msg/detail/gpsrf_status__builder.hpp
-- Installing: /home/lbarnett/ros2_ws/src/rcraicer/install/rcraicer_msgs/include/rcraicer_msgs/msg/detail/state_estimator_status__struct.hpp
-- Installing: /home/lbarnett/ros2_ws/src/rcraicer/install/rcraicer_msgs/include/rcraicer_msgs/msg/detail/path_integral_stats__traits.hpp
-- Installing: /home/lbarnett/ros2_ws/src/rcraicer/install/rcraicer_msgs/include/rcraicer_msgs/msg/detail/wheel_speed__struct.hpp
-- Installing: /home/lbarnett/ros2_ws/src/rcraicer/install/rcraicer_msgs/include/rcraicer_msgs/msg/neural_net_layer.hpp
-- Installing: /home/lbarnett/ros2_ws/src/rcraicer/install/rcraicer_msgs/include/rcraicer_msgs/msg/path_integral_status.hpp
-- Installing: /home/lbarnett/ros2_ws/src/rcraicer/install/rcraicer_msgs/include/rcraicer_msgs/msg/path_integral_timing.hpp
-- Installing: /home/lbarnett/ros2_ws/src/rcraicer/install/rcraicer_msgs/include/rcraicer_msgs/msg/wheel_speed.hpp
-- Installing: /home/lbarnett/ros2_ws/src/rcraicer/install/rcraicer_msgs/include/rcraicer_msgs/msg/gps_status.hpp
-- Installing: /home/lbarnett/ros2_ws/src/rcraicer/install/rcraicer_msgs/include/rcraicer_msgs/msg/path_integral_params.hpp
-- Installing: /home/lbarnett/ros2_ws/src/rcraicer/install/rcraicer_msgs/include/rcraicer_msgs/msg/compute_status.hpp
-- Installing: /home/lbarnett/ros2_ws/src/rcraicer/install/rcraicer_msgs/include/rcraicer_msgs/msg/neural_net_model.hpp
-- Installing: /home/lbarnett/ros2_ws/src/rcraicer/install/rcraicer_msgs/include/rcraicer_msgs/msg/state_estimator_status.hpp
-- Up-to-date: /home/lbarnett/ros2_ws/src/rcraicer/install/rcraicer_msgs/include/rcraicer_msgs
-- Up-to-date: /home/lbarnett/ros2_ws/src/rcraicer/install/rcraicer_msgs/include/rcraicer_msgs/msg
-- Up-to-date: /home/lbarnett/ros2_ws/src/rcraicer/install/rcraicer_msgs/include/rcraicer_msgs/msg/detail
-- Installing: /home/lbarnett/ros2_ws/src/rcraicer/install/rcraicer_msgs/include/rcraicer_msgs/msg/detail/path_integral_timing__rosidl_typesupport_introspection_cpp.hpp
-- Installing: /home/lbarnett/ros2_ws/src/rcraicer/install/rcraicer_msgs/include/rcraicer_msgs/msg/detail/path_integral_stats__type_support.cpp
-- Installing: /home/lbarnett/ros2_ws/src/rcraicer/install/rcraicer_msgs/include/rcraicer_msgs/msg/detail/run_stop__rosidl_typesupport_introspection_cpp.hpp
-- Installing: /home/lbarnett/ros2_ws/src/rcraicer/install/rcraicer_msgs/include/rcraicer_msgs/msg/detail/wheel_speed__type_support.cpp
-- Installing: /home/lbarnett/ros2_ws/src/rcraicer/install/rcraicer_msgs/include/rcraicer_msgs/msg/detail/sim_state__type_support.cpp
-- Installing: /home/lbarnett/ros2_ws/src/rcraicer/install/rcraicer_msgs/include/rcraicer_msgs/msg/detail/gps_status__type_support.cpp
-- Installing: /home/lbarnett/ros2_ws/src/rcraicer/install/rcraicer_msgs/include/rcraicer_msgs/msg/detail/gpsrf_status__type_support.cpp
-- Installing: /home/lbarnett/ros2_ws/src/rcraicer/install/rcraicer_msgs/include/rcraicer_msgs/msg/detail/sim_state__rosidl_typesupport_introspection_cpp.hpp
-- Installing: /home/lbarnett/ros2_ws/src/rcraicer/install/rcraicer_msgs/include/rcraicer_msgs/msg/detail/path_integral_timing__type_support.cpp
-- Installing: /home/lbarnett/ros2_ws/src/rcraicer/install/rcraicer_msgs/include/rcraicer_msgs/msg/detail/lap_stats__rosidl_typesupport_introspection_cpp.hpp
-- Installing: /home/lbarnett/ros2_ws/src/rcraicer/install/rcraicer_msgs/include/rcraicer_msgs/msg/detail/chassis_state__type_support.cpp
-- Installing: /home/lbarnett/ros2_ws/src/rcraicer/install/rcraicer_msgs/include/rcraicer_msgs/msg/detail/path_integral_params__rosidl_typesupport_introspection_cpp.hpp
-- Installing: /home/lbarnett/ros2_ws/src/rcraicer/install/rcraicer_msgs/include/rcraicer_msgs/msg/detail/compute_status__type_support.cpp
-- Installing: /home/lbarnett/ros2_ws/src/rcraicer/install/rcraicer_msgs/include/rcraicer_msgs/msg/detail/neural_net_layer__rosidl_typesupport_introspection_cpp.hpp
-- Installing: /home/lbarnett/ros2_ws/src/rcraicer/install/rcraicer_msgs/include/rcraicer_msgs/msg/detail/state_estimator_status__type_support.cpp
-- Installing: /home/lbarnett/ros2_ws/src/rcraicer/install/rcraicer_msgs/include/rcraicer_msgs/msg/detail/gps_survey__rosidl_typesupport_introspection_cpp.hpp
-- Installing: /home/lbarnett/ros2_ws/src/rcraicer/install/rcraicer_msgs/include/rcraicer_msgs/msg/detail/arduino_status__type_support.cpp
-- Installing: /home/lbarnett/ros2_ws/src/rcraicer/install/rcraicer_msgs/include/rcraicer_msgs/msg/detail/chassis_state__rosidl_typesupport_introspection_cpp.hpp
-- Installing: /home/lbarnett/ros2_ws/src/rcraicer/install/rcraicer_msgs/include/rcraicer_msgs/msg/detail/imu_filter_output__rosidl_typesupport_introspection_cpp.hpp
-- Installing: /home/lbarnett/ros2_ws/src/rcraicer/install/rcraicer_msgs/include/rcraicer_msgs/msg/detail/state_estimator_status__rosidl_typesupport_introspection_cpp.hpp
-- Installing: /home/lbarnett/ros2_ws/src/rcraicer/install/rcraicer_msgs/include/rcraicer_msgs/msg/detail/neural_net_model__rosidl_typesupport_introspection_cpp.hpp
-- Installing: /home/lbarnett/ros2_ws/src/rcraicer/install/rcraicer_msgs/include/rcraicer_msgs/msg/detail/run_stop__type_support.cpp
-- Installing: /home/lbarnett/ros2_ws/src/rcraicer/install/rcraicer_msgs/include/rcraicer_msgs/msg/detail/lap_stats__type_support.cpp
-- Installing: /home/lbarnett/ros2_ws/src/rcraicer/install/rcraicer_msgs/include/rcraicer_msgs/msg/detail/arduino_status__rosidl_typesupport_introspection_cpp.hpp
-- Installing: /home/lbarnett/ros2_ws/src/rcraicer/install/rcraicer_msgs/include/rcraicer_msgs/msg/detail/gps_survey__type_support.cpp
-- Installing: /home/lbarnett/ros2_ws/src/rcraicer/install/rcraicer_msgs/include/rcraicer_msgs/msg/detail/imu_filter_output__type_support.cpp
-- Installing: /home/lbarnett/ros2_ws/src/rcraicer/install/rcraicer_msgs/include/rcraicer_msgs/msg/detail/path_integral_stats__rosidl_typesupport_introspection_cpp.hpp
-- Installing: /home/lbarnett/ros2_ws/src/rcraicer/install/rcraicer_msgs/include/rcraicer_msgs/msg/detail/neural_net_layer__type_support.cpp
-- Installing: /home/lbarnett/ros2_ws/src/rcraicer/install/rcraicer_msgs/include/rcraicer_msgs/msg/detail/chassis_command__rosidl_typesupport_introspection_cpp.hpp
-- Installing: /home/lbarnett/ros2_ws/src/rcraicer/install/rcraicer_msgs/include/rcraicer_msgs/msg/detail/gpsrf_status__rosidl_typesupport_introspection_cpp.hpp
-- Installing: /home/lbarnett/ros2_ws/src/rcraicer/install/rcraicer_msgs/include/rcraicer_msgs/msg/detail/gps_status__rosidl_typesupport_introspection_cpp.hpp
-- Installing: /home/lbarnett/ros2_ws/src/rcraicer/install/rcraicer_msgs/include/rcraicer_msgs/msg/detail/encoder__rosidl_typesupport_introspection_cpp.hpp
-- Installing: /home/lbarnett/ros2_ws/src/rcraicer/install/rcraicer_msgs/include/rcraicer_msgs/msg/detail/path_integral_status__type_support.cpp
-- Installing: /home/lbarnett/ros2_ws/src/rcraicer/install/rcraicer_msgs/include/rcraicer_msgs/msg/detail/neural_net_model__type_support.cpp
-- Installing: /home/lbarnett/ros2_ws/src/rcraicer/install/rcraicer_msgs/include/rcraicer_msgs/msg/detail/path_integral_status__rosidl_typesupport_introspection_cpp.hpp
-- Installing: /home/lbarnett/ros2_ws/src/rcraicer/install/rcraicer_msgs/include/rcraicer_msgs/msg/detail/encoder__type_support.cpp
-- Installing: /home/lbarnett/ros2_ws/src/rcraicer/install/rcraicer_msgs/include/rcraicer_msgs/msg/detail/chassis_command__type_support.cpp
-- Installing: /home/lbarnett/ros2_ws/src/rcraicer/install/rcraicer_msgs/include/rcraicer_msgs/msg/detail/compute_status__rosidl_typesupport_introspection_cpp.hpp
-- Installing: /home/lbarnett/ros2_ws/src/rcraicer/install/rcraicer_msgs/include/rcraicer_msgs/msg/detail/wheel_speed__rosidl_typesupport_introspection_cpp.hpp
-- Installing: /home/lbarnett/ros2_ws/src/rcraicer/install/rcraicer_msgs/include/rcraicer_msgs/msg/detail/path_integral_params__type_support.cpp
-- Installing: /home/lbarnett/ros2_ws/src/rcraicer/install/rcraicer_msgs/lib/librcraicer_msgs__rosidl_typesupport_introspection_cpp.so
-- Set runtime path of "/home/lbarnett/ros2_ws/src/rcraicer/install/rcraicer_msgs/lib/librcraicer_msgs__rosidl_typesupport_introspection_cpp.so" to ""
-- Installing: /home/lbarnett/ros2_ws/src/rcraicer/install/rcraicer_msgs/lib/librcraicer_msgs__rosidl_typesupport_cpp.so
-- Set runtime path of "/home/lbarnett/ros2_ws/src/rcraicer/install/rcraicer_msgs/lib/librcraicer_msgs__rosidl_typesupport_cpp.so" to ""
-- Installing: /home/lbarnett/ros2_ws/src/rcraicer/install/rcraicer_msgs/share/rcraicer_msgs/environment/pythonpath.sh
-- Installing: /home/lbarnett/ros2_ws/src/rcraicer/install/rcraicer_msgs/share/rcraicer_msgs/environment/pythonpath.dsv
-- Installing: /home/lbarnett/ros2_ws/src/rcraicer/install/rcraicer_msgs/lib/python3.8/site-packages/rcraicer_msgs/__init__.py
Compiling '/home/lbarnett/ros2_ws/src/rcraicer/install/rcraicer_msgs/lib/python3.8/site-packages/rcraicer_msgs/__init__.py'...
-- Installing: /home/lbarnett/ros2_ws/src/rcraicer/install/rcraicer_msgs/lib/python3.8/site-packages/rcraicer_msgs/msg
-- Installing: /home/lbarnett/ros2_ws/src/rcraicer/install/rcraicer_msgs/lib/python3.8/site-packages/rcraicer_msgs/msg/_path_integral_timing.py
-- Installing: /home/lbarnett/ros2_ws/src/rcraicer/install/rcraicer_msgs/lib/python3.8/site-packages/rcraicer_msgs/msg/_chassis_command_s.c
-- Installing: /home/lbarnett/ros2_ws/src/rcraicer/install/rcraicer_msgs/lib/python3.8/site-packages/rcraicer_msgs/msg/_gpsrf_status.py
-- Installing: /home/lbarnett/ros2_ws/src/rcraicer/install/rcraicer_msgs/lib/python3.8/site-packages/rcraicer_msgs/msg/_chassis_state_s.c
-- Installing: /home/lbarnett/ros2_ws/src/rcraicer/install/rcraicer_msgs/lib/python3.8/site-packages/rcraicer_msgs/msg/_path_integral_stats_s.c
-- Installing: /home/lbarnett/ros2_ws/src/rcraicer/install/rcraicer_msgs/lib/python3.8/site-packages/rcraicer_msgs/msg/_sim_state.py
-- Installing: /home/lbarnett/ros2_ws/src/rcraicer/install/rcraicer_msgs/lib/python3.8/site-packages/rcraicer_msgs/msg/_lap_stats.py
-- Installing: /home/lbarnett/ros2_ws/src/rcraicer/install/rcraicer_msgs/lib/python3.8/site-packages/rcraicer_msgs/msg/_compute_status_s.c
-- Installing: /home/lbarnett/ros2_ws/src/rcraicer/install/rcraicer_msgs/lib/python3.8/site-packages/rcraicer_msgs/msg/_state_estimator_status.py
-- Installing: /home/lbarnett/ros2_ws/src/rcraicer/install/rcraicer_msgs/lib/python3.8/site-packages/rcraicer_msgs/msg/_compute_status.py
-- Installing: /home/lbarnett/ros2_ws/src/rcraicer/install/rcraicer_msgs/lib/python3.8/site-packages/rcraicer_msgs/msg/_sim_state_s.c
-- Installing: /home/lbarnett/ros2_ws/src/rcraicer/install/rcraicer_msgs/lib/python3.8/site-packages/rcraicer_msgs/msg/_neural_net_layer.py
-- Installing: /home/lbarnett/ros2_ws/src/rcraicer/install/rcraicer_msgs/lib/python3.8/site-packages/rcraicer_msgs/msg/_gps_survey.py
-- Installing: /home/lbarnett/ros2_ws/src/rcraicer/install/rcraicer_msgs/lib/python3.8/site-packages/rcraicer_msgs/msg/_wheel_speed_s.c
-- Installing: /home/lbarnett/ros2_ws/src/rcraicer/install/rcraicer_msgs/lib/python3.8/site-packages/rcraicer_msgs/msg/_chassis_state.py
-- Installing: /home/lbarnett/ros2_ws/src/rcraicer/install/rcraicer_msgs/lib/python3.8/site-packages/rcraicer_msgs/msg/_lap_stats_s.c
-- Installing: /home/lbarnett/ros2_ws/src/rcraicer/install/rcraicer_msgs/lib/python3.8/site-packages/rcraicer_msgs/msg/_chassis_command.py
-- Installing: /home/lbarnett/ros2_ws/src/rcraicer/install/rcraicer_msgs/lib/python3.8/site-packages/rcraicer_msgs/msg/_imu_filter_output_s.c
-- Installing: /home/lbarnett/ros2_ws/src/rcraicer/install/rcraicer_msgs/lib/python3.8/site-packages/rcraicer_msgs/msg/_run_stop_s.c
-- Installing: /home/lbarnett/ros2_ws/src/rcraicer/install/rcraicer_msgs/lib/python3.8/site-packages/rcraicer_msgs/msg/_path_integral_params_s.c
-- Installing: /home/lbarnett/ros2_ws/src/rcraicer/install/rcraicer_msgs/lib/python3.8/site-packages/rcraicer_msgs/msg/_wheel_speed.py
-- Installing: /home/lbarnett/ros2_ws/src/rcraicer/install/rcraicer_msgs/lib/python3.8/site-packages/rcraicer_msgs/msg/_encoder.py
-- Installing: /home/lbarnett/ros2_ws/src/rcraicer/install/rcraicer_msgs/lib/python3.8/site-packages/rcraicer_msgs/msg/_encoder_s.c
-- Installing: /home/lbarnett/ros2_ws/src/rcraicer/install/rcraicer_msgs/lib/python3.8/site-packages/rcraicer_msgs/msg/_arduino_status.py
-- Installing: /home/lbarnett/ros2_ws/src/rcraicer/install/rcraicer_msgs/lib/python3.8/site-packages/rcraicer_msgs/msg/_gps_status.py
-- Installing: /home/lbarnett/ros2_ws/src/rcraicer/install/rcraicer_msgs/lib/python3.8/site-packages/rcraicer_msgs/msg/_path_integral_status_s.c
-- Installing: /home/lbarnett/ros2_ws/src/rcraicer/install/rcraicer_msgs/lib/python3.8/site-packages/rcraicer_msgs/msg/_path_integral_params.py
-- Installing: /home/lbarnett/ros2_ws/src/rcraicer/install/rcraicer_msgs/lib/python3.8/site-packages/rcraicer_msgs/msg/_gps_survey_s.c
-- Installing: /home/lbarnett/ros2_ws/src/rcraicer/install/rcraicer_msgs/lib/python3.8/site-packages/rcraicer_msgs/msg/_state_estimator_status_s.c
-- Installing: /home/lbarnett/ros2_ws/src/rcraicer/install/rcraicer_msgs/lib/python3.8/site-packages/rcraicer_msgs/msg/_gpsrf_status_s.c
-- Installing: /home/lbarnett/ros2_ws/src/rcraicer/install/rcraicer_msgs/lib/python3.8/site-packages/rcraicer_msgs/msg/_path_integral_stats.py
-- Installing: /home/lbarnett/ros2_ws/src/rcraicer/install/rcraicer_msgs/lib/python3.8/site-packages/rcraicer_msgs/msg/_gps_status_s.c
-- Installing: /home/lbarnett/ros2_ws/src/rcraicer/install/rcraicer_msgs/lib/python3.8/site-packages/rcraicer_msgs/msg/_neural_net_model.py
-- Installing: /home/lbarnett/ros2_ws/src/rcraicer/install/rcraicer_msgs/lib/python3.8/site-packages/rcraicer_msgs/msg/_path_integral_timing_s.c
-- Installing: /home/lbarnett/ros2_ws/src/rcraicer/install/rcraicer_msgs/lib/python3.8/site-packages/rcraicer_msgs/msg/_path_integral_status.py
-- Installing: /home/lbarnett/ros2_ws/src/rcraicer/install/rcraicer_msgs/lib/python3.8/site-packages/rcraicer_msgs/msg/_neural_net_model_s.c
-- Installing: /home/lbarnett/ros2_ws/src/rcraicer/install/rcraicer_msgs/lib/python3.8/site-packages/rcraicer_msgs/msg/_neural_net_layer_s.c
-- Installing: /home/lbarnett/ros2_ws/src/rcraicer/install/rcraicer_msgs/lib/python3.8/site-packages/rcraicer_msgs/msg/_imu_filter_output.py
-- Installing: /home/lbarnett/ros2_ws/src/rcraicer/install/rcraicer_msgs/lib/python3.8/site-packages/rcraicer_msgs/msg/_arduino_status_s.c
-- Installing: /home/lbarnett/ros2_ws/src/rcraicer/install/rcraicer_msgs/lib/python3.8/site-packages/rcraicer_msgs/msg/__init__.py
-- Installing: /home/lbarnett/ros2_ws/src/rcraicer/install/rcraicer_msgs/lib/python3.8/site-packages/rcraicer_msgs/msg/_run_stop.py
-- Installing: /home/lbarnett/ros2_ws/src/rcraicer/install/rcraicer_msgs/lib/python3.8/site-packages/rcraicer_msgs/rcraicer_msgs_s__rosidl_typesupport_fastrtps_c.cpython-38-x86_64-linux-gnu.so
-- Set runtime path of "/home/lbarnett/ros2_ws/src/rcraicer/install/rcraicer_msgs/lib/python3.8/site-packages/rcraicer_msgs/rcraicer_msgs_s__rosidl_typesupport_fastrtps_c.cpython-38-x86_64-linux-gnu.so" to ""
-- Installing: /home/lbarnett/ros2_ws/src/rcraicer/install/rcraicer_msgs/lib/python3.8/site-packages/rcraicer_msgs/rcraicer_msgs_s__rosidl_typesupport_introspection_c.cpython-38-x86_64-linux-gnu.so
-- Set runtime path of "/home/lbarnett/ros2_ws/src/rcraicer/install/rcraicer_msgs/lib/python3.8/site-packages/rcraicer_msgs/rcraicer_msgs_s__rosidl_typesupport_introspection_c.cpython-38-x86_64-linux-gnu.so" to ""
-- Installing: /home/lbarnett/ros2_ws/src/rcraicer/install/rcraicer_msgs/lib/python3.8/site-packages/rcraicer_msgs/rcraicer_msgs_s__rosidl_typesupport_c.cpython-38-x86_64-linux-gnu.so
-- Set runtime path of "/home/lbarnett/ros2_ws/src/rcraicer/install/rcraicer_msgs/lib/python3.8/site-packages/rcraicer_msgs/rcraicer_msgs_s__rosidl_typesupport_c.cpython-38-x86_64-linux-gnu.so" to ""
-- Installing: /home/lbarnett/ros2_ws/src/rcraicer/install/rcraicer_msgs/lib/librcraicer_msgs__python.so
-- Set runtime path of "/home/lbarnett/ros2_ws/src/rcraicer/install/rcraicer_msgs/lib/librcraicer_msgs__python.so" to ""
-- Installing: /home/lbarnett/ros2_ws/src/rcraicer/install/rcraicer_msgs/share/rcraicer_msgs/msg/Encoder.idl
-- Installing: /home/lbarnett/ros2_ws/src/rcraicer/install/rcraicer_msgs/share/rcraicer_msgs/msg/ArduinoStatus.idl
-- Installing: /home/lbarnett/ros2_ws/src/rcraicer/install/rcraicer_msgs/share/rcraicer_msgs/msg/ChassisState.idl
-- Installing: /home/lbarnett/ros2_ws/src/rcraicer/install/rcraicer_msgs/share/rcraicer_msgs/msg/ChassisCommand.idl
-- Installing: /home/lbarnett/ros2_ws/src/rcraicer/install/rcraicer_msgs/share/rcraicer_msgs/msg/GPSStatus.idl
-- Installing: /home/lbarnett/ros2_ws/src/rcraicer/install/rcraicer_msgs/share/rcraicer_msgs/msg/GPSSurvey.idl
-- Installing: /home/lbarnett/ros2_ws/src/rcraicer/install/rcraicer_msgs/share/rcraicer_msgs/msg/GPSRFStatus.idl
-- Installing: /home/lbarnett/ros2_ws/src/rcraicer/install/rcraicer_msgs/share/rcraicer_msgs/msg/WheelSpeed.idl
-- Installing: /home/lbarnett/ros2_ws/src/rcraicer/install/rcraicer_msgs/share/rcraicer_msgs/msg/StateEstimatorStatus.idl
-- Installing: /home/lbarnett/ros2_ws/src/rcraicer/install/rcraicer_msgs/share/rcraicer_msgs/msg/ImuFilterOutput.idl
-- Installing: /home/lbarnett/ros2_ws/src/rcraicer/install/rcraicer_msgs/share/rcraicer_msgs/msg/ComputeStatus.idl
-- Installing: /home/lbarnett/ros2_ws/src/rcraicer/install/rcraicer_msgs/share/rcraicer_msgs/msg/SimState.idl
-- Installing: /home/lbarnett/ros2_ws/src/rcraicer/install/rcraicer_msgs/share/rcraicer_msgs/msg/NeuralNetLayer.idl
-- Installing: /home/lbarnett/ros2_ws/src/rcraicer/install/rcraicer_msgs/share/rcraicer_msgs/msg/NeuralNetModel.idl
-- Installing: /home/lbarnett/ros2_ws/src/rcraicer/install/rcraicer_msgs/share/rcraicer_msgs/msg/PathIntegralParams.idl
-- Installing: /home/lbarnett/ros2_ws/src/rcraicer/install/rcraicer_msgs/share/rcraicer_msgs/msg/PathIntegralStats.idl
-- Installing: /home/lbarnett/ros2_ws/src/rcraicer/install/rcraicer_msgs/share/rcraicer_msgs/msg/PathIntegralStatus.idl
-- Installing: /home/lbarnett/ros2_ws/src/rcraicer/install/rcraicer_msgs/share/rcraicer_msgs/msg/PathIntegralTiming.idl
-- Installing: /home/lbarnett/ros2_ws/src/rcraicer/install/rcraicer_msgs/share/rcraicer_msgs/msg/LapStats.idl
-- Installing: /home/lbarnett/ros2_ws/src/rcraicer/install/rcraicer_msgs/share/rcraicer_msgs/msg/RunStop.idl
-- Installing: /home/lbarnett/ros2_ws/src/rcraicer/install/rcraicer_msgs/share/rcraicer_msgs/msg/Encoder.msg
-- Installing: /home/lbarnett/ros2_ws/src/rcraicer/install/rcraicer_msgs/share/rcraicer_msgs/msg/ArduinoStatus.msg
-- Installing: /home/lbarnett/ros2_ws/src/rcraicer/install/rcraicer_msgs/share/rcraicer_msgs/msg/ChassisState.msg
-- Installing: /home/lbarnett/ros2_ws/src/rcraicer/install/rcraicer_msgs/share/rcraicer_msgs/msg/ChassisCommand.msg
-- Installing: /home/lbarnett/ros2_ws/src/rcraicer/install/rcraicer_msgs/share/rcraicer_msgs/msg/GPSStatus.msg
-- Installing: /home/lbarnett/ros2_ws/src/rcraicer/install/rcraicer_msgs/share/rcraicer_msgs/msg/GPSSurvey.msg
-- Installing: /home/lbarnett/ros2_ws/src/rcraicer/install/rcraicer_msgs/share/rcraicer_msgs/msg/GPSRFStatus.msg
-- Installing: /home/lbarnett/ros2_ws/src/rcraicer/install/rcraicer_msgs/share/rcraicer_msgs/msg/WheelSpeed.msg
-- Installing: /home/lbarnett/ros2_ws/src/rcraicer/install/rcraicer_msgs/share/rcraicer_msgs/msg/StateEstimatorStatus.msg
-- Installing: /home/lbarnett/ros2_ws/src/rcraicer/install/rcraicer_msgs/share/rcraicer_msgs/msg/ImuFilterOutput.msg
-- Installing: /home/lbarnett/ros2_ws/src/rcraicer/install/rcraicer_msgs/share/rcraicer_msgs/msg/ComputeStatus.msg
-- Installing: /home/lbarnett/ros2_ws/src/rcraicer/install/rcraicer_msgs/share/rcraicer_msgs/msg/SimState.msg
-- Installing: /home/lbarnett/ros2_ws/src/rcraicer/install/rcraicer_msgs/share/rcraicer_msgs/msg/NeuralNetLayer.msg
-- Installing: /home/lbarnett/ros2_ws/src/rcraicer/install/rcraicer_msgs/share/rcraicer_msgs/msg/NeuralNetModel.msg
-- Installing: /home/lbarnett/ros2_ws/src/rcraicer/install/rcraicer_msgs/share/rcraicer_msgs/msg/PathIntegralParams.msg
-- Installing: /home/lbarnett/ros2_ws/src/rcraicer/install/rcraicer_msgs/share/rcraicer_msgs/msg/PathIntegralStats.msg
-- Installing: /home/lbarnett/ros2_ws/src/rcraicer/install/rcraicer_msgs/share/rcraicer_msgs/msg/PathIntegralStatus.msg
-- Installing: /home/lbarnett/ros2_ws/src/rcraicer/install/rcraicer_msgs/share/rcraicer_msgs/msg/PathIntegralTiming.msg
-- Installing: /home/lbarnett/ros2_ws/src/rcraicer/install/rcraicer_msgs/share/rcraicer_msgs/msg/LapStats.msg
-- Installing: /home/lbarnett/ros2_ws/src/rcraicer/install/rcraicer_msgs/share/rcraicer_msgs/msg/RunStop.msg
-- Installing: /home/lbarnett/ros2_ws/src/rcraicer/install/rcraicer_msgs/share/ament_index/resource_index/package_run_dependencies/rcraicer_msgs
-- Installing: /home/lbarnett/ros2_ws/src/rcraicer/install/rcraicer_msgs/share/ament_index/resource_index/parent_prefix_path/rcraicer_msgs
-- Installing: /home/lbarnett/ros2_ws/src/rcraicer/install/rcraicer_msgs/share/rcraicer_msgs/environment/ament_prefix_path.sh
-- Installing: /home/lbarnett/ros2_ws/src/rcraicer/install/rcraicer_msgs/share/rcraicer_msgs/environment/ament_prefix_path.dsv
-- Installing: /home/lbarnett/ros2_ws/src/rcraicer/install/rcraicer_msgs/share/rcraicer_msgs/environment/path.sh
-- Installing: /home/lbarnett/ros2_ws/src/rcraicer/install/rcraicer_msgs/share/rcraicer_msgs/environment/path.dsv
-- Installing: /home/lbarnett/ros2_ws/src/rcraicer/install/rcraicer_msgs/share/rcraicer_msgs/local_setup.bash
-- Installing: /home/lbarnett/ros2_ws/src/rcraicer/install/rcraicer_msgs/share/rcraicer_msgs/local_setup.sh
-- Installing: /home/lbarnett/ros2_ws/src/rcraicer/install/rcraicer_msgs/share/rcraicer_msgs/local_setup.zsh
-- Installing: /home/lbarnett/ros2_ws/src/rcraicer/install/rcraicer_msgs/share/rcraicer_msgs/local_setup.dsv
-- Installing: /home/lbarnett/ros2_ws/src/rcraicer/install/rcraicer_msgs/share/rcraicer_msgs/package.dsv
-- Installing: /home/lbarnett/ros2_ws/src/rcraicer/install/rcraicer_msgs/share/ament_index/resource_index/packages/rcraicer_msgs
-- Installing: /home/lbarnett/ros2_ws/src/rcraicer/install/rcraicer_msgs/share/rcraicer_msgs/cmake/rcraicer_msgs__rosidl_generator_cExport.cmake
-- Installing: /home/lbarnett/ros2_ws/src/rcraicer/install/rcraicer_msgs/share/rcraicer_msgs/cmake/rcraicer_msgs__rosidl_generator_cExport-relwithdebinfo.cmake
-- Installing: /home/lbarnett/ros2_ws/src/rcraicer/install/rcraicer_msgs/share/rcraicer_msgs/cmake/rcraicer_msgs__rosidl_typesupport_introspection_cExport.cmake
-- Installing: /home/lbarnett/ros2_ws/src/rcraicer/install/rcraicer_msgs/share/rcraicer_msgs/cmake/rcraicer_msgs__rosidl_typesupport_introspection_cExport-relwithdebinfo.cmake
-- Installing: /home/lbarnett/ros2_ws/src/rcraicer/install/rcraicer_msgs/share/rcraicer_msgs/cmake/rcraicer_msgs__rosidl_typesupport_cExport.cmake
-- Installing: /home/lbarnett/ros2_ws/src/rcraicer/install/rcraicer_msgs/share/rcraicer_msgs/cmake/rcraicer_msgs__rosidl_typesupport_cExport-relwithdebinfo.cmake
-- Installing: /home/lbarnett/ros2_ws/src/rcraicer/install/rcraicer_msgs/share/rcraicer_msgs/cmake/rcraicer_msgs__rosidl_generator_cppExport.cmake
-- Installing: /home/lbarnett/ros2_ws/src/rcraicer/install/rcraicer_msgs/share/rcraicer_msgs/cmake/rcraicer_msgs__rosidl_typesupport_introspection_cppExport.cmake
-- Installing: /home/lbarnett/ros2_ws/src/rcraicer/install/rcraicer_msgs/share/rcraicer_msgs/cmake/rcraicer_msgs__rosidl_typesupport_introspection_cppExport-relwithdebinfo.cmake
-- Installing: /home/lbarnett/ros2_ws/src/rcraicer/install/rcraicer_msgs/share/rcraicer_msgs/cmake/rcraicer_msgs__rosidl_typesupport_cppExport.cmake
-- Installing: /home/lbarnett/ros2_ws/src/rcraicer/install/rcraicer_msgs/share/rcraicer_msgs/cmake/rcraicer_msgs__rosidl_typesupport_cppExport-relwithdebinfo.cmake
-- Installing: /home/lbarnett/ros2_ws/src/rcraicer/install/rcraicer_msgs/share/rcraicer_msgs/cmake/rosidl_cmake-extras.cmake
-- Installing: /home/lbarnett/ros2_ws/src/rcraicer/install/rcraicer_msgs/share/rcraicer_msgs/cmake/ament_cmake_export_dependencies-extras.cmake
-- Installing: /home/lbarnett/ros2_ws/src/rcraicer/install/rcraicer_msgs/share/rcraicer_msgs/cmake/ament_cmake_export_libraries-extras.cmake
-- Installing: /home/lbarnett/ros2_ws/src/rcraicer/install/rcraicer_msgs/share/rcraicer_msgs/cmake/ament_cmake_export_targets-extras.cmake
-- Installing: /home/lbarnett/ros2_ws/src/rcraicer/install/rcraicer_msgs/share/rcraicer_msgs/cmake/ament_cmake_export_include_directories-extras.cmake
-- Installing: /home/lbarnett/ros2_ws/src/rcraicer/install/rcraicer_msgs/share/rcraicer_msgs/cmake/rosidl_cmake_export_typesupport_libraries-extras.cmake
-- Installing: /home/lbarnett/ros2_ws/src/rcraicer/install/rcraicer_msgs/share/rcraicer_msgs/cmake/rosidl_cmake_export_typesupport_targets-extras.cmake
-- Installing: /home/lbarnett/ros2_ws/src/rcraicer/install/rcraicer_msgs/share/rcraicer_msgs/cmake/rcraicer_msgsConfig.cmake
-- Installing: /home/lbarnett/ros2_ws/src/rcraicer/install/rcraicer_msgs/share/rcraicer_msgs/cmake/rcraicer_msgsConfig-version.cmake
-- Installing: /home/lbarnett/ros2_ws/src/rcraicer/install/rcraicer_msgs/share/rcraicer_msgs/package.xml
