-- The C compiler identification is GNU 9.3.0
-- The CXX compiler identification is GNU 9.3.0
-- Check for working C compiler: /usr/bin/cc
-- Check for working C compiler: /usr/bin/cc -- works
-- Detecting C compiler ABI info
-- Detecting C compiler ABI info - done
-- Detecting C compile features
-- Detecting C compile features - done
-- Check for working CXX compiler: /usr/bin/c++
-- Check for working CXX compiler: /usr/bin/c++ -- works
-- Detecting CXX compiler ABI info
-- Detecting CXX compiler ABI info - done
-- Detecting CXX compile features
-- Detecting CXX compile features - done
-- Found ament_cmake: 0.9.9 (/opt/ros/foxy/share/ament_cmake/cmake)
-- Found PythonInterp: /usr/bin/python3 (found suitable version "3.8.10", minimum required is "3") 
-- Using PYTHON_EXECUTABLE: /usr/bin/python3
-- Found rclcpp: 2.4.0 (/opt/ros/foxy/share/rclcpp/cmake)
-- Using all available rosidl_typesupport_c: rosidl_typesupport_fastrtps_c;rosidl_typesupport_introspection_c
-- Found rosidl_adapter: 1.2.1 (/opt/ros/foxy/share/rosidl_adapter/cmake)
-- Found OpenSSL: /usr/lib/x86_64-linux-gnu/libcrypto.so (found version "1.1.1f")  
-- Found FastRTPS: /opt/ros/foxy/include  
-- Using all available rosidl_typesupport_cpp: rosidl_typesupport_fastrtps_cpp;rosidl_typesupport_introspection_cpp
-- Found rmw_implementation_cmake: 1.0.3 (/opt/ros/foxy/share/rmw_implementation_cmake/cmake)
-- Using RMW implementation 'rmw_cyclonedds_cpp' as default
-- Looking for pthread.h
-- Looking for pthread.h - found
-- Performing Test CMAKE_HAVE_LIBC_PTHREAD
-- Performing Test CMAKE_HAVE_LIBC_PTHREAD - Failed
-- Looking for pthread_create in pthreads
-- Looking for pthread_create in pthreads - not found
-- Looking for pthread_create in pthread
-- Looking for pthread_create in pthread - found
-- Found Threads: TRUE  
-- Found sensor_msgs: 2.0.4 (/opt/ros/foxy/share/sensor_msgs/cmake)
-- Found tf2: 0.13.11 (/opt/ros/foxy/share/tf2/cmake)
-- Found tf2_ros: 0.13.11 (/opt/ros/foxy/share/tf2_ros/cmake)
-- Found rcraicer_msgs: 0.0.0 (/home/lbarnett/ros2_ws/src/rcraicer/install/rcraicer_msgs/share/rcraicer_msgs/cmake)
-- Found image_transport: 2.3.0 (/opt/ros/foxy/share/image_transport/cmake)
-- Found OpenCV: /usr (found suitable version "4.2.0", minimum required is "4") 
-- Found cv_bridge: 2.2.1 (/opt/ros/foxy/share/cv_bridge/cmake)
-- Found ament_lint_auto: 0.9.6 (/opt/ros/foxy/share/ament_lint_auto/cmake)
-- Added test 'copyright' to check source files copyright and LICENSE
-- Added test 'cppcheck' to perform static code analysis on C / C++ code
-- Configured cppcheck include dirs: 
-- Configured cppcheck exclude dirs and/or files: 
-- Added test 'cpplint' to check C / C++ code against the Google style
-- Configured cpplint exclude dirs and/or files: 
-- Added test 'lint_cmake' to check CMake code style
-- Added test 'uncrustify' to check C / C++ code style
-- Configured uncrustify additional arguments: 
-- Added test 'xmllint' to check XML markup files
-- Configuring done
-- Generating done
-- Build files have been written to: /home/lbarnett/ros2_ws/src/rcraicer/build/rcraicer_mapping
[35m[1mScanning dependencies of target map_publisher_node[0m
[ 25%] [32mBuilding CXX object CMakeFiles/map_publisher_node.dir/src/map_publisher.cpp.o[0m
[ 50%] [32m[1mLinking CXX executable map_publisher_node[0m
[ 50%] Built target map_publisher_node
[35m[1mScanning dependencies of target map_generator_node[0m
[ 75%] [32mBuilding CXX object CMakeFiles/map_generator_node.dir/src/map_generator.cpp.o[0m
[100%] [32m[1mLinking CXX executable map_generator_node[0m
[100%] Built target map_generator_node
-- Install configuration: "RelWithDebInfo"
-- Installing: /home/lbarnett/ros2_ws/src/rcraicer/install/rcraicer_mapping/lib/rcraicer_mapping/map_generator_node
-- Set runtime path of "/home/lbarnett/ros2_ws/src/rcraicer/install/rcraicer_mapping/lib/rcraicer_mapping/map_generator_node" to ""
-- Installing: /home/lbarnett/ros2_ws/src/rcraicer/install/rcraicer_mapping/share/ament_index/resource_index/package_run_dependencies/rcraicer_mapping
-- Installing: /home/lbarnett/ros2_ws/src/rcraicer/install/rcraicer_mapping/share/ament_index/resource_index/parent_prefix_path/rcraicer_mapping
-- Installing: /home/lbarnett/ros2_ws/src/rcraicer/install/rcraicer_mapping/share/rcraicer_mapping/environment/ament_prefix_path.sh
-- Installing: /home/lbarnett/ros2_ws/src/rcraicer/install/rcraicer_mapping/share/rcraicer_mapping/environment/ament_prefix_path.dsv
-- Installing: /home/lbarnett/ros2_ws/src/rcraicer/install/rcraicer_mapping/share/rcraicer_mapping/environment/path.sh
-- Installing: /home/lbarnett/ros2_ws/src/rcraicer/install/rcraicer_mapping/share/rcraicer_mapping/environment/path.dsv
-- Installing: /home/lbarnett/ros2_ws/src/rcraicer/install/rcraicer_mapping/share/rcraicer_mapping/local_setup.bash
-- Installing: /home/lbarnett/ros2_ws/src/rcraicer/install/rcraicer_mapping/share/rcraicer_mapping/local_setup.sh
-- Installing: /home/lbarnett/ros2_ws/src/rcraicer/install/rcraicer_mapping/share/rcraicer_mapping/local_setup.zsh
-- Installing: /home/lbarnett/ros2_ws/src/rcraicer/install/rcraicer_mapping/share/rcraicer_mapping/local_setup.dsv
-- Installing: /home/lbarnett/ros2_ws/src/rcraicer/install/rcraicer_mapping/share/rcraicer_mapping/package.dsv
-- Installing: /home/lbarnett/ros2_ws/src/rcraicer/install/rcraicer_mapping/share/ament_index/resource_index/packages/rcraicer_mapping
-- Installing: /home/lbarnett/ros2_ws/src/rcraicer/install/rcraicer_mapping/share/rcraicer_mapping/cmake/rcraicer_mappingConfig.cmake
-- Installing: /home/lbarnett/ros2_ws/src/rcraicer/install/rcraicer_mapping/share/rcraicer_mapping/cmake/rcraicer_mappingConfig-version.cmake
-- Installing: /home/lbarnett/ros2_ws/src/rcraicer/install/rcraicer_mapping/share/rcraicer_mapping/package.xml
